[0.004s] Invoking command in '/root/snu/snuboat/ws/build/snumsg_pkg': CMAKE_PREFIX_PATH=${CMAKE_PREFIX_PATH}:/root/snu/snuboat/ws/install/snunav_pkg:/opt/ros/humble /usr/bin/cmake --build /root/snu/snuboat/ws/build/snumsg_pkg -- -j10 -l10
[0.021s] [  2%] Built target snumsg_pkg__cpp
[0.022s] [ 12%] Built target snumsg_pkg__rosidl_generator_c
[0.024s] [ 12%] Built target ament_cmake_python_symlink_snumsg_pkg
[0.031s] [ 23%] Built target snumsg_pkg__rosidl_typesupport_fastrtps_cpp
[0.032s] [ 33%] Built target snumsg_pkg__rosidl_typesupport_c
[0.033s] [ 43%] Built target snumsg_pkg__rosidl_typesupport_introspection_cpp
[0.033s] [ 53%] Built target snumsg_pkg__rosidl_typesupport_cpp
[0.034s] [ 64%] Built target snumsg_pkg__rosidl_typesupport_introspection_c
[0.034s] [ 74%] Built target snumsg_pkg__rosidl_typesupport_fastrtps_c
[0.041s] [ 74%] Built target snumsg_pkg
[0.048s] [ 76%] Built target snumsg_pkg__py
[0.055s] [ 84%] Built target snumsg_pkg__rosidl_generator_py
[0.064s] [ 94%] Built target snumsg_pkg__rosidl_typesupport_introspection_c__pyext
[0.064s] [ 94%] Built target snumsg_pkg__rosidl_typesupport_fastrtps_c__pyext
[0.064s] [100%] Built target snumsg_pkg__rosidl_typesupport_c__pyext
[0.103s] running egg_info
[0.103s] writing snumsg_pkg.egg-info/PKG-INFO
[0.103s] writing dependency_links to snumsg_pkg.egg-info/dependency_links.txt
[0.103s] writing top-level names to snumsg_pkg.egg-info/top_level.txt
[0.104s] reading manifest file 'snumsg_pkg.egg-info/SOURCES.txt'
[0.104s] writing manifest file 'snumsg_pkg.egg-info/SOURCES.txt'
[0.114s] [100%] Built target ament_cmake_python_build_snumsg_pkg_egg
[0.118s] Invoked command in '/root/snu/snuboat/ws/build/snumsg_pkg' returned '0': CMAKE_PREFIX_PATH=${CMAKE_PREFIX_PATH}:/root/snu/snuboat/ws/install/snunav_pkg:/opt/ros/humble /usr/bin/cmake --build /root/snu/snuboat/ws/build/snumsg_pkg -- -j10 -l10
[0.122s] Invoking command in '/root/snu/snuboat/ws/build/snumsg_pkg': CMAKE_PREFIX_PATH=${CMAKE_PREFIX_PATH}:/root/snu/snuboat/ws/install/snunav_pkg:/opt/ros/humble /usr/bin/cmake --install /root/snu/snuboat/ws/build/snumsg_pkg
[0.124s] -- Install configuration: ""
[0.124s] -- Execute custom install script
[0.124s] -- Up-to-date symlink: /root/snu/snuboat/ws/install/snumsg_pkg/share/ament_index/resource_index/rosidl_interfaces/snumsg_pkg
[0.125s] -- Up-to-date symlink: /root/snu/snuboat/ws/install/snumsg_pkg/include/snumsg_pkg/snumsg_pkg/msg/detail/mission_code__functions.h
[0.125s] -- Up-to-date symlink: /root/snu/snuboat/ws/install/snumsg_pkg/include/snumsg_pkg/snumsg_pkg/msg/detail/mission_code__struct.h
[0.125s] -- Up-to-date symlink: /root/snu/snuboat/ws/install/snumsg_pkg/include/snumsg_pkg/snumsg_pkg/msg/detail/mission_code__type_support.h
[0.125s] -- Up-to-date symlink: /root/snu/snuboat/ws/install/snumsg_pkg/include/snumsg_pkg/snumsg_pkg/msg/detail/sensor__functions.h
[0.125s] -- Up-to-date symlink: /root/snu/snuboat/ws/install/snumsg_pkg/include/snumsg_pkg/snumsg_pkg/msg/detail/sensor__struct.h
[0.125s] -- Up-to-date symlink: /root/snu/snuboat/ws/install/snumsg_pkg/include/snumsg_pkg/snumsg_pkg/msg/detail/sensor__type_support.h
[0.125s] -- Up-to-date symlink: /root/snu/snuboat/ws/install/snumsg_pkg/include/snumsg_pkg/snumsg_pkg/msg/mission_code.h
[0.125s] -- Up-to-date symlink: /root/snu/snuboat/ws/install/snumsg_pkg/include/snumsg_pkg/snumsg_pkg/msg/rosidl_generator_c__visibility_control.h
[0.125s] -- Up-to-date symlink: /root/snu/snuboat/ws/install/snumsg_pkg/include/snumsg_pkg/snumsg_pkg/msg/sensor.h
[0.125s] -- Up-to-date symlink: /root/snu/snuboat/ws/install/snumsg_pkg/share/snumsg_pkg/environment/library_path.sh
[0.125s] -- Up-to-date symlink: /root/snu/snuboat/ws/install/snumsg_pkg/share/snumsg_pkg/environment/library_path.dsv
[0.125s] -- Up-to-date symlink: /root/snu/snuboat/ws/install/snumsg_pkg/include/snumsg_pkg/snumsg_pkg/msg/detail/mission_code__rosidl_typesupport_fastrtps_c.h
[0.125s] -- Up-to-date symlink: /root/snu/snuboat/ws/install/snumsg_pkg/include/snumsg_pkg/snumsg_pkg/msg/detail/sensor__rosidl_typesupport_fastrtps_c.h
[0.125s] -- Up-to-date symlink: /root/snu/snuboat/ws/install/snumsg_pkg/include/snumsg_pkg/snumsg_pkg/msg/rosidl_typesupport_fastrtps_c__visibility_control.h
[0.125s] -- Up-to-date symlink: /root/snu/snuboat/ws/install/snumsg_pkg/include/snumsg_pkg/snumsg_pkg/msg/detail/mission_code__builder.hpp
[0.125s] -- Up-to-date symlink: /root/snu/snuboat/ws/install/snumsg_pkg/include/snumsg_pkg/snumsg_pkg/msg/detail/mission_code__struct.hpp
[0.126s] -- Up-to-date symlink: /root/snu/snuboat/ws/install/snumsg_pkg/include/snumsg_pkg/snumsg_pkg/msg/detail/mission_code__traits.hpp
[0.126s] -- Up-to-date symlink: /root/snu/snuboat/ws/install/snumsg_pkg/include/snumsg_pkg/snumsg_pkg/msg/detail/mission_code__type_support.hpp
[0.126s] -- Up-to-date symlink: /root/snu/snuboat/ws/install/snumsg_pkg/include/snumsg_pkg/snumsg_pkg/msg/detail/sensor__builder.hpp
[0.126s] -- Up-to-date symlink: /root/snu/snuboat/ws/install/snumsg_pkg/include/snumsg_pkg/snumsg_pkg/msg/detail/sensor__struct.hpp
[0.126s] -- Up-to-date symlink: /root/snu/snuboat/ws/install/snumsg_pkg/include/snumsg_pkg/snumsg_pkg/msg/detail/sensor__traits.hpp
[0.126s] -- Up-to-date symlink: /root/snu/snuboat/ws/install/snumsg_pkg/include/snumsg_pkg/snumsg_pkg/msg/detail/sensor__type_support.hpp
[0.126s] -- Up-to-date symlink: /root/snu/snuboat/ws/install/snumsg_pkg/include/snumsg_pkg/snumsg_pkg/msg/mission_code.hpp
[0.126s] -- Up-to-date symlink: /root/snu/snuboat/ws/install/snumsg_pkg/include/snumsg_pkg/snumsg_pkg/msg/rosidl_generator_cpp__visibility_control.hpp
[0.126s] -- Up-to-date symlink: /root/snu/snuboat/ws/install/snumsg_pkg/include/snumsg_pkg/snumsg_pkg/msg/sensor.hpp
[0.126s] -- Up-to-date symlink: /root/snu/snuboat/ws/install/snumsg_pkg/include/snumsg_pkg/snumsg_pkg/msg/detail/mission_code__rosidl_typesupport_fastrtps_cpp.hpp
[0.126s] -- Up-to-date symlink: /root/snu/snuboat/ws/install/snumsg_pkg/include/snumsg_pkg/snumsg_pkg/msg/detail/sensor__rosidl_typesupport_fastrtps_cpp.hpp
[0.126s] -- Up-to-date symlink: /root/snu/snuboat/ws/install/snumsg_pkg/include/snumsg_pkg/snumsg_pkg/msg/rosidl_typesupport_fastrtps_cpp__visibility_control.h
[0.126s] -- Up-to-date symlink: /root/snu/snuboat/ws/install/snumsg_pkg/include/snumsg_pkg/snumsg_pkg/msg/detail/mission_code__rosidl_typesupport_introspection_c.h
[0.126s] -- Up-to-date symlink: /root/snu/snuboat/ws/install/snumsg_pkg/include/snumsg_pkg/snumsg_pkg/msg/detail/sensor__rosidl_typesupport_introspection_c.h
[0.126s] -- Up-to-date symlink: /root/snu/snuboat/ws/install/snumsg_pkg/include/snumsg_pkg/snumsg_pkg/msg/rosidl_typesupport_introspection_c__visibility_control.h
[0.126s] -- Up-to-date symlink: /root/snu/snuboat/ws/install/snumsg_pkg/include/snumsg_pkg/snumsg_pkg/msg/detail/mission_code__rosidl_typesupport_introspection_cpp.hpp
[0.126s] -- Up-to-date symlink: /root/snu/snuboat/ws/install/snumsg_pkg/include/snumsg_pkg/snumsg_pkg/msg/detail/sensor__rosidl_typesupport_introspection_cpp.hpp
[0.126s] -- Up-to-date symlink: /root/snu/snuboat/ws/install/snumsg_pkg/share/snumsg_pkg/environment/pythonpath.sh
[0.127s] -- Up-to-date symlink: /root/snu/snuboat/ws/install/snumsg_pkg/share/snumsg_pkg/environment/pythonpath.dsv
[0.127s] -- Up-to-date symlink: /root/snu/snuboat/ws/install/snumsg_pkg/local/lib/python3.10/dist-packages/snumsg_pkg-0.0.0-py3.10.egg-info/PKG-INFO
[0.127s] -- Up-to-date symlink: /root/snu/snuboat/ws/install/snumsg_pkg/local/lib/python3.10/dist-packages/snumsg_pkg-0.0.0-py3.10.egg-info/SOURCES.txt
[0.127s] -- Up-to-date symlink: /root/snu/snuboat/ws/install/snumsg_pkg/local/lib/python3.10/dist-packages/snumsg_pkg-0.0.0-py3.10.egg-info/dependency_links.txt
[0.127s] -- Up-to-date symlink: /root/snu/snuboat/ws/install/snumsg_pkg/local/lib/python3.10/dist-packages/snumsg_pkg-0.0.0-py3.10.egg-info/top_level.txt
[0.127s] -- Up-to-date symlink: /root/snu/snuboat/ws/install/snumsg_pkg/local/lib/python3.10/dist-packages/snumsg_pkg/__init__.py
[0.127s] -- Up-to-date symlink: /root/snu/snuboat/ws/install/snumsg_pkg/local/lib/python3.10/dist-packages/snumsg_pkg/_snumsg_pkg_s.ep.rosidl_typesupport_c.c
[0.127s] -- Up-to-date symlink: /root/snu/snuboat/ws/install/snumsg_pkg/local/lib/python3.10/dist-packages/snumsg_pkg/_snumsg_pkg_s.ep.rosidl_typesupport_fastrtps_c.c
[0.127s] -- Up-to-date symlink: /root/snu/snuboat/ws/install/snumsg_pkg/local/lib/python3.10/dist-packages/snumsg_pkg/_snumsg_pkg_s.ep.rosidl_typesupport_introspection_c.c
[0.127s] -- Up-to-date symlink: /root/snu/snuboat/ws/install/snumsg_pkg/local/lib/python3.10/dist-packages/snumsg_pkg/libsnumsg_pkg__rosidl_generator_py.so
[0.127s] -- Up-to-date symlink: /root/snu/snuboat/ws/install/snumsg_pkg/local/lib/python3.10/dist-packages/snumsg_pkg/msg/__init__.py
[0.127s] -- Up-to-date symlink: /root/snu/snuboat/ws/install/snumsg_pkg/local/lib/python3.10/dist-packages/snumsg_pkg/msg/_mission_code.py
[0.127s] -- Up-to-date symlink: /root/snu/snuboat/ws/install/snumsg_pkg/local/lib/python3.10/dist-packages/snumsg_pkg/msg/_mission_code_s.c
[0.127s] -- Up-to-date symlink: /root/snu/snuboat/ws/install/snumsg_pkg/local/lib/python3.10/dist-packages/snumsg_pkg/msg/_sensor.py
[0.127s] -- Up-to-date symlink: /root/snu/snuboat/ws/install/snumsg_pkg/local/lib/python3.10/dist-packages/snumsg_pkg/msg/_sensor_s.c
[0.127s] -- Up-to-date symlink: /root/snu/snuboat/ws/install/snumsg_pkg/local/lib/python3.10/dist-packages/snumsg_pkg/snumsg_pkg_s__rosidl_typesupport_c.cpython-310-aarch64-linux-gnu.so
[0.127s] -- Up-to-date symlink: /root/snu/snuboat/ws/install/snumsg_pkg/local/lib/python3.10/dist-packages/snumsg_pkg/snumsg_pkg_s__rosidl_typesupport_fastrtps_c.cpython-310-aarch64-linux-gnu.so
[0.127s] -- Up-to-date symlink: /root/snu/snuboat/ws/install/snumsg_pkg/local/lib/python3.10/dist-packages/snumsg_pkg/snumsg_pkg_s__rosidl_typesupport_introspection_c.cpython-310-aarch64-linux-gnu.so
[0.128s] -- Up-to-date symlink: /root/snu/snuboat/ws/install/snumsg_pkg/local/lib/python3.10/dist-packages/snumsg_pkg/snumsg_pkg_s__rosidl_typesupport_fastrtps_c.cpython-310-aarch64-linux-gnu.so
[0.128s] -- Up-to-date symlink: /root/snu/snuboat/ws/install/snumsg_pkg/local/lib/python3.10/dist-packages/snumsg_pkg/snumsg_pkg_s__rosidl_typesupport_introspection_c.cpython-310-aarch64-linux-gnu.so
[0.128s] -- Up-to-date symlink: /root/snu/snuboat/ws/install/snumsg_pkg/local/lib/python3.10/dist-packages/snumsg_pkg/snumsg_pkg_s__rosidl_typesupport_c.cpython-310-aarch64-linux-gnu.so
[0.128s] -- Up-to-date symlink: /root/snu/snuboat/ws/install/snumsg_pkg/share/snumsg_pkg/msg/MissionCode.idl
[0.128s] -- Up-to-date symlink: /root/snu/snuboat/ws/install/snumsg_pkg/share/snumsg_pkg/msg/Sensor.idl
[0.128s] -- Up-to-date symlink: /root/snu/snuboat/ws/install/snumsg_pkg/share/snumsg_pkg/msg/MissionCode.msg
[0.128s] -- Up-to-date symlink: /root/snu/snuboat/ws/install/snumsg_pkg/share/snumsg_pkg/msg/Sensor.msg
[0.128s] -- Up-to-date symlink: /root/snu/snuboat/ws/install/snumsg_pkg/share/ament_index/resource_index/package_run_dependencies/snumsg_pkg
[0.128s] -- Up-to-date symlink: /root/snu/snuboat/ws/install/snumsg_pkg/share/ament_index/resource_index/parent_prefix_path/snumsg_pkg
[0.128s] -- Up-to-date symlink: /root/snu/snuboat/ws/install/snumsg_pkg/share/snumsg_pkg/environment/ament_prefix_path.sh
[0.128s] -- Up-to-date symlink: /root/snu/snuboat/ws/install/snumsg_pkg/share/snumsg_pkg/environment/ament_prefix_path.dsv
[0.128s] -- Up-to-date symlink: /root/snu/snuboat/ws/install/snumsg_pkg/share/snumsg_pkg/environment/path.sh
[0.128s] -- Up-to-date symlink: /root/snu/snuboat/ws/install/snumsg_pkg/share/snumsg_pkg/environment/path.dsv
[0.128s] -- Up-to-date symlink: /root/snu/snuboat/ws/install/snumsg_pkg/share/snumsg_pkg/local_setup.bash
[0.128s] -- Up-to-date symlink: /root/snu/snuboat/ws/install/snumsg_pkg/share/snumsg_pkg/local_setup.sh
[0.128s] -- Up-to-date symlink: /root/snu/snuboat/ws/install/snumsg_pkg/share/snumsg_pkg/local_setup.zsh
[0.128s] -- Up-to-date symlink: /root/snu/snuboat/ws/install/snumsg_pkg/share/snumsg_pkg/local_setup.dsv
[0.129s] -- Symlinking: /root/snu/snuboat/ws/install/snumsg_pkg/share/snumsg_pkg/package.dsv
[0.131s] -- Up-to-date symlink: /root/snu/snuboat/ws/install/snumsg_pkg/share/ament_index/resource_index/packages/snumsg_pkg
[0.131s] -- Up-to-date symlink: /root/snu/snuboat/ws/install/snumsg_pkg/share/snumsg_pkg/cmake/rosidl_cmake-extras.cmake
[0.131s] -- Up-to-date symlink: /root/snu/snuboat/ws/install/snumsg_pkg/share/snumsg_pkg/cmake/ament_cmake_export_dependencies-extras.cmake
[0.132s] -- Up-to-date symlink: /root/snu/snuboat/ws/install/snumsg_pkg/share/snumsg_pkg/cmake/ament_cmake_export_include_directories-extras.cmake
[0.132s] -- Up-to-date symlink: /root/snu/snuboat/ws/install/snumsg_pkg/share/snumsg_pkg/cmake/ament_cmake_export_libraries-extras.cmake
[0.132s] -- Up-to-date symlink: /root/snu/snuboat/ws/install/snumsg_pkg/share/snumsg_pkg/cmake/ament_cmake_export_targets-extras.cmake
[0.132s] -- Up-to-date symlink: /root/snu/snuboat/ws/install/snumsg_pkg/share/snumsg_pkg/cmake/rosidl_cmake_export_typesupport_targets-extras.cmake
[0.132s] -- Up-to-date symlink: /root/snu/snuboat/ws/install/snumsg_pkg/share/snumsg_pkg/cmake/rosidl_cmake_export_typesupport_libraries-extras.cmake
[0.132s] -- Up-to-date symlink: /root/snu/snuboat/ws/install/snumsg_pkg/share/snumsg_pkg/cmake/snumsg_pkgConfig.cmake
[0.132s] -- Up-to-date symlink: /root/snu/snuboat/ws/install/snumsg_pkg/share/snumsg_pkg/cmake/snumsg_pkgConfig-version.cmake
[0.132s] -- Up-to-date symlink: /root/snu/snuboat/ws/install/snumsg_pkg/share/snumsg_pkg/package.xml
[0.132s] -- Up-to-date: /root/snu/snuboat/ws/install/snumsg_pkg/lib/libsnumsg_pkg__rosidl_generator_c.so
[0.132s] -- Up-to-date: /root/snu/snuboat/ws/install/snumsg_pkg/lib/libsnumsg_pkg__rosidl_typesupport_fastrtps_c.so
[0.132s] -- Up-to-date: /root/snu/snuboat/ws/install/snumsg_pkg/lib/libsnumsg_pkg__rosidl_typesupport_fastrtps_cpp.so
[0.132s] -- Up-to-date: /root/snu/snuboat/ws/install/snumsg_pkg/lib/libsnumsg_pkg__rosidl_typesupport_introspection_c.so
[0.132s] -- Up-to-date: /root/snu/snuboat/ws/install/snumsg_pkg/lib/libsnumsg_pkg__rosidl_typesupport_c.so
[0.133s] -- Up-to-date: /root/snu/snuboat/ws/install/snumsg_pkg/lib/libsnumsg_pkg__rosidl_typesupport_introspection_cpp.so
[0.133s] -- Up-to-date: /root/snu/snuboat/ws/install/snumsg_pkg/lib/libsnumsg_pkg__rosidl_typesupport_cpp.so
[0.144s] Listing '/root/snu/snuboat/ws/install/snumsg_pkg/local/lib/python3.10/dist-packages/snumsg_pkg'...
[0.144s] Listing '/root/snu/snuboat/ws/install/snumsg_pkg/local/lib/python3.10/dist-packages/snumsg_pkg/msg'...
[0.145s] -- Up-to-date: /root/snu/snuboat/ws/install/snumsg_pkg/lib/libsnumsg_pkg__rosidl_generator_py.so
[0.145s] -- Up-to-date: /root/snu/snuboat/ws/install/snumsg_pkg/share/snumsg_pkg/cmake/export_snumsg_pkg__rosidl_generator_cExport.cmake
[0.146s] -- Up-to-date: /root/snu/snuboat/ws/install/snumsg_pkg/share/snumsg_pkg/cmake/export_snumsg_pkg__rosidl_generator_cExport-noconfig.cmake
[0.146s] -- Up-to-date: /root/snu/snuboat/ws/install/snumsg_pkg/share/snumsg_pkg/cmake/export_snumsg_pkg__rosidl_typesupport_fastrtps_cExport.cmake
[0.146s] -- Up-to-date: /root/snu/snuboat/ws/install/snumsg_pkg/share/snumsg_pkg/cmake/export_snumsg_pkg__rosidl_typesupport_fastrtps_cExport-noconfig.cmake
[0.146s] -- Up-to-date: /root/snu/snuboat/ws/install/snumsg_pkg/share/snumsg_pkg/cmake/export_snumsg_pkg__rosidl_generator_cppExport.cmake
[0.146s] -- Up-to-date: /root/snu/snuboat/ws/install/snumsg_pkg/share/snumsg_pkg/cmake/export_snumsg_pkg__rosidl_typesupport_fastrtps_cppExport.cmake
[0.146s] -- Up-to-date: /root/snu/snuboat/ws/install/snumsg_pkg/share/snumsg_pkg/cmake/export_snumsg_pkg__rosidl_typesupport_fastrtps_cppExport-noconfig.cmake
[0.146s] -- Up-to-date: /root/snu/snuboat/ws/install/snumsg_pkg/share/snumsg_pkg/cmake/snumsg_pkg__rosidl_typesupport_introspection_cExport.cmake
[0.146s] -- Up-to-date: /root/snu/snuboat/ws/install/snumsg_pkg/share/snumsg_pkg/cmake/snumsg_pkg__rosidl_typesupport_introspection_cExport-noconfig.cmake
[0.146s] -- Up-to-date: /root/snu/snuboat/ws/install/snumsg_pkg/share/snumsg_pkg/cmake/snumsg_pkg__rosidl_typesupport_cExport.cmake
[0.146s] -- Up-to-date: /root/snu/snuboat/ws/install/snumsg_pkg/share/snumsg_pkg/cmake/snumsg_pkg__rosidl_typesupport_cExport-noconfig.cmake
[0.146s] -- Up-to-date: /root/snu/snuboat/ws/install/snumsg_pkg/share/snumsg_pkg/cmake/snumsg_pkg__rosidl_typesupport_introspection_cppExport.cmake
[0.146s] -- Up-to-date: /root/snu/snuboat/ws/install/snumsg_pkg/share/snumsg_pkg/cmake/snumsg_pkg__rosidl_typesupport_introspection_cppExport-noconfig.cmake
[0.146s] -- Up-to-date: /root/snu/snuboat/ws/install/snumsg_pkg/share/snumsg_pkg/cmake/snumsg_pkg__rosidl_typesupport_cppExport.cmake
[0.146s] -- Up-to-date: /root/snu/snuboat/ws/install/snumsg_pkg/share/snumsg_pkg/cmake/snumsg_pkg__rosidl_typesupport_cppExport-noconfig.cmake
[0.146s] -- Up-to-date: /root/snu/snuboat/ws/install/snumsg_pkg/share/snumsg_pkg/cmake/export_snumsg_pkg__rosidl_generator_pyExport.cmake
[0.146s] -- Up-to-date: /root/snu/snuboat/ws/install/snumsg_pkg/share/snumsg_pkg/cmake/export_snumsg_pkg__rosidl_generator_pyExport-noconfig.cmake
[0.147s] Invoked command in '/root/snu/snuboat/ws/build/snumsg_pkg' returned '0': CMAKE_PREFIX_PATH=${CMAKE_PREFIX_PATH}:/root/snu/snuboat/ws/install/snunav_pkg:/opt/ros/humble /usr/bin/cmake --install /root/snu/snuboat/ws/build/snumsg_pkg
