[0.102s] DEBUG:colcon:Command line arguments: ['/usr/bin/colcon', 'build', '--packages-select', 'snunav_pkg']
[0.102s] DEBUG:colcon:Parsed command line arguments: Namespace(log_base=None, log_level=None, verb_name='build', build_base='build', install_base='install', merge_install=False, symlink_install=False, test_result_base=None, continue_on_error=False, executor='parallel', parallel_workers=48, event_handlers=None, ignore_user_meta=False, metas=['./colcon.meta'], base_paths=['.'], packages_ignore=None, packages_ignore_regex=None, paths=None, packages_up_to=None, packages_up_to_regex=None, packages_above=None, packages_above_and_dependencies=None, packages_above_depth=None, packages_select_by_dep=None, packages_skip_by_dep=None, packages_skip_up_to=None, packages_select_build_failed=False, packages_skip_build_finished=False, packages_select_test_failures=False, packages_skip_test_passed=False, packages_select=['snunav_pkg'], packages_skip=None, packages_select_regex=None, packages_skip_regex=None, packages_start=None, packages_end=None, allow_overriding=[], cmake_args=None, cmake_target=None, cmake_target_skip_unavailable=False, cmake_clean_cache=False, cmake_clean_first=False, cmake_force_configure=False, ament_cmake_args=None, catkin_cmake_args=None, catkin_skip_building_tests=False, verb_parser=<colcon_defaults.argument_parser.defaults.DefaultArgumentsDecorator object at 0x73ca7191bb80>, verb_extension=<colcon_core.verb.build.BuildVerb object at 0x73ca7191b580>, main=<bound method BuildVerb.main of <colcon_core.verb.build.BuildVerb object at 0x73ca7191b580>>)
[0.177s] Level 1:colcon.colcon_core.package_discovery:discover_packages(colcon_meta) check parameters
[0.177s] Level 1:colcon.colcon_core.package_discovery:discover_packages(recursive) check parameters
[0.177s] Level 1:colcon.colcon_core.package_discovery:discover_packages(ignore) check parameters
[0.177s] Level 1:colcon.colcon_core.package_discovery:discover_packages(path) check parameters
[0.177s] Level 1:colcon.colcon_core.package_discovery:discover_packages(colcon_meta) discover
[0.177s] Level 1:colcon.colcon_core.package_discovery:discover_packages(recursive) discover
[0.177s] INFO:colcon.colcon_core.package_discovery:Crawling recursively for packages in '/home/jyseo/snuboat/ws'
[0.177s] Level 1:colcon.colcon_core.package_identification:_identify(.) by extensions ['ignore', 'ignore_ament_install']
[0.177s] Level 1:colcon.colcon_core.package_identification:_identify(.) by extension 'ignore'
[0.177s] Level 1:colcon.colcon_core.package_identification:_identify(.) by extension 'ignore_ament_install'
[0.177s] Level 1:colcon.colcon_core.package_identification:_identify(.) by extensions ['colcon_pkg']
[0.177s] Level 1:colcon.colcon_core.package_identification:_identify(.) by extension 'colcon_pkg'
[0.177s] Level 1:colcon.colcon_core.package_identification:_identify(.) by extensions ['colcon_meta']
[0.177s] Level 1:colcon.colcon_core.package_identification:_identify(.) by extension 'colcon_meta'
[0.177s] Level 1:colcon.colcon_core.package_identification:_identify(.) by extensions ['ros']
[0.177s] Level 1:colcon.colcon_core.package_identification:_identify(.) by extension 'ros'
[0.183s] Level 1:colcon.colcon_core.package_identification:_identify(.) by extensions ['cmake', 'python']
[0.183s] Level 1:colcon.colcon_core.package_identification:_identify(.) by extension 'cmake'
[0.183s] Level 1:colcon.colcon_core.package_identification:_identify(.) by extension 'python'
[0.183s] Level 1:colcon.colcon_core.package_identification:_identify(.) by extensions ['python_setup_py']
[0.183s] Level 1:colcon.colcon_core.package_identification:_identify(.) by extension 'python_setup_py'
[0.183s] Level 1:colcon.colcon_core.package_identification:_identify(build) by extensions ['ignore', 'ignore_ament_install']
[0.183s] Level 1:colcon.colcon_core.package_identification:_identify(build) by extension 'ignore'
[0.183s] Level 1:colcon.colcon_core.package_identification:_identify(build) ignored
[0.183s] Level 1:colcon.colcon_core.package_identification:_identify(install) by extensions ['ignore', 'ignore_ament_install']
[0.183s] Level 1:colcon.colcon_core.package_identification:_identify(install) by extension 'ignore'
[0.183s] Level 1:colcon.colcon_core.package_identification:_identify(install) ignored
[0.183s] Level 1:colcon.colcon_core.package_identification:_identify(log) by extensions ['ignore', 'ignore_ament_install']
[0.183s] Level 1:colcon.colcon_core.package_identification:_identify(log) by extension 'ignore'
[0.183s] Level 1:colcon.colcon_core.package_identification:_identify(log) ignored
[0.183s] Level 1:colcon.colcon_core.package_identification:_identify(src) by extensions ['ignore', 'ignore_ament_install']
[0.184s] Level 1:colcon.colcon_core.package_identification:_identify(src) by extension 'ignore'
[0.184s] Level 1:colcon.colcon_core.package_identification:_identify(src) by extension 'ignore_ament_install'
[0.184s] Level 1:colcon.colcon_core.package_identification:_identify(src) by extensions ['colcon_pkg']
[0.184s] Level 1:colcon.colcon_core.package_identification:_identify(src) by extension 'colcon_pkg'
[0.184s] Level 1:colcon.colcon_core.package_identification:_identify(src) by extensions ['colcon_meta']
[0.184s] Level 1:colcon.colcon_core.package_identification:_identify(src) by extension 'colcon_meta'
[0.184s] Level 1:colcon.colcon_core.package_identification:_identify(src) by extensions ['ros']
[0.184s] Level 1:colcon.colcon_core.package_identification:_identify(src) by extension 'ros'
[0.184s] Level 1:colcon.colcon_core.package_identification:_identify(src) by extensions ['cmake', 'python']
[0.184s] Level 1:colcon.colcon_core.package_identification:_identify(src) by extension 'cmake'
[0.184s] Level 1:colcon.colcon_core.package_identification:_identify(src) by extension 'python'
[0.184s] Level 1:colcon.colcon_core.package_identification:_identify(src) by extensions ['python_setup_py']
[0.184s] Level 1:colcon.colcon_core.package_identification:_identify(src) by extension 'python_setup_py'
[0.184s] Level 1:colcon.colcon_core.package_identification:_identify(src/msg_pkg) by extensions ['ignore', 'ignore_ament_install']
[0.184s] Level 1:colcon.colcon_core.package_identification:_identify(src/msg_pkg) by extension 'ignore'
[0.184s] Level 1:colcon.colcon_core.package_identification:_identify(src/msg_pkg) by extension 'ignore_ament_install'
[0.184s] Level 1:colcon.colcon_core.package_identification:_identify(src/msg_pkg) by extensions ['colcon_pkg']
[0.184s] Level 1:colcon.colcon_core.package_identification:_identify(src/msg_pkg) by extension 'colcon_pkg'
[0.184s] Level 1:colcon.colcon_core.package_identification:_identify(src/msg_pkg) by extensions ['colcon_meta']
[0.184s] Level 1:colcon.colcon_core.package_identification:_identify(src/msg_pkg) by extension 'colcon_meta'
[0.184s] Level 1:colcon.colcon_core.package_identification:_identify(src/msg_pkg) by extensions ['ros']
[0.184s] Level 1:colcon.colcon_core.package_identification:_identify(src/msg_pkg) by extension 'ros'
[0.185s] DEBUG:colcon.colcon_core.package_identification:Package 'src/msg_pkg' with type 'ros.ament_cmake' and name 'msg_pkg'
[0.185s] Level 1:colcon.colcon_core.package_identification:_identify(src/sensor_pkg) by extensions ['ignore', 'ignore_ament_install']
[0.185s] Level 1:colcon.colcon_core.package_identification:_identify(src/sensor_pkg) by extension 'ignore'
[0.185s] Level 1:colcon.colcon_core.package_identification:_identify(src/sensor_pkg) by extension 'ignore_ament_install'
[0.185s] Level 1:colcon.colcon_core.package_identification:_identify(src/sensor_pkg) by extensions ['colcon_pkg']
[0.185s] Level 1:colcon.colcon_core.package_identification:_identify(src/sensor_pkg) by extension 'colcon_pkg'
[0.186s] Level 1:colcon.colcon_core.package_identification:_identify(src/sensor_pkg) by extensions ['colcon_meta']
[0.186s] Level 1:colcon.colcon_core.package_identification:_identify(src/sensor_pkg) by extension 'colcon_meta'
[0.186s] Level 1:colcon.colcon_core.package_identification:_identify(src/sensor_pkg) by extensions ['ros']
[0.186s] Level 1:colcon.colcon_core.package_identification:_identify(src/sensor_pkg) by extension 'ros'
[0.186s] Level 1:colcon.colcon_core.package_identification:_identify(src/sensor_pkg) by extensions ['cmake', 'python']
[0.186s] Level 1:colcon.colcon_core.package_identification:_identify(src/sensor_pkg) by extension 'cmake'
[0.186s] Level 1:colcon.colcon_core.package_identification:_identify(src/sensor_pkg) by extension 'python'
[0.186s] Level 1:colcon.colcon_core.package_identification:_identify(src/sensor_pkg) by extensions ['python_setup_py']
[0.186s] Level 1:colcon.colcon_core.package_identification:_identify(src/sensor_pkg) by extension 'python_setup_py'
[0.186s] Level 1:colcon.colcon_core.package_identification:_identify(src/sensor_pkg/LIO-SAM) by extensions ['ignore', 'ignore_ament_install']
[0.186s] Level 1:colcon.colcon_core.package_identification:_identify(src/sensor_pkg/LIO-SAM) by extension 'ignore'
[0.186s] Level 1:colcon.colcon_core.package_identification:_identify(src/sensor_pkg/LIO-SAM) by extension 'ignore_ament_install'
[0.186s] Level 1:colcon.colcon_core.package_identification:_identify(src/sensor_pkg/LIO-SAM) by extensions ['colcon_pkg']
[0.186s] Level 1:colcon.colcon_core.package_identification:_identify(src/sensor_pkg/LIO-SAM) by extension 'colcon_pkg'
[0.186s] Level 1:colcon.colcon_core.package_identification:_identify(src/sensor_pkg/LIO-SAM) by extensions ['colcon_meta']
[0.186s] Level 1:colcon.colcon_core.package_identification:_identify(src/sensor_pkg/LIO-SAM) by extension 'colcon_meta'
[0.186s] Level 1:colcon.colcon_core.package_identification:_identify(src/sensor_pkg/LIO-SAM) by extensions ['ros']
[0.186s] Level 1:colcon.colcon_core.package_identification:_identify(src/sensor_pkg/LIO-SAM) by extension 'ros'
[0.186s] DEBUG:colcon.colcon_core.package_identification:Package 'src/sensor_pkg/LIO-SAM' with type 'ros.ament_cmake' and name 'lio_sam'
[0.186s] Level 1:colcon.colcon_core.package_identification:_identify(src/sensor_pkg/kiss-icp) by extensions ['ignore', 'ignore_ament_install']
[0.187s] Level 1:colcon.colcon_core.package_identification:_identify(src/sensor_pkg/kiss-icp) by extension 'ignore'
[0.187s] Level 1:colcon.colcon_core.package_identification:_identify(src/sensor_pkg/kiss-icp) by extension 'ignore_ament_install'
[0.187s] Level 1:colcon.colcon_core.package_identification:_identify(src/sensor_pkg/kiss-icp) by extensions ['colcon_pkg']
[0.187s] Level 1:colcon.colcon_core.package_identification:_identify(src/sensor_pkg/kiss-icp) by extension 'colcon_pkg'
[0.187s] Level 1:colcon.colcon_core.package_identification:_identify(src/sensor_pkg/kiss-icp) by extensions ['colcon_meta']
[0.187s] Level 1:colcon.colcon_core.package_identification:_identify(src/sensor_pkg/kiss-icp) by extension 'colcon_meta'
[0.187s] Level 1:colcon.colcon_core.package_identification:_identify(src/sensor_pkg/kiss-icp) by extensions ['ros']
[0.187s] Level 1:colcon.colcon_core.package_identification:_identify(src/sensor_pkg/kiss-icp) by extension 'ros'
[0.187s] Level 1:colcon.colcon_core.package_identification:_identify(src/sensor_pkg/kiss-icp) by extensions ['cmake', 'python']
[0.187s] Level 1:colcon.colcon_core.package_identification:_identify(src/sensor_pkg/kiss-icp) by extension 'cmake'
[0.187s] Level 1:colcon.colcon_core.package_identification:_identify(src/sensor_pkg/kiss-icp) by extension 'python'
[0.187s] Level 1:colcon.colcon_core.package_identification:_identify(src/sensor_pkg/kiss-icp) by extensions ['python_setup_py']
[0.187s] Level 1:colcon.colcon_core.package_identification:_identify(src/sensor_pkg/kiss-icp) by extension 'python_setup_py'
[0.187s] Level 1:colcon.colcon_core.package_identification:_identify(src/sensor_pkg/kiss-icp/config) by extensions ['ignore', 'ignore_ament_install']
[0.187s] Level 1:colcon.colcon_core.package_identification:_identify(src/sensor_pkg/kiss-icp/config) by extension 'ignore'
[0.187s] Level 1:colcon.colcon_core.package_identification:_identify(src/sensor_pkg/kiss-icp/config) by extension 'ignore_ament_install'
[0.187s] Level 1:colcon.colcon_core.package_identification:_identify(src/sensor_pkg/kiss-icp/config) by extensions ['colcon_pkg']
[0.187s] Level 1:colcon.colcon_core.package_identification:_identify(src/sensor_pkg/kiss-icp/config) by extension 'colcon_pkg'
[0.187s] Level 1:colcon.colcon_core.package_identification:_identify(src/sensor_pkg/kiss-icp/config) by extensions ['colcon_meta']
[0.187s] Level 1:colcon.colcon_core.package_identification:_identify(src/sensor_pkg/kiss-icp/config) by extension 'colcon_meta'
[0.187s] Level 1:colcon.colcon_core.package_identification:_identify(src/sensor_pkg/kiss-icp/config) by extensions ['ros']
[0.187s] Level 1:colcon.colcon_core.package_identification:_identify(src/sensor_pkg/kiss-icp/config) by extension 'ros'
[0.187s] Level 1:colcon.colcon_core.package_identification:_identify(src/sensor_pkg/kiss-icp/config) by extensions ['cmake', 'python']
[0.187s] Level 1:colcon.colcon_core.package_identification:_identify(src/sensor_pkg/kiss-icp/config) by extension 'cmake'
[0.187s] Level 1:colcon.colcon_core.package_identification:_identify(src/sensor_pkg/kiss-icp/config) by extension 'python'
[0.187s] Level 1:colcon.colcon_core.package_identification:_identify(src/sensor_pkg/kiss-icp/config) by extensions ['python_setup_py']
[0.187s] Level 1:colcon.colcon_core.package_identification:_identify(src/sensor_pkg/kiss-icp/config) by extension 'python_setup_py'
[0.187s] Level 1:colcon.colcon_core.package_identification:_identify(src/sensor_pkg/kiss-icp/cpp) by extensions ['ignore', 'ignore_ament_install']
[0.187s] Level 1:colcon.colcon_core.package_identification:_identify(src/sensor_pkg/kiss-icp/cpp) by extension 'ignore'
[0.187s] Level 1:colcon.colcon_core.package_identification:_identify(src/sensor_pkg/kiss-icp/cpp) ignored
[0.187s] Level 1:colcon.colcon_core.package_identification:_identify(src/sensor_pkg/kiss-icp/eval) by extensions ['ignore', 'ignore_ament_install']
[0.187s] Level 1:colcon.colcon_core.package_identification:_identify(src/sensor_pkg/kiss-icp/eval) by extension 'ignore'
[0.187s] Level 1:colcon.colcon_core.package_identification:_identify(src/sensor_pkg/kiss-icp/eval) by extension 'ignore_ament_install'
[0.187s] Level 1:colcon.colcon_core.package_identification:_identify(src/sensor_pkg/kiss-icp/eval) by extensions ['colcon_pkg']
[0.187s] Level 1:colcon.colcon_core.package_identification:_identify(src/sensor_pkg/kiss-icp/eval) by extension 'colcon_pkg'
[0.187s] Level 1:colcon.colcon_core.package_identification:_identify(src/sensor_pkg/kiss-icp/eval) by extensions ['colcon_meta']
[0.187s] Level 1:colcon.colcon_core.package_identification:_identify(src/sensor_pkg/kiss-icp/eval) by extension 'colcon_meta'
[0.187s] Level 1:colcon.colcon_core.package_identification:_identify(src/sensor_pkg/kiss-icp/eval) by extensions ['ros']
[0.187s] Level 1:colcon.colcon_core.package_identification:_identify(src/sensor_pkg/kiss-icp/eval) by extension 'ros'
[0.188s] Level 1:colcon.colcon_core.package_identification:_identify(src/sensor_pkg/kiss-icp/eval) by extensions ['cmake', 'python']
[0.188s] Level 1:colcon.colcon_core.package_identification:_identify(src/sensor_pkg/kiss-icp/eval) by extension 'cmake'
[0.188s] Level 1:colcon.colcon_core.package_identification:_identify(src/sensor_pkg/kiss-icp/eval) by extension 'python'
[0.188s] Level 1:colcon.colcon_core.package_identification:_identify(src/sensor_pkg/kiss-icp/eval) by extensions ['python_setup_py']
[0.188s] Level 1:colcon.colcon_core.package_identification:_identify(src/sensor_pkg/kiss-icp/eval) by extension 'python_setup_py'
[0.188s] Level 1:colcon.colcon_core.package_identification:_identify(src/sensor_pkg/kiss-icp/python) by extensions ['ignore', 'ignore_ament_install']
[0.188s] Level 1:colcon.colcon_core.package_identification:_identify(src/sensor_pkg/kiss-icp/python) by extension 'ignore'
[0.188s] Level 1:colcon.colcon_core.package_identification:_identify(src/sensor_pkg/kiss-icp/python) ignored
[0.188s] Level 1:colcon.colcon_core.package_identification:_identify(src/sensor_pkg/kiss-icp/ros) by extensions ['ignore', 'ignore_ament_install']
[0.188s] Level 1:colcon.colcon_core.package_identification:_identify(src/sensor_pkg/kiss-icp/ros) by extension 'ignore'
[0.188s] Level 1:colcon.colcon_core.package_identification:_identify(src/sensor_pkg/kiss-icp/ros) by extension 'ignore_ament_install'
[0.188s] Level 1:colcon.colcon_core.package_identification:_identify(src/sensor_pkg/kiss-icp/ros) by extensions ['colcon_pkg']
[0.188s] Level 1:colcon.colcon_core.package_identification:_identify(src/sensor_pkg/kiss-icp/ros) by extension 'colcon_pkg'
[0.188s] Level 1:colcon.colcon_core.package_identification:_identify(src/sensor_pkg/kiss-icp/ros) by extensions ['colcon_meta']
[0.188s] Level 1:colcon.colcon_core.package_identification:_identify(src/sensor_pkg/kiss-icp/ros) by extension 'colcon_meta'
[0.188s] Level 1:colcon.colcon_core.package_identification:_identify(src/sensor_pkg/kiss-icp/ros) by extensions ['ros']
[0.188s] Level 1:colcon.colcon_core.package_identification:_identify(src/sensor_pkg/kiss-icp/ros) by extension 'ros'
[0.189s] DEBUG:colcon.colcon_core.package_identification:Package 'src/sensor_pkg/kiss-icp/ros' with type 'ros.ament_cmake' and name 'kiss_icp'
[0.189s] Level 1:colcon.colcon_core.package_identification:_identify(src/sensor_pkg/microstrain_inertial) by extensions ['ignore', 'ignore_ament_install']
[0.189s] Level 1:colcon.colcon_core.package_identification:_identify(src/sensor_pkg/microstrain_inertial) by extension 'ignore'
[0.189s] Level 1:colcon.colcon_core.package_identification:_identify(src/sensor_pkg/microstrain_inertial) by extension 'ignore_ament_install'
[0.189s] Level 1:colcon.colcon_core.package_identification:_identify(src/sensor_pkg/microstrain_inertial) by extensions ['colcon_pkg']
[0.189s] Level 1:colcon.colcon_core.package_identification:_identify(src/sensor_pkg/microstrain_inertial) by extension 'colcon_pkg'
[0.189s] Level 1:colcon.colcon_core.package_identification:_identify(src/sensor_pkg/microstrain_inertial) by extensions ['colcon_meta']
[0.189s] Level 1:colcon.colcon_core.package_identification:_identify(src/sensor_pkg/microstrain_inertial) by extension 'colcon_meta'
[0.189s] Level 1:colcon.colcon_core.package_identification:_identify(src/sensor_pkg/microstrain_inertial) by extensions ['ros']
[0.189s] Level 1:colcon.colcon_core.package_identification:_identify(src/sensor_pkg/microstrain_inertial) by extension 'ros'
[0.189s] Level 1:colcon.colcon_core.package_identification:_identify(src/sensor_pkg/microstrain_inertial) by extensions ['cmake', 'python']
[0.189s] Level 1:colcon.colcon_core.package_identification:_identify(src/sensor_pkg/microstrain_inertial) by extension 'cmake'
[0.189s] Level 1:colcon.colcon_core.package_identification:_identify(src/sensor_pkg/microstrain_inertial) by extension 'python'
[0.189s] Level 1:colcon.colcon_core.package_identification:_identify(src/sensor_pkg/microstrain_inertial) by extensions ['python_setup_py']
[0.189s] Level 1:colcon.colcon_core.package_identification:_identify(src/sensor_pkg/microstrain_inertial) by extension 'python_setup_py'
[0.189s] Level 1:colcon.colcon_core.package_identification:_identify(src/sensor_pkg/microstrain_inertial/microstrain_inertial_description) by extensions ['ignore', 'ignore_ament_install']
[0.189s] Level 1:colcon.colcon_core.package_identification:_identify(src/sensor_pkg/microstrain_inertial/microstrain_inertial_description) by extension 'ignore'
[0.189s] Level 1:colcon.colcon_core.package_identification:_identify(src/sensor_pkg/microstrain_inertial/microstrain_inertial_description) by extension 'ignore_ament_install'
[0.189s] Level 1:colcon.colcon_core.package_identification:_identify(src/sensor_pkg/microstrain_inertial/microstrain_inertial_description) by extensions ['colcon_pkg']
[0.189s] Level 1:colcon.colcon_core.package_identification:_identify(src/sensor_pkg/microstrain_inertial/microstrain_inertial_description) by extension 'colcon_pkg'
[0.189s] Level 1:colcon.colcon_core.package_identification:_identify(src/sensor_pkg/microstrain_inertial/microstrain_inertial_description) by extensions ['colcon_meta']
[0.189s] Level 1:colcon.colcon_core.package_identification:_identify(src/sensor_pkg/microstrain_inertial/microstrain_inertial_description) by extension 'colcon_meta'
[0.189s] Level 1:colcon.colcon_core.package_identification:_identify(src/sensor_pkg/microstrain_inertial/microstrain_inertial_description) by extensions ['ros']
[0.189s] Level 1:colcon.colcon_core.package_identification:_identify(src/sensor_pkg/microstrain_inertial/microstrain_inertial_description) by extension 'ros'
[0.189s] DEBUG:colcon.colcon_core.package_identification:Package 'src/sensor_pkg/microstrain_inertial/microstrain_inertial_description' with type 'ros.ament_cmake' and name 'microstrain_inertial_description'
[0.189s] Level 1:colcon.colcon_core.package_identification:_identify(src/sensor_pkg/microstrain_inertial/microstrain_inertial_driver) by extensions ['ignore', 'ignore_ament_install']
[0.189s] Level 1:colcon.colcon_core.package_identification:_identify(src/sensor_pkg/microstrain_inertial/microstrain_inertial_driver) by extension 'ignore'
[0.189s] Level 1:colcon.colcon_core.package_identification:_identify(src/sensor_pkg/microstrain_inertial/microstrain_inertial_driver) by extension 'ignore_ament_install'
[0.190s] Level 1:colcon.colcon_core.package_identification:_identify(src/sensor_pkg/microstrain_inertial/microstrain_inertial_driver) by extensions ['colcon_pkg']
[0.190s] Level 1:colcon.colcon_core.package_identification:_identify(src/sensor_pkg/microstrain_inertial/microstrain_inertial_driver) by extension 'colcon_pkg'
[0.190s] Level 1:colcon.colcon_core.package_identification:_identify(src/sensor_pkg/microstrain_inertial/microstrain_inertial_driver) by extensions ['colcon_meta']
[0.190s] Level 1:colcon.colcon_core.package_identification:_identify(src/sensor_pkg/microstrain_inertial/microstrain_inertial_driver) by extension 'colcon_meta'
[0.190s] Level 1:colcon.colcon_core.package_identification:_identify(src/sensor_pkg/microstrain_inertial/microstrain_inertial_driver) by extensions ['ros']
[0.190s] Level 1:colcon.colcon_core.package_identification:_identify(src/sensor_pkg/microstrain_inertial/microstrain_inertial_driver) by extension 'ros'
[0.190s] DEBUG:colcon.colcon_core.package_identification:Package 'src/sensor_pkg/microstrain_inertial/microstrain_inertial_driver' with type 'ros.ament_cmake' and name 'microstrain_inertial_driver'
[0.190s] Level 1:colcon.colcon_core.package_identification:_identify(src/sensor_pkg/microstrain_inertial/microstrain_inertial_examples) by extensions ['ignore', 'ignore_ament_install']
[0.190s] Level 1:colcon.colcon_core.package_identification:_identify(src/sensor_pkg/microstrain_inertial/microstrain_inertial_examples) by extension 'ignore'
[0.190s] Level 1:colcon.colcon_core.package_identification:_identify(src/sensor_pkg/microstrain_inertial/microstrain_inertial_examples) by extension 'ignore_ament_install'
[0.190s] Level 1:colcon.colcon_core.package_identification:_identify(src/sensor_pkg/microstrain_inertial/microstrain_inertial_examples) by extensions ['colcon_pkg']
[0.190s] Level 1:colcon.colcon_core.package_identification:_identify(src/sensor_pkg/microstrain_inertial/microstrain_inertial_examples) by extension 'colcon_pkg'
[0.190s] Level 1:colcon.colcon_core.package_identification:_identify(src/sensor_pkg/microstrain_inertial/microstrain_inertial_examples) by extensions ['colcon_meta']
[0.191s] Level 1:colcon.colcon_core.package_identification:_identify(src/sensor_pkg/microstrain_inertial/microstrain_inertial_examples) by extension 'colcon_meta'
[0.191s] Level 1:colcon.colcon_core.package_identification:_identify(src/sensor_pkg/microstrain_inertial/microstrain_inertial_examples) by extensions ['ros']
[0.191s] Level 1:colcon.colcon_core.package_identification:_identify(src/sensor_pkg/microstrain_inertial/microstrain_inertial_examples) by extension 'ros'
[0.191s] DEBUG:colcon.colcon_core.package_identification:Package 'src/sensor_pkg/microstrain_inertial/microstrain_inertial_examples' with type 'ros.ament_cmake' and name 'microstrain_inertial_examples'
[0.191s] Level 1:colcon.colcon_core.package_identification:_identify(src/sensor_pkg/microstrain_inertial/microstrain_inertial_msgs) by extensions ['ignore', 'ignore_ament_install']
[0.191s] Level 1:colcon.colcon_core.package_identification:_identify(src/sensor_pkg/microstrain_inertial/microstrain_inertial_msgs) by extension 'ignore'
[0.191s] Level 1:colcon.colcon_core.package_identification:_identify(src/sensor_pkg/microstrain_inertial/microstrain_inertial_msgs) by extension 'ignore_ament_install'
[0.191s] Level 1:colcon.colcon_core.package_identification:_identify(src/sensor_pkg/microstrain_inertial/microstrain_inertial_msgs) by extensions ['colcon_pkg']
[0.191s] Level 1:colcon.colcon_core.package_identification:_identify(src/sensor_pkg/microstrain_inertial/microstrain_inertial_msgs) by extension 'colcon_pkg'
[0.191s] Level 1:colcon.colcon_core.package_identification:_identify(src/sensor_pkg/microstrain_inertial/microstrain_inertial_msgs) by extensions ['colcon_meta']
[0.191s] Level 1:colcon.colcon_core.package_identification:_identify(src/sensor_pkg/microstrain_inertial/microstrain_inertial_msgs) by extension 'colcon_meta'
[0.191s] Level 1:colcon.colcon_core.package_identification:_identify(src/sensor_pkg/microstrain_inertial/microstrain_inertial_msgs) by extensions ['ros']
[0.191s] Level 1:colcon.colcon_core.package_identification:_identify(src/sensor_pkg/microstrain_inertial/microstrain_inertial_msgs) by extension 'ros'
[0.191s] DEBUG:colcon.colcon_core.package_identification:Package 'src/sensor_pkg/microstrain_inertial/microstrain_inertial_msgs' with type 'ros.ament_cmake' and name 'microstrain_inertial_msgs'
[0.191s] Level 1:colcon.colcon_core.package_identification:_identify(src/sensor_pkg/microstrain_inertial/microstrain_inertial_rqt) by extensions ['ignore', 'ignore_ament_install']
[0.191s] Level 1:colcon.colcon_core.package_identification:_identify(src/sensor_pkg/microstrain_inertial/microstrain_inertial_rqt) by extension 'ignore'
[0.191s] Level 1:colcon.colcon_core.package_identification:_identify(src/sensor_pkg/microstrain_inertial/microstrain_inertial_rqt) by extension 'ignore_ament_install'
[0.192s] Level 1:colcon.colcon_core.package_identification:_identify(src/sensor_pkg/microstrain_inertial/microstrain_inertial_rqt) by extensions ['colcon_pkg']
[0.192s] Level 1:colcon.colcon_core.package_identification:_identify(src/sensor_pkg/microstrain_inertial/microstrain_inertial_rqt) by extension 'colcon_pkg'
[0.192s] Level 1:colcon.colcon_core.package_identification:_identify(src/sensor_pkg/microstrain_inertial/microstrain_inertial_rqt) by extensions ['colcon_meta']
[0.192s] Level 1:colcon.colcon_core.package_identification:_identify(src/sensor_pkg/microstrain_inertial/microstrain_inertial_rqt) by extension 'colcon_meta'
[0.192s] Level 1:colcon.colcon_core.package_identification:_identify(src/sensor_pkg/microstrain_inertial/microstrain_inertial_rqt) by extensions ['ros']
[0.192s] Level 1:colcon.colcon_core.package_identification:_identify(src/sensor_pkg/microstrain_inertial/microstrain_inertial_rqt) by extension 'ros'
[0.192s] DEBUG:colcon.colcon_core.package_identification:Package 'src/sensor_pkg/microstrain_inertial/microstrain_inertial_rqt' with type 'ros.ament_python' and name 'microstrain_inertial_rqt'
[0.192s] Level 1:colcon.colcon_core.package_identification:_identify(src/sensor_pkg/ouster-ros) by extensions ['ignore', 'ignore_ament_install']
[0.192s] Level 1:colcon.colcon_core.package_identification:_identify(src/sensor_pkg/ouster-ros) by extension 'ignore'
[0.192s] Level 1:colcon.colcon_core.package_identification:_identify(src/sensor_pkg/ouster-ros) by extension 'ignore_ament_install'
[0.192s] Level 1:colcon.colcon_core.package_identification:_identify(src/sensor_pkg/ouster-ros) by extensions ['colcon_pkg']
[0.192s] Level 1:colcon.colcon_core.package_identification:_identify(src/sensor_pkg/ouster-ros) by extension 'colcon_pkg'
[0.192s] Level 1:colcon.colcon_core.package_identification:_identify(src/sensor_pkg/ouster-ros) by extensions ['colcon_meta']
[0.192s] Level 1:colcon.colcon_core.package_identification:_identify(src/sensor_pkg/ouster-ros) by extension 'colcon_meta'
[0.192s] Level 1:colcon.colcon_core.package_identification:_identify(src/sensor_pkg/ouster-ros) by extensions ['ros']
[0.192s] Level 1:colcon.colcon_core.package_identification:_identify(src/sensor_pkg/ouster-ros) by extension 'ros'
[0.192s] Level 1:colcon.colcon_core.package_identification:_identify(src/sensor_pkg/ouster-ros) by extensions ['cmake', 'python']
[0.192s] Level 1:colcon.colcon_core.package_identification:_identify(src/sensor_pkg/ouster-ros) by extension 'cmake'
[0.192s] Level 1:colcon.colcon_core.package_identification:_identify(src/sensor_pkg/ouster-ros) by extension 'python'
[0.192s] Level 1:colcon.colcon_core.package_identification:_identify(src/sensor_pkg/ouster-ros) by extensions ['python_setup_py']
[0.192s] Level 1:colcon.colcon_core.package_identification:_identify(src/sensor_pkg/ouster-ros) by extension 'python_setup_py'
[0.192s] Level 1:colcon.colcon_core.package_identification:_identify(src/sensor_pkg/ouster-ros/docs) by extensions ['ignore', 'ignore_ament_install']
[0.192s] Level 1:colcon.colcon_core.package_identification:_identify(src/sensor_pkg/ouster-ros/docs) by extension 'ignore'
[0.192s] Level 1:colcon.colcon_core.package_identification:_identify(src/sensor_pkg/ouster-ros/docs) by extension 'ignore_ament_install'
[0.192s] Level 1:colcon.colcon_core.package_identification:_identify(src/sensor_pkg/ouster-ros/docs) by extensions ['colcon_pkg']
[0.193s] Level 1:colcon.colcon_core.package_identification:_identify(src/sensor_pkg/ouster-ros/docs) by extension 'colcon_pkg'
[0.193s] Level 1:colcon.colcon_core.package_identification:_identify(src/sensor_pkg/ouster-ros/docs) by extensions ['colcon_meta']
[0.193s] Level 1:colcon.colcon_core.package_identification:_identify(src/sensor_pkg/ouster-ros/docs) by extension 'colcon_meta'
[0.193s] Level 1:colcon.colcon_core.package_identification:_identify(src/sensor_pkg/ouster-ros/docs) by extensions ['ros']
[0.193s] Level 1:colcon.colcon_core.package_identification:_identify(src/sensor_pkg/ouster-ros/docs) by extension 'ros'
[0.193s] Level 1:colcon.colcon_core.package_identification:_identify(src/sensor_pkg/ouster-ros/docs) by extensions ['cmake', 'python']
[0.193s] Level 1:colcon.colcon_core.package_identification:_identify(src/sensor_pkg/ouster-ros/docs) by extension 'cmake'
[0.193s] Level 1:colcon.colcon_core.package_identification:_identify(src/sensor_pkg/ouster-ros/docs) by extension 'python'
[0.193s] Level 1:colcon.colcon_core.package_identification:_identify(src/sensor_pkg/ouster-ros/docs) by extensions ['python_setup_py']
[0.193s] Level 1:colcon.colcon_core.package_identification:_identify(src/sensor_pkg/ouster-ros/docs) by extension 'python_setup_py'
[0.193s] Level 1:colcon.colcon_core.package_identification:_identify(src/sensor_pkg/ouster-ros/docs/images) by extensions ['ignore', 'ignore_ament_install']
[0.193s] Level 1:colcon.colcon_core.package_identification:_identify(src/sensor_pkg/ouster-ros/docs/images) by extension 'ignore'
[0.193s] Level 1:colcon.colcon_core.package_identification:_identify(src/sensor_pkg/ouster-ros/docs/images) by extension 'ignore_ament_install'
[0.193s] Level 1:colcon.colcon_core.package_identification:_identify(src/sensor_pkg/ouster-ros/docs/images) by extensions ['colcon_pkg']
[0.193s] Level 1:colcon.colcon_core.package_identification:_identify(src/sensor_pkg/ouster-ros/docs/images) by extension 'colcon_pkg'
[0.193s] Level 1:colcon.colcon_core.package_identification:_identify(src/sensor_pkg/ouster-ros/docs/images) by extensions ['colcon_meta']
[0.193s] Level 1:colcon.colcon_core.package_identification:_identify(src/sensor_pkg/ouster-ros/docs/images) by extension 'colcon_meta'
[0.193s] Level 1:colcon.colcon_core.package_identification:_identify(src/sensor_pkg/ouster-ros/docs/images) by extensions ['ros']
[0.193s] Level 1:colcon.colcon_core.package_identification:_identify(src/sensor_pkg/ouster-ros/docs/images) by extension 'ros'
[0.193s] Level 1:colcon.colcon_core.package_identification:_identify(src/sensor_pkg/ouster-ros/docs/images) by extensions ['cmake', 'python']
[0.193s] Level 1:colcon.colcon_core.package_identification:_identify(src/sensor_pkg/ouster-ros/docs/images) by extension 'cmake'
[0.193s] Level 1:colcon.colcon_core.package_identification:_identify(src/sensor_pkg/ouster-ros/docs/images) by extension 'python'
[0.193s] Level 1:colcon.colcon_core.package_identification:_identify(src/sensor_pkg/ouster-ros/docs/images) by extensions ['python_setup_py']
[0.193s] Level 1:colcon.colcon_core.package_identification:_identify(src/sensor_pkg/ouster-ros/docs/images) by extension 'python_setup_py'
[0.193s] Level 1:colcon.colcon_core.package_identification:_identify(src/sensor_pkg/ouster-ros/ouster-ros) by extensions ['ignore', 'ignore_ament_install']
[0.193s] Level 1:colcon.colcon_core.package_identification:_identify(src/sensor_pkg/ouster-ros/ouster-ros) by extension 'ignore'
[0.193s] Level 1:colcon.colcon_core.package_identification:_identify(src/sensor_pkg/ouster-ros/ouster-ros) by extension 'ignore_ament_install'
[0.193s] Level 1:colcon.colcon_core.package_identification:_identify(src/sensor_pkg/ouster-ros/ouster-ros) by extensions ['colcon_pkg']
[0.193s] Level 1:colcon.colcon_core.package_identification:_identify(src/sensor_pkg/ouster-ros/ouster-ros) by extension 'colcon_pkg'
[0.193s] Level 1:colcon.colcon_core.package_identification:_identify(src/sensor_pkg/ouster-ros/ouster-ros) by extensions ['colcon_meta']
[0.193s] Level 1:colcon.colcon_core.package_identification:_identify(src/sensor_pkg/ouster-ros/ouster-ros) by extension 'colcon_meta'
[0.193s] Level 1:colcon.colcon_core.package_identification:_identify(src/sensor_pkg/ouster-ros/ouster-ros) by extensions ['ros']
[0.193s] Level 1:colcon.colcon_core.package_identification:_identify(src/sensor_pkg/ouster-ros/ouster-ros) by extension 'ros'
[0.194s] DEBUG:colcon.colcon_core.package_identification:Package 'src/sensor_pkg/ouster-ros/ouster-ros' with type 'ros.ament_cmake' and name 'ouster_ros'
[0.194s] Level 1:colcon.colcon_core.package_identification:_identify(src/sensor_pkg/ouster-ros/ouster-sensor-msgs) by extensions ['ignore', 'ignore_ament_install']
[0.194s] Level 1:colcon.colcon_core.package_identification:_identify(src/sensor_pkg/ouster-ros/ouster-sensor-msgs) by extension 'ignore'
[0.194s] Level 1:colcon.colcon_core.package_identification:_identify(src/sensor_pkg/ouster-ros/ouster-sensor-msgs) by extension 'ignore_ament_install'
[0.194s] Level 1:colcon.colcon_core.package_identification:_identify(src/sensor_pkg/ouster-ros/ouster-sensor-msgs) by extensions ['colcon_pkg']
[0.194s] Level 1:colcon.colcon_core.package_identification:_identify(src/sensor_pkg/ouster-ros/ouster-sensor-msgs) by extension 'colcon_pkg'
[0.194s] Level 1:colcon.colcon_core.package_identification:_identify(src/sensor_pkg/ouster-ros/ouster-sensor-msgs) by extensions ['colcon_meta']
[0.194s] Level 1:colcon.colcon_core.package_identification:_identify(src/sensor_pkg/ouster-ros/ouster-sensor-msgs) by extension 'colcon_meta'
[0.194s] Level 1:colcon.colcon_core.package_identification:_identify(src/sensor_pkg/ouster-ros/ouster-sensor-msgs) by extensions ['ros']
[0.194s] Level 1:colcon.colcon_core.package_identification:_identify(src/sensor_pkg/ouster-ros/ouster-sensor-msgs) by extension 'ros'
[0.194s] DEBUG:colcon.colcon_core.package_identification:Package 'src/sensor_pkg/ouster-ros/ouster-sensor-msgs' with type 'ros.ament_cmake' and name 'ouster_sensor_msgs'
[0.194s] Level 1:colcon.colcon_core.package_identification:_identify(src/snunav_pkg) by extensions ['ignore', 'ignore_ament_install']
[0.194s] Level 1:colcon.colcon_core.package_identification:_identify(src/snunav_pkg) by extension 'ignore'
[0.194s] Level 1:colcon.colcon_core.package_identification:_identify(src/snunav_pkg) by extension 'ignore_ament_install'
[0.195s] Level 1:colcon.colcon_core.package_identification:_identify(src/snunav_pkg) by extensions ['colcon_pkg']
[0.195s] Level 1:colcon.colcon_core.package_identification:_identify(src/snunav_pkg) by extension 'colcon_pkg'
[0.195s] Level 1:colcon.colcon_core.package_identification:_identify(src/snunav_pkg) by extensions ['colcon_meta']
[0.195s] Level 1:colcon.colcon_core.package_identification:_identify(src/snunav_pkg) by extension 'colcon_meta'
[0.195s] Level 1:colcon.colcon_core.package_identification:_identify(src/snunav_pkg) by extensions ['ros']
[0.195s] Level 1:colcon.colcon_core.package_identification:_identify(src/snunav_pkg) by extension 'ros'
[0.195s] DEBUG:colcon.colcon_core.package_identification:Package 'src/snunav_pkg' with type 'ros.ament_python' and name 'snunav_pkg'
[0.195s] Level 1:colcon.colcon_core.package_discovery:discover_packages(recursive) using defaults
[0.195s] Level 1:colcon.colcon_core.package_discovery:discover_packages(ignore) discover
[0.195s] Level 1:colcon.colcon_core.package_discovery:discover_packages(ignore) using defaults
[0.195s] Level 1:colcon.colcon_core.package_discovery:discover_packages(path) discover
[0.195s] Level 1:colcon.colcon_core.package_discovery:discover_packages(path) using defaults
[0.215s] INFO:colcon.colcon_core.package_selection:Skipping not selected package 'kiss_icp' in 'src/sensor_pkg/kiss-icp/ros'
[0.215s] INFO:colcon.colcon_core.package_selection:Skipping not selected package 'lio_sam' in 'src/sensor_pkg/LIO-SAM'
[0.215s] INFO:colcon.colcon_core.package_selection:Skipping not selected package 'microstrain_inertial_description' in 'src/sensor_pkg/microstrain_inertial/microstrain_inertial_description'
[0.215s] INFO:colcon.colcon_core.package_selection:Skipping not selected package 'microstrain_inertial_msgs' in 'src/sensor_pkg/microstrain_inertial/microstrain_inertial_msgs'
[0.215s] INFO:colcon.colcon_core.package_selection:Skipping not selected package 'msg_pkg' in 'src/msg_pkg'
[0.215s] INFO:colcon.colcon_core.package_selection:Skipping not selected package 'ouster_sensor_msgs' in 'src/sensor_pkg/ouster-ros/ouster-sensor-msgs'
[0.215s] INFO:colcon.colcon_core.package_selection:Skipping not selected package 'microstrain_inertial_driver' in 'src/sensor_pkg/microstrain_inertial/microstrain_inertial_driver'
[0.215s] INFO:colcon.colcon_core.package_selection:Skipping not selected package 'microstrain_inertial_rqt' in 'src/sensor_pkg/microstrain_inertial/microstrain_inertial_rqt'
[0.215s] INFO:colcon.colcon_core.package_selection:Skipping not selected package 'ouster_ros' in 'src/sensor_pkg/ouster-ros/ouster-ros'
[0.215s] INFO:colcon.colcon_core.package_selection:Skipping not selected package 'microstrain_inertial_examples' in 'src/sensor_pkg/microstrain_inertial/microstrain_inertial_examples'
[0.215s] Level 1:colcon.colcon_core.package_discovery:discover_packages(prefix_path) check parameters
[0.215s] Level 1:colcon.colcon_core.package_discovery:discover_packages(prefix_path) discover
[0.216s] WARNING:colcon.colcon_core.prefix_path.colcon:The path '/home/jyseo/jyseo_ws/install' in the environment variable COLCON_PREFIX_PATH doesn't exist
[0.216s] WARNING:colcon.colcon_ros.prefix_path.ament:The path '/home/jyseo/snuboat/ws/install/microstrain_inertial_description' in the environment variable AMENT_PREFIX_PATH doesn't exist
[0.216s] WARNING:colcon.colcon_ros.prefix_path.ament:The path '/home/jyseo/snuboat/ws/install/msg_pkg' in the environment variable AMENT_PREFIX_PATH doesn't exist
[0.216s] WARNING:colcon.colcon_ros.prefix_path.catkin:The path '/home/jyseo/snuboat/ws/install/microstrain_inertial_description' in the environment variable CMAKE_PREFIX_PATH doesn't exist
[0.216s] WARNING:colcon.colcon_ros.prefix_path.catkin:The path '/home/jyseo/snuboat/ws/install/msg_pkg' in the environment variable CMAKE_PREFIX_PATH doesn't exist
[0.216s] WARNING:colcon.colcon_ros.prefix_path.catkin:The path '/home/jyseo/jyseo_ws/install/cpp_pubsub' in the environment variable CMAKE_PREFIX_PATH doesn't exist
[0.216s] DEBUG:colcon.colcon_installed_package_information.package_discovery:Found 0 installed packages in /home/jyseo/snuboat/ws/install
[0.217s] DEBUG:colcon.colcon_installed_package_information.package_discovery:Found 271 installed packages in /opt/ros/humble
[0.218s] Level 1:colcon.colcon_core.package_discovery:discover_packages(prefix_path) using defaults
[0.236s] Level 5:colcon.colcon_core.verb:set package 'snunav_pkg' build argument 'cmake_args' from command line to 'None'
[0.236s] Level 5:colcon.colcon_core.verb:set package 'snunav_pkg' build argument 'cmake_target' from command line to 'None'
[0.236s] Level 5:colcon.colcon_core.verb:set package 'snunav_pkg' build argument 'cmake_target_skip_unavailable' from command line to 'False'
[0.236s] Level 5:colcon.colcon_core.verb:set package 'snunav_pkg' build argument 'cmake_clean_cache' from command line to 'False'
[0.236s] Level 5:colcon.colcon_core.verb:set package 'snunav_pkg' build argument 'cmake_clean_first' from command line to 'False'
[0.236s] Level 5:colcon.colcon_core.verb:set package 'snunav_pkg' build argument 'cmake_force_configure' from command line to 'False'
[0.236s] Level 5:colcon.colcon_core.verb:set package 'snunav_pkg' build argument 'ament_cmake_args' from command line to 'None'
[0.236s] Level 5:colcon.colcon_core.verb:set package 'snunav_pkg' build argument 'catkin_cmake_args' from command line to 'None'
[0.236s] Level 5:colcon.colcon_core.verb:set package 'snunav_pkg' build argument 'catkin_skip_building_tests' from command line to 'False'
[0.236s] DEBUG:colcon.colcon_core.verb:Building package 'snunav_pkg' with the following arguments: {'ament_cmake_args': None, 'build_base': '/home/jyseo/snuboat/ws/build/snunav_pkg', 'catkin_cmake_args': None, 'catkin_skip_building_tests': False, 'cmake_args': None, 'cmake_clean_cache': False, 'cmake_clean_first': False, 'cmake_force_configure': False, 'cmake_target': None, 'cmake_target_skip_unavailable': False, 'install_base': '/home/jyseo/snuboat/ws/install/snunav_pkg', 'merge_install': False, 'path': '/home/jyseo/snuboat/ws/src/snunav_pkg', 'symlink_install': False, 'test_result_base': None}
[0.236s] INFO:colcon.colcon_core.executor:Executing jobs using 'parallel' executor
[0.238s] DEBUG:colcon.colcon_parallel_executor.executor.parallel:run_until_complete
[0.238s] INFO:colcon.colcon_ros.task.ament_python.build:Building ROS package in '/home/jyseo/snuboat/ws/src/snunav_pkg' with build type 'ament_python'
[0.238s] Level 1:colcon.colcon_core.shell:create_environment_hook('snunav_pkg', 'ament_prefix_path')
[0.239s] INFO:colcon.colcon_core.plugin_system:Skipping extension 'colcon_core.shell.bat': Not used on non-Windows systems
[0.239s] INFO:colcon.colcon_core.shell:Creating environment hook '/home/jyseo/snuboat/ws/install/snunav_pkg/share/snunav_pkg/hook/ament_prefix_path.ps1'
[0.241s] INFO:colcon.colcon_core.shell:Creating environment descriptor '/home/jyseo/snuboat/ws/install/snunav_pkg/share/snunav_pkg/hook/ament_prefix_path.dsv'
[0.241s] INFO:colcon.colcon_core.shell:Creating environment hook '/home/jyseo/snuboat/ws/install/snunav_pkg/share/snunav_pkg/hook/ament_prefix_path.sh'
[0.242s] INFO:colcon.colcon_core.shell:Skip shell extension 'powershell' for command environment: Not usable outside of PowerShell
[0.242s] DEBUG:colcon.colcon_core.shell:Skip shell extension 'dsv' for command environment
[0.368s] INFO:colcon.colcon_core.task.python.build:Building Python package in '/home/jyseo/snuboat/ws/src/snunav_pkg'
[0.369s] INFO:colcon.colcon_core.shell:Skip shell extension 'powershell' for command environment: Not usable outside of PowerShell
[0.369s] DEBUG:colcon.colcon_core.shell:Skip shell extension 'dsv' for command environment
[0.552s] DEBUG:colcon.colcon_core.event_handler.log_command:Invoking command in '/home/jyseo/snuboat/ws/src/snunav_pkg': PYTHONPATH=/home/jyseo/snuboat/ws/build/snunav_pkg/prefix_override:/usr/lib/python3/dist-packages/colcon_core/task/python/colcon_distutils_commands:/home/jyseo/snuboat/ws/install/snunav_pkg/lib/python3.10/site-packages:${PYTHONPATH} /usr/bin/python3 -W ignore:setup.py install is deprecated -W ignore:easy_install command is deprecated setup.py egg_info --egg-base ../../build/snunav_pkg build --build-base /home/jyseo/snuboat/ws/build/snunav_pkg/build install --record /home/jyseo/snuboat/ws/build/snunav_pkg/install.log --single-version-externally-managed install_data
[0.699s] DEBUG:colcon.colcon_core.event_handler.log_command:Invoked command in '/home/jyseo/snuboat/ws/src/snunav_pkg' returned '0': PYTHONPATH=/home/jyseo/snuboat/ws/build/snunav_pkg/prefix_override:/usr/lib/python3/dist-packages/colcon_core/task/python/colcon_distutils_commands:/home/jyseo/snuboat/ws/install/snunav_pkg/lib/python3.10/site-packages:${PYTHONPATH} /usr/bin/python3 -W ignore:setup.py install is deprecated -W ignore:easy_install command is deprecated setup.py egg_info --egg-base ../../build/snunav_pkg build --build-base /home/jyseo/snuboat/ws/build/snunav_pkg/build install --record /home/jyseo/snuboat/ws/build/snunav_pkg/install.log --single-version-externally-managed install_data
[0.700s] Level 1:colcon.colcon_core.environment:checking '/home/jyseo/snuboat/ws/install/snunav_pkg' for CMake module files
[0.700s] Level 1:colcon.colcon_core.environment:checking '/home/jyseo/snuboat/ws/install/snunav_pkg' for CMake config files
[0.701s] Level 1:colcon.colcon_core.environment:checking '/home/jyseo/snuboat/ws/install/snunav_pkg/lib'
[0.701s] Level 1:colcon.colcon_core.environment:checking '/home/jyseo/snuboat/ws/install/snunav_pkg/bin'
[0.701s] Level 1:colcon.colcon_core.environment:checking '/home/jyseo/snuboat/ws/install/snunav_pkg/lib/pkgconfig/snunav_pkg.pc'
[0.701s] Level 1:colcon.colcon_core.environment:checking '/home/jyseo/snuboat/ws/install/snunav_pkg/lib/python3.10/site-packages'
[0.701s] Level 1:colcon.colcon_core.shell:create_environment_hook('snunav_pkg', 'pythonpath')
[0.701s] INFO:colcon.colcon_core.shell:Creating environment hook '/home/jyseo/snuboat/ws/install/snunav_pkg/share/snunav_pkg/hook/pythonpath.ps1'
[0.701s] INFO:colcon.colcon_core.shell:Creating environment descriptor '/home/jyseo/snuboat/ws/install/snunav_pkg/share/snunav_pkg/hook/pythonpath.dsv'
[0.702s] INFO:colcon.colcon_core.shell:Creating environment hook '/home/jyseo/snuboat/ws/install/snunav_pkg/share/snunav_pkg/hook/pythonpath.sh'
[0.702s] Level 1:colcon.colcon_core.environment:checking '/home/jyseo/snuboat/ws/install/snunav_pkg/bin'
[0.702s] Level 1:colcon.colcon_core.environment:create_environment_scripts_only(snunav_pkg)
[0.702s] INFO:colcon.colcon_core.shell:Creating package script '/home/jyseo/snuboat/ws/install/snunav_pkg/share/snunav_pkg/package.ps1'
[0.702s] INFO:colcon.colcon_core.shell:Creating package descriptor '/home/jyseo/snuboat/ws/install/snunav_pkg/share/snunav_pkg/package.dsv'
[0.703s] INFO:colcon.colcon_core.shell:Creating package script '/home/jyseo/snuboat/ws/install/snunav_pkg/share/snunav_pkg/package.sh'
[0.703s] INFO:colcon.colcon_core.shell:Creating package script '/home/jyseo/snuboat/ws/install/snunav_pkg/share/snunav_pkg/package.bash'
[0.703s] INFO:colcon.colcon_core.shell:Creating package script '/home/jyseo/snuboat/ws/install/snunav_pkg/share/snunav_pkg/package.zsh'
[0.704s] Level 1:colcon.colcon_core.environment:create_file_with_runtime_dependencies(/home/jyseo/snuboat/ws/install/snunav_pkg/share/colcon-core/packages/snunav_pkg)
[0.705s] DEBUG:colcon.colcon_parallel_executor.executor.parallel:closing loop
[0.705s] DEBUG:colcon.colcon_parallel_executor.executor.parallel:loop closed
[0.705s] DEBUG:colcon.colcon_parallel_executor.executor.parallel:run_until_complete finished with '0'
[0.705s] DEBUG:colcon.colcon_core.event_reactor:joining thread
[0.732s] INFO:colcon.colcon_core.plugin_system:Skipping extension 'colcon_notification.desktop_notification.notify_send': Could not find 'notify-send'
[0.732s] INFO:colcon.colcon_core.plugin_system:Skipping extension 'colcon_notification.desktop_notification.terminal_notifier': Not used on non-Darwin systems
[0.732s] INFO:colcon.colcon_core.plugin_system:Skipping extension 'colcon_notification.desktop_notification.win32': Not used on non-Windows systems
[0.732s] INFO:colcon.colcon_notification.desktop_notification:Sending desktop notification using 'notify2'
[0.733s] DEBUG:colcon.colcon_notification.desktop_notification.notify2:Failed to initialize notify2: org.freedesktop.DBus.Error.FileNotFound: Failed to connect to socket /run/user/1000/bus: No such file or directory
[0.733s] DEBUG:colcon.colcon_core.event_reactor:joined thread
[0.733s] INFO:colcon.colcon_core.shell:Creating prefix script '/home/jyseo/snuboat/ws/install/local_setup.ps1'
[0.733s] INFO:colcon.colcon_core.shell:Creating prefix util module '/home/jyseo/snuboat/ws/install/_local_setup_util_ps1.py'
[0.734s] INFO:colcon.colcon_core.shell:Creating prefix chain script '/home/jyseo/snuboat/ws/install/setup.ps1'
[0.734s] INFO:colcon.colcon_core.shell:Creating prefix script '/home/jyseo/snuboat/ws/install/local_setup.sh'
[0.735s] INFO:colcon.colcon_core.shell:Creating prefix util module '/home/jyseo/snuboat/ws/install/_local_setup_util_sh.py'
[0.735s] INFO:colcon.colcon_core.shell:Creating prefix chain script '/home/jyseo/snuboat/ws/install/setup.sh'
[0.735s] INFO:colcon.colcon_core.shell:Creating prefix script '/home/jyseo/snuboat/ws/install/local_setup.bash'
[0.736s] INFO:colcon.colcon_core.shell:Creating prefix chain script '/home/jyseo/snuboat/ws/install/setup.bash'
[0.736s] INFO:colcon.colcon_core.shell:Creating prefix script '/home/jyseo/snuboat/ws/install/local_setup.zsh'
[0.736s] INFO:colcon.colcon_core.shell:Creating prefix chain script '/home/jyseo/snuboat/ws/install/setup.zsh'
