running egg_info
creating ../../build/snunav_pkg/snunav_pkg.egg-info
writing ../../build/snunav_pkg/snunav_pkg.egg-info/PKG-INFO
writing dependency_links to ../../build/snunav_pkg/snunav_pkg.egg-info/dependency_links.txt
writing entry points to ../../build/snunav_pkg/snunav_pkg.egg-info/entry_points.txt
writing requirements to ../../build/snunav_pkg/snunav_pkg.egg-info/requires.txt
writing top-level names to ../../build/snunav_pkg/snunav_pkg.egg-info/top_level.txt
writing manifest file '../../build/snunav_pkg/snunav_pkg.egg-info/SOURCES.txt'
reading manifest file '../../build/snunav_pkg/snunav_pkg.egg-info/SOURCES.txt'
writing manifest file '../../build/snunav_pkg/snunav_pkg.egg-info/SOURCES.txt'
running build
running build_py
creating /home/jyseo/snuboat/ws/build/snunav_pkg/build
creating /home/jyseo/snuboat/ws/build/snunav_pkg/build/lib
creating /home/jyseo/snuboat/ws/build/snunav_pkg/build/lib/snunav_pkg
copying snunav_pkg/publisher_member_function.py -> /home/jyseo/snuboat/ws/build/snunav_pkg/build/lib/snunav_pkg
copying snunav_pkg/mission_director.py -> /home/jyseo/snuboat/ws/build/snunav_pkg/build/lib/snunav_pkg
copying snunav_pkg/motor_interface.py -> /home/jyseo/snuboat/ws/build/snunav_pkg/build/lib/snunav_pkg
copying snunav_pkg/subscriber_member_function.py -> /home/jyseo/snuboat/ws/build/snunav_pkg/build/lib/snunav_pkg
copying snunav_pkg/sils.py -> /home/jyseo/snuboat/ws/build/snunav_pkg/build/lib/snunav_pkg
copying snunav_pkg/__init__.py -> /home/jyseo/snuboat/ws/build/snunav_pkg/build/lib/snunav_pkg
copying snunav_pkg/navigation.py -> /home/jyseo/snuboat/ws/build/snunav_pkg/build/lib/snunav_pkg
copying snunav_pkg/obstacle.py -> /home/jyseo/snuboat/ws/build/snunav_pkg/build/lib/snunav_pkg
copying snunav_pkg/controller.py -> /home/jyseo/snuboat/ws/build/snunav_pkg/build/lib/snunav_pkg
running install
running install_lib
creating /home/jyseo/snuboat/ws/install/snunav_pkg/lib/python3.10/site-packages/snunav_pkg
copying /home/jyseo/snuboat/ws/build/snunav_pkg/build/lib/snunav_pkg/publisher_member_function.py -> /home/jyseo/snuboat/ws/install/snunav_pkg/lib/python3.10/site-packages/snunav_pkg
copying /home/jyseo/snuboat/ws/build/snunav_pkg/build/lib/snunav_pkg/mission_director.py -> /home/jyseo/snuboat/ws/install/snunav_pkg/lib/python3.10/site-packages/snunav_pkg
copying /home/jyseo/snuboat/ws/build/snunav_pkg/build/lib/snunav_pkg/motor_interface.py -> /home/jyseo/snuboat/ws/install/snunav_pkg/lib/python3.10/site-packages/snunav_pkg
copying /home/jyseo/snuboat/ws/build/snunav_pkg/build/lib/snunav_pkg/subscriber_member_function.py -> /home/jyseo/snuboat/ws/install/snunav_pkg/lib/python3.10/site-packages/snunav_pkg
copying /home/jyseo/snuboat/ws/build/snunav_pkg/build/lib/snunav_pkg/sils.py -> /home/jyseo/snuboat/ws/install/snunav_pkg/lib/python3.10/site-packages/snunav_pkg
copying /home/jyseo/snuboat/ws/build/snunav_pkg/build/lib/snunav_pkg/__init__.py -> /home/jyseo/snuboat/ws/install/snunav_pkg/lib/python3.10/site-packages/snunav_pkg
copying /home/jyseo/snuboat/ws/build/snunav_pkg/build/lib/snunav_pkg/navigation.py -> /home/jyseo/snuboat/ws/install/snunav_pkg/lib/python3.10/site-packages/snunav_pkg
copying /home/jyseo/snuboat/ws/build/snunav_pkg/build/lib/snunav_pkg/obstacle.py -> /home/jyseo/snuboat/ws/install/snunav_pkg/lib/python3.10/site-packages/snunav_pkg
copying /home/jyseo/snuboat/ws/build/snunav_pkg/build/lib/snunav_pkg/controller.py -> /home/jyseo/snuboat/ws/install/snunav_pkg/lib/python3.10/site-packages/snunav_pkg
byte-compiling /home/jyseo/snuboat/ws/install/snunav_pkg/lib/python3.10/site-packages/snunav_pkg/publisher_member_function.py to publisher_member_function.cpython-310.pyc
byte-compiling /home/jyseo/snuboat/ws/install/snunav_pkg/lib/python3.10/site-packages/snunav_pkg/mission_director.py to mission_director.cpython-310.pyc
byte-compiling /home/jyseo/snuboat/ws/install/snunav_pkg/lib/python3.10/site-packages/snunav_pkg/motor_interface.py to motor_interface.cpython-310.pyc
byte-compiling /home/jyseo/snuboat/ws/install/snunav_pkg/lib/python3.10/site-packages/snunav_pkg/subscriber_member_function.py to subscriber_member_function.cpython-310.pyc
byte-compiling /home/jyseo/snuboat/ws/install/snunav_pkg/lib/python3.10/site-packages/snunav_pkg/sils.py to sils.cpython-310.pyc
byte-compiling /home/jyseo/snuboat/ws/install/snunav_pkg/lib/python3.10/site-packages/snunav_pkg/__init__.py to __init__.cpython-310.pyc
byte-compiling /home/jyseo/snuboat/ws/install/snunav_pkg/lib/python3.10/site-packages/snunav_pkg/navigation.py to navigation.cpython-310.pyc
byte-compiling /home/jyseo/snuboat/ws/install/snunav_pkg/lib/python3.10/site-packages/snunav_pkg/obstacle.py to obstacle.cpython-310.pyc
byte-compiling /home/jyseo/snuboat/ws/install/snunav_pkg/lib/python3.10/site-packages/snunav_pkg/controller.py to controller.cpython-310.pyc
running install_data
creating /home/jyseo/snuboat/ws/install/snunav_pkg/share/ament_index
creating /home/jyseo/snuboat/ws/install/snunav_pkg/share/ament_index/resource_index
creating /home/jyseo/snuboat/ws/install/snunav_pkg/share/ament_index/resource_index/packages
copying resource/snunav_pkg -> /home/jyseo/snuboat/ws/install/snunav_pkg/share/ament_index/resource_index/packages
copying package.xml -> /home/jyseo/snuboat/ws/install/snunav_pkg/share/snunav_pkg
running install_egg_info
Copying ../../build/snunav_pkg/snunav_pkg.egg-info to /home/jyseo/snuboat/ws/install/snunav_pkg/lib/python3.10/site-packages/snunav_pkg-0.0.0-py3.10.egg-info
running install_scripts
Installing mission_director script to /home/jyseo/snuboat/ws/install/snunav_pkg/lib/snunav_pkg
writing list of installed files to '/home/jyseo/snuboat/ws/build/snunav_pkg/install.log'
