[0.519s] Invoking command in '/home/jyseo/snuboat/ws/src/snunav_pkg': PYTHONPATH=/home/jyseo/snuboat/ws/build/snunav_pkg/prefix_override:/usr/lib/python3/dist-packages/colcon_core/task/python/colcon_distutils_commands:/home/jyseo/snuboat/ws/install/snunav_pkg/lib/python3.10/site-packages:${PYTHONPATH} /usr/bin/python3 -W ignore:setup.py install is deprecated -W ignore:easy_install command is deprecated setup.py egg_info --egg-base ../../build/snunav_pkg build --build-base /home/jyseo/snuboat/ws/build/snunav_pkg/build install --record /home/jyseo/snuboat/ws/build/snunav_pkg/install.log --single-version-externally-managed install_data
[0.651s] running egg_info
[0.651s] creating ../../build/snunav_pkg/snunav_pkg.egg-info
[0.652s] writing ../../build/snunav_pkg/snunav_pkg.egg-info/PKG-INFO
[0.652s] writing dependency_links to ../../build/snunav_pkg/snunav_pkg.egg-info/dependency_links.txt
[0.652s] writing entry points to ../../build/snunav_pkg/snunav_pkg.egg-info/entry_points.txt
[0.652s] writing requirements to ../../build/snunav_pkg/snunav_pkg.egg-info/requires.txt
[0.652s] writing top-level names to ../../build/snunav_pkg/snunav_pkg.egg-info/top_level.txt
[0.652s] writing manifest file '../../build/snunav_pkg/snunav_pkg.egg-info/SOURCES.txt'
[0.653s] reading manifest file '../../build/snunav_pkg/snunav_pkg.egg-info/SOURCES.txt'
[0.654s] writing manifest file '../../build/snunav_pkg/snunav_pkg.egg-info/SOURCES.txt'
[0.654s] running build
[0.655s] running build_py
[0.655s] creating /home/jyseo/snuboat/ws/build/snunav_pkg/build
[0.655s] creating /home/jyseo/snuboat/ws/build/snunav_pkg/build/lib
[0.655s] creating /home/jyseo/snuboat/ws/build/snunav_pkg/build/lib/snunav_pkg
[0.656s] copying snunav_pkg/publisher_member_function.py -> /home/jyseo/snuboat/ws/build/snunav_pkg/build/lib/snunav_pkg
[0.656s] copying snunav_pkg/mission_director.py -> /home/jyseo/snuboat/ws/build/snunav_pkg/build/lib/snunav_pkg
[0.656s] copying snunav_pkg/motor_interface.py -> /home/jyseo/snuboat/ws/build/snunav_pkg/build/lib/snunav_pkg
[0.656s] copying snunav_pkg/subscriber_member_function.py -> /home/jyseo/snuboat/ws/build/snunav_pkg/build/lib/snunav_pkg
[0.656s] copying snunav_pkg/sils.py -> /home/jyseo/snuboat/ws/build/snunav_pkg/build/lib/snunav_pkg
[0.656s] copying snunav_pkg/__init__.py -> /home/jyseo/snuboat/ws/build/snunav_pkg/build/lib/snunav_pkg
[0.656s] copying snunav_pkg/navigation.py -> /home/jyseo/snuboat/ws/build/snunav_pkg/build/lib/snunav_pkg
[0.657s] copying snunav_pkg/obstacle.py -> /home/jyseo/snuboat/ws/build/snunav_pkg/build/lib/snunav_pkg
[0.657s] copying snunav_pkg/controller.py -> /home/jyseo/snuboat/ws/build/snunav_pkg/build/lib/snunav_pkg
[0.657s] running install
[0.657s] running install_lib
[0.657s] creating /home/jyseo/snuboat/ws/install/snunav_pkg/lib/python3.10/site-packages/snunav_pkg
[0.658s] copying /home/jyseo/snuboat/ws/build/snunav_pkg/build/lib/snunav_pkg/publisher_member_function.py -> /home/jyseo/snuboat/ws/install/snunav_pkg/lib/python3.10/site-packages/snunav_pkg
[0.658s] copying /home/jyseo/snuboat/ws/build/snunav_pkg/build/lib/snunav_pkg/mission_director.py -> /home/jyseo/snuboat/ws/install/snunav_pkg/lib/python3.10/site-packages/snunav_pkg
[0.658s] copying /home/jyseo/snuboat/ws/build/snunav_pkg/build/lib/snunav_pkg/motor_interface.py -> /home/jyseo/snuboat/ws/install/snunav_pkg/lib/python3.10/site-packages/snunav_pkg
[0.658s] copying /home/jyseo/snuboat/ws/build/snunav_pkg/build/lib/snunav_pkg/subscriber_member_function.py -> /home/jyseo/snuboat/ws/install/snunav_pkg/lib/python3.10/site-packages/snunav_pkg
[0.658s] copying /home/jyseo/snuboat/ws/build/snunav_pkg/build/lib/snunav_pkg/sils.py -> /home/jyseo/snuboat/ws/install/snunav_pkg/lib/python3.10/site-packages/snunav_pkg
[0.658s] copying /home/jyseo/snuboat/ws/build/snunav_pkg/build/lib/snunav_pkg/__init__.py -> /home/jyseo/snuboat/ws/install/snunav_pkg/lib/python3.10/site-packages/snunav_pkg
[0.658s] copying /home/jyseo/snuboat/ws/build/snunav_pkg/build/lib/snunav_pkg/navigation.py -> /home/jyseo/snuboat/ws/install/snunav_pkg/lib/python3.10/site-packages/snunav_pkg
[0.659s] copying /home/jyseo/snuboat/ws/build/snunav_pkg/build/lib/snunav_pkg/obstacle.py -> /home/jyseo/snuboat/ws/install/snunav_pkg/lib/python3.10/site-packages/snunav_pkg
[0.659s] copying /home/jyseo/snuboat/ws/build/snunav_pkg/build/lib/snunav_pkg/controller.py -> /home/jyseo/snuboat/ws/install/snunav_pkg/lib/python3.10/site-packages/snunav_pkg
[0.659s] byte-compiling /home/jyseo/snuboat/ws/install/snunav_pkg/lib/python3.10/site-packages/snunav_pkg/publisher_member_function.py to publisher_member_function.cpython-310.pyc
[0.660s] byte-compiling /home/jyseo/snuboat/ws/install/snunav_pkg/lib/python3.10/site-packages/snunav_pkg/mission_director.py to mission_director.cpython-310.pyc
[0.660s] byte-compiling /home/jyseo/snuboat/ws/install/snunav_pkg/lib/python3.10/site-packages/snunav_pkg/motor_interface.py to motor_interface.cpython-310.pyc
[0.660s] byte-compiling /home/jyseo/snuboat/ws/install/snunav_pkg/lib/python3.10/site-packages/snunav_pkg/subscriber_member_function.py to subscriber_member_function.cpython-310.pyc
[0.660s] byte-compiling /home/jyseo/snuboat/ws/install/snunav_pkg/lib/python3.10/site-packages/snunav_pkg/sils.py to sils.cpython-310.pyc
[0.661s] byte-compiling /home/jyseo/snuboat/ws/install/snunav_pkg/lib/python3.10/site-packages/snunav_pkg/__init__.py to __init__.cpython-310.pyc
[0.661s] byte-compiling /home/jyseo/snuboat/ws/install/snunav_pkg/lib/python3.10/site-packages/snunav_pkg/navigation.py to navigation.cpython-310.pyc
[0.661s] byte-compiling /home/jyseo/snuboat/ws/install/snunav_pkg/lib/python3.10/site-packages/snunav_pkg/obstacle.py to obstacle.cpython-310.pyc
[0.661s] byte-compiling /home/jyseo/snuboat/ws/install/snunav_pkg/lib/python3.10/site-packages/snunav_pkg/controller.py to controller.cpython-310.pyc
[0.662s] running install_data
[0.662s] creating /home/jyseo/snuboat/ws/install/snunav_pkg/share/ament_index
[0.662s] creating /home/jyseo/snuboat/ws/install/snunav_pkg/share/ament_index/resource_index
[0.662s] creating /home/jyseo/snuboat/ws/install/snunav_pkg/share/ament_index/resource_index/packages
[0.663s] copying resource/snunav_pkg -> /home/jyseo/snuboat/ws/install/snunav_pkg/share/ament_index/resource_index/packages
[0.663s] copying package.xml -> /home/jyseo/snuboat/ws/install/snunav_pkg/share/snunav_pkg
[0.663s] running install_egg_info
[0.664s] Copying ../../build/snunav_pkg/snunav_pkg.egg-info to /home/jyseo/snuboat/ws/install/snunav_pkg/lib/python3.10/site-packages/snunav_pkg-0.0.0-py3.10.egg-info
[0.665s] running install_scripts
[0.678s] Installing mission_director script to /home/jyseo/snuboat/ws/install/snunav_pkg/lib/snunav_pkg
[0.678s] writing list of installed files to '/home/jyseo/snuboat/ws/build/snunav_pkg/install.log'
[0.693s] Invoked command in '/home/jyseo/snuboat/ws/src/snunav_pkg' returned '0': PYTHONPATH=/home/jyseo/snuboat/ws/build/snunav_pkg/prefix_override:/usr/lib/python3/dist-packages/colcon_core/task/python/colcon_distutils_commands:/home/jyseo/snuboat/ws/install/snunav_pkg/lib/python3.10/site-packages:${PYTHONPATH} /usr/bin/python3 -W ignore:setup.py install is deprecated -W ignore:easy_install command is deprecated setup.py egg_info --egg-base ../../build/snunav_pkg build --build-base /home/jyseo/snuboat/ws/build/snunav_pkg/build install --record /home/jyseo/snuboat/ws/build/snunav_pkg/install.log --single-version-externally-managed install_data
