-- The C compiler identification is GNU 11.4.0
-- The CXX compiler identification is GNU 11.4.0
-- Detecting C compiler ABI info
-- Detecting C compiler ABI info - done
-- Check for working C compiler: /usr/bin/cc - skipped
-- Detecting C compile features
-- Detecting C compile features - done
-- Detecting CXX compiler ABI info
-- Detecting CXX compiler ABI info - done
-- Check for working CXX compiler: /usr/bin/c++ - skipped
-- Detecting CXX compile features
-- Detecting CXX compile features - done
-- Found geometry_msgs: 4.9.0 (/opt/ros/humble/share/geometry_msgs/cmake)
-- Found Python3: /usr/bin/python3 (found version "3.10.12") found components: Interpreter 
-- Found rosidl_generator_c: 3.1.6 (/opt/ros/humble/share/rosidl_generator_c/cmake)
-- Found rosidl_adapter: 3.1.6 (/opt/ros/humble/share/rosidl_adapter/cmake)
-- Found rosidl_generator_cpp: 3.1.6 (/opt/ros/humble/share/rosidl_generator_cpp/cmake)
-- Using all available rosidl_typesupport_c: rosidl_typesupport_fastrtps_c;rosidl_typesupport_introspection_c
-- Using all available rosidl_typesupport_cpp: rosidl_typesupport_fastrtps_cpp;rosidl_typesupport_introspection_cpp
-- Found rosidl_default_generators: 1.2.0 (/opt/ros/humble/share/rosidl_default_generators/cmake)
-- Found ament_cmake_ros: 0.10.0 (/opt/ros/humble/share/ament_cmake_ros/cmake)
-- Using all available rosidl_typesupport_c: rosidl_typesupport_fastrtps_c;rosidl_typesupport_introspection_c
-- Using all available rosidl_typesupport_cpp: rosidl_typesupport_fastrtps_cpp;rosidl_typesupport_introspection_cpp
-- Found PythonInterp: /usr/bin/python3 (found suitable version "3.10.12", minimum required is "3.6") 
-- Found python_cmake_module: 0.10.0 (/opt/ros/humble/share/python_cmake_module/cmake)
-- Found PythonLibs: /usr/lib/x86_64-linux-gnu/libpython3.10.so (found suitable version "3.10.12", minimum required is "3.5") 
-- Using PYTHON_EXECUTABLE: /usr/bin/python3
-- Using PYTHON_INCLUDE_DIRS: /usr/include/python3.10
-- Using PYTHON_LIBRARIES: /usr/lib/x86_64-linux-gnu/libpython3.10.so
-- Found PythonExtra: .so  
-- Found ament_lint_auto: 0.12.12 (/opt/ros/humble/share/ament_lint_auto/cmake)
-- Added test 'lint_cmake' to check CMake code style
-- Added test 'xmllint' to check XML markup files
-- Configuring done
-- Generating done
-- Build files have been written to: /home/jyseo/snuboat/ws/build/snumsg_pkg
[  2%] [34m[1mGenerating C code for ROS interfaces[0m
[  5%] [34m[1mGenerating C++ code for ROS interfaces[0m
[  5%] Built target ament_cmake_python_copy_snumsg_pkg
running egg_info
creating snumsg_pkg.egg-info
writing snumsg_pkg.egg-info/PKG-INFO
writing dependency_links to snumsg_pkg.egg-info/dependency_links.txt
writing top-level names to snumsg_pkg.egg-info/top_level.txt
writing manifest file 'snumsg_pkg.egg-info/SOURCES.txt'
reading manifest file 'snumsg_pkg.egg-info/SOURCES.txt'
writing manifest file 'snumsg_pkg.egg-info/SOURCES.txt'
[  5%] Built target ament_cmake_python_build_snumsg_pkg_egg
[  5%] Built target snumsg_pkg__cpp
[  7%] [34m[1mGenerating C++ type support dispatch for ROS interfaces[0m
[ 12%] [34m[1mGenerating C++ type support for eProsima Fast-RTPS[0m
[ 12%] [34m[1mGenerating C++ introspection for ROS interfaces[0m
[ 15%] [32mBuilding C object CMakeFiles/snumsg_pkg__rosidl_generator_c.dir/rosidl_generator_c/snumsg_pkg/msg/detail/mission_code__functions.c.o[0m
[ 17%] [32mBuilding C object CMakeFiles/snumsg_pkg__rosidl_generator_c.dir/rosidl_generator_c/snumsg_pkg/msg/detail/sensor__functions.c.o[0m
[ 20%] [32m[1mLinking C shared library libsnumsg_pkg__rosidl_generator_c.so[0m
[ 20%] Built target snumsg_pkg__rosidl_generator_c
[ 25%] [34m[1mGenerating C type support for eProsima Fast-RTPS[0m
[ 25%] [34m[1mGenerating C type support dispatch for ROS interfaces[0m
[ 28%] [34m[1mGenerating C introspection for ROS interfaces[0m
[ 30%] [32mBuilding CXX object CMakeFiles/snumsg_pkg__rosidl_typesupport_cpp.dir/rosidl_typesupport_cpp/snumsg_pkg/msg/mission_code__type_support.cpp.o[0m
[ 33%] [32mBuilding CXX object CMakeFiles/snumsg_pkg__rosidl_typesupport_cpp.dir/rosidl_typesupport_cpp/snumsg_pkg/msg/sensor__type_support.cpp.o[0m
[ 35%] [32mBuilding CXX object CMakeFiles/snumsg_pkg__rosidl_typesupport_introspection_cpp.dir/rosidl_typesupport_introspection_cpp/snumsg_pkg/msg/detail/mission_code__type_support.cpp.o[0m
[ 38%] [32mBuilding CXX object CMakeFiles/snumsg_pkg__rosidl_typesupport_introspection_cpp.dir/rosidl_typesupport_introspection_cpp/snumsg_pkg/msg/detail/sensor__type_support.cpp.o[0m
[ 41%] [32mBuilding CXX object CMakeFiles/snumsg_pkg__rosidl_typesupport_fastrtps_cpp.dir/rosidl_typesupport_fastrtps_cpp/snumsg_pkg/msg/detail/dds_fastrtps/sensor__type_support.cpp.o[0m
[ 43%] [32mBuilding CXX object CMakeFiles/snumsg_pkg__rosidl_typesupport_fastrtps_cpp.dir/rosidl_typesupport_fastrtps_cpp/snumsg_pkg/msg/detail/dds_fastrtps/mission_code__type_support.cpp.o[0m
[ 46%] [32mBuilding CXX object CMakeFiles/snumsg_pkg__rosidl_typesupport_c.dir/rosidl_typesupport_c/snumsg_pkg/msg/mission_code__type_support.cpp.o[0m
[ 48%] [32mBuilding CXX object CMakeFiles/snumsg_pkg__rosidl_typesupport_c.dir/rosidl_typesupport_c/snumsg_pkg/msg/sensor__type_support.cpp.o[0m
[ 51%] [32mBuilding C object CMakeFiles/snumsg_pkg__rosidl_typesupport_introspection_c.dir/rosidl_typesupport_introspection_c/snumsg_pkg/msg/detail/sensor__type_support.c.o[0m
[ 53%] [32mBuilding C object CMakeFiles/snumsg_pkg__rosidl_typesupport_introspection_c.dir/rosidl_typesupport_introspection_c/snumsg_pkg/msg/detail/mission_code__type_support.c.o[0m
[ 56%] [32mBuilding CXX object CMakeFiles/snumsg_pkg__rosidl_typesupport_fastrtps_c.dir/rosidl_typesupport_fastrtps_c/snumsg_pkg/msg/detail/sensor__type_support_c.cpp.o[0m
[ 58%] [32mBuilding CXX object CMakeFiles/snumsg_pkg__rosidl_typesupport_fastrtps_c.dir/rosidl_typesupport_fastrtps_c/snumsg_pkg/msg/detail/mission_code__type_support_c.cpp.o[0m
[ 61%] [32m[1mLinking CXX shared library libsnumsg_pkg__rosidl_typesupport_c.so[0m
[ 64%] [32m[1mLinking C shared library libsnumsg_pkg__rosidl_typesupport_introspection_c.so[0m
[ 66%] [32m[1mLinking CXX shared library libsnumsg_pkg__rosidl_typesupport_cpp.so[0m
[ 66%] Built target snumsg_pkg__rosidl_typesupport_introspection_c
[ 66%] Built target snumsg_pkg__rosidl_typesupport_c
[ 66%] Built target snumsg_pkg__rosidl_typesupport_cpp
[ 69%] [32m[1mLinking CXX shared library libsnumsg_pkg__rosidl_typesupport_introspection_cpp.so[0m
[ 71%] [32m[1mLinking CXX shared library libsnumsg_pkg__rosidl_typesupport_fastrtps_cpp.so[0m
[ 74%] [32m[1mLinking CXX shared library libsnumsg_pkg__rosidl_typesupport_fastrtps_c.so[0m
[ 74%] Built target snumsg_pkg__rosidl_typesupport_introspection_cpp
[ 74%] Built target snumsg_pkg__rosidl_typesupport_fastrtps_cpp
[ 74%] Built target snumsg_pkg__rosidl_typesupport_fastrtps_c
[ 74%] Built target snumsg_pkg
[ 76%] [34m[1mGenerating Python code for ROS interfaces[0m
[ 76%] Built target snumsg_pkg__py
[ 82%] [32mBuilding C object CMakeFiles/snumsg_pkg__rosidl_generator_py.dir/rosidl_generator_py/snumsg_pkg/msg/_sensor_s.c.o[0m
[ 82%] [32mBuilding C object CMakeFiles/snumsg_pkg__rosidl_generator_py.dir/rosidl_generator_py/snumsg_pkg/msg/_mission_code_s.c.o[0m
[ 84%] [32m[1mLinking C shared library rosidl_generator_py/snumsg_pkg/libsnumsg_pkg__rosidl_generator_py.so[0m
[ 84%] Built target snumsg_pkg__rosidl_generator_py
[ 89%] [32mBuilding C object CMakeFiles/snumsg_pkg__rosidl_typesupport_c__pyext.dir/rosidl_generator_py/snumsg_pkg/_snumsg_pkg_s.ep.rosidl_typesupport_c.c.o[0m
[ 89%] [32mBuilding C object CMakeFiles/snumsg_pkg__rosidl_typesupport_fastrtps_c__pyext.dir/rosidl_generator_py/snumsg_pkg/_snumsg_pkg_s.ep.rosidl_typesupport_fastrtps_c.c.o[0m
[ 92%] [32mBuilding C object CMakeFiles/snumsg_pkg__rosidl_typesupport_introspection_c__pyext.dir/rosidl_generator_py/snumsg_pkg/_snumsg_pkg_s.ep.rosidl_typesupport_introspection_c.c.o[0m
[ 97%] [32m[1mLinking C shared library rosidl_generator_py/snumsg_pkg/snumsg_pkg_s__rosidl_typesupport_fastrtps_c.cpython-310-x86_64-linux-gnu.so[0m
[ 97%] [32m[1mLinking C shared library rosidl_generator_py/snumsg_pkg/snumsg_pkg_s__rosidl_typesupport_c.cpython-310-x86_64-linux-gnu.so[0m
[100%] [32m[1mLinking C shared library rosidl_generator_py/snumsg_pkg/snumsg_pkg_s__rosidl_typesupport_introspection_c.cpython-310-x86_64-linux-gnu.so[0m
[100%] Built target snumsg_pkg__rosidl_typesupport_c__pyext
[100%] Built target snumsg_pkg__rosidl_typesupport_introspection_c__pyext
[100%] Built target snumsg_pkg__rosidl_typesupport_fastrtps_c__pyext
-- Install configuration: ""
-- Installing: /home/jyseo/snuboat/ws/install/snumsg_pkg/share/ament_index/resource_index/rosidl_interfaces/snumsg_pkg
-- Installing: /home/jyseo/snuboat/ws/install/snumsg_pkg/include/snumsg_pkg/snumsg_pkg
-- Installing: /home/jyseo/snuboat/ws/install/snumsg_pkg/include/snumsg_pkg/snumsg_pkg/msg
-- Installing: /home/jyseo/snuboat/ws/install/snumsg_pkg/include/snumsg_pkg/snumsg_pkg/msg/detail
-- Installing: /home/jyseo/snuboat/ws/install/snumsg_pkg/include/snumsg_pkg/snumsg_pkg/msg/detail/sensor__functions.c
-- Installing: /home/jyseo/snuboat/ws/install/snumsg_pkg/include/snumsg_pkg/snumsg_pkg/msg/detail/sensor__type_support.h
-- Installing: /home/jyseo/snuboat/ws/install/snumsg_pkg/include/snumsg_pkg/snumsg_pkg/msg/detail/mission_code__struct.h
-- Installing: /home/jyseo/snuboat/ws/install/snumsg_pkg/include/snumsg_pkg/snumsg_pkg/msg/detail/sensor__functions.h
-- Installing: /home/jyseo/snuboat/ws/install/snumsg_pkg/include/snumsg_pkg/snumsg_pkg/msg/detail/mission_code__functions.c
-- Installing: /home/jyseo/snuboat/ws/install/snumsg_pkg/include/snumsg_pkg/snumsg_pkg/msg/detail/mission_code__functions.h
-- Installing: /home/jyseo/snuboat/ws/install/snumsg_pkg/include/snumsg_pkg/snumsg_pkg/msg/detail/sensor__struct.h
-- Installing: /home/jyseo/snuboat/ws/install/snumsg_pkg/include/snumsg_pkg/snumsg_pkg/msg/detail/mission_code__type_support.h
-- Installing: /home/jyseo/snuboat/ws/install/snumsg_pkg/include/snumsg_pkg/snumsg_pkg/msg/mission_code.h
-- Installing: /home/jyseo/snuboat/ws/install/snumsg_pkg/include/snumsg_pkg/snumsg_pkg/msg/sensor.h
-- Installing: /home/jyseo/snuboat/ws/install/snumsg_pkg/include/snumsg_pkg/snumsg_pkg/msg/rosidl_generator_c__visibility_control.h
-- Installing: /home/jyseo/snuboat/ws/install/snumsg_pkg/share/snumsg_pkg/environment/library_path.sh
-- Installing: /home/jyseo/snuboat/ws/install/snumsg_pkg/share/snumsg_pkg/environment/library_path.dsv
-- Installing: /home/jyseo/snuboat/ws/install/snumsg_pkg/lib/libsnumsg_pkg__rosidl_generator_c.so
-- Set runtime path of "/home/jyseo/snuboat/ws/install/snumsg_pkg/lib/libsnumsg_pkg__rosidl_generator_c.so" to ""
-- Up-to-date: /home/jyseo/snuboat/ws/install/snumsg_pkg/include/snumsg_pkg/snumsg_pkg
-- Up-to-date: /home/jyseo/snuboat/ws/install/snumsg_pkg/include/snumsg_pkg/snumsg_pkg/msg
-- Up-to-date: /home/jyseo/snuboat/ws/install/snumsg_pkg/include/snumsg_pkg/snumsg_pkg/msg/detail
-- Installing: /home/jyseo/snuboat/ws/install/snumsg_pkg/include/snumsg_pkg/snumsg_pkg/msg/detail/mission_code__rosidl_typesupport_fastrtps_c.h
-- Installing: /home/jyseo/snuboat/ws/install/snumsg_pkg/include/snumsg_pkg/snumsg_pkg/msg/detail/sensor__rosidl_typesupport_fastrtps_c.h
-- Installing: /home/jyseo/snuboat/ws/install/snumsg_pkg/include/snumsg_pkg/snumsg_pkg/msg/rosidl_typesupport_fastrtps_c__visibility_control.h
-- Installing: /home/jyseo/snuboat/ws/install/snumsg_pkg/lib/libsnumsg_pkg__rosidl_typesupport_fastrtps_c.so
-- Set runtime path of "/home/jyseo/snuboat/ws/install/snumsg_pkg/lib/libsnumsg_pkg__rosidl_typesupport_fastrtps_c.so" to ""
-- Up-to-date: /home/jyseo/snuboat/ws/install/snumsg_pkg/include/snumsg_pkg/snumsg_pkg
-- Up-to-date: /home/jyseo/snuboat/ws/install/snumsg_pkg/include/snumsg_pkg/snumsg_pkg/msg
-- Up-to-date: /home/jyseo/snuboat/ws/install/snumsg_pkg/include/snumsg_pkg/snumsg_pkg/msg/detail
-- Installing: /home/jyseo/snuboat/ws/install/snumsg_pkg/include/snumsg_pkg/snumsg_pkg/msg/detail/sensor__struct.hpp
-- Installing: /home/jyseo/snuboat/ws/install/snumsg_pkg/include/snumsg_pkg/snumsg_pkg/msg/detail/mission_code__struct.hpp
-- Installing: /home/jyseo/snuboat/ws/install/snumsg_pkg/include/snumsg_pkg/snumsg_pkg/msg/detail/sensor__builder.hpp
-- Installing: /home/jyseo/snuboat/ws/install/snumsg_pkg/include/snumsg_pkg/snumsg_pkg/msg/detail/mission_code__builder.hpp
-- Installing: /home/jyseo/snuboat/ws/install/snumsg_pkg/include/snumsg_pkg/snumsg_pkg/msg/detail/mission_code__traits.hpp
-- Installing: /home/jyseo/snuboat/ws/install/snumsg_pkg/include/snumsg_pkg/snumsg_pkg/msg/detail/sensor__traits.hpp
-- Installing: /home/jyseo/snuboat/ws/install/snumsg_pkg/include/snumsg_pkg/snumsg_pkg/msg/detail/mission_code__type_support.hpp
-- Installing: /home/jyseo/snuboat/ws/install/snumsg_pkg/include/snumsg_pkg/snumsg_pkg/msg/detail/sensor__type_support.hpp
-- Installing: /home/jyseo/snuboat/ws/install/snumsg_pkg/include/snumsg_pkg/snumsg_pkg/msg/rosidl_generator_cpp__visibility_control.hpp
-- Installing: /home/jyseo/snuboat/ws/install/snumsg_pkg/include/snumsg_pkg/snumsg_pkg/msg/sensor.hpp
-- Installing: /home/jyseo/snuboat/ws/install/snumsg_pkg/include/snumsg_pkg/snumsg_pkg/msg/mission_code.hpp
-- Up-to-date: /home/jyseo/snuboat/ws/install/snumsg_pkg/include/snumsg_pkg/snumsg_pkg
-- Up-to-date: /home/jyseo/snuboat/ws/install/snumsg_pkg/include/snumsg_pkg/snumsg_pkg/msg
-- Up-to-date: /home/jyseo/snuboat/ws/install/snumsg_pkg/include/snumsg_pkg/snumsg_pkg/msg/detail
-- Installing: /home/jyseo/snuboat/ws/install/snumsg_pkg/include/snumsg_pkg/snumsg_pkg/msg/detail/sensor__rosidl_typesupport_fastrtps_cpp.hpp
-- Installing: /home/jyseo/snuboat/ws/install/snumsg_pkg/include/snumsg_pkg/snumsg_pkg/msg/detail/dds_fastrtps
-- Installing: /home/jyseo/snuboat/ws/install/snumsg_pkg/include/snumsg_pkg/snumsg_pkg/msg/detail/mission_code__rosidl_typesupport_fastrtps_cpp.hpp
-- Installing: /home/jyseo/snuboat/ws/install/snumsg_pkg/include/snumsg_pkg/snumsg_pkg/msg/rosidl_typesupport_fastrtps_cpp__visibility_control.h
-- Installing: /home/jyseo/snuboat/ws/install/snumsg_pkg/lib/libsnumsg_pkg__rosidl_typesupport_fastrtps_cpp.so
-- Set runtime path of "/home/jyseo/snuboat/ws/install/snumsg_pkg/lib/libsnumsg_pkg__rosidl_typesupport_fastrtps_cpp.so" to ""
-- Up-to-date: /home/jyseo/snuboat/ws/install/snumsg_pkg/include/snumsg_pkg/snumsg_pkg
-- Up-to-date: /home/jyseo/snuboat/ws/install/snumsg_pkg/include/snumsg_pkg/snumsg_pkg/msg
-- Up-to-date: /home/jyseo/snuboat/ws/install/snumsg_pkg/include/snumsg_pkg/snumsg_pkg/msg/detail
-- Installing: /home/jyseo/snuboat/ws/install/snumsg_pkg/include/snumsg_pkg/snumsg_pkg/msg/detail/sensor__rosidl_typesupport_introspection_c.h
-- Installing: /home/jyseo/snuboat/ws/install/snumsg_pkg/include/snumsg_pkg/snumsg_pkg/msg/detail/sensor__type_support.c
-- Installing: /home/jyseo/snuboat/ws/install/snumsg_pkg/include/snumsg_pkg/snumsg_pkg/msg/detail/mission_code__type_support.c
-- Installing: /home/jyseo/snuboat/ws/install/snumsg_pkg/include/snumsg_pkg/snumsg_pkg/msg/detail/mission_code__rosidl_typesupport_introspection_c.h
-- Installing: /home/jyseo/snuboat/ws/install/snumsg_pkg/include/snumsg_pkg/snumsg_pkg/msg/rosidl_typesupport_introspection_c__visibility_control.h
-- Installing: /home/jyseo/snuboat/ws/install/snumsg_pkg/lib/libsnumsg_pkg__rosidl_typesupport_introspection_c.so
-- Set runtime path of "/home/jyseo/snuboat/ws/install/snumsg_pkg/lib/libsnumsg_pkg__rosidl_typesupport_introspection_c.so" to ""
-- Installing: /home/jyseo/snuboat/ws/install/snumsg_pkg/lib/libsnumsg_pkg__rosidl_typesupport_c.so
-- Set runtime path of "/home/jyseo/snuboat/ws/install/snumsg_pkg/lib/libsnumsg_pkg__rosidl_typesupport_c.so" to ""
-- Up-to-date: /home/jyseo/snuboat/ws/install/snumsg_pkg/include/snumsg_pkg/snumsg_pkg
-- Up-to-date: /home/jyseo/snuboat/ws/install/snumsg_pkg/include/snumsg_pkg/snumsg_pkg/msg
-- Up-to-date: /home/jyseo/snuboat/ws/install/snumsg_pkg/include/snumsg_pkg/snumsg_pkg/msg/detail
-- Installing: /home/jyseo/snuboat/ws/install/snumsg_pkg/include/snumsg_pkg/snumsg_pkg/msg/detail/sensor__rosidl_typesupport_introspection_cpp.hpp
-- Installing: /home/jyseo/snuboat/ws/install/snumsg_pkg/include/snumsg_pkg/snumsg_pkg/msg/detail/mission_code__rosidl_typesupport_introspection_cpp.hpp
-- Installing: /home/jyseo/snuboat/ws/install/snumsg_pkg/include/snumsg_pkg/snumsg_pkg/msg/detail/mission_code__type_support.cpp
-- Installing: /home/jyseo/snuboat/ws/install/snumsg_pkg/include/snumsg_pkg/snumsg_pkg/msg/detail/sensor__type_support.cpp
-- Installing: /home/jyseo/snuboat/ws/install/snumsg_pkg/lib/libsnumsg_pkg__rosidl_typesupport_introspection_cpp.so
-- Set runtime path of "/home/jyseo/snuboat/ws/install/snumsg_pkg/lib/libsnumsg_pkg__rosidl_typesupport_introspection_cpp.so" to ""
-- Installing: /home/jyseo/snuboat/ws/install/snumsg_pkg/lib/libsnumsg_pkg__rosidl_typesupport_cpp.so
-- Set runtime path of "/home/jyseo/snuboat/ws/install/snumsg_pkg/lib/libsnumsg_pkg__rosidl_typesupport_cpp.so" to ""
-- Installing: /home/jyseo/snuboat/ws/install/snumsg_pkg/share/snumsg_pkg/environment/pythonpath.sh
-- Installing: /home/jyseo/snuboat/ws/install/snumsg_pkg/share/snumsg_pkg/environment/pythonpath.dsv
-- Installing: /home/jyseo/snuboat/ws/install/snumsg_pkg/local/lib/python3.10/dist-packages/snumsg_pkg-0.0.0-py3.10.egg-info
-- Installing: /home/jyseo/snuboat/ws/install/snumsg_pkg/local/lib/python3.10/dist-packages/snumsg_pkg-0.0.0-py3.10.egg-info/PKG-INFO
-- Installing: /home/jyseo/snuboat/ws/install/snumsg_pkg/local/lib/python3.10/dist-packages/snumsg_pkg-0.0.0-py3.10.egg-info/SOURCES.txt
-- Installing: /home/jyseo/snuboat/ws/install/snumsg_pkg/local/lib/python3.10/dist-packages/snumsg_pkg-0.0.0-py3.10.egg-info/dependency_links.txt
-- Installing: /home/jyseo/snuboat/ws/install/snumsg_pkg/local/lib/python3.10/dist-packages/snumsg_pkg-0.0.0-py3.10.egg-info/top_level.txt
-- Installing: /home/jyseo/snuboat/ws/install/snumsg_pkg/local/lib/python3.10/dist-packages/snumsg_pkg
-- Installing: /home/jyseo/snuboat/ws/install/snumsg_pkg/local/lib/python3.10/dist-packages/snumsg_pkg/_snumsg_pkg_s.ep.rosidl_typesupport_fastrtps_c.c
-- Installing: /home/jyseo/snuboat/ws/install/snumsg_pkg/local/lib/python3.10/dist-packages/snumsg_pkg/snumsg_pkg_s__rosidl_typesupport_introspection_c.cpython-310-x86_64-linux-gnu.so
-- Installing: /home/jyseo/snuboat/ws/install/snumsg_pkg/local/lib/python3.10/dist-packages/snumsg_pkg/snumsg_pkg_s__rosidl_typesupport_fastrtps_c.cpython-310-x86_64-linux-gnu.so
-- Installing: /home/jyseo/snuboat/ws/install/snumsg_pkg/local/lib/python3.10/dist-packages/snumsg_pkg/snumsg_pkg_s__rosidl_typesupport_c.cpython-310-x86_64-linux-gnu.so
-- Installing: /home/jyseo/snuboat/ws/install/snumsg_pkg/local/lib/python3.10/dist-packages/snumsg_pkg/msg
-- Installing: /home/jyseo/snuboat/ws/install/snumsg_pkg/local/lib/python3.10/dist-packages/snumsg_pkg/msg/_sensor_s.c
-- Installing: /home/jyseo/snuboat/ws/install/snumsg_pkg/local/lib/python3.10/dist-packages/snumsg_pkg/msg/_mission_code.py
-- Installing: /home/jyseo/snuboat/ws/install/snumsg_pkg/local/lib/python3.10/dist-packages/snumsg_pkg/msg/_mission_code_s.c
-- Installing: /home/jyseo/snuboat/ws/install/snumsg_pkg/local/lib/python3.10/dist-packages/snumsg_pkg/msg/__init__.py
-- Installing: /home/jyseo/snuboat/ws/install/snumsg_pkg/local/lib/python3.10/dist-packages/snumsg_pkg/msg/_sensor.py
-- Installing: /home/jyseo/snuboat/ws/install/snumsg_pkg/local/lib/python3.10/dist-packages/snumsg_pkg/libsnumsg_pkg__rosidl_generator_py.so
-- Installing: /home/jyseo/snuboat/ws/install/snumsg_pkg/local/lib/python3.10/dist-packages/snumsg_pkg/__init__.py
-- Installing: /home/jyseo/snuboat/ws/install/snumsg_pkg/local/lib/python3.10/dist-packages/snumsg_pkg/_snumsg_pkg_s.ep.rosidl_typesupport_c.c
-- Installing: /home/jyseo/snuboat/ws/install/snumsg_pkg/local/lib/python3.10/dist-packages/snumsg_pkg/_snumsg_pkg_s.ep.rosidl_typesupport_introspection_c.c
Listing '/home/jyseo/snuboat/ws/install/snumsg_pkg/local/lib/python3.10/dist-packages/snumsg_pkg'...
Compiling '/home/jyseo/snuboat/ws/install/snumsg_pkg/local/lib/python3.10/dist-packages/snumsg_pkg/__init__.py'...
Listing '/home/jyseo/snuboat/ws/install/snumsg_pkg/local/lib/python3.10/dist-packages/snumsg_pkg/msg'...
Compiling '/home/jyseo/snuboat/ws/install/snumsg_pkg/local/lib/python3.10/dist-packages/snumsg_pkg/msg/__init__.py'...
Compiling '/home/jyseo/snuboat/ws/install/snumsg_pkg/local/lib/python3.10/dist-packages/snumsg_pkg/msg/_mission_code.py'...
Compiling '/home/jyseo/snuboat/ws/install/snumsg_pkg/local/lib/python3.10/dist-packages/snumsg_pkg/msg/_sensor.py'...
-- Installing: /home/jyseo/snuboat/ws/install/snumsg_pkg/local/lib/python3.10/dist-packages/snumsg_pkg/snumsg_pkg_s__rosidl_typesupport_fastrtps_c.cpython-310-x86_64-linux-gnu.so
-- Set runtime path of "/home/jyseo/snuboat/ws/install/snumsg_pkg/local/lib/python3.10/dist-packages/snumsg_pkg/snumsg_pkg_s__rosidl_typesupport_fastrtps_c.cpython-310-x86_64-linux-gnu.so" to ""
-- Installing: /home/jyseo/snuboat/ws/install/snumsg_pkg/local/lib/python3.10/dist-packages/snumsg_pkg/snumsg_pkg_s__rosidl_typesupport_introspection_c.cpython-310-x86_64-linux-gnu.so
-- Set runtime path of "/home/jyseo/snuboat/ws/install/snumsg_pkg/local/lib/python3.10/dist-packages/snumsg_pkg/snumsg_pkg_s__rosidl_typesupport_introspection_c.cpython-310-x86_64-linux-gnu.so" to ""
-- Installing: /home/jyseo/snuboat/ws/install/snumsg_pkg/local/lib/python3.10/dist-packages/snumsg_pkg/snumsg_pkg_s__rosidl_typesupport_c.cpython-310-x86_64-linux-gnu.so
-- Set runtime path of "/home/jyseo/snuboat/ws/install/snumsg_pkg/local/lib/python3.10/dist-packages/snumsg_pkg/snumsg_pkg_s__rosidl_typesupport_c.cpython-310-x86_64-linux-gnu.so" to ""
-- Installing: /home/jyseo/snuboat/ws/install/snumsg_pkg/lib/libsnumsg_pkg__rosidl_generator_py.so
-- Set runtime path of "/home/jyseo/snuboat/ws/install/snumsg_pkg/lib/libsnumsg_pkg__rosidl_generator_py.so" to ""
-- Installing: /home/jyseo/snuboat/ws/install/snumsg_pkg/share/snumsg_pkg/msg/MissionCode.idl
-- Installing: /home/jyseo/snuboat/ws/install/snumsg_pkg/share/snumsg_pkg/msg/Sensor.idl
-- Installing: /home/jyseo/snuboat/ws/install/snumsg_pkg/share/snumsg_pkg/msg/MissionCode.msg
-- Installing: /home/jyseo/snuboat/ws/install/snumsg_pkg/share/snumsg_pkg/msg/Sensor.msg
-- Installing: /home/jyseo/snuboat/ws/install/snumsg_pkg/share/ament_index/resource_index/package_run_dependencies/snumsg_pkg
-- Installing: /home/jyseo/snuboat/ws/install/snumsg_pkg/share/ament_index/resource_index/parent_prefix_path/snumsg_pkg
-- Installing: /home/jyseo/snuboat/ws/install/snumsg_pkg/share/snumsg_pkg/environment/ament_prefix_path.sh
-- Installing: /home/jyseo/snuboat/ws/install/snumsg_pkg/share/snumsg_pkg/environment/ament_prefix_path.dsv
-- Installing: /home/jyseo/snuboat/ws/install/snumsg_pkg/share/snumsg_pkg/environment/path.sh
-- Installing: /home/jyseo/snuboat/ws/install/snumsg_pkg/share/snumsg_pkg/environment/path.dsv
-- Installing: /home/jyseo/snuboat/ws/install/snumsg_pkg/share/snumsg_pkg/local_setup.bash
-- Installing: /home/jyseo/snuboat/ws/install/snumsg_pkg/share/snumsg_pkg/local_setup.sh
-- Installing: /home/jyseo/snuboat/ws/install/snumsg_pkg/share/snumsg_pkg/local_setup.zsh
-- Installing: /home/jyseo/snuboat/ws/install/snumsg_pkg/share/snumsg_pkg/local_setup.dsv
-- Installing: /home/jyseo/snuboat/ws/install/snumsg_pkg/share/snumsg_pkg/package.dsv
-- Installing: /home/jyseo/snuboat/ws/install/snumsg_pkg/share/ament_index/resource_index/packages/snumsg_pkg
-- Installing: /home/jyseo/snuboat/ws/install/snumsg_pkg/share/snumsg_pkg/cmake/export_snumsg_pkg__rosidl_generator_cExport.cmake
-- Installing: /home/jyseo/snuboat/ws/install/snumsg_pkg/share/snumsg_pkg/cmake/export_snumsg_pkg__rosidl_generator_cExport-noconfig.cmake
-- Installing: /home/jyseo/snuboat/ws/install/snumsg_pkg/share/snumsg_pkg/cmake/export_snumsg_pkg__rosidl_typesupport_fastrtps_cExport.cmake
-- Installing: /home/jyseo/snuboat/ws/install/snumsg_pkg/share/snumsg_pkg/cmake/export_snumsg_pkg__rosidl_typesupport_fastrtps_cExport-noconfig.cmake
-- Installing: /home/jyseo/snuboat/ws/install/snumsg_pkg/share/snumsg_pkg/cmake/export_snumsg_pkg__rosidl_generator_cppExport.cmake
-- Installing: /home/jyseo/snuboat/ws/install/snumsg_pkg/share/snumsg_pkg/cmake/export_snumsg_pkg__rosidl_typesupport_fastrtps_cppExport.cmake
-- Installing: /home/jyseo/snuboat/ws/install/snumsg_pkg/share/snumsg_pkg/cmake/export_snumsg_pkg__rosidl_typesupport_fastrtps_cppExport-noconfig.cmake
-- Installing: /home/jyseo/snuboat/ws/install/snumsg_pkg/share/snumsg_pkg/cmake/snumsg_pkg__rosidl_typesupport_introspection_cExport.cmake
-- Installing: /home/jyseo/snuboat/ws/install/snumsg_pkg/share/snumsg_pkg/cmake/snumsg_pkg__rosidl_typesupport_introspection_cExport-noconfig.cmake
-- Installing: /home/jyseo/snuboat/ws/install/snumsg_pkg/share/snumsg_pkg/cmake/snumsg_pkg__rosidl_typesupport_cExport.cmake
-- Installing: /home/jyseo/snuboat/ws/install/snumsg_pkg/share/snumsg_pkg/cmake/snumsg_pkg__rosidl_typesupport_cExport-noconfig.cmake
-- Installing: /home/jyseo/snuboat/ws/install/snumsg_pkg/share/snumsg_pkg/cmake/snumsg_pkg__rosidl_typesupport_introspection_cppExport.cmake
-- Installing: /home/jyseo/snuboat/ws/install/snumsg_pkg/share/snumsg_pkg/cmake/snumsg_pkg__rosidl_typesupport_introspection_cppExport-noconfig.cmake
-- Installing: /home/jyseo/snuboat/ws/install/snumsg_pkg/share/snumsg_pkg/cmake/snumsg_pkg__rosidl_typesupport_cppExport.cmake
-- Installing: /home/jyseo/snuboat/ws/install/snumsg_pkg/share/snumsg_pkg/cmake/snumsg_pkg__rosidl_typesupport_cppExport-noconfig.cmake
-- Installing: /home/jyseo/snuboat/ws/install/snumsg_pkg/share/snumsg_pkg/cmake/export_snumsg_pkg__rosidl_generator_pyExport.cmake
-- Installing: /home/jyseo/snuboat/ws/install/snumsg_pkg/share/snumsg_pkg/cmake/export_snumsg_pkg__rosidl_generator_pyExport-noconfig.cmake
-- Installing: /home/jyseo/snuboat/ws/install/snumsg_pkg/share/snumsg_pkg/cmake/rosidl_cmake-extras.cmake
-- Installing: /home/jyseo/snuboat/ws/install/snumsg_pkg/share/snumsg_pkg/cmake/ament_cmake_export_dependencies-extras.cmake
-- Installing: /home/jyseo/snuboat/ws/install/snumsg_pkg/share/snumsg_pkg/cmake/ament_cmake_export_include_directories-extras.cmake
-- Installing: /home/jyseo/snuboat/ws/install/snumsg_pkg/share/snumsg_pkg/cmake/ament_cmake_export_libraries-extras.cmake
-- Installing: /home/jyseo/snuboat/ws/install/snumsg_pkg/share/snumsg_pkg/cmake/ament_cmake_export_targets-extras.cmake
-- Installing: /home/jyseo/snuboat/ws/install/snumsg_pkg/share/snumsg_pkg/cmake/rosidl_cmake_export_typesupport_targets-extras.cmake
-- Installing: /home/jyseo/snuboat/ws/install/snumsg_pkg/share/snumsg_pkg/cmake/rosidl_cmake_export_typesupport_libraries-extras.cmake
-- Installing: /home/jyseo/snuboat/ws/install/snumsg_pkg/share/snumsg_pkg/cmake/snumsg_pkgConfig.cmake
-- Installing: /home/jyseo/snuboat/ws/install/snumsg_pkg/share/snumsg_pkg/cmake/snumsg_pkgConfig-version.cmake
-- Installing: /home/jyseo/snuboat/ws/install/snumsg_pkg/share/snumsg_pkg/package.xml
