[0.010s] Invoking command in '/home/jyseo/snuboat/ws/build/snumsg_pkg': CMAKE_PREFIX_PATH=${CMAKE_PREFIX_PATH}:/home/jyseo/snuboat/install/snunav_pkg:/home/jyseo/snuboat/ws/install/snunav_pkg:/opt/ros/humble /usr/bin/cmake /home/jyseo/snuboat/ws/src/snumsg_pkg -DCMAKE_INSTALL_PREFIX=/home/jyseo/snuboat/ws/install/snumsg_pkg
[0.095s] -- The C compiler identification is GNU 11.4.0
[0.373s] -- The CXX compiler identification is GNU 11.4.0
[0.573s] -- Detecting C compiler ABI info
[0.671s] -- Detecting C compiler ABI info - done
[0.675s] -- Check for working C compiler: /usr/bin/cc - skipped
[0.675s] -- Detecting C compile features
[0.675s] -- Detecting C compile features - done
[0.677s] -- Detecting CXX compiler ABI info
[0.788s] -- Detecting CXX compiler ABI info - done
[0.792s] -- Check for working CXX compiler: /usr/bin/c++ - skipped
[0.792s] -- Detecting CXX compile features
[0.793s] -- Detecting CXX compile features - done
[0.794s] -- Found geometry_msgs: 4.9.0 (/opt/ros/humble/share/geometry_msgs/cmake)
[0.888s] -- Found Python3: /usr/bin/python3 (found version "3.10.12") found components: Interpreter 
[1.034s] -- Found rosidl_generator_c: 3.1.6 (/opt/ros/humble/share/rosidl_generator_c/cmake)
[1.037s] -- Found rosidl_adapter: 3.1.6 (/opt/ros/humble/share/rosidl_adapter/cmake)
[1.042s] -- Found rosidl_generator_cpp: 3.1.6 (/opt/ros/humble/share/rosidl_generator_cpp/cmake)
[1.048s] -- Using all available rosidl_typesupport_c: rosidl_typesupport_fastrtps_c;rosidl_typesupport_introspection_c
[1.058s] -- Using all available rosidl_typesupport_cpp: rosidl_typesupport_fastrtps_cpp;rosidl_typesupport_introspection_cpp
[1.079s] -- Found rosidl_default_generators: 1.2.0 (/opt/ros/humble/share/rosidl_default_generators/cmake)
[1.242s] -- Found ament_cmake_ros: 0.10.0 (/opt/ros/humble/share/ament_cmake_ros/cmake)
[1.481s] -- Using all available rosidl_typesupport_c: rosidl_typesupport_fastrtps_c;rosidl_typesupport_introspection_c
[1.579s] -- Using all available rosidl_typesupport_cpp: rosidl_typesupport_fastrtps_cpp;rosidl_typesupport_introspection_cpp
[1.661s] -- Found PythonInterp: /usr/bin/python3 (found suitable version "3.10.12", minimum required is "3.6") 
[1.661s] -- Found python_cmake_module: 0.10.0 (/opt/ros/humble/share/python_cmake_module/cmake)
[1.907s] -- Found PythonLibs: /usr/lib/x86_64-linux-gnu/libpython3.10.so (found suitable version "3.10.12", minimum required is "3.5") 
[1.907s] -- Using PYTHON_EXECUTABLE: /usr/bin/python3
[1.907s] -- Using PYTHON_INCLUDE_DIRS: /usr/include/python3.10
[1.907s] -- Using PYTHON_LIBRARIES: /usr/lib/x86_64-linux-gnu/libpython3.10.so
[1.920s] -- Found PythonExtra: .so  
[1.982s] -- Found ament_lint_auto: 0.12.12 (/opt/ros/humble/share/ament_lint_auto/cmake)
[1.997s] -- Added test 'lint_cmake' to check CMake code style
[1.998s] -- Added test 'xmllint' to check XML markup files
[2.000s] -- Configuring done
[2.044s] -- Generating done
[2.051s] -- Build files have been written to: /home/jyseo/snuboat/ws/build/snumsg_pkg
[2.058s] Invoked command in '/home/jyseo/snuboat/ws/build/snumsg_pkg' returned '0': CMAKE_PREFIX_PATH=${CMAKE_PREFIX_PATH}:/home/jyseo/snuboat/install/snunav_pkg:/home/jyseo/snuboat/ws/install/snunav_pkg:/opt/ros/humble /usr/bin/cmake /home/jyseo/snuboat/ws/src/snumsg_pkg -DCMAKE_INSTALL_PREFIX=/home/jyseo/snuboat/ws/install/snumsg_pkg
[2.060s] Invoking command in '/home/jyseo/snuboat/ws/build/snumsg_pkg': CMAKE_PREFIX_PATH=${CMAKE_PREFIX_PATH}:/home/jyseo/snuboat/install/snunav_pkg:/home/jyseo/snuboat/ws/install/snunav_pkg:/opt/ros/humble /usr/bin/cmake --build /home/jyseo/snuboat/ws/build/snumsg_pkg -- -j48 -l48
[2.090s] [  2%] [34m[1mGenerating C code for ROS interfaces[0m
[2.097s] [  5%] [34m[1mGenerating C++ code for ROS interfaces[0m
[2.102s] [  5%] Built target ament_cmake_python_copy_snumsg_pkg
[2.220s] running egg_info
[2.220s] creating snumsg_pkg.egg-info
[2.221s] writing snumsg_pkg.egg-info/PKG-INFO
[2.221s] writing dependency_links to snumsg_pkg.egg-info/dependency_links.txt
[2.221s] writing top-level names to snumsg_pkg.egg-info/top_level.txt
[2.221s] writing manifest file 'snumsg_pkg.egg-info/SOURCES.txt'
[2.222s] reading manifest file 'snumsg_pkg.egg-info/SOURCES.txt'
[2.222s] writing manifest file 'snumsg_pkg.egg-info/SOURCES.txt'
[2.241s] [  5%] Built target ament_cmake_python_build_snumsg_pkg_egg
[2.242s] [  5%] Built target snumsg_pkg__cpp
[2.249s] [  7%] [34m[1mGenerating C++ type support dispatch for ROS interfaces[0m
[2.250s] [ 12%] [34m[1mGenerating C++ type support for eProsima Fast-RTPS[0m
[2.250s] [ 12%] [34m[1mGenerating C++ introspection for ROS interfaces[0m
[2.250s] [ 15%] [32mBuilding C object CMakeFiles/snumsg_pkg__rosidl_generator_c.dir/rosidl_generator_c/snumsg_pkg/msg/detail/mission_code__functions.c.o[0m
[2.250s] [ 17%] [32mBuilding C object CMakeFiles/snumsg_pkg__rosidl_generator_c.dir/rosidl_generator_c/snumsg_pkg/msg/detail/sensor__functions.c.o[0m
[2.287s] [ 20%] [32m[1mLinking C shared library libsnumsg_pkg__rosidl_generator_c.so[0m
[2.367s] [ 20%] Built target snumsg_pkg__rosidl_generator_c
[2.375s] [ 25%] [34m[1mGenerating C type support for eProsima Fast-RTPS[0m
[2.375s] [ 25%] [34m[1mGenerating C type support dispatch for ROS interfaces[0m
[2.376s] [ 28%] [34m[1mGenerating C introspection for ROS interfaces[0m
[2.383s] [ 30%] [32mBuilding CXX object CMakeFiles/snumsg_pkg__rosidl_typesupport_cpp.dir/rosidl_typesupport_cpp/snumsg_pkg/msg/mission_code__type_support.cpp.o[0m
[2.384s] [ 33%] [32mBuilding CXX object CMakeFiles/snumsg_pkg__rosidl_typesupport_cpp.dir/rosidl_typesupport_cpp/snumsg_pkg/msg/sensor__type_support.cpp.o[0m
[2.397s] [ 35%] [32mBuilding CXX object CMakeFiles/snumsg_pkg__rosidl_typesupport_introspection_cpp.dir/rosidl_typesupport_introspection_cpp/snumsg_pkg/msg/detail/mission_code__type_support.cpp.o[0m
[2.397s] [ 38%] [32mBuilding CXX object CMakeFiles/snumsg_pkg__rosidl_typesupport_introspection_cpp.dir/rosidl_typesupport_introspection_cpp/snumsg_pkg/msg/detail/sensor__type_support.cpp.o[0m
[2.400s] [ 41%] [32mBuilding CXX object CMakeFiles/snumsg_pkg__rosidl_typesupport_fastrtps_cpp.dir/rosidl_typesupport_fastrtps_cpp/snumsg_pkg/msg/detail/dds_fastrtps/sensor__type_support.cpp.o[0m
[2.401s] [ 43%] [32mBuilding CXX object CMakeFiles/snumsg_pkg__rosidl_typesupport_fastrtps_cpp.dir/rosidl_typesupport_fastrtps_cpp/snumsg_pkg/msg/detail/dds_fastrtps/mission_code__type_support.cpp.o[0m
[2.514s] [ 46%] [32mBuilding CXX object CMakeFiles/snumsg_pkg__rosidl_typesupport_c.dir/rosidl_typesupport_c/snumsg_pkg/msg/mission_code__type_support.cpp.o[0m
[2.514s] [ 48%] [32mBuilding CXX object CMakeFiles/snumsg_pkg__rosidl_typesupport_c.dir/rosidl_typesupport_c/snumsg_pkg/msg/sensor__type_support.cpp.o[0m
[2.528s] [ 51%] [32mBuilding C object CMakeFiles/snumsg_pkg__rosidl_typesupport_introspection_c.dir/rosidl_typesupport_introspection_c/snumsg_pkg/msg/detail/sensor__type_support.c.o[0m
[2.529s] [ 53%] [32mBuilding C object CMakeFiles/snumsg_pkg__rosidl_typesupport_introspection_c.dir/rosidl_typesupport_introspection_c/snumsg_pkg/msg/detail/mission_code__type_support.c.o[0m
[2.530s] [ 56%] [32mBuilding CXX object CMakeFiles/snumsg_pkg__rosidl_typesupport_fastrtps_c.dir/rosidl_typesupport_fastrtps_c/snumsg_pkg/msg/detail/sensor__type_support_c.cpp.o[0m
[2.531s] [ 58%] [32mBuilding CXX object CMakeFiles/snumsg_pkg__rosidl_typesupport_fastrtps_c.dir/rosidl_typesupport_fastrtps_c/snumsg_pkg/msg/detail/mission_code__type_support_c.cpp.o[0m
[2.542s] [ 61%] [32m[1mLinking CXX shared library libsnumsg_pkg__rosidl_typesupport_c.so[0m
[2.562s] [ 64%] [32m[1mLinking C shared library libsnumsg_pkg__rosidl_typesupport_introspection_c.so[0m
[2.563s] [ 66%] [32m[1mLinking CXX shared library libsnumsg_pkg__rosidl_typesupport_cpp.so[0m
[2.624s] [ 66%] Built target snumsg_pkg__rosidl_typesupport_introspection_c
[2.631s] [ 66%] Built target snumsg_pkg__rosidl_typesupport_c
[2.632s] [ 66%] Built target snumsg_pkg__rosidl_typesupport_cpp
[2.662s] [ 69%] [32m[1mLinking CXX shared library libsnumsg_pkg__rosidl_typesupport_introspection_cpp.so[0m
[2.690s] [ 71%] [32m[1mLinking CXX shared library libsnumsg_pkg__rosidl_typesupport_fastrtps_cpp.so[0m
[2.740s] [ 74%] [32m[1mLinking CXX shared library libsnumsg_pkg__rosidl_typesupport_fastrtps_c.so[0m
[2.765s] [ 74%] Built target snumsg_pkg__rosidl_typesupport_introspection_cpp
[2.796s] [ 74%] Built target snumsg_pkg__rosidl_typesupport_fastrtps_cpp
[2.840s] [ 74%] Built target snumsg_pkg__rosidl_typesupport_fastrtps_c
[2.855s] [ 74%] Built target snumsg_pkg
[2.873s] [ 76%] [34m[1mGenerating Python code for ROS interfaces[0m
[3.075s] [ 76%] Built target snumsg_pkg__py
[3.091s] [ 82%] [32mBuilding C object CMakeFiles/snumsg_pkg__rosidl_generator_py.dir/rosidl_generator_py/snumsg_pkg/msg/_sensor_s.c.o[0m
[3.091s] [ 82%] [32mBuilding C object CMakeFiles/snumsg_pkg__rosidl_generator_py.dir/rosidl_generator_py/snumsg_pkg/msg/_mission_code_s.c.o[0m
[3.166s] [ 84%] [32m[1mLinking C shared library rosidl_generator_py/snumsg_pkg/libsnumsg_pkg__rosidl_generator_py.so[0m
[3.246s] [ 84%] Built target snumsg_pkg__rosidl_generator_py
[3.262s] [ 89%] [32mBuilding C object CMakeFiles/snumsg_pkg__rosidl_typesupport_c__pyext.dir/rosidl_generator_py/snumsg_pkg/_snumsg_pkg_s.ep.rosidl_typesupport_c.c.o[0m
[3.262s] [ 89%] [32mBuilding C object CMakeFiles/snumsg_pkg__rosidl_typesupport_fastrtps_c__pyext.dir/rosidl_generator_py/snumsg_pkg/_snumsg_pkg_s.ep.rosidl_typesupport_fastrtps_c.c.o[0m
[3.262s] [ 92%] [32mBuilding C object CMakeFiles/snumsg_pkg__rosidl_typesupport_introspection_c__pyext.dir/rosidl_generator_py/snumsg_pkg/_snumsg_pkg_s.ep.rosidl_typesupport_introspection_c.c.o[0m
[3.332s] [ 97%] [32m[1mLinking C shared library rosidl_generator_py/snumsg_pkg/snumsg_pkg_s__rosidl_typesupport_fastrtps_c.cpython-310-x86_64-linux-gnu.so[0m
[3.332s] [ 97%] [32m[1mLinking C shared library rosidl_generator_py/snumsg_pkg/snumsg_pkg_s__rosidl_typesupport_c.cpython-310-x86_64-linux-gnu.so[0m
[3.333s] [100%] [32m[1mLinking C shared library rosidl_generator_py/snumsg_pkg/snumsg_pkg_s__rosidl_typesupport_introspection_c.cpython-310-x86_64-linux-gnu.so[0m
[3.394s] [100%] Built target snumsg_pkg__rosidl_typesupport_c__pyext
[3.394s] [100%] Built target snumsg_pkg__rosidl_typesupport_introspection_c__pyext
[3.394s] [100%] Built target snumsg_pkg__rosidl_typesupport_fastrtps_c__pyext
[3.404s] Invoked command in '/home/jyseo/snuboat/ws/build/snumsg_pkg' returned '0': CMAKE_PREFIX_PATH=${CMAKE_PREFIX_PATH}:/home/jyseo/snuboat/install/snunav_pkg:/home/jyseo/snuboat/ws/install/snunav_pkg:/opt/ros/humble /usr/bin/cmake --build /home/jyseo/snuboat/ws/build/snumsg_pkg -- -j48 -l48
[3.413s] Invoking command in '/home/jyseo/snuboat/ws/build/snumsg_pkg': CMAKE_PREFIX_PATH=${CMAKE_PREFIX_PATH}:/home/jyseo/snuboat/install/snunav_pkg:/home/jyseo/snuboat/ws/install/snunav_pkg:/opt/ros/humble /usr/bin/cmake --install /home/jyseo/snuboat/ws/build/snumsg_pkg
[3.418s] -- Install configuration: ""
[3.420s] -- Installing: /home/jyseo/snuboat/ws/install/snumsg_pkg/share/ament_index/resource_index/rosidl_interfaces/snumsg_pkg
[3.420s] -- Installing: /home/jyseo/snuboat/ws/install/snumsg_pkg/include/snumsg_pkg/snumsg_pkg
[3.421s] -- Installing: /home/jyseo/snuboat/ws/install/snumsg_pkg/include/snumsg_pkg/snumsg_pkg/msg
[3.421s] -- Installing: /home/jyseo/snuboat/ws/install/snumsg_pkg/include/snumsg_pkg/snumsg_pkg/msg/detail
[3.421s] -- Installing: /home/jyseo/snuboat/ws/install/snumsg_pkg/include/snumsg_pkg/snumsg_pkg/msg/detail/sensor__functions.c
[3.422s] -- Installing: /home/jyseo/snuboat/ws/install/snumsg_pkg/include/snumsg_pkg/snumsg_pkg/msg/detail/sensor__type_support.h
[3.422s] -- Installing: /home/jyseo/snuboat/ws/install/snumsg_pkg/include/snumsg_pkg/snumsg_pkg/msg/detail/mission_code__struct.h
[3.422s] -- Installing: /home/jyseo/snuboat/ws/install/snumsg_pkg/include/snumsg_pkg/snumsg_pkg/msg/detail/sensor__functions.h
[3.422s] -- Installing: /home/jyseo/snuboat/ws/install/snumsg_pkg/include/snumsg_pkg/snumsg_pkg/msg/detail/mission_code__functions.c
[3.422s] -- Installing: /home/jyseo/snuboat/ws/install/snumsg_pkg/include/snumsg_pkg/snumsg_pkg/msg/detail/mission_code__functions.h
[3.422s] -- Installing: /home/jyseo/snuboat/ws/install/snumsg_pkg/include/snumsg_pkg/snumsg_pkg/msg/detail/sensor__struct.h
[3.422s] -- Installing: /home/jyseo/snuboat/ws/install/snumsg_pkg/include/snumsg_pkg/snumsg_pkg/msg/detail/mission_code__type_support.h
[3.423s] -- Installing: /home/jyseo/snuboat/ws/install/snumsg_pkg/include/snumsg_pkg/snumsg_pkg/msg/mission_code.h
[3.423s] -- Installing: /home/jyseo/snuboat/ws/install/snumsg_pkg/include/snumsg_pkg/snumsg_pkg/msg/sensor.h
[3.423s] -- Installing: /home/jyseo/snuboat/ws/install/snumsg_pkg/include/snumsg_pkg/snumsg_pkg/msg/rosidl_generator_c__visibility_control.h
[3.424s] -- Installing: /home/jyseo/snuboat/ws/install/snumsg_pkg/share/snumsg_pkg/environment/library_path.sh
[3.424s] -- Installing: /home/jyseo/snuboat/ws/install/snumsg_pkg/share/snumsg_pkg/environment/library_path.dsv
[3.424s] -- Installing: /home/jyseo/snuboat/ws/install/snumsg_pkg/lib/libsnumsg_pkg__rosidl_generator_c.so
[3.425s] -- Set runtime path of "/home/jyseo/snuboat/ws/install/snumsg_pkg/lib/libsnumsg_pkg__rosidl_generator_c.so" to ""
[3.425s] -- Up-to-date: /home/jyseo/snuboat/ws/install/snumsg_pkg/include/snumsg_pkg/snumsg_pkg
[3.425s] -- Up-to-date: /home/jyseo/snuboat/ws/install/snumsg_pkg/include/snumsg_pkg/snumsg_pkg/msg
[3.425s] -- Up-to-date: /home/jyseo/snuboat/ws/install/snumsg_pkg/include/snumsg_pkg/snumsg_pkg/msg/detail
[3.425s] -- Installing: /home/jyseo/snuboat/ws/install/snumsg_pkg/include/snumsg_pkg/snumsg_pkg/msg/detail/mission_code__rosidl_typesupport_fastrtps_c.h
[3.425s] -- Installing: /home/jyseo/snuboat/ws/install/snumsg_pkg/include/snumsg_pkg/snumsg_pkg/msg/detail/sensor__rosidl_typesupport_fastrtps_c.h
[3.425s] -- Installing: /home/jyseo/snuboat/ws/install/snumsg_pkg/include/snumsg_pkg/snumsg_pkg/msg/rosidl_typesupport_fastrtps_c__visibility_control.h
[3.425s] -- Installing: /home/jyseo/snuboat/ws/install/snumsg_pkg/lib/libsnumsg_pkg__rosidl_typesupport_fastrtps_c.so
[3.426s] -- Set runtime path of "/home/jyseo/snuboat/ws/install/snumsg_pkg/lib/libsnumsg_pkg__rosidl_typesupport_fastrtps_c.so" to ""
[3.426s] -- Up-to-date: /home/jyseo/snuboat/ws/install/snumsg_pkg/include/snumsg_pkg/snumsg_pkg
[3.426s] -- Up-to-date: /home/jyseo/snuboat/ws/install/snumsg_pkg/include/snumsg_pkg/snumsg_pkg/msg
[3.426s] -- Up-to-date: /home/jyseo/snuboat/ws/install/snumsg_pkg/include/snumsg_pkg/snumsg_pkg/msg/detail
[3.426s] -- Installing: /home/jyseo/snuboat/ws/install/snumsg_pkg/include/snumsg_pkg/snumsg_pkg/msg/detail/sensor__struct.hpp
[3.426s] -- Installing: /home/jyseo/snuboat/ws/install/snumsg_pkg/include/snumsg_pkg/snumsg_pkg/msg/detail/mission_code__struct.hpp
[3.426s] -- Installing: /home/jyseo/snuboat/ws/install/snumsg_pkg/include/snumsg_pkg/snumsg_pkg/msg/detail/sensor__builder.hpp
[3.426s] -- Installing: /home/jyseo/snuboat/ws/install/snumsg_pkg/include/snumsg_pkg/snumsg_pkg/msg/detail/mission_code__builder.hpp
[3.426s] -- Installing: /home/jyseo/snuboat/ws/install/snumsg_pkg/include/snumsg_pkg/snumsg_pkg/msg/detail/mission_code__traits.hpp
[3.427s] -- Installing: /home/jyseo/snuboat/ws/install/snumsg_pkg/include/snumsg_pkg/snumsg_pkg/msg/detail/sensor__traits.hpp
[3.427s] -- Installing: /home/jyseo/snuboat/ws/install/snumsg_pkg/include/snumsg_pkg/snumsg_pkg/msg/detail/mission_code__type_support.hpp
[3.427s] -- Installing: /home/jyseo/snuboat/ws/install/snumsg_pkg/include/snumsg_pkg/snumsg_pkg/msg/detail/sensor__type_support.hpp
[3.427s] -- Installing: /home/jyseo/snuboat/ws/install/snumsg_pkg/include/snumsg_pkg/snumsg_pkg/msg/rosidl_generator_cpp__visibility_control.hpp
[3.427s] -- Installing: /home/jyseo/snuboat/ws/install/snumsg_pkg/include/snumsg_pkg/snumsg_pkg/msg/sensor.hpp
[3.427s] -- Installing: /home/jyseo/snuboat/ws/install/snumsg_pkg/include/snumsg_pkg/snumsg_pkg/msg/mission_code.hpp
[3.428s] -- Up-to-date: /home/jyseo/snuboat/ws/install/snumsg_pkg/include/snumsg_pkg/snumsg_pkg
[3.428s] -- Up-to-date: /home/jyseo/snuboat/ws/install/snumsg_pkg/include/snumsg_pkg/snumsg_pkg/msg
[3.428s] -- Up-to-date: /home/jyseo/snuboat/ws/install/snumsg_pkg/include/snumsg_pkg/snumsg_pkg/msg/detail
[3.428s] -- Installing: /home/jyseo/snuboat/ws/install/snumsg_pkg/include/snumsg_pkg/snumsg_pkg/msg/detail/sensor__rosidl_typesupport_fastrtps_cpp.hpp
[3.428s] -- Installing: /home/jyseo/snuboat/ws/install/snumsg_pkg/include/snumsg_pkg/snumsg_pkg/msg/detail/dds_fastrtps
[3.428s] -- Installing: /home/jyseo/snuboat/ws/install/snumsg_pkg/include/snumsg_pkg/snumsg_pkg/msg/detail/mission_code__rosidl_typesupport_fastrtps_cpp.hpp
[3.428s] -- Installing: /home/jyseo/snuboat/ws/install/snumsg_pkg/include/snumsg_pkg/snumsg_pkg/msg/rosidl_typesupport_fastrtps_cpp__visibility_control.h
[3.428s] -- Installing: /home/jyseo/snuboat/ws/install/snumsg_pkg/lib/libsnumsg_pkg__rosidl_typesupport_fastrtps_cpp.so
[3.429s] -- Set runtime path of "/home/jyseo/snuboat/ws/install/snumsg_pkg/lib/libsnumsg_pkg__rosidl_typesupport_fastrtps_cpp.so" to ""
[3.429s] -- Up-to-date: /home/jyseo/snuboat/ws/install/snumsg_pkg/include/snumsg_pkg/snumsg_pkg
[3.429s] -- Up-to-date: /home/jyseo/snuboat/ws/install/snumsg_pkg/include/snumsg_pkg/snumsg_pkg/msg
[3.429s] -- Up-to-date: /home/jyseo/snuboat/ws/install/snumsg_pkg/include/snumsg_pkg/snumsg_pkg/msg/detail
[3.429s] -- Installing: /home/jyseo/snuboat/ws/install/snumsg_pkg/include/snumsg_pkg/snumsg_pkg/msg/detail/sensor__rosidl_typesupport_introspection_c.h
[3.429s] -- Installing: /home/jyseo/snuboat/ws/install/snumsg_pkg/include/snumsg_pkg/snumsg_pkg/msg/detail/sensor__type_support.c
[3.429s] -- Installing: /home/jyseo/snuboat/ws/install/snumsg_pkg/include/snumsg_pkg/snumsg_pkg/msg/detail/mission_code__type_support.c
[3.430s] -- Installing: /home/jyseo/snuboat/ws/install/snumsg_pkg/include/snumsg_pkg/snumsg_pkg/msg/detail/mission_code__rosidl_typesupport_introspection_c.h
[3.430s] -- Installing: /home/jyseo/snuboat/ws/install/snumsg_pkg/include/snumsg_pkg/snumsg_pkg/msg/rosidl_typesupport_introspection_c__visibility_control.h
[3.430s] -- Installing: /home/jyseo/snuboat/ws/install/snumsg_pkg/lib/libsnumsg_pkg__rosidl_typesupport_introspection_c.so
[3.430s] -- Set runtime path of "/home/jyseo/snuboat/ws/install/snumsg_pkg/lib/libsnumsg_pkg__rosidl_typesupport_introspection_c.so" to ""
[3.430s] -- Installing: /home/jyseo/snuboat/ws/install/snumsg_pkg/lib/libsnumsg_pkg__rosidl_typesupport_c.so
[3.431s] -- Set runtime path of "/home/jyseo/snuboat/ws/install/snumsg_pkg/lib/libsnumsg_pkg__rosidl_typesupport_c.so" to ""
[3.431s] -- Up-to-date: /home/jyseo/snuboat/ws/install/snumsg_pkg/include/snumsg_pkg/snumsg_pkg
[3.431s] -- Up-to-date: /home/jyseo/snuboat/ws/install/snumsg_pkg/include/snumsg_pkg/snumsg_pkg/msg
[3.431s] -- Up-to-date: /home/jyseo/snuboat/ws/install/snumsg_pkg/include/snumsg_pkg/snumsg_pkg/msg/detail
[3.431s] -- Installing: /home/jyseo/snuboat/ws/install/snumsg_pkg/include/snumsg_pkg/snumsg_pkg/msg/detail/sensor__rosidl_typesupport_introspection_cpp.hpp
[3.431s] -- Installing: /home/jyseo/snuboat/ws/install/snumsg_pkg/include/snumsg_pkg/snumsg_pkg/msg/detail/mission_code__rosidl_typesupport_introspection_cpp.hpp
[3.431s] -- Installing: /home/jyseo/snuboat/ws/install/snumsg_pkg/include/snumsg_pkg/snumsg_pkg/msg/detail/mission_code__type_support.cpp
[3.431s] -- Installing: /home/jyseo/snuboat/ws/install/snumsg_pkg/include/snumsg_pkg/snumsg_pkg/msg/detail/sensor__type_support.cpp
[3.431s] -- Installing: /home/jyseo/snuboat/ws/install/snumsg_pkg/lib/libsnumsg_pkg__rosidl_typesupport_introspection_cpp.so
[3.432s] -- Set runtime path of "/home/jyseo/snuboat/ws/install/snumsg_pkg/lib/libsnumsg_pkg__rosidl_typesupport_introspection_cpp.so" to ""
[3.432s] -- Installing: /home/jyseo/snuboat/ws/install/snumsg_pkg/lib/libsnumsg_pkg__rosidl_typesupport_cpp.so
[3.432s] -- Set runtime path of "/home/jyseo/snuboat/ws/install/snumsg_pkg/lib/libsnumsg_pkg__rosidl_typesupport_cpp.so" to ""
[3.432s] -- Installing: /home/jyseo/snuboat/ws/install/snumsg_pkg/share/snumsg_pkg/environment/pythonpath.sh
[3.432s] -- Installing: /home/jyseo/snuboat/ws/install/snumsg_pkg/share/snumsg_pkg/environment/pythonpath.dsv
[3.433s] -- Installing: /home/jyseo/snuboat/ws/install/snumsg_pkg/local/lib/python3.10/dist-packages/snumsg_pkg-0.0.0-py3.10.egg-info
[3.434s] -- Installing: /home/jyseo/snuboat/ws/install/snumsg_pkg/local/lib/python3.10/dist-packages/snumsg_pkg-0.0.0-py3.10.egg-info/PKG-INFO
[3.434s] -- Installing: /home/jyseo/snuboat/ws/install/snumsg_pkg/local/lib/python3.10/dist-packages/snumsg_pkg-0.0.0-py3.10.egg-info/SOURCES.txt
[3.434s] -- Installing: /home/jyseo/snuboat/ws/install/snumsg_pkg/local/lib/python3.10/dist-packages/snumsg_pkg-0.0.0-py3.10.egg-info/dependency_links.txt
[3.434s] -- Installing: /home/jyseo/snuboat/ws/install/snumsg_pkg/local/lib/python3.10/dist-packages/snumsg_pkg-0.0.0-py3.10.egg-info/top_level.txt
[3.435s] -- Installing: /home/jyseo/snuboat/ws/install/snumsg_pkg/local/lib/python3.10/dist-packages/snumsg_pkg
[3.435s] -- Installing: /home/jyseo/snuboat/ws/install/snumsg_pkg/local/lib/python3.10/dist-packages/snumsg_pkg/_snumsg_pkg_s.ep.rosidl_typesupport_fastrtps_c.c
[3.435s] -- Installing: /home/jyseo/snuboat/ws/install/snumsg_pkg/local/lib/python3.10/dist-packages/snumsg_pkg/snumsg_pkg_s__rosidl_typesupport_introspection_c.cpython-310-x86_64-linux-gnu.so
[3.435s] -- Installing: /home/jyseo/snuboat/ws/install/snumsg_pkg/local/lib/python3.10/dist-packages/snumsg_pkg/snumsg_pkg_s__rosidl_typesupport_fastrtps_c.cpython-310-x86_64-linux-gnu.so
[3.435s] -- Installing: /home/jyseo/snuboat/ws/install/snumsg_pkg/local/lib/python3.10/dist-packages/snumsg_pkg/snumsg_pkg_s__rosidl_typesupport_c.cpython-310-x86_64-linux-gnu.so
[3.436s] -- Installing: /home/jyseo/snuboat/ws/install/snumsg_pkg/local/lib/python3.10/dist-packages/snumsg_pkg/msg
[3.436s] -- Installing: /home/jyseo/snuboat/ws/install/snumsg_pkg/local/lib/python3.10/dist-packages/snumsg_pkg/msg/_sensor_s.c
[3.436s] -- Installing: /home/jyseo/snuboat/ws/install/snumsg_pkg/local/lib/python3.10/dist-packages/snumsg_pkg/msg/_mission_code.py
[3.436s] -- Installing: /home/jyseo/snuboat/ws/install/snumsg_pkg/local/lib/python3.10/dist-packages/snumsg_pkg/msg/_mission_code_s.c
[3.436s] -- Installing: /home/jyseo/snuboat/ws/install/snumsg_pkg/local/lib/python3.10/dist-packages/snumsg_pkg/msg/__init__.py
[3.437s] -- Installing: /home/jyseo/snuboat/ws/install/snumsg_pkg/local/lib/python3.10/dist-packages/snumsg_pkg/msg/_sensor.py
[3.437s] -- Installing: /home/jyseo/snuboat/ws/install/snumsg_pkg/local/lib/python3.10/dist-packages/snumsg_pkg/libsnumsg_pkg__rosidl_generator_py.so
[3.437s] -- Installing: /home/jyseo/snuboat/ws/install/snumsg_pkg/local/lib/python3.10/dist-packages/snumsg_pkg/__init__.py
[3.437s] -- Installing: /home/jyseo/snuboat/ws/install/snumsg_pkg/local/lib/python3.10/dist-packages/snumsg_pkg/_snumsg_pkg_s.ep.rosidl_typesupport_c.c
[3.437s] -- Installing: /home/jyseo/snuboat/ws/install/snumsg_pkg/local/lib/python3.10/dist-packages/snumsg_pkg/_snumsg_pkg_s.ep.rosidl_typesupport_introspection_c.c
[3.461s] Listing '/home/jyseo/snuboat/ws/install/snumsg_pkg/local/lib/python3.10/dist-packages/snumsg_pkg'...
[3.461s] Compiling '/home/jyseo/snuboat/ws/install/snumsg_pkg/local/lib/python3.10/dist-packages/snumsg_pkg/__init__.py'...
[3.461s] Listing '/home/jyseo/snuboat/ws/install/snumsg_pkg/local/lib/python3.10/dist-packages/snumsg_pkg/msg'...
[3.461s] Compiling '/home/jyseo/snuboat/ws/install/snumsg_pkg/local/lib/python3.10/dist-packages/snumsg_pkg/msg/__init__.py'...
[3.461s] Compiling '/home/jyseo/snuboat/ws/install/snumsg_pkg/local/lib/python3.10/dist-packages/snumsg_pkg/msg/_mission_code.py'...
[3.461s] Compiling '/home/jyseo/snuboat/ws/install/snumsg_pkg/local/lib/python3.10/dist-packages/snumsg_pkg/msg/_sensor.py'...
[3.464s] -- Installing: /home/jyseo/snuboat/ws/install/snumsg_pkg/local/lib/python3.10/dist-packages/snumsg_pkg/snumsg_pkg_s__rosidl_typesupport_fastrtps_c.cpython-310-x86_64-linux-gnu.so
[3.464s] -- Set runtime path of "/home/jyseo/snuboat/ws/install/snumsg_pkg/local/lib/python3.10/dist-packages/snumsg_pkg/snumsg_pkg_s__rosidl_typesupport_fastrtps_c.cpython-310-x86_64-linux-gnu.so" to ""
[3.464s] -- Installing: /home/jyseo/snuboat/ws/install/snumsg_pkg/local/lib/python3.10/dist-packages/snumsg_pkg/snumsg_pkg_s__rosidl_typesupport_introspection_c.cpython-310-x86_64-linux-gnu.so
[3.465s] -- Set runtime path of "/home/jyseo/snuboat/ws/install/snumsg_pkg/local/lib/python3.10/dist-packages/snumsg_pkg/snumsg_pkg_s__rosidl_typesupport_introspection_c.cpython-310-x86_64-linux-gnu.so" to ""
[3.465s] -- Installing: /home/jyseo/snuboat/ws/install/snumsg_pkg/local/lib/python3.10/dist-packages/snumsg_pkg/snumsg_pkg_s__rosidl_typesupport_c.cpython-310-x86_64-linux-gnu.so
[3.465s] -- Set runtime path of "/home/jyseo/snuboat/ws/install/snumsg_pkg/local/lib/python3.10/dist-packages/snumsg_pkg/snumsg_pkg_s__rosidl_typesupport_c.cpython-310-x86_64-linux-gnu.so" to ""
[3.465s] -- Installing: /home/jyseo/snuboat/ws/install/snumsg_pkg/lib/libsnumsg_pkg__rosidl_generator_py.so
[3.465s] -- Set runtime path of "/home/jyseo/snuboat/ws/install/snumsg_pkg/lib/libsnumsg_pkg__rosidl_generator_py.so" to ""
[3.466s] -- Installing: /home/jyseo/snuboat/ws/install/snumsg_pkg/share/snumsg_pkg/msg/MissionCode.idl
[3.466s] -- Installing: /home/jyseo/snuboat/ws/install/snumsg_pkg/share/snumsg_pkg/msg/Sensor.idl
[3.466s] -- Installing: /home/jyseo/snuboat/ws/install/snumsg_pkg/share/snumsg_pkg/msg/MissionCode.msg
[3.466s] -- Installing: /home/jyseo/snuboat/ws/install/snumsg_pkg/share/snumsg_pkg/msg/Sensor.msg
[3.467s] -- Installing: /home/jyseo/snuboat/ws/install/snumsg_pkg/share/ament_index/resource_index/package_run_dependencies/snumsg_pkg
[3.467s] -- Installing: /home/jyseo/snuboat/ws/install/snumsg_pkg/share/ament_index/resource_index/parent_prefix_path/snumsg_pkg
[3.468s] -- Installing: /home/jyseo/snuboat/ws/install/snumsg_pkg/share/snumsg_pkg/environment/ament_prefix_path.sh
[3.468s] -- Installing: /home/jyseo/snuboat/ws/install/snumsg_pkg/share/snumsg_pkg/environment/ament_prefix_path.dsv
[3.468s] -- Installing: /home/jyseo/snuboat/ws/install/snumsg_pkg/share/snumsg_pkg/environment/path.sh
[3.468s] -- Installing: /home/jyseo/snuboat/ws/install/snumsg_pkg/share/snumsg_pkg/environment/path.dsv
[3.468s] -- Installing: /home/jyseo/snuboat/ws/install/snumsg_pkg/share/snumsg_pkg/local_setup.bash
[3.468s] -- Installing: /home/jyseo/snuboat/ws/install/snumsg_pkg/share/snumsg_pkg/local_setup.sh
[3.468s] -- Installing: /home/jyseo/snuboat/ws/install/snumsg_pkg/share/snumsg_pkg/local_setup.zsh
[3.469s] -- Installing: /home/jyseo/snuboat/ws/install/snumsg_pkg/share/snumsg_pkg/local_setup.dsv
[3.469s] -- Installing: /home/jyseo/snuboat/ws/install/snumsg_pkg/share/snumsg_pkg/package.dsv
[3.469s] -- Installing: /home/jyseo/snuboat/ws/install/snumsg_pkg/share/ament_index/resource_index/packages/snumsg_pkg
[3.470s] -- Installing: /home/jyseo/snuboat/ws/install/snumsg_pkg/share/snumsg_pkg/cmake/export_snumsg_pkg__rosidl_generator_cExport.cmake
[3.470s] -- Installing: /home/jyseo/snuboat/ws/install/snumsg_pkg/share/snumsg_pkg/cmake/export_snumsg_pkg__rosidl_generator_cExport-noconfig.cmake
[3.470s] -- Installing: /home/jyseo/snuboat/ws/install/snumsg_pkg/share/snumsg_pkg/cmake/export_snumsg_pkg__rosidl_typesupport_fastrtps_cExport.cmake
[3.470s] -- Installing: /home/jyseo/snuboat/ws/install/snumsg_pkg/share/snumsg_pkg/cmake/export_snumsg_pkg__rosidl_typesupport_fastrtps_cExport-noconfig.cmake
[3.470s] -- Installing: /home/jyseo/snuboat/ws/install/snumsg_pkg/share/snumsg_pkg/cmake/export_snumsg_pkg__rosidl_generator_cppExport.cmake
[3.471s] -- Installing: /home/jyseo/snuboat/ws/install/snumsg_pkg/share/snumsg_pkg/cmake/export_snumsg_pkg__rosidl_typesupport_fastrtps_cppExport.cmake
[3.471s] -- Installing: /home/jyseo/snuboat/ws/install/snumsg_pkg/share/snumsg_pkg/cmake/export_snumsg_pkg__rosidl_typesupport_fastrtps_cppExport-noconfig.cmake
[3.471s] -- Installing: /home/jyseo/snuboat/ws/install/snumsg_pkg/share/snumsg_pkg/cmake/snumsg_pkg__rosidl_typesupport_introspection_cExport.cmake
[3.471s] -- Installing: /home/jyseo/snuboat/ws/install/snumsg_pkg/share/snumsg_pkg/cmake/snumsg_pkg__rosidl_typesupport_introspection_cExport-noconfig.cmake
[3.471s] -- Installing: /home/jyseo/snuboat/ws/install/snumsg_pkg/share/snumsg_pkg/cmake/snumsg_pkg__rosidl_typesupport_cExport.cmake
[3.471s] -- Installing: /home/jyseo/snuboat/ws/install/snumsg_pkg/share/snumsg_pkg/cmake/snumsg_pkg__rosidl_typesupport_cExport-noconfig.cmake
[3.472s] -- Installing: /home/jyseo/snuboat/ws/install/snumsg_pkg/share/snumsg_pkg/cmake/snumsg_pkg__rosidl_typesupport_introspection_cppExport.cmake
[3.472s] -- Installing: /home/jyseo/snuboat/ws/install/snumsg_pkg/share/snumsg_pkg/cmake/snumsg_pkg__rosidl_typesupport_introspection_cppExport-noconfig.cmake
[3.472s] -- Installing: /home/jyseo/snuboat/ws/install/snumsg_pkg/share/snumsg_pkg/cmake/snumsg_pkg__rosidl_typesupport_cppExport.cmake
[3.472s] -- Installing: /home/jyseo/snuboat/ws/install/snumsg_pkg/share/snumsg_pkg/cmake/snumsg_pkg__rosidl_typesupport_cppExport-noconfig.cmake
[3.472s] -- Installing: /home/jyseo/snuboat/ws/install/snumsg_pkg/share/snumsg_pkg/cmake/export_snumsg_pkg__rosidl_generator_pyExport.cmake
[3.472s] -- Installing: /home/jyseo/snuboat/ws/install/snumsg_pkg/share/snumsg_pkg/cmake/export_snumsg_pkg__rosidl_generator_pyExport-noconfig.cmake
[3.473s] -- Installing: /home/jyseo/snuboat/ws/install/snumsg_pkg/share/snumsg_pkg/cmake/rosidl_cmake-extras.cmake
[3.473s] -- Installing: /home/jyseo/snuboat/ws/install/snumsg_pkg/share/snumsg_pkg/cmake/ament_cmake_export_dependencies-extras.cmake
[3.473s] -- Installing: /home/jyseo/snuboat/ws/install/snumsg_pkg/share/snumsg_pkg/cmake/ament_cmake_export_include_directories-extras.cmake
[3.473s] -- Installing: /home/jyseo/snuboat/ws/install/snumsg_pkg/share/snumsg_pkg/cmake/ament_cmake_export_libraries-extras.cmake
[3.473s] -- Installing: /home/jyseo/snuboat/ws/install/snumsg_pkg/share/snumsg_pkg/cmake/ament_cmake_export_targets-extras.cmake
[3.473s] -- Installing: /home/jyseo/snuboat/ws/install/snumsg_pkg/share/snumsg_pkg/cmake/rosidl_cmake_export_typesupport_targets-extras.cmake
[3.474s] -- Installing: /home/jyseo/snuboat/ws/install/snumsg_pkg/share/snumsg_pkg/cmake/rosidl_cmake_export_typesupport_libraries-extras.cmake
[3.474s] -- Installing: /home/jyseo/snuboat/ws/install/snumsg_pkg/share/snumsg_pkg/cmake/snumsg_pkgConfig.cmake
[3.474s] -- Installing: /home/jyseo/snuboat/ws/install/snumsg_pkg/share/snumsg_pkg/cmake/snumsg_pkgConfig-version.cmake
[3.474s] -- Installing: /home/jyseo/snuboat/ws/install/snumsg_pkg/share/snumsg_pkg/package.xml
[3.477s] Invoked command in '/home/jyseo/snuboat/ws/build/snumsg_pkg' returned '0': CMAKE_PREFIX_PATH=${CMAKE_PREFIX_PATH}:/home/jyseo/snuboat/install/snunav_pkg:/home/jyseo/snuboat/ws/install/snunav_pkg:/opt/ros/humble /usr/bin/cmake --install /home/jyseo/snuboat/ws/build/snumsg_pkg
