[  2%] Built target snumsg_pkg__cpp
[ 12%] Built target snumsg_pkg__rosidl_generator_c
[ 12%] Built target ament_cmake_python_symlink_snumsg_pkg
[ 23%] Built target snumsg_pkg__rosidl_typesupport_fastrtps_cpp
[ 35%] Built target snumsg_pkg__rosidl_typesupport_c
[ 43%] Built target snumsg_pkg__rosidl_typesupport_introspection_c
[ 53%] Built target snumsg_pkg__rosidl_typesupport_cpp
[ 64%] Built target snumsg_pkg__rosidl_typesupport_introspection_cpp
[ 74%] Built target snumsg_pkg__rosidl_typesupport_fastrtps_c
[ 74%] Built target snumsg_pkg
[ 76%] Built target snumsg_pkg__py
[ 84%] Built target snumsg_pkg__rosidl_generator_py
[ 92%] Built target snumsg_pkg__rosidl_typesupport_fastrtps_c__pyext
[ 94%] Built target snumsg_pkg__rosidl_typesupport_c__pyext
[100%] Built target snumsg_pkg__rosidl_typesupport_introspection_c__pyext
running egg_info
writing snumsg_pkg.egg-info/PKG-INFO
writing dependency_links to snumsg_pkg.egg-info/dependency_links.txt
writing top-level names to snumsg_pkg.egg-info/top_level.txt
reading manifest file 'snumsg_pkg.egg-info/SOURCES.txt'
writing manifest file 'snumsg_pkg.egg-info/SOURCES.txt'
[100%] Built target ament_cmake_python_build_snumsg_pkg_egg
-- Install configuration: ""
-- Execute custom install script
-- Symlinking: /root/snu/snuboat/ws/install/snumsg_pkg/share/ament_index/resource_index/rosidl_interfaces/snumsg_pkg
-- Symlinking: /root/snu/snuboat/ws/install/snumsg_pkg/include/snumsg_pkg/snumsg_pkg/msg/detail/mission_code__functions.h
-- Symlinking: /root/snu/snuboat/ws/install/snumsg_pkg/include/snumsg_pkg/snumsg_pkg/msg/detail/mission_code__struct.h
-- Symlinking: /root/snu/snuboat/ws/install/snumsg_pkg/include/snumsg_pkg/snumsg_pkg/msg/detail/mission_code__type_support.h
-- Symlinking: /root/snu/snuboat/ws/install/snumsg_pkg/include/snumsg_pkg/snumsg_pkg/msg/detail/sensor__functions.h
-- Symlinking: /root/snu/snuboat/ws/install/snumsg_pkg/include/snumsg_pkg/snumsg_pkg/msg/detail/sensor__struct.h
-- Symlinking: /root/snu/snuboat/ws/install/snumsg_pkg/include/snumsg_pkg/snumsg_pkg/msg/detail/sensor__type_support.h
-- Symlinking: /root/snu/snuboat/ws/install/snumsg_pkg/include/snumsg_pkg/snumsg_pkg/msg/mission_code.h
-- Symlinking: /root/snu/snuboat/ws/install/snumsg_pkg/include/snumsg_pkg/snumsg_pkg/msg/rosidl_generator_c__visibility_control.h
-- Symlinking: /root/snu/snuboat/ws/install/snumsg_pkg/include/snumsg_pkg/snumsg_pkg/msg/sensor.h
-- Symlinking: /root/snu/snuboat/ws/install/snumsg_pkg/share/snumsg_pkg/environment/library_path.sh
-- Symlinking: /root/snu/snuboat/ws/install/snumsg_pkg/share/snumsg_pkg/environment/library_path.dsv
-- Symlinking: /root/snu/snuboat/ws/install/snumsg_pkg/include/snumsg_pkg/snumsg_pkg/msg/detail/mission_code__rosidl_typesupport_fastrtps_c.h
-- Symlinking: /root/snu/snuboat/ws/install/snumsg_pkg/include/snumsg_pkg/snumsg_pkg/msg/detail/sensor__rosidl_typesupport_fastrtps_c.h
-- Symlinking: /root/snu/snuboat/ws/install/snumsg_pkg/include/snumsg_pkg/snumsg_pkg/msg/rosidl_typesupport_fastrtps_c__visibility_control.h
-- Symlinking: /root/snu/snuboat/ws/install/snumsg_pkg/include/snumsg_pkg/snumsg_pkg/msg/detail/mission_code__builder.hpp
-- Symlinking: /root/snu/snuboat/ws/install/snumsg_pkg/include/snumsg_pkg/snumsg_pkg/msg/detail/mission_code__struct.hpp
-- Symlinking: /root/snu/snuboat/ws/install/snumsg_pkg/include/snumsg_pkg/snumsg_pkg/msg/detail/mission_code__traits.hpp
-- Symlinking: /root/snu/snuboat/ws/install/snumsg_pkg/include/snumsg_pkg/snumsg_pkg/msg/detail/mission_code__type_support.hpp
-- Symlinking: /root/snu/snuboat/ws/install/snumsg_pkg/include/snumsg_pkg/snumsg_pkg/msg/detail/sensor__builder.hpp
-- Symlinking: /root/snu/snuboat/ws/install/snumsg_pkg/include/snumsg_pkg/snumsg_pkg/msg/detail/sensor__struct.hpp
-- Symlinking: /root/snu/snuboat/ws/install/snumsg_pkg/include/snumsg_pkg/snumsg_pkg/msg/detail/sensor__traits.hpp
-- Symlinking: /root/snu/snuboat/ws/install/snumsg_pkg/include/snumsg_pkg/snumsg_pkg/msg/detail/sensor__type_support.hpp
-- Symlinking: /root/snu/snuboat/ws/install/snumsg_pkg/include/snumsg_pkg/snumsg_pkg/msg/mission_code.hpp
-- Symlinking: /root/snu/snuboat/ws/install/snumsg_pkg/include/snumsg_pkg/snumsg_pkg/msg/rosidl_generator_cpp__visibility_control.hpp
-- Symlinking: /root/snu/snuboat/ws/install/snumsg_pkg/include/snumsg_pkg/snumsg_pkg/msg/sensor.hpp
-- Symlinking: /root/snu/snuboat/ws/install/snumsg_pkg/include/snumsg_pkg/snumsg_pkg/msg/detail/mission_code__rosidl_typesupport_fastrtps_cpp.hpp
-- Symlinking: /root/snu/snuboat/ws/install/snumsg_pkg/include/snumsg_pkg/snumsg_pkg/msg/detail/sensor__rosidl_typesupport_fastrtps_cpp.hpp
-- Symlinking: /root/snu/snuboat/ws/install/snumsg_pkg/include/snumsg_pkg/snumsg_pkg/msg/rosidl_typesupport_fastrtps_cpp__visibility_control.h
-- Symlinking: /root/snu/snuboat/ws/install/snumsg_pkg/include/snumsg_pkg/snumsg_pkg/msg/detail/mission_code__rosidl_typesupport_introspection_c.h
-- Symlinking: /root/snu/snuboat/ws/install/snumsg_pkg/include/snumsg_pkg/snumsg_pkg/msg/detail/sensor__rosidl_typesupport_introspection_c.h
-- Symlinking: /root/snu/snuboat/ws/install/snumsg_pkg/include/snumsg_pkg/snumsg_pkg/msg/rosidl_typesupport_introspection_c__visibility_control.h
-- Symlinking: /root/snu/snuboat/ws/install/snumsg_pkg/include/snumsg_pkg/snumsg_pkg/msg/detail/mission_code__rosidl_typesupport_introspection_cpp.hpp
-- Symlinking: /root/snu/snuboat/ws/install/snumsg_pkg/include/snumsg_pkg/snumsg_pkg/msg/detail/sensor__rosidl_typesupport_introspection_cpp.hpp
-- Symlinking: /root/snu/snuboat/ws/install/snumsg_pkg/share/snumsg_pkg/environment/pythonpath.sh
-- Symlinking: /root/snu/snuboat/ws/install/snumsg_pkg/share/snumsg_pkg/environment/pythonpath.dsv
-- Symlinking: /root/snu/snuboat/ws/install/snumsg_pkg/local/lib/python3.10/dist-packages/snumsg_pkg-0.0.0-py3.10.egg-info/PKG-INFO
-- Symlinking: /root/snu/snuboat/ws/install/snumsg_pkg/local/lib/python3.10/dist-packages/snumsg_pkg-0.0.0-py3.10.egg-info/SOURCES.txt
-- Symlinking: /root/snu/snuboat/ws/install/snumsg_pkg/local/lib/python3.10/dist-packages/snumsg_pkg-0.0.0-py3.10.egg-info/dependency_links.txt
-- Symlinking: /root/snu/snuboat/ws/install/snumsg_pkg/local/lib/python3.10/dist-packages/snumsg_pkg-0.0.0-py3.10.egg-info/top_level.txt
-- Symlinking: /root/snu/snuboat/ws/install/snumsg_pkg/local/lib/python3.10/dist-packages/snumsg_pkg/__init__.py
-- Symlinking: /root/snu/snuboat/ws/install/snumsg_pkg/local/lib/python3.10/dist-packages/snumsg_pkg/_snumsg_pkg_s.ep.rosidl_typesupport_c.c
-- Symlinking: /root/snu/snuboat/ws/install/snumsg_pkg/local/lib/python3.10/dist-packages/snumsg_pkg/_snumsg_pkg_s.ep.rosidl_typesupport_fastrtps_c.c
-- Symlinking: /root/snu/snuboat/ws/install/snumsg_pkg/local/lib/python3.10/dist-packages/snumsg_pkg/_snumsg_pkg_s.ep.rosidl_typesupport_introspection_c.c
-- Symlinking: /root/snu/snuboat/ws/install/snumsg_pkg/local/lib/python3.10/dist-packages/snumsg_pkg/libsnumsg_pkg__rosidl_generator_py.so
-- Symlinking: /root/snu/snuboat/ws/install/snumsg_pkg/local/lib/python3.10/dist-packages/snumsg_pkg/msg/__init__.py
-- Symlinking: /root/snu/snuboat/ws/install/snumsg_pkg/local/lib/python3.10/dist-packages/snumsg_pkg/msg/_mission_code.py
-- Symlinking: /root/snu/snuboat/ws/install/snumsg_pkg/local/lib/python3.10/dist-packages/snumsg_pkg/msg/_mission_code_s.c
-- Symlinking: /root/snu/snuboat/ws/install/snumsg_pkg/local/lib/python3.10/dist-packages/snumsg_pkg/msg/_sensor.py
-- Symlinking: /root/snu/snuboat/ws/install/snumsg_pkg/local/lib/python3.10/dist-packages/snumsg_pkg/msg/_sensor_s.c
-- Symlinking: /root/snu/snuboat/ws/install/snumsg_pkg/local/lib/python3.10/dist-packages/snumsg_pkg/snumsg_pkg_s__rosidl_typesupport_c.cpython-310-aarch64-linux-gnu.so
-- Symlinking: /root/snu/snuboat/ws/install/snumsg_pkg/local/lib/python3.10/dist-packages/snumsg_pkg/snumsg_pkg_s__rosidl_typesupport_fastrtps_c.cpython-310-aarch64-linux-gnu.so
-- Symlinking: /root/snu/snuboat/ws/install/snumsg_pkg/local/lib/python3.10/dist-packages/snumsg_pkg/snumsg_pkg_s__rosidl_typesupport_introspection_c.cpython-310-aarch64-linux-gnu.so
-- Up-to-date symlink: /root/snu/snuboat/ws/install/snumsg_pkg/local/lib/python3.10/dist-packages/snumsg_pkg/snumsg_pkg_s__rosidl_typesupport_fastrtps_c.cpython-310-aarch64-linux-gnu.so
-- Up-to-date symlink: /root/snu/snuboat/ws/install/snumsg_pkg/local/lib/python3.10/dist-packages/snumsg_pkg/snumsg_pkg_s__rosidl_typesupport_introspection_c.cpython-310-aarch64-linux-gnu.so
-- Up-to-date symlink: /root/snu/snuboat/ws/install/snumsg_pkg/local/lib/python3.10/dist-packages/snumsg_pkg/snumsg_pkg_s__rosidl_typesupport_c.cpython-310-aarch64-linux-gnu.so
-- Symlinking: /root/snu/snuboat/ws/install/snumsg_pkg/share/snumsg_pkg/msg/MissionCode.idl
-- Symlinking: /root/snu/snuboat/ws/install/snumsg_pkg/share/snumsg_pkg/msg/Sensor.idl
-- Symlinking: /root/snu/snuboat/ws/install/snumsg_pkg/share/snumsg_pkg/msg/MissionCode.msg
-- Symlinking: /root/snu/snuboat/ws/install/snumsg_pkg/share/snumsg_pkg/msg/Sensor.msg
-- Symlinking: /root/snu/snuboat/ws/install/snumsg_pkg/share/ament_index/resource_index/package_run_dependencies/snumsg_pkg
-- Symlinking: /root/snu/snuboat/ws/install/snumsg_pkg/share/ament_index/resource_index/parent_prefix_path/snumsg_pkg
-- Symlinking: /root/snu/snuboat/ws/install/snumsg_pkg/share/snumsg_pkg/environment/ament_prefix_path.sh
-- Symlinking: /root/snu/snuboat/ws/install/snumsg_pkg/share/snumsg_pkg/environment/ament_prefix_path.dsv
-- Symlinking: /root/snu/snuboat/ws/install/snumsg_pkg/share/snumsg_pkg/environment/path.sh
-- Symlinking: /root/snu/snuboat/ws/install/snumsg_pkg/share/snumsg_pkg/environment/path.dsv
-- Symlinking: /root/snu/snuboat/ws/install/snumsg_pkg/share/snumsg_pkg/local_setup.bash
-- Symlinking: /root/snu/snuboat/ws/install/snumsg_pkg/share/snumsg_pkg/local_setup.sh
-- Symlinking: /root/snu/snuboat/ws/install/snumsg_pkg/share/snumsg_pkg/local_setup.zsh
-- Symlinking: /root/snu/snuboat/ws/install/snumsg_pkg/share/snumsg_pkg/local_setup.dsv
-- Symlinking: /root/snu/snuboat/ws/install/snumsg_pkg/share/snumsg_pkg/package.dsv
-- Symlinking: /root/snu/snuboat/ws/install/snumsg_pkg/share/ament_index/resource_index/packages/snumsg_pkg
-- Symlinking: /root/snu/snuboat/ws/install/snumsg_pkg/share/snumsg_pkg/cmake/rosidl_cmake-extras.cmake
-- Symlinking: /root/snu/snuboat/ws/install/snumsg_pkg/share/snumsg_pkg/cmake/ament_cmake_export_dependencies-extras.cmake
-- Symlinking: /root/snu/snuboat/ws/install/snumsg_pkg/share/snumsg_pkg/cmake/ament_cmake_export_include_directories-extras.cmake
-- Symlinking: /root/snu/snuboat/ws/install/snumsg_pkg/share/snumsg_pkg/cmake/ament_cmake_export_libraries-extras.cmake
-- Symlinking: /root/snu/snuboat/ws/install/snumsg_pkg/share/snumsg_pkg/cmake/ament_cmake_export_targets-extras.cmake
-- Symlinking: /root/snu/snuboat/ws/install/snumsg_pkg/share/snumsg_pkg/cmake/rosidl_cmake_export_typesupport_targets-extras.cmake
-- Symlinking: /root/snu/snuboat/ws/install/snumsg_pkg/share/snumsg_pkg/cmake/rosidl_cmake_export_typesupport_libraries-extras.cmake
-- Symlinking: /root/snu/snuboat/ws/install/snumsg_pkg/share/snumsg_pkg/cmake/snumsg_pkgConfig.cmake
-- Symlinking: /root/snu/snuboat/ws/install/snumsg_pkg/share/snumsg_pkg/cmake/snumsg_pkgConfig-version.cmake
-- Symlinking: /root/snu/snuboat/ws/install/snumsg_pkg/share/snumsg_pkg/package.xml
-- Installing: /root/snu/snuboat/ws/install/snumsg_pkg/lib/libsnumsg_pkg__rosidl_generator_c.so
-- Set runtime path of "/root/snu/snuboat/ws/install/snumsg_pkg/lib/libsnumsg_pkg__rosidl_generator_c.so" to ""
-- Installing: /root/snu/snuboat/ws/install/snumsg_pkg/lib/libsnumsg_pkg__rosidl_typesupport_fastrtps_c.so
-- Set runtime path of "/root/snu/snuboat/ws/install/snumsg_pkg/lib/libsnumsg_pkg__rosidl_typesupport_fastrtps_c.so" to ""
-- Installing: /root/snu/snuboat/ws/install/snumsg_pkg/lib/libsnumsg_pkg__rosidl_typesupport_fastrtps_cpp.so
-- Set runtime path of "/root/snu/snuboat/ws/install/snumsg_pkg/lib/libsnumsg_pkg__rosidl_typesupport_fastrtps_cpp.so" to ""
-- Installing: /root/snu/snuboat/ws/install/snumsg_pkg/lib/libsnumsg_pkg__rosidl_typesupport_introspection_c.so
-- Set runtime path of "/root/snu/snuboat/ws/install/snumsg_pkg/lib/libsnumsg_pkg__rosidl_typesupport_introspection_c.so" to ""
-- Installing: /root/snu/snuboat/ws/install/snumsg_pkg/lib/libsnumsg_pkg__rosidl_typesupport_c.so
-- Set runtime path of "/root/snu/snuboat/ws/install/snumsg_pkg/lib/libsnumsg_pkg__rosidl_typesupport_c.so" to ""
-- Installing: /root/snu/snuboat/ws/install/snumsg_pkg/lib/libsnumsg_pkg__rosidl_typesupport_introspection_cpp.so
-- Set runtime path of "/root/snu/snuboat/ws/install/snumsg_pkg/lib/libsnumsg_pkg__rosidl_typesupport_introspection_cpp.so" to ""
-- Installing: /root/snu/snuboat/ws/install/snumsg_pkg/lib/libsnumsg_pkg__rosidl_typesupport_cpp.so
-- Set runtime path of "/root/snu/snuboat/ws/install/snumsg_pkg/lib/libsnumsg_pkg__rosidl_typesupport_cpp.so" to ""
Listing '/root/snu/snuboat/ws/install/snumsg_pkg/local/lib/python3.10/dist-packages/snumsg_pkg'...
Compiling '/root/snu/snuboat/ws/install/snumsg_pkg/local/lib/python3.10/dist-packages/snumsg_pkg/__init__.py'...
Listing '/root/snu/snuboat/ws/install/snumsg_pkg/local/lib/python3.10/dist-packages/snumsg_pkg/msg'...
Compiling '/root/snu/snuboat/ws/install/snumsg_pkg/local/lib/python3.10/dist-packages/snumsg_pkg/msg/__init__.py'...
Compiling '/root/snu/snuboat/ws/install/snumsg_pkg/local/lib/python3.10/dist-packages/snumsg_pkg/msg/_mission_code.py'...
Compiling '/root/snu/snuboat/ws/install/snumsg_pkg/local/lib/python3.10/dist-packages/snumsg_pkg/msg/_sensor.py'...
-- Installing: /root/snu/snuboat/ws/install/snumsg_pkg/lib/libsnumsg_pkg__rosidl_generator_py.so
-- Set runtime path of "/root/snu/snuboat/ws/install/snumsg_pkg/lib/libsnumsg_pkg__rosidl_generator_py.so" to ""
-- Installing: /root/snu/snuboat/ws/install/snumsg_pkg/share/snumsg_pkg/cmake/export_snumsg_pkg__rosidl_generator_cExport.cmake
-- Installing: /root/snu/snuboat/ws/install/snumsg_pkg/share/snumsg_pkg/cmake/export_snumsg_pkg__rosidl_generator_cExport-noconfig.cmake
-- Installing: /root/snu/snuboat/ws/install/snumsg_pkg/share/snumsg_pkg/cmake/export_snumsg_pkg__rosidl_typesupport_fastrtps_cExport.cmake
-- Installing: /root/snu/snuboat/ws/install/snumsg_pkg/share/snumsg_pkg/cmake/export_snumsg_pkg__rosidl_typesupport_fastrtps_cExport-noconfig.cmake
-- Installing: /root/snu/snuboat/ws/install/snumsg_pkg/share/snumsg_pkg/cmake/export_snumsg_pkg__rosidl_generator_cppExport.cmake
-- Installing: /root/snu/snuboat/ws/install/snumsg_pkg/share/snumsg_pkg/cmake/export_snumsg_pkg__rosidl_typesupport_fastrtps_cppExport.cmake
-- Installing: /root/snu/snuboat/ws/install/snumsg_pkg/share/snumsg_pkg/cmake/export_snumsg_pkg__rosidl_typesupport_fastrtps_cppExport-noconfig.cmake
-- Installing: /root/snu/snuboat/ws/install/snumsg_pkg/share/snumsg_pkg/cmake/snumsg_pkg__rosidl_typesupport_introspection_cExport.cmake
-- Installing: /root/snu/snuboat/ws/install/snumsg_pkg/share/snumsg_pkg/cmake/snumsg_pkg__rosidl_typesupport_introspection_cExport-noconfig.cmake
-- Installing: /root/snu/snuboat/ws/install/snumsg_pkg/share/snumsg_pkg/cmake/snumsg_pkg__rosidl_typesupport_cExport.cmake
-- Installing: /root/snu/snuboat/ws/install/snumsg_pkg/share/snumsg_pkg/cmake/snumsg_pkg__rosidl_typesupport_cExport-noconfig.cmake
-- Installing: /root/snu/snuboat/ws/install/snumsg_pkg/share/snumsg_pkg/cmake/snumsg_pkg__rosidl_typesupport_introspection_cppExport.cmake
-- Installing: /root/snu/snuboat/ws/install/snumsg_pkg/share/snumsg_pkg/cmake/snumsg_pkg__rosidl_typesupport_introspection_cppExport-noconfig.cmake
-- Installing: /root/snu/snuboat/ws/install/snumsg_pkg/share/snumsg_pkg/cmake/snumsg_pkg__rosidl_typesupport_cppExport.cmake
-- Installing: /root/snu/snuboat/ws/install/snumsg_pkg/share/snumsg_pkg/cmake/snumsg_pkg__rosidl_typesupport_cppExport-noconfig.cmake
-- Installing: /root/snu/snuboat/ws/install/snumsg_pkg/share/snumsg_pkg/cmake/export_snumsg_pkg__rosidl_generator_pyExport.cmake
-- Installing: /root/snu/snuboat/ws/install/snumsg_pkg/share/snumsg_pkg/cmake/export_snumsg_pkg__rosidl_generator_pyExport-noconfig.cmake
