[0.006s] Invoking command in '/root/snu/snuboat/ws/build/snumsg_pkg': CMAKE_PREFIX_PATH=${CMAKE_PREFIX_PATH}:/root/snu/snuboat/ws/install/snunav_pkg:/opt/ros/humble /usr/bin/cmake --build /root/snu/snuboat/ws/build/snumsg_pkg -- -j10 -l10
[0.055s] [  2%] Built target snumsg_pkg__cpp
[0.055s] [ 12%] Built target snumsg_pkg__rosidl_generator_c
[0.057s] [ 12%] Built target ament_cmake_python_symlink_snumsg_pkg
[0.069s] [ 23%] Built target snumsg_pkg__rosidl_typesupport_fastrtps_cpp
[0.069s] [ 35%] Built target snumsg_pkg__rosidl_typesupport_c
[0.069s] [ 43%] Built target snumsg_pkg__rosidl_typesupport_introspection_c
[0.069s] [ 53%] Built target snumsg_pkg__rosidl_typesupport_cpp
[0.069s] [ 64%] Built target snumsg_pkg__rosidl_typesupport_introspection_cpp
[0.069s] [ 74%] Built target snumsg_pkg__rosidl_typesupport_fastrtps_c
[0.076s] [ 74%] Built target snumsg_pkg
[0.083s] [ 76%] Built target snumsg_pkg__py
[0.092s] [ 84%] Built target snumsg_pkg__rosidl_generator_py
[0.100s] [ 92%] Built target snumsg_pkg__rosidl_typesupport_fastrtps_c__pyext
[0.101s] [ 94%] Built target snumsg_pkg__rosidl_typesupport_c__pyext
[0.101s] [100%] Built target snumsg_pkg__rosidl_typesupport_introspection_c__pyext
[0.136s] running egg_info
[0.136s] writing snumsg_pkg.egg-info/PKG-INFO
[0.136s] writing dependency_links to snumsg_pkg.egg-info/dependency_links.txt
[0.137s] writing top-level names to snumsg_pkg.egg-info/top_level.txt
[0.138s] reading manifest file 'snumsg_pkg.egg-info/SOURCES.txt'
[0.138s] writing manifest file 'snumsg_pkg.egg-info/SOURCES.txt'
[0.149s] [100%] Built target ament_cmake_python_build_snumsg_pkg_egg
[0.152s] Invoked command in '/root/snu/snuboat/ws/build/snumsg_pkg' returned '0': CMAKE_PREFIX_PATH=${CMAKE_PREFIX_PATH}:/root/snu/snuboat/ws/install/snunav_pkg:/opt/ros/humble /usr/bin/cmake --build /root/snu/snuboat/ws/build/snumsg_pkg -- -j10 -l10
[0.156s] Invoking command in '/root/snu/snuboat/ws/build/snumsg_pkg': CMAKE_PREFIX_PATH=${CMAKE_PREFIX_PATH}:/root/snu/snuboat/ws/install/snunav_pkg:/opt/ros/humble /usr/bin/cmake --install /root/snu/snuboat/ws/build/snumsg_pkg
[0.158s] -- Install configuration: ""
[0.159s] -- Execute custom install script
[0.159s] -- Symlinking: /root/snu/snuboat/ws/install/snumsg_pkg/share/ament_index/resource_index/rosidl_interfaces/snumsg_pkg
[0.162s] -- Symlinking: /root/snu/snuboat/ws/install/snumsg_pkg/include/snumsg_pkg/snumsg_pkg/msg/detail/mission_code__functions.h
[0.165s] -- Symlinking: /root/snu/snuboat/ws/install/snumsg_pkg/include/snumsg_pkg/snumsg_pkg/msg/detail/mission_code__struct.h
[0.167s] -- Symlinking: /root/snu/snuboat/ws/install/snumsg_pkg/include/snumsg_pkg/snumsg_pkg/msg/detail/mission_code__type_support.h
[0.170s] -- Symlinking: /root/snu/snuboat/ws/install/snumsg_pkg/include/snumsg_pkg/snumsg_pkg/msg/detail/sensor__functions.h
[0.172s] -- Symlinking: /root/snu/snuboat/ws/install/snumsg_pkg/include/snumsg_pkg/snumsg_pkg/msg/detail/sensor__struct.h
[0.175s] -- Symlinking: /root/snu/snuboat/ws/install/snumsg_pkg/include/snumsg_pkg/snumsg_pkg/msg/detail/sensor__type_support.h
[0.177s] -- Symlinking: /root/snu/snuboat/ws/install/snumsg_pkg/include/snumsg_pkg/snumsg_pkg/msg/mission_code.h
[0.179s] -- Symlinking: /root/snu/snuboat/ws/install/snumsg_pkg/include/snumsg_pkg/snumsg_pkg/msg/rosidl_generator_c__visibility_control.h
[0.182s] -- Symlinking: /root/snu/snuboat/ws/install/snumsg_pkg/include/snumsg_pkg/snumsg_pkg/msg/sensor.h
[0.184s] -- Symlinking: /root/snu/snuboat/ws/install/snumsg_pkg/share/snumsg_pkg/environment/library_path.sh
[0.187s] -- Symlinking: /root/snu/snuboat/ws/install/snumsg_pkg/share/snumsg_pkg/environment/library_path.dsv
[0.189s] -- Symlinking: /root/snu/snuboat/ws/install/snumsg_pkg/include/snumsg_pkg/snumsg_pkg/msg/detail/mission_code__rosidl_typesupport_fastrtps_c.h
[0.193s] -- Symlinking: /root/snu/snuboat/ws/install/snumsg_pkg/include/snumsg_pkg/snumsg_pkg/msg/detail/sensor__rosidl_typesupport_fastrtps_c.h
[0.195s] -- Symlinking: /root/snu/snuboat/ws/install/snumsg_pkg/include/snumsg_pkg/snumsg_pkg/msg/rosidl_typesupport_fastrtps_c__visibility_control.h
[0.197s] -- Symlinking: /root/snu/snuboat/ws/install/snumsg_pkg/include/snumsg_pkg/snumsg_pkg/msg/detail/mission_code__builder.hpp
[0.200s] -- Symlinking: /root/snu/snuboat/ws/install/snumsg_pkg/include/snumsg_pkg/snumsg_pkg/msg/detail/mission_code__struct.hpp
[0.202s] -- Symlinking: /root/snu/snuboat/ws/install/snumsg_pkg/include/snumsg_pkg/snumsg_pkg/msg/detail/mission_code__traits.hpp
[0.205s] -- Symlinking: /root/snu/snuboat/ws/install/snumsg_pkg/include/snumsg_pkg/snumsg_pkg/msg/detail/mission_code__type_support.hpp
[0.207s] -- Symlinking: /root/snu/snuboat/ws/install/snumsg_pkg/include/snumsg_pkg/snumsg_pkg/msg/detail/sensor__builder.hpp
[0.210s] -- Symlinking: /root/snu/snuboat/ws/install/snumsg_pkg/include/snumsg_pkg/snumsg_pkg/msg/detail/sensor__struct.hpp
[0.212s] -- Symlinking: /root/snu/snuboat/ws/install/snumsg_pkg/include/snumsg_pkg/snumsg_pkg/msg/detail/sensor__traits.hpp
[0.214s] -- Symlinking: /root/snu/snuboat/ws/install/snumsg_pkg/include/snumsg_pkg/snumsg_pkg/msg/detail/sensor__type_support.hpp
[0.217s] -- Symlinking: /root/snu/snuboat/ws/install/snumsg_pkg/include/snumsg_pkg/snumsg_pkg/msg/mission_code.hpp
[0.219s] -- Symlinking: /root/snu/snuboat/ws/install/snumsg_pkg/include/snumsg_pkg/snumsg_pkg/msg/rosidl_generator_cpp__visibility_control.hpp
[0.222s] -- Symlinking: /root/snu/snuboat/ws/install/snumsg_pkg/include/snumsg_pkg/snumsg_pkg/msg/sensor.hpp
[0.224s] -- Symlinking: /root/snu/snuboat/ws/install/snumsg_pkg/include/snumsg_pkg/snumsg_pkg/msg/detail/mission_code__rosidl_typesupport_fastrtps_cpp.hpp
[0.227s] -- Symlinking: /root/snu/snuboat/ws/install/snumsg_pkg/include/snumsg_pkg/snumsg_pkg/msg/detail/sensor__rosidl_typesupport_fastrtps_cpp.hpp
[0.229s] -- Symlinking: /root/snu/snuboat/ws/install/snumsg_pkg/include/snumsg_pkg/snumsg_pkg/msg/rosidl_typesupport_fastrtps_cpp__visibility_control.h
[0.231s] -- Symlinking: /root/snu/snuboat/ws/install/snumsg_pkg/include/snumsg_pkg/snumsg_pkg/msg/detail/mission_code__rosidl_typesupport_introspection_c.h
[0.234s] -- Symlinking: /root/snu/snuboat/ws/install/snumsg_pkg/include/snumsg_pkg/snumsg_pkg/msg/detail/sensor__rosidl_typesupport_introspection_c.h
[0.236s] -- Symlinking: /root/snu/snuboat/ws/install/snumsg_pkg/include/snumsg_pkg/snumsg_pkg/msg/rosidl_typesupport_introspection_c__visibility_control.h
[0.238s] -- Symlinking: /root/snu/snuboat/ws/install/snumsg_pkg/include/snumsg_pkg/snumsg_pkg/msg/detail/mission_code__rosidl_typesupport_introspection_cpp.hpp
[0.241s] -- Symlinking: /root/snu/snuboat/ws/install/snumsg_pkg/include/snumsg_pkg/snumsg_pkg/msg/detail/sensor__rosidl_typesupport_introspection_cpp.hpp
[0.243s] -- Symlinking: /root/snu/snuboat/ws/install/snumsg_pkg/share/snumsg_pkg/environment/pythonpath.sh
[0.246s] -- Symlinking: /root/snu/snuboat/ws/install/snumsg_pkg/share/snumsg_pkg/environment/pythonpath.dsv
[0.248s] -- Symlinking: /root/snu/snuboat/ws/install/snumsg_pkg/local/lib/python3.10/dist-packages/snumsg_pkg-0.0.0-py3.10.egg-info/PKG-INFO
[0.251s] -- Symlinking: /root/snu/snuboat/ws/install/snumsg_pkg/local/lib/python3.10/dist-packages/snumsg_pkg-0.0.0-py3.10.egg-info/SOURCES.txt
[0.253s] -- Symlinking: /root/snu/snuboat/ws/install/snumsg_pkg/local/lib/python3.10/dist-packages/snumsg_pkg-0.0.0-py3.10.egg-info/dependency_links.txt
[0.255s] -- Symlinking: /root/snu/snuboat/ws/install/snumsg_pkg/local/lib/python3.10/dist-packages/snumsg_pkg-0.0.0-py3.10.egg-info/top_level.txt
[0.258s] -- Symlinking: /root/snu/snuboat/ws/install/snumsg_pkg/local/lib/python3.10/dist-packages/snumsg_pkg/__init__.py
[0.260s] -- Symlinking: /root/snu/snuboat/ws/install/snumsg_pkg/local/lib/python3.10/dist-packages/snumsg_pkg/_snumsg_pkg_s.ep.rosidl_typesupport_c.c
[0.263s] -- Symlinking: /root/snu/snuboat/ws/install/snumsg_pkg/local/lib/python3.10/dist-packages/snumsg_pkg/_snumsg_pkg_s.ep.rosidl_typesupport_fastrtps_c.c
[0.265s] -- Symlinking: /root/snu/snuboat/ws/install/snumsg_pkg/local/lib/python3.10/dist-packages/snumsg_pkg/_snumsg_pkg_s.ep.rosidl_typesupport_introspection_c.c
[0.267s] -- Symlinking: /root/snu/snuboat/ws/install/snumsg_pkg/local/lib/python3.10/dist-packages/snumsg_pkg/libsnumsg_pkg__rosidl_generator_py.so
[0.270s] -- Symlinking: /root/snu/snuboat/ws/install/snumsg_pkg/local/lib/python3.10/dist-packages/snumsg_pkg/msg/__init__.py
[0.272s] -- Symlinking: /root/snu/snuboat/ws/install/snumsg_pkg/local/lib/python3.10/dist-packages/snumsg_pkg/msg/_mission_code.py
[0.275s] -- Symlinking: /root/snu/snuboat/ws/install/snumsg_pkg/local/lib/python3.10/dist-packages/snumsg_pkg/msg/_mission_code_s.c
[0.277s] -- Symlinking: /root/snu/snuboat/ws/install/snumsg_pkg/local/lib/python3.10/dist-packages/snumsg_pkg/msg/_sensor.py
[0.279s] -- Symlinking: /root/snu/snuboat/ws/install/snumsg_pkg/local/lib/python3.10/dist-packages/snumsg_pkg/msg/_sensor_s.c
[0.282s] -- Symlinking: /root/snu/snuboat/ws/install/snumsg_pkg/local/lib/python3.10/dist-packages/snumsg_pkg/snumsg_pkg_s__rosidl_typesupport_c.cpython-310-aarch64-linux-gnu.so
[0.284s] -- Symlinking: /root/snu/snuboat/ws/install/snumsg_pkg/local/lib/python3.10/dist-packages/snumsg_pkg/snumsg_pkg_s__rosidl_typesupport_fastrtps_c.cpython-310-aarch64-linux-gnu.so
[0.287s] -- Symlinking: /root/snu/snuboat/ws/install/snumsg_pkg/local/lib/python3.10/dist-packages/snumsg_pkg/snumsg_pkg_s__rosidl_typesupport_introspection_c.cpython-310-aarch64-linux-gnu.so
[0.289s] -- Up-to-date symlink: /root/snu/snuboat/ws/install/snumsg_pkg/local/lib/python3.10/dist-packages/snumsg_pkg/snumsg_pkg_s__rosidl_typesupport_fastrtps_c.cpython-310-aarch64-linux-gnu.so
[0.290s] -- Up-to-date symlink: /root/snu/snuboat/ws/install/snumsg_pkg/local/lib/python3.10/dist-packages/snumsg_pkg/snumsg_pkg_s__rosidl_typesupport_introspection_c.cpython-310-aarch64-linux-gnu.so
[0.290s] -- Up-to-date symlink: /root/snu/snuboat/ws/install/snumsg_pkg/local/lib/python3.10/dist-packages/snumsg_pkg/snumsg_pkg_s__rosidl_typesupport_c.cpython-310-aarch64-linux-gnu.so
[0.290s] -- Symlinking: /root/snu/snuboat/ws/install/snumsg_pkg/share/snumsg_pkg/msg/MissionCode.idl
[0.293s] -- Symlinking: /root/snu/snuboat/ws/install/snumsg_pkg/share/snumsg_pkg/msg/Sensor.idl
[0.295s] -- Symlinking: /root/snu/snuboat/ws/install/snumsg_pkg/share/snumsg_pkg/msg/MissionCode.msg
[0.297s] -- Symlinking: /root/snu/snuboat/ws/install/snumsg_pkg/share/snumsg_pkg/msg/Sensor.msg
[0.300s] -- Symlinking: /root/snu/snuboat/ws/install/snumsg_pkg/share/ament_index/resource_index/package_run_dependencies/snumsg_pkg
[0.302s] -- Symlinking: /root/snu/snuboat/ws/install/snumsg_pkg/share/ament_index/resource_index/parent_prefix_path/snumsg_pkg
[0.305s] -- Symlinking: /root/snu/snuboat/ws/install/snumsg_pkg/share/snumsg_pkg/environment/ament_prefix_path.sh
[0.307s] -- Symlinking: /root/snu/snuboat/ws/install/snumsg_pkg/share/snumsg_pkg/environment/ament_prefix_path.dsv
[0.309s] -- Symlinking: /root/snu/snuboat/ws/install/snumsg_pkg/share/snumsg_pkg/environment/path.sh
[0.312s] -- Symlinking: /root/snu/snuboat/ws/install/snumsg_pkg/share/snumsg_pkg/environment/path.dsv
[0.314s] -- Symlinking: /root/snu/snuboat/ws/install/snumsg_pkg/share/snumsg_pkg/local_setup.bash
[0.317s] -- Symlinking: /root/snu/snuboat/ws/install/snumsg_pkg/share/snumsg_pkg/local_setup.sh
[0.319s] -- Symlinking: /root/snu/snuboat/ws/install/snumsg_pkg/share/snumsg_pkg/local_setup.zsh
[0.322s] -- Symlinking: /root/snu/snuboat/ws/install/snumsg_pkg/share/snumsg_pkg/local_setup.dsv
[0.324s] -- Symlinking: /root/snu/snuboat/ws/install/snumsg_pkg/share/snumsg_pkg/package.dsv
[0.326s] -- Symlinking: /root/snu/snuboat/ws/install/snumsg_pkg/share/ament_index/resource_index/packages/snumsg_pkg
[0.329s] -- Symlinking: /root/snu/snuboat/ws/install/snumsg_pkg/share/snumsg_pkg/cmake/rosidl_cmake-extras.cmake
[0.331s] -- Symlinking: /root/snu/snuboat/ws/install/snumsg_pkg/share/snumsg_pkg/cmake/ament_cmake_export_dependencies-extras.cmake
[0.334s] -- Symlinking: /root/snu/snuboat/ws/install/snumsg_pkg/share/snumsg_pkg/cmake/ament_cmake_export_include_directories-extras.cmake
[0.336s] -- Symlinking: /root/snu/snuboat/ws/install/snumsg_pkg/share/snumsg_pkg/cmake/ament_cmake_export_libraries-extras.cmake
[0.342s] -- Symlinking: /root/snu/snuboat/ws/install/snumsg_pkg/share/snumsg_pkg/cmake/ament_cmake_export_targets-extras.cmake
[0.348s] -- Symlinking: /root/snu/snuboat/ws/install/snumsg_pkg/share/snumsg_pkg/cmake/rosidl_cmake_export_typesupport_targets-extras.cmake
[0.354s] -- Symlinking: /root/snu/snuboat/ws/install/snumsg_pkg/share/snumsg_pkg/cmake/rosidl_cmake_export_typesupport_libraries-extras.cmake
[0.358s] -- Symlinking: /root/snu/snuboat/ws/install/snumsg_pkg/share/snumsg_pkg/cmake/snumsg_pkgConfig.cmake
[0.365s] -- Symlinking: /root/snu/snuboat/ws/install/snumsg_pkg/share/snumsg_pkg/cmake/snumsg_pkgConfig-version.cmake
[0.369s] -- Symlinking: /root/snu/snuboat/ws/install/snumsg_pkg/share/snumsg_pkg/package.xml
[0.373s] -- Installing: /root/snu/snuboat/ws/install/snumsg_pkg/lib/libsnumsg_pkg__rosidl_generator_c.so
[0.375s] -- Set runtime path of "/root/snu/snuboat/ws/install/snumsg_pkg/lib/libsnumsg_pkg__rosidl_generator_c.so" to ""
[0.375s] -- Installing: /root/snu/snuboat/ws/install/snumsg_pkg/lib/libsnumsg_pkg__rosidl_typesupport_fastrtps_c.so
[0.375s] -- Set runtime path of "/root/snu/snuboat/ws/install/snumsg_pkg/lib/libsnumsg_pkg__rosidl_typesupport_fastrtps_c.so" to ""
[0.375s] -- Installing: /root/snu/snuboat/ws/install/snumsg_pkg/lib/libsnumsg_pkg__rosidl_typesupport_fastrtps_cpp.so
[0.376s] -- Set runtime path of "/root/snu/snuboat/ws/install/snumsg_pkg/lib/libsnumsg_pkg__rosidl_typesupport_fastrtps_cpp.so" to ""
[0.376s] -- Installing: /root/snu/snuboat/ws/install/snumsg_pkg/lib/libsnumsg_pkg__rosidl_typesupport_introspection_c.so
[0.377s] -- Set runtime path of "/root/snu/snuboat/ws/install/snumsg_pkg/lib/libsnumsg_pkg__rosidl_typesupport_introspection_c.so" to ""
[0.377s] -- Installing: /root/snu/snuboat/ws/install/snumsg_pkg/lib/libsnumsg_pkg__rosidl_typesupport_c.so
[0.377s] -- Set runtime path of "/root/snu/snuboat/ws/install/snumsg_pkg/lib/libsnumsg_pkg__rosidl_typesupport_c.so" to ""
[0.377s] -- Installing: /root/snu/snuboat/ws/install/snumsg_pkg/lib/libsnumsg_pkg__rosidl_typesupport_introspection_cpp.so
[0.378s] -- Set runtime path of "/root/snu/snuboat/ws/install/snumsg_pkg/lib/libsnumsg_pkg__rosidl_typesupport_introspection_cpp.so" to ""
[0.378s] -- Installing: /root/snu/snuboat/ws/install/snumsg_pkg/lib/libsnumsg_pkg__rosidl_typesupport_cpp.so
[0.378s] -- Set runtime path of "/root/snu/snuboat/ws/install/snumsg_pkg/lib/libsnumsg_pkg__rosidl_typesupport_cpp.so" to ""
[0.397s] Listing '/root/snu/snuboat/ws/install/snumsg_pkg/local/lib/python3.10/dist-packages/snumsg_pkg'...
[0.397s] Compiling '/root/snu/snuboat/ws/install/snumsg_pkg/local/lib/python3.10/dist-packages/snumsg_pkg/__init__.py'...
[0.397s] Listing '/root/snu/snuboat/ws/install/snumsg_pkg/local/lib/python3.10/dist-packages/snumsg_pkg/msg'...
[0.397s] Compiling '/root/snu/snuboat/ws/install/snumsg_pkg/local/lib/python3.10/dist-packages/snumsg_pkg/msg/__init__.py'...
[0.397s] Compiling '/root/snu/snuboat/ws/install/snumsg_pkg/local/lib/python3.10/dist-packages/snumsg_pkg/msg/_mission_code.py'...
[0.397s] Compiling '/root/snu/snuboat/ws/install/snumsg_pkg/local/lib/python3.10/dist-packages/snumsg_pkg/msg/_sensor.py'...
[0.399s] -- Installing: /root/snu/snuboat/ws/install/snumsg_pkg/lib/libsnumsg_pkg__rosidl_generator_py.so
[0.399s] -- Set runtime path of "/root/snu/snuboat/ws/install/snumsg_pkg/lib/libsnumsg_pkg__rosidl_generator_py.so" to ""
[0.399s] -- Installing: /root/snu/snuboat/ws/install/snumsg_pkg/share/snumsg_pkg/cmake/export_snumsg_pkg__rosidl_generator_cExport.cmake
[0.399s] -- Installing: /root/snu/snuboat/ws/install/snumsg_pkg/share/snumsg_pkg/cmake/export_snumsg_pkg__rosidl_generator_cExport-noconfig.cmake
[0.399s] -- Installing: /root/snu/snuboat/ws/install/snumsg_pkg/share/snumsg_pkg/cmake/export_snumsg_pkg__rosidl_typesupport_fastrtps_cExport.cmake
[0.399s] -- Installing: /root/snu/snuboat/ws/install/snumsg_pkg/share/snumsg_pkg/cmake/export_snumsg_pkg__rosidl_typesupport_fastrtps_cExport-noconfig.cmake
[0.399s] -- Installing: /root/snu/snuboat/ws/install/snumsg_pkg/share/snumsg_pkg/cmake/export_snumsg_pkg__rosidl_generator_cppExport.cmake
[0.399s] -- Installing: /root/snu/snuboat/ws/install/snumsg_pkg/share/snumsg_pkg/cmake/export_snumsg_pkg__rosidl_typesupport_fastrtps_cppExport.cmake
[0.400s] -- Installing: /root/snu/snuboat/ws/install/snumsg_pkg/share/snumsg_pkg/cmake/export_snumsg_pkg__rosidl_typesupport_fastrtps_cppExport-noconfig.cmake
[0.400s] -- Installing: /root/snu/snuboat/ws/install/snumsg_pkg/share/snumsg_pkg/cmake/snumsg_pkg__rosidl_typesupport_introspection_cExport.cmake
[0.400s] -- Installing: /root/snu/snuboat/ws/install/snumsg_pkg/share/snumsg_pkg/cmake/snumsg_pkg__rosidl_typesupport_introspection_cExport-noconfig.cmake
[0.400s] -- Installing: /root/snu/snuboat/ws/install/snumsg_pkg/share/snumsg_pkg/cmake/snumsg_pkg__rosidl_typesupport_cExport.cmake
[0.400s] -- Installing: /root/snu/snuboat/ws/install/snumsg_pkg/share/snumsg_pkg/cmake/snumsg_pkg__rosidl_typesupport_cExport-noconfig.cmake
[0.400s] -- Installing: /root/snu/snuboat/ws/install/snumsg_pkg/share/snumsg_pkg/cmake/snumsg_pkg__rosidl_typesupport_introspection_cppExport.cmake
[0.400s] -- Installing: /root/snu/snuboat/ws/install/snumsg_pkg/share/snumsg_pkg/cmake/snumsg_pkg__rosidl_typesupport_introspection_cppExport-noconfig.cmake
[0.400s] -- Installing: /root/snu/snuboat/ws/install/snumsg_pkg/share/snumsg_pkg/cmake/snumsg_pkg__rosidl_typesupport_cppExport.cmake
[0.400s] -- Installing: /root/snu/snuboat/ws/install/snumsg_pkg/share/snumsg_pkg/cmake/snumsg_pkg__rosidl_typesupport_cppExport-noconfig.cmake
[0.400s] -- Installing: /root/snu/snuboat/ws/install/snumsg_pkg/share/snumsg_pkg/cmake/export_snumsg_pkg__rosidl_generator_pyExport.cmake
[0.400s] -- Installing: /root/snu/snuboat/ws/install/snumsg_pkg/share/snumsg_pkg/cmake/export_snumsg_pkg__rosidl_generator_pyExport-noconfig.cmake
[0.402s] Invoked command in '/root/snu/snuboat/ws/build/snumsg_pkg' returned '0': CMAKE_PREFIX_PATH=${CMAKE_PREFIX_PATH}:/root/snu/snuboat/ws/install/snunav_pkg:/opt/ros/humble /usr/bin/cmake --install /root/snu/snuboat/ws/build/snumsg_pkg
