[0.014s] Invoking command in '/home/jyseo/snuboat/ws/build/snumsg_pkg': CMAKE_PREFIX_PATH=${CMAKE_PREFIX_PATH}:/home/jyseo/snuboat/ws/install/snunav_pkg:/opt/ros/humble /usr/bin/cmake /home/jyseo/snuboat/ws/src/snumsg_pkg -DAMENT_CMAKE_SYMLINK_INSTALL=1 -DCMAKE_INSTALL_PREFIX=/home/jyseo/snuboat/ws/install/snumsg_pkg
[0.126s] -- The C compiler identification is GNU 11.4.0
[0.535s] -- The CXX compiler identification is GNU 11.4.0
[0.835s] -- Detecting C compiler ABI info
[0.958s] -- Detecting C compiler ABI info - done
[0.962s] -- Check for working C compiler: /usr/bin/cc - skipped
[0.962s] -- Detecting C compile features
[0.963s] -- Detecting C compile features - done
[0.965s] -- Detecting CXX compiler ABI info
[1.102s] -- Detecting CXX compiler ABI info - done
[1.106s] -- Check for working CXX compiler: /usr/bin/c++ - skipped
[1.106s] -- Detecting CXX compile features
[1.107s] -- Detecting CXX compile features - done
[1.108s] -- Found geometry_msgs: 4.9.0 (/opt/ros/humble/share/geometry_msgs/cmake)
[1.214s] -- Found Python3: /usr/bin/python3 (found version "3.10.12") found components: Interpreter 
[1.255s] -- Override CMake install command with custom implementation using symlinks instead of copying resources
[1.404s] -- Found rosidl_generator_c: 3.1.6 (/opt/ros/humble/share/rosidl_generator_c/cmake)
[1.407s] -- Found rosidl_adapter: 3.1.6 (/opt/ros/humble/share/rosidl_adapter/cmake)
[1.411s] -- Found rosidl_generator_cpp: 3.1.6 (/opt/ros/humble/share/rosidl_generator_cpp/cmake)
[1.418s] -- Using all available rosidl_typesupport_c: rosidl_typesupport_fastrtps_c;rosidl_typesupport_introspection_c
[1.428s] -- Using all available rosidl_typesupport_cpp: rosidl_typesupport_fastrtps_cpp;rosidl_typesupport_introspection_cpp
[1.450s] -- Found rosidl_default_generators: 1.2.0 (/opt/ros/humble/share/rosidl_default_generators/cmake)
[1.644s] -- Found ament_cmake_ros: 0.10.0 (/opt/ros/humble/share/ament_cmake_ros/cmake)
[1.934s] -- Using all available rosidl_typesupport_c: rosidl_typesupport_fastrtps_c;rosidl_typesupport_introspection_c
[2.046s] -- Using all available rosidl_typesupport_cpp: rosidl_typesupport_fastrtps_cpp;rosidl_typesupport_introspection_cpp
[2.161s] -- Found PythonInterp: /usr/bin/python3 (found suitable version "3.10.12", minimum required is "3.6") 
[2.163s] -- Found python_cmake_module: 0.10.0 (/opt/ros/humble/share/python_cmake_module/cmake)
[2.513s] -- Found PythonLibs: /usr/lib/x86_64-linux-gnu/libpython3.10.so (found suitable version "3.10.12", minimum required is "3.5") 
[2.513s] -- Using PYTHON_EXECUTABLE: /usr/bin/python3
[2.513s] -- Using PYTHON_INCLUDE_DIRS: /usr/include/python3.10
[2.513s] -- Using PYTHON_LIBRARIES: /usr/lib/x86_64-linux-gnu/libpython3.10.so
[2.528s] -- Found PythonExtra: .so  
[2.604s] -- Found ament_lint_auto: 0.12.12 (/opt/ros/humble/share/ament_lint_auto/cmake)
[2.632s] -- Added test 'lint_cmake' to check CMake code style
[2.634s] -- Added test 'xmllint' to check XML markup files
[2.638s] -- Configuring done
[2.683s] -- Generating done
[2.690s] -- Build files have been written to: /home/jyseo/snuboat/ws/build/snumsg_pkg
[2.700s] Invoked command in '/home/jyseo/snuboat/ws/build/snumsg_pkg' returned '0': CMAKE_PREFIX_PATH=${CMAKE_PREFIX_PATH}:/home/jyseo/snuboat/ws/install/snunav_pkg:/opt/ros/humble /usr/bin/cmake /home/jyseo/snuboat/ws/src/snumsg_pkg -DAMENT_CMAKE_SYMLINK_INSTALL=1 -DCMAKE_INSTALL_PREFIX=/home/jyseo/snuboat/ws/install/snumsg_pkg
[2.702s] Invoking command in '/home/jyseo/snuboat/ws/build/snumsg_pkg': CMAKE_PREFIX_PATH=${CMAKE_PREFIX_PATH}:/home/jyseo/snuboat/ws/install/snunav_pkg:/opt/ros/humble /usr/bin/cmake --build /home/jyseo/snuboat/ws/build/snumsg_pkg -- -j48 -l48
[2.741s] [  3%] [34m[1mGenerating C code for ROS interfaces[0m
[2.751s] [  6%] [34m[1mGenerating C++ code for ROS interfaces[0m
[2.760s] [  6%] Built target ament_cmake_python_symlink_snumsg_pkg
[2.891s] [  6%] Built target snumsg_pkg__cpp
[2.894s] running egg_info
[2.894s] creating snumsg_pkg.egg-info
[2.895s] writing snumsg_pkg.egg-info/PKG-INFO
[2.895s] writing dependency_links to snumsg_pkg.egg-info/dependency_links.txt
[2.895s] writing top-level names to snumsg_pkg.egg-info/top_level.txt
[2.895s] writing manifest file 'snumsg_pkg.egg-info/SOURCES.txt'
[2.896s] reading manifest file 'snumsg_pkg.egg-info/SOURCES.txt'
[2.896s] writing manifest file 'snumsg_pkg.egg-info/SOURCES.txt'
[2.899s] [  9%] [34m[1mGenerating C++ type support dispatch for ROS interfaces[0m
[2.899s] [ 12%] [34m[1mGenerating C++ type support for eProsima Fast-RTPS[0m
[2.900s] [ 16%] [34m[1mGenerating C++ introspection for ROS interfaces[0m
[2.901s] [ 19%] [32mBuilding C object CMakeFiles/snumsg_pkg__rosidl_generator_c.dir/rosidl_generator_c/snumsg_pkg/msg/detail/mission_code__functions.c.o[0m
[2.915s] [ 19%] Built target ament_cmake_python_build_snumsg_pkg_egg
[2.960s] [ 22%] [32m[1mLinking C shared library libsnumsg_pkg__rosidl_generator_c.so[0m
[3.034s] [ 25%] [32mBuilding CXX object CMakeFiles/snumsg_pkg__rosidl_typesupport_cpp.dir/rosidl_typesupport_cpp/snumsg_pkg/msg/mission_code__type_support.cpp.o[0m
[3.047s] [ 29%] [32mBuilding CXX object CMakeFiles/snumsg_pkg__rosidl_typesupport_introspection_cpp.dir/rosidl_typesupport_introspection_cpp/snumsg_pkg/msg/detail/mission_code__type_support.cpp.o[0m
[3.052s] [ 32%] [32mBuilding CXX object CMakeFiles/snumsg_pkg__rosidl_typesupport_fastrtps_cpp.dir/rosidl_typesupport_fastrtps_cpp/snumsg_pkg/msg/detail/dds_fastrtps/mission_code__type_support.cpp.o[0m
[3.057s] [ 32%] Built target snumsg_pkg__rosidl_generator_c
[3.068s] [ 35%] [34m[1mGenerating C type support for eProsima Fast-RTPS[0m
[3.068s] [ 41%] [34m[1mGenerating C type support dispatch for ROS interfaces[0m
[3.068s] [ 41%] [34m[1mGenerating C introspection for ROS interfaces[0m
[3.206s] [ 45%] [32mBuilding CXX object CMakeFiles/snumsg_pkg__rosidl_typesupport_c.dir/rosidl_typesupport_c/snumsg_pkg/msg/mission_code__type_support.cpp.o[0m
[3.219s] [ 48%] [32mBuilding C object CMakeFiles/snumsg_pkg__rosidl_typesupport_introspection_c.dir/rosidl_typesupport_introspection_c/snumsg_pkg/msg/detail/mission_code__type_support.c.o[0m
[3.230s] [ 51%] [32mBuilding CXX object CMakeFiles/snumsg_pkg__rosidl_typesupport_fastrtps_c.dir/rosidl_typesupport_fastrtps_c/snumsg_pkg/msg/detail/mission_code__type_support_c.cpp.o[0m
[3.234s] [ 54%] [32m[1mLinking CXX shared library libsnumsg_pkg__rosidl_typesupport_c.so[0m
[3.252s] [ 58%] [32m[1mLinking C shared library libsnumsg_pkg__rosidl_typesupport_introspection_c.so[0m
[3.256s] [ 61%] [32m[1mLinking CXX shared library libsnumsg_pkg__rosidl_typesupport_cpp.so[0m
[3.324s] [ 61%] Built target snumsg_pkg__rosidl_typesupport_introspection_c
[3.324s] [ 64%] [32m[1mLinking CXX shared library libsnumsg_pkg__rosidl_typesupport_introspection_cpp.so[0m
[3.326s] [ 67%] [32m[1mLinking CXX shared library libsnumsg_pkg__rosidl_typesupport_fastrtps_cpp.so[0m
[3.330s] [ 67%] Built target snumsg_pkg__rosidl_typesupport_cpp
[3.330s] [ 67%] Built target snumsg_pkg__rosidl_typesupport_c
[3.422s] [ 67%] Built target snumsg_pkg__rosidl_typesupport_introspection_cpp
[3.430s] [ 67%] Built target snumsg_pkg__rosidl_typesupport_fastrtps_cpp
[3.447s] [ 70%] [32m[1mLinking CXX shared library libsnumsg_pkg__rosidl_typesupport_fastrtps_c.so[0m
[3.574s] [ 70%] Built target snumsg_pkg__rosidl_typesupport_fastrtps_c
[3.592s] [ 70%] Built target snumsg_pkg
[3.609s] [ 74%] [34m[1mGenerating Python code for ROS interfaces[0m
[3.783s] [ 74%] Built target snumsg_pkg__py
[3.801s] [ 77%] [32mBuilding C object CMakeFiles/snumsg_pkg__rosidl_generator_py.dir/rosidl_generator_py/snumsg_pkg/msg/_mission_code_s.c.o[0m
[3.907s] [ 80%] [32m[1mLinking C shared library rosidl_generator_py/snumsg_pkg/libsnumsg_pkg__rosidl_generator_py.so[0m
[4.012s] [ 80%] Built target snumsg_pkg__rosidl_generator_py
[4.032s] [ 83%] [32mBuilding C object CMakeFiles/snumsg_pkg__rosidl_typesupport_c__pyext.dir/rosidl_generator_py/snumsg_pkg/_snumsg_pkg_s.ep.rosidl_typesupport_c.c.o[0m
[4.032s] [ 87%] [32mBuilding C object CMakeFiles/snumsg_pkg__rosidl_typesupport_introspection_c__pyext.dir/rosidl_generator_py/snumsg_pkg/_snumsg_pkg_s.ep.rosidl_typesupport_introspection_c.c.o[0m
[4.032s] [ 90%] [32mBuilding C object CMakeFiles/snumsg_pkg__rosidl_typesupport_fastrtps_c__pyext.dir/rosidl_generator_py/snumsg_pkg/_snumsg_pkg_s.ep.rosidl_typesupport_fastrtps_c.c.o[0m
[4.110s] [ 93%] [32m[1mLinking C shared library rosidl_generator_py/snumsg_pkg/snumsg_pkg_s__rosidl_typesupport_fastrtps_c.cpython-310-x86_64-linux-gnu.so[0m
[4.111s] [ 96%] [32m[1mLinking C shared library rosidl_generator_py/snumsg_pkg/snumsg_pkg_s__rosidl_typesupport_introspection_c.cpython-310-x86_64-linux-gnu.so[0m
[4.112s] [100%] [32m[1mLinking C shared library rosidl_generator_py/snumsg_pkg/snumsg_pkg_s__rosidl_typesupport_c.cpython-310-x86_64-linux-gnu.so[0m
[4.187s] [100%] Built target snumsg_pkg__rosidl_typesupport_introspection_c__pyext
[4.187s] [100%] Built target snumsg_pkg__rosidl_typesupport_c__pyext
[4.188s] [100%] Built target snumsg_pkg__rosidl_typesupport_fastrtps_c__pyext
[4.200s] Invoked command in '/home/jyseo/snuboat/ws/build/snumsg_pkg' returned '0': CMAKE_PREFIX_PATH=${CMAKE_PREFIX_PATH}:/home/jyseo/snuboat/ws/install/snunav_pkg:/opt/ros/humble /usr/bin/cmake --build /home/jyseo/snuboat/ws/build/snumsg_pkg -- -j48 -l48
[4.210s] Invoking command in '/home/jyseo/snuboat/ws/build/snumsg_pkg': CMAKE_PREFIX_PATH=${CMAKE_PREFIX_PATH}:/home/jyseo/snuboat/ws/install/snunav_pkg:/opt/ros/humble /usr/bin/cmake --install /home/jyseo/snuboat/ws/build/snumsg_pkg
[4.216s] -- Install configuration: ""
[4.216s] -- Execute custom install script
[4.218s] -- Symlinking: /home/jyseo/snuboat/ws/install/snumsg_pkg/share/ament_index/resource_index/rosidl_interfaces/snumsg_pkg
[4.229s] -- Symlinking: /home/jyseo/snuboat/ws/install/snumsg_pkg/include/snumsg_pkg/snumsg_pkg/msg/detail/mission_code__functions.h
[4.239s] -- Symlinking: /home/jyseo/snuboat/ws/install/snumsg_pkg/include/snumsg_pkg/snumsg_pkg/msg/detail/mission_code__struct.h
[4.248s] -- Symlinking: /home/jyseo/snuboat/ws/install/snumsg_pkg/include/snumsg_pkg/snumsg_pkg/msg/detail/mission_code__type_support.h
[4.256s] -- Symlinking: /home/jyseo/snuboat/ws/install/snumsg_pkg/include/snumsg_pkg/snumsg_pkg/msg/mission_code.h
[4.264s] -- Symlinking: /home/jyseo/snuboat/ws/install/snumsg_pkg/include/snumsg_pkg/snumsg_pkg/msg/rosidl_generator_c__visibility_control.h
[4.275s] -- Symlinking: /home/jyseo/snuboat/ws/install/snumsg_pkg/share/snumsg_pkg/environment/library_path.sh
[4.283s] -- Symlinking: /home/jyseo/snuboat/ws/install/snumsg_pkg/share/snumsg_pkg/environment/library_path.dsv
[4.293s] -- Symlinking: /home/jyseo/snuboat/ws/install/snumsg_pkg/include/snumsg_pkg/snumsg_pkg/msg/detail/mission_code__rosidl_typesupport_fastrtps_c.h
[4.301s] -- Symlinking: /home/jyseo/snuboat/ws/install/snumsg_pkg/include/snumsg_pkg/snumsg_pkg/msg/rosidl_typesupport_fastrtps_c__visibility_control.h
[4.310s] -- Symlinking: /home/jyseo/snuboat/ws/install/snumsg_pkg/include/snumsg_pkg/snumsg_pkg/msg/detail/mission_code__builder.hpp
[4.318s] -- Symlinking: /home/jyseo/snuboat/ws/install/snumsg_pkg/include/snumsg_pkg/snumsg_pkg/msg/detail/mission_code__struct.hpp
[4.327s] -- Symlinking: /home/jyseo/snuboat/ws/install/snumsg_pkg/include/snumsg_pkg/snumsg_pkg/msg/detail/mission_code__traits.hpp
[4.335s] -- Symlinking: /home/jyseo/snuboat/ws/install/snumsg_pkg/include/snumsg_pkg/snumsg_pkg/msg/detail/mission_code__type_support.hpp
[4.342s] -- Symlinking: /home/jyseo/snuboat/ws/install/snumsg_pkg/include/snumsg_pkg/snumsg_pkg/msg/mission_code.hpp
[4.354s] -- Symlinking: /home/jyseo/snuboat/ws/install/snumsg_pkg/include/snumsg_pkg/snumsg_pkg/msg/rosidl_generator_cpp__visibility_control.hpp
[4.362s] -- Symlinking: /home/jyseo/snuboat/ws/install/snumsg_pkg/include/snumsg_pkg/snumsg_pkg/msg/detail/mission_code__rosidl_typesupport_fastrtps_cpp.hpp
[4.369s] -- Symlinking: /home/jyseo/snuboat/ws/install/snumsg_pkg/include/snumsg_pkg/snumsg_pkg/msg/rosidl_typesupport_fastrtps_cpp__visibility_control.h
[4.377s] -- Symlinking: /home/jyseo/snuboat/ws/install/snumsg_pkg/include/snumsg_pkg/snumsg_pkg/msg/detail/mission_code__rosidl_typesupport_introspection_c.h
[4.385s] -- Symlinking: /home/jyseo/snuboat/ws/install/snumsg_pkg/include/snumsg_pkg/snumsg_pkg/msg/rosidl_typesupport_introspection_c__visibility_control.h
[4.393s] -- Symlinking: /home/jyseo/snuboat/ws/install/snumsg_pkg/include/snumsg_pkg/snumsg_pkg/msg/detail/mission_code__rosidl_typesupport_introspection_cpp.hpp
[4.401s] -- Symlinking: /home/jyseo/snuboat/ws/install/snumsg_pkg/share/snumsg_pkg/environment/pythonpath.sh
[4.409s] -- Symlinking: /home/jyseo/snuboat/ws/install/snumsg_pkg/share/snumsg_pkg/environment/pythonpath.dsv
[4.419s] -- Symlinking: /home/jyseo/snuboat/ws/install/snumsg_pkg/local/lib/python3.10/dist-packages/snumsg_pkg-0.0.0-py3.10.egg-info/PKG-INFO
[4.426s] -- Symlinking: /home/jyseo/snuboat/ws/install/snumsg_pkg/local/lib/python3.10/dist-packages/snumsg_pkg-0.0.0-py3.10.egg-info/SOURCES.txt
[4.434s] -- Symlinking: /home/jyseo/snuboat/ws/install/snumsg_pkg/local/lib/python3.10/dist-packages/snumsg_pkg-0.0.0-py3.10.egg-info/dependency_links.txt
[4.443s] -- Symlinking: /home/jyseo/snuboat/ws/install/snumsg_pkg/local/lib/python3.10/dist-packages/snumsg_pkg-0.0.0-py3.10.egg-info/top_level.txt
[4.452s] -- Symlinking: /home/jyseo/snuboat/ws/install/snumsg_pkg/local/lib/python3.10/dist-packages/snumsg_pkg/__init__.py
[4.461s] -- Symlinking: /home/jyseo/snuboat/ws/install/snumsg_pkg/local/lib/python3.10/dist-packages/snumsg_pkg/_snumsg_pkg_s.ep.rosidl_typesupport_c.c
[4.470s] -- Symlinking: /home/jyseo/snuboat/ws/install/snumsg_pkg/local/lib/python3.10/dist-packages/snumsg_pkg/_snumsg_pkg_s.ep.rosidl_typesupport_fastrtps_c.c
[4.478s] -- Symlinking: /home/jyseo/snuboat/ws/install/snumsg_pkg/local/lib/python3.10/dist-packages/snumsg_pkg/_snumsg_pkg_s.ep.rosidl_typesupport_introspection_c.c
[4.487s] -- Symlinking: /home/jyseo/snuboat/ws/install/snumsg_pkg/local/lib/python3.10/dist-packages/snumsg_pkg/libsnumsg_pkg__rosidl_generator_py.so
[4.494s] -- Symlinking: /home/jyseo/snuboat/ws/install/snumsg_pkg/local/lib/python3.10/dist-packages/snumsg_pkg/msg/__init__.py
[4.504s] -- Symlinking: /home/jyseo/snuboat/ws/install/snumsg_pkg/local/lib/python3.10/dist-packages/snumsg_pkg/msg/_mission_code.py
[4.513s] -- Symlinking: /home/jyseo/snuboat/ws/install/snumsg_pkg/local/lib/python3.10/dist-packages/snumsg_pkg/msg/_mission_code_s.c
[4.521s] -- Symlinking: /home/jyseo/snuboat/ws/install/snumsg_pkg/local/lib/python3.10/dist-packages/snumsg_pkg/snumsg_pkg_s__rosidl_typesupport_c.cpython-310-x86_64-linux-gnu.so
[4.530s] -- Symlinking: /home/jyseo/snuboat/ws/install/snumsg_pkg/local/lib/python3.10/dist-packages/snumsg_pkg/snumsg_pkg_s__rosidl_typesupport_fastrtps_c.cpython-310-x86_64-linux-gnu.so
[4.539s] -- Symlinking: /home/jyseo/snuboat/ws/install/snumsg_pkg/local/lib/python3.10/dist-packages/snumsg_pkg/snumsg_pkg_s__rosidl_typesupport_introspection_c.cpython-310-x86_64-linux-gnu.so
[4.548s] -- Up-to-date symlink: /home/jyseo/snuboat/ws/install/snumsg_pkg/local/lib/python3.10/dist-packages/snumsg_pkg/snumsg_pkg_s__rosidl_typesupport_fastrtps_c.cpython-310-x86_64-linux-gnu.so
[4.548s] -- Up-to-date symlink: /home/jyseo/snuboat/ws/install/snumsg_pkg/local/lib/python3.10/dist-packages/snumsg_pkg/snumsg_pkg_s__rosidl_typesupport_introspection_c.cpython-310-x86_64-linux-gnu.so
[4.548s] -- Up-to-date symlink: /home/jyseo/snuboat/ws/install/snumsg_pkg/local/lib/python3.10/dist-packages/snumsg_pkg/snumsg_pkg_s__rosidl_typesupport_c.cpython-310-x86_64-linux-gnu.so
[4.549s] -- Symlinking: /home/jyseo/snuboat/ws/install/snumsg_pkg/share/snumsg_pkg/msg/MissionCode.idl
[4.559s] -- Symlinking: /home/jyseo/snuboat/ws/install/snumsg_pkg/share/snumsg_pkg/msg/MissionCode.msg
[4.568s] -- Symlinking: /home/jyseo/snuboat/ws/install/snumsg_pkg/share/ament_index/resource_index/package_run_dependencies/snumsg_pkg
[4.581s] -- Symlinking: /home/jyseo/snuboat/ws/install/snumsg_pkg/share/ament_index/resource_index/parent_prefix_path/snumsg_pkg
[4.590s] -- Symlinking: /home/jyseo/snuboat/ws/install/snumsg_pkg/share/snumsg_pkg/environment/ament_prefix_path.sh
[4.599s] -- Symlinking: /home/jyseo/snuboat/ws/install/snumsg_pkg/share/snumsg_pkg/environment/ament_prefix_path.dsv
[4.607s] -- Symlinking: /home/jyseo/snuboat/ws/install/snumsg_pkg/share/snumsg_pkg/environment/path.sh
[4.613s] -- Symlinking: /home/jyseo/snuboat/ws/install/snumsg_pkg/share/snumsg_pkg/environment/path.dsv
[4.620s] -- Symlinking: /home/jyseo/snuboat/ws/install/snumsg_pkg/share/snumsg_pkg/local_setup.bash
[4.627s] -- Symlinking: /home/jyseo/snuboat/ws/install/snumsg_pkg/share/snumsg_pkg/local_setup.sh
[4.634s] -- Symlinking: /home/jyseo/snuboat/ws/install/snumsg_pkg/share/snumsg_pkg/local_setup.zsh
[4.643s] -- Symlinking: /home/jyseo/snuboat/ws/install/snumsg_pkg/share/snumsg_pkg/local_setup.dsv
[4.650s] -- Symlinking: /home/jyseo/snuboat/ws/install/snumsg_pkg/share/snumsg_pkg/package.dsv
[4.657s] -- Symlinking: /home/jyseo/snuboat/ws/install/snumsg_pkg/share/ament_index/resource_index/packages/snumsg_pkg
[4.665s] -- Symlinking: /home/jyseo/snuboat/ws/install/snumsg_pkg/share/snumsg_pkg/cmake/rosidl_cmake-extras.cmake
[4.674s] -- Symlinking: /home/jyseo/snuboat/ws/install/snumsg_pkg/share/snumsg_pkg/cmake/ament_cmake_export_dependencies-extras.cmake
[4.681s] -- Symlinking: /home/jyseo/snuboat/ws/install/snumsg_pkg/share/snumsg_pkg/cmake/ament_cmake_export_include_directories-extras.cmake
[4.689s] -- Symlinking: /home/jyseo/snuboat/ws/install/snumsg_pkg/share/snumsg_pkg/cmake/ament_cmake_export_libraries-extras.cmake
[4.697s] -- Symlinking: /home/jyseo/snuboat/ws/install/snumsg_pkg/share/snumsg_pkg/cmake/ament_cmake_export_targets-extras.cmake
[4.704s] -- Symlinking: /home/jyseo/snuboat/ws/install/snumsg_pkg/share/snumsg_pkg/cmake/rosidl_cmake_export_typesupport_targets-extras.cmake
[4.711s] -- Symlinking: /home/jyseo/snuboat/ws/install/snumsg_pkg/share/snumsg_pkg/cmake/rosidl_cmake_export_typesupport_libraries-extras.cmake
[4.720s] -- Symlinking: /home/jyseo/snuboat/ws/install/snumsg_pkg/share/snumsg_pkg/cmake/snumsg_pkgConfig.cmake
[4.729s] -- Symlinking: /home/jyseo/snuboat/ws/install/snumsg_pkg/share/snumsg_pkg/cmake/snumsg_pkgConfig-version.cmake
[4.738s] -- Symlinking: /home/jyseo/snuboat/ws/install/snumsg_pkg/share/snumsg_pkg/package.xml
[4.747s] -- Installing: /home/jyseo/snuboat/ws/install/snumsg_pkg/lib/libsnumsg_pkg__rosidl_generator_c.so
[4.747s] -- Set runtime path of "/home/jyseo/snuboat/ws/install/snumsg_pkg/lib/libsnumsg_pkg__rosidl_generator_c.so" to ""
[4.747s] -- Installing: /home/jyseo/snuboat/ws/install/snumsg_pkg/lib/libsnumsg_pkg__rosidl_typesupport_fastrtps_c.so
[4.747s] -- Set runtime path of "/home/jyseo/snuboat/ws/install/snumsg_pkg/lib/libsnumsg_pkg__rosidl_typesupport_fastrtps_c.so" to ""
[4.747s] -- Installing: /home/jyseo/snuboat/ws/install/snumsg_pkg/lib/libsnumsg_pkg__rosidl_typesupport_fastrtps_cpp.so
[4.748s] -- Set runtime path of "/home/jyseo/snuboat/ws/install/snumsg_pkg/lib/libsnumsg_pkg__rosidl_typesupport_fastrtps_cpp.so" to ""
[4.748s] -- Installing: /home/jyseo/snuboat/ws/install/snumsg_pkg/lib/libsnumsg_pkg__rosidl_typesupport_introspection_c.so
[4.748s] -- Set runtime path of "/home/jyseo/snuboat/ws/install/snumsg_pkg/lib/libsnumsg_pkg__rosidl_typesupport_introspection_c.so" to ""
[4.748s] -- Installing: /home/jyseo/snuboat/ws/install/snumsg_pkg/lib/libsnumsg_pkg__rosidl_typesupport_c.so
[4.748s] -- Set runtime path of "/home/jyseo/snuboat/ws/install/snumsg_pkg/lib/libsnumsg_pkg__rosidl_typesupport_c.so" to ""
[4.748s] -- Installing: /home/jyseo/snuboat/ws/install/snumsg_pkg/lib/libsnumsg_pkg__rosidl_typesupport_introspection_cpp.so
[4.749s] -- Set runtime path of "/home/jyseo/snuboat/ws/install/snumsg_pkg/lib/libsnumsg_pkg__rosidl_typesupport_introspection_cpp.so" to ""
[4.749s] -- Installing: /home/jyseo/snuboat/ws/install/snumsg_pkg/lib/libsnumsg_pkg__rosidl_typesupport_cpp.so
[4.749s] -- Set runtime path of "/home/jyseo/snuboat/ws/install/snumsg_pkg/lib/libsnumsg_pkg__rosidl_typesupport_cpp.so" to ""
[4.776s] Listing '/home/jyseo/snuboat/ws/install/snumsg_pkg/local/lib/python3.10/dist-packages/snumsg_pkg'...
[4.776s] Compiling '/home/jyseo/snuboat/ws/install/snumsg_pkg/local/lib/python3.10/dist-packages/snumsg_pkg/__init__.py'...
[4.776s] Listing '/home/jyseo/snuboat/ws/install/snumsg_pkg/local/lib/python3.10/dist-packages/snumsg_pkg/msg'...
[4.776s] Compiling '/home/jyseo/snuboat/ws/install/snumsg_pkg/local/lib/python3.10/dist-packages/snumsg_pkg/msg/__init__.py'...
[4.776s] Compiling '/home/jyseo/snuboat/ws/install/snumsg_pkg/local/lib/python3.10/dist-packages/snumsg_pkg/msg/_mission_code.py'...
[4.782s] -- Installing: /home/jyseo/snuboat/ws/install/snumsg_pkg/lib/libsnumsg_pkg__rosidl_generator_py.so
[4.782s] -- Set runtime path of "/home/jyseo/snuboat/ws/install/snumsg_pkg/lib/libsnumsg_pkg__rosidl_generator_py.so" to ""
[4.782s] -- Installing: /home/jyseo/snuboat/ws/install/snumsg_pkg/share/snumsg_pkg/cmake/export_snumsg_pkg__rosidl_generator_cExport.cmake
[4.783s] -- Installing: /home/jyseo/snuboat/ws/install/snumsg_pkg/share/snumsg_pkg/cmake/export_snumsg_pkg__rosidl_generator_cExport-noconfig.cmake
[4.783s] -- Installing: /home/jyseo/snuboat/ws/install/snumsg_pkg/share/snumsg_pkg/cmake/export_snumsg_pkg__rosidl_typesupport_fastrtps_cExport.cmake
[4.783s] -- Installing: /home/jyseo/snuboat/ws/install/snumsg_pkg/share/snumsg_pkg/cmake/export_snumsg_pkg__rosidl_typesupport_fastrtps_cExport-noconfig.cmake
[4.783s] -- Installing: /home/jyseo/snuboat/ws/install/snumsg_pkg/share/snumsg_pkg/cmake/export_snumsg_pkg__rosidl_generator_cppExport.cmake
[4.783s] -- Installing: /home/jyseo/snuboat/ws/install/snumsg_pkg/share/snumsg_pkg/cmake/export_snumsg_pkg__rosidl_typesupport_fastrtps_cppExport.cmake
[4.783s] -- Installing: /home/jyseo/snuboat/ws/install/snumsg_pkg/share/snumsg_pkg/cmake/export_snumsg_pkg__rosidl_typesupport_fastrtps_cppExport-noconfig.cmake
[4.784s] -- Installing: /home/jyseo/snuboat/ws/install/snumsg_pkg/share/snumsg_pkg/cmake/snumsg_pkg__rosidl_typesupport_introspection_cExport.cmake
[4.784s] -- Installing: /home/jyseo/snuboat/ws/install/snumsg_pkg/share/snumsg_pkg/cmake/snumsg_pkg__rosidl_typesupport_introspection_cExport-noconfig.cmake
[4.784s] -- Installing: /home/jyseo/snuboat/ws/install/snumsg_pkg/share/snumsg_pkg/cmake/snumsg_pkg__rosidl_typesupport_cExport.cmake
[4.784s] -- Installing: /home/jyseo/snuboat/ws/install/snumsg_pkg/share/snumsg_pkg/cmake/snumsg_pkg__rosidl_typesupport_cExport-noconfig.cmake
[4.784s] -- Installing: /home/jyseo/snuboat/ws/install/snumsg_pkg/share/snumsg_pkg/cmake/snumsg_pkg__rosidl_typesupport_introspection_cppExport.cmake
[4.785s] -- Installing: /home/jyseo/snuboat/ws/install/snumsg_pkg/share/snumsg_pkg/cmake/snumsg_pkg__rosidl_typesupport_introspection_cppExport-noconfig.cmake
[4.785s] -- Installing: /home/jyseo/snuboat/ws/install/snumsg_pkg/share/snumsg_pkg/cmake/snumsg_pkg__rosidl_typesupport_cppExport.cmake
[4.785s] -- Installing: /home/jyseo/snuboat/ws/install/snumsg_pkg/share/snumsg_pkg/cmake/snumsg_pkg__rosidl_typesupport_cppExport-noconfig.cmake
[4.785s] -- Installing: /home/jyseo/snuboat/ws/install/snumsg_pkg/share/snumsg_pkg/cmake/export_snumsg_pkg__rosidl_generator_pyExport.cmake
[4.785s] -- Installing: /home/jyseo/snuboat/ws/install/snumsg_pkg/share/snumsg_pkg/cmake/export_snumsg_pkg__rosidl_generator_pyExport-noconfig.cmake
[4.789s] Invoked command in '/home/jyseo/snuboat/ws/build/snumsg_pkg' returned '0': CMAKE_PREFIX_PATH=${CMAKE_PREFIX_PATH}:/home/jyseo/snuboat/ws/install/snunav_pkg:/opt/ros/humble /usr/bin/cmake --install /home/jyseo/snuboat/ws/build/snumsg_pkg
