[0.201s] Invoking command in '/root/snu/snuboat/ws/build/snunav_pkg': AMENT_PREFIX_PATH=/root/snu/snuboat/ws/install/snumsg_pkg:${AMENT_PREFIX_PATH} CMAKE_PREFIX_PATH=/root/snu/snuboat/ws/install/snumsg_pkg LD_LIBRARY_PATH=/root/snu/snuboat/ws/install/snumsg_pkg/lib:${LD_LIBRARY_PATH} PYTHONPATH=/root/snu/snuboat/ws/build/snunav_pkg/prefix_override:/usr/lib/python3/dist-packages/colcon_core/task/python/colcon_distutils_commands:/root/snu/snuboat/ws/install/snunav_pkg/lib/python3.10/site-packages:/root/snu/snuboat/ws/install/snumsg_pkg/local/lib/python3.10/dist-packages:${PYTHONPATH} /usr/bin/python3 -W ignore:setup.py install is deprecated -W ignore:easy_install command is deprecated setup.py develop --editable --build-directory /root/snu/snuboat/ws/build/snunav_pkg/build --no-deps symlink_data
[0.283s] running develop
[0.323s] running egg_info
[0.323s] writing snunav_pkg.egg-info/PKG-INFO
[0.324s] writing dependency_links to snunav_pkg.egg-info/dependency_links.txt
[0.324s] writing entry points to snunav_pkg.egg-info/entry_points.txt
[0.324s] writing requirements to snunav_pkg.egg-info/requires.txt
[0.324s] writing top-level names to snunav_pkg.egg-info/top_level.txt
[0.324s] reading manifest file 'snunav_pkg.egg-info/SOURCES.txt'
[0.325s] writing manifest file 'snunav_pkg.egg-info/SOURCES.txt'
[0.325s] running build_ext
[0.325s] Creating /root/snu/snuboat/ws/install/snunav_pkg/lib/python3.10/site-packages/snunav-pkg.egg-link (link to .)
[0.326s] Installing controller script to /root/snu/snuboat/ws/install/snunav_pkg/lib/snunav_pkg
[0.326s] Installing mission_director script to /root/snu/snuboat/ws/install/snunav_pkg/lib/snunav_pkg
[0.326s] Installing motor_interface script to /root/snu/snuboat/ws/install/snunav_pkg/lib/snunav_pkg
[0.326s] Installing navigation script to /root/snu/snuboat/ws/install/snunav_pkg/lib/snunav_pkg
[0.326s] Installing sils script to /root/snu/snuboat/ws/install/snunav_pkg/lib/snunav_pkg
[0.326s] 
[0.326s] Installed /root/snu/snuboat/ws/build/snunav_pkg
[0.326s] running symlink_data
[0.337s] Invoked command in '/root/snu/snuboat/ws/build/snunav_pkg' returned '0': AMENT_PREFIX_PATH=/root/snu/snuboat/ws/install/snumsg_pkg:${AMENT_PREFIX_PATH} CMAKE_PREFIX_PATH=/root/snu/snuboat/ws/install/snumsg_pkg LD_LIBRARY_PATH=/root/snu/snuboat/ws/install/snumsg_pkg/lib:${LD_LIBRARY_PATH} PYTHONPATH=/root/snu/snuboat/ws/build/snunav_pkg/prefix_override:/usr/lib/python3/dist-packages/colcon_core/task/python/colcon_distutils_commands:/root/snu/snuboat/ws/install/snunav_pkg/lib/python3.10/site-packages:/root/snu/snuboat/ws/install/snumsg_pkg/local/lib/python3.10/dist-packages:${PYTHONPATH} /usr/bin/python3 -W ignore:setup.py install is deprecated -W ignore:easy_install command is deprecated setup.py develop --editable --build-directory /root/snu/snuboat/ws/build/snunav_pkg/build --no-deps symlink_data
