[0.010s] Invoking command in '/home/jyseo/snuboat/ws/build/snumsg_pkg': CMAKE_PREFIX_PATH=${CMAKE_PREFIX_PATH}:/home/jyseo/snuboat/ws/install/snunav_pkg:/opt/ros/humble /usr/bin/cmake /home/jyseo/snuboat/ws/src/snumsg_pkg -DCMAKE_INSTALL_PREFIX=/home/jyseo/snuboat/ws/install/snumsg_pkg
[0.019s] -- Found geometry_msgs: 4.9.0 (/opt/ros/humble/share/geometry_msgs/cmake)
[0.099s] -- Override CMake install command with custom implementation using symlinks instead of copying resources
[0.225s] -- Found rosidl_generator_c: 3.1.6 (/opt/ros/humble/share/rosidl_generator_c/cmake)
[0.227s] -- Found rosidl_adapter: 3.1.6 (/opt/ros/humble/share/rosidl_adapter/cmake)
[0.230s] -- Found rosidl_generator_cpp: 3.1.6 (/opt/ros/humble/share/rosidl_generator_cpp/cmake)
[0.236s] -- Using all available rosidl_typesupport_c: rosidl_typesupport_fastrtps_c;rosidl_typesupport_introspection_c
[0.243s] -- Using all available rosidl_typesupport_cpp: rosidl_typesupport_fastrtps_cpp;rosidl_typesupport_introspection_cpp
[0.265s] -- Found rosidl_default_generators: 1.2.0 (/opt/ros/humble/share/rosidl_default_generators/cmake)
[0.452s] -- Found ament_cmake_ros: 0.10.0 (/opt/ros/humble/share/ament_cmake_ros/cmake)
[0.733s] -- Using all available rosidl_typesupport_c: rosidl_typesupport_fastrtps_c;rosidl_typesupport_introspection_c
[0.847s] -- Using all available rosidl_typesupport_cpp: rosidl_typesupport_fastrtps_cpp;rosidl_typesupport_introspection_cpp
[0.863s] -- Found python_cmake_module: 0.10.0 (/opt/ros/humble/share/python_cmake_module/cmake)
[0.880s] -- Using PYTHON_EXECUTABLE: /usr/bin/python3
[0.880s] -- Using PYTHON_INCLUDE_DIRS: /usr/include/python3.10
[0.880s] -- Using PYTHON_LIBRARIES: /usr/lib/x86_64-linux-gnu/libpython3.10.so
[0.904s] -- Found ament_lint_auto: 0.12.12 (/opt/ros/humble/share/ament_lint_auto/cmake)
[0.911s] -- Added test 'lint_cmake' to check CMake code style
[0.912s] -- Added test 'xmllint' to check XML markup files
[0.914s] -- Configuring done
[0.940s] -- Generating done
[0.948s] -- Build files have been written to: /home/jyseo/snuboat/ws/build/snumsg_pkg
[0.955s] Invoked command in '/home/jyseo/snuboat/ws/build/snumsg_pkg' returned '0': CMAKE_PREFIX_PATH=${CMAKE_PREFIX_PATH}:/home/jyseo/snuboat/ws/install/snunav_pkg:/opt/ros/humble /usr/bin/cmake /home/jyseo/snuboat/ws/src/snumsg_pkg -DCMAKE_INSTALL_PREFIX=/home/jyseo/snuboat/ws/install/snumsg_pkg
[0.956s] Invoking command in '/home/jyseo/snuboat/ws/build/snumsg_pkg': CMAKE_PREFIX_PATH=${CMAKE_PREFIX_PATH}:/home/jyseo/snuboat/ws/install/snunav_pkg:/opt/ros/humble /usr/bin/cmake --build /home/jyseo/snuboat/ws/build/snumsg_pkg -- -j48 -l48
[0.994s] [  3%] [34m[1mGenerating C code for ROS interfaces[0m
[1.004s] [  6%] [34m[1mGenerating C++ code for ROS interfaces[0m
[1.011s] [  6%] Built target ament_cmake_python_symlink_snumsg_pkg
[1.138s] [35m[1mConsolidate compiler generated dependencies of target snumsg_pkg__rosidl_generator_c[0m
[1.150s] [  9%] [32mBuilding C object CMakeFiles/snumsg_pkg__rosidl_generator_c.dir/rosidl_generator_c/snumsg_pkg/msg/detail/mission_code__functions.c.o[0m
[1.152s] [  9%] Built target snumsg_pkg__cpp
[1.157s] running egg_info
[1.157s] writing snumsg_pkg.egg-info/PKG-INFO
[1.157s] writing dependency_links to snumsg_pkg.egg-info/dependency_links.txt
[1.158s] writing top-level names to snumsg_pkg.egg-info/top_level.txt
[1.159s] reading manifest file 'snumsg_pkg.egg-info/SOURCES.txt'
[1.159s] writing manifest file 'snumsg_pkg.egg-info/SOURCES.txt'
[1.162s] [ 12%] [34m[1mGenerating C++ type support dispatch for ROS interfaces[0m
[1.162s] [ 16%] [34m[1mGenerating C++ introspection for ROS interfaces[0m
[1.163s] [ 19%] [34m[1mGenerating C++ type support for eProsima Fast-RTPS[0m
[1.188s] [ 19%] Built target ament_cmake_python_build_snumsg_pkg_egg
[1.191s] [ 22%] [32m[1mLinking C shared library libsnumsg_pkg__rosidl_generator_c.so[0m
[1.283s] [35m[1mConsolidate compiler generated dependencies of target snumsg_pkg__rosidl_typesupport_cpp[0m
[1.288s] [ 22%] Built target snumsg_pkg__rosidl_generator_c
[1.295s] [ 25%] [32mBuilding CXX object CMakeFiles/snumsg_pkg__rosidl_typesupport_cpp.dir/rosidl_typesupport_cpp/snumsg_pkg/msg/mission_code__type_support.cpp.o[0m
[1.296s] [35m[1mConsolidate compiler generated dependencies of target snumsg_pkg__rosidl_typesupport_introspection_cpp[0m
[1.296s] [35m[1mConsolidate compiler generated dependencies of target snumsg_pkg__rosidl_typesupport_fastrtps_cpp[0m
[1.298s] [ 29%] [34m[1mGenerating C type support for eProsima Fast-RTPS[0m
[1.298s] [ 32%] [34m[1mGenerating C introspection for ROS interfaces[0m
[1.299s] [ 35%] [34m[1mGenerating C type support dispatch for ROS interfaces[0m
[1.307s] [ 41%] [32mBuilding CXX object CMakeFiles/snumsg_pkg__rosidl_typesupport_introspection_cpp.dir/rosidl_typesupport_introspection_cpp/snumsg_pkg/msg/detail/mission_code__type_support.cpp.o[0m
[1.308s] [ 41%] [32mBuilding CXX object CMakeFiles/snumsg_pkg__rosidl_typesupport_fastrtps_cpp.dir/rosidl_typesupport_fastrtps_cpp/snumsg_pkg/msg/detail/dds_fastrtps/mission_code__type_support.cpp.o[0m
[1.422s] [35m[1mConsolidate compiler generated dependencies of target snumsg_pkg__rosidl_typesupport_c[0m
[1.433s] [ 45%] [32mBuilding CXX object CMakeFiles/snumsg_pkg__rosidl_typesupport_c.dir/rosidl_typesupport_c/snumsg_pkg/msg/mission_code__type_support.cpp.o[0m
[1.434s] [35m[1mConsolidate compiler generated dependencies of target snumsg_pkg__rosidl_typesupport_introspection_c[0m
[1.435s] [35m[1mConsolidate compiler generated dependencies of target snumsg_pkg__rosidl_typesupport_fastrtps_c[0m
[1.448s] [ 48%] [32mBuilding CXX object CMakeFiles/snumsg_pkg__rosidl_typesupport_fastrtps_c.dir/rosidl_typesupport_fastrtps_c/snumsg_pkg/msg/detail/mission_code__type_support_c.cpp.o[0m
[1.449s] [ 51%] [32mBuilding C object CMakeFiles/snumsg_pkg__rosidl_typesupport_introspection_c.dir/rosidl_typesupport_introspection_c/snumsg_pkg/msg/detail/mission_code__type_support.c.o[0m
[1.461s] [ 54%] [32m[1mLinking CXX shared library libsnumsg_pkg__rosidl_typesupport_c.so[0m
[1.482s] [ 58%] [32m[1mLinking C shared library libsnumsg_pkg__rosidl_typesupport_introspection_c.so[0m
[1.493s] [ 61%] [32m[1mLinking CXX shared library libsnumsg_pkg__rosidl_typesupport_cpp.so[0m
[1.551s] [ 61%] Built target snumsg_pkg__rosidl_typesupport_c
[1.564s] [ 61%] Built target snumsg_pkg__rosidl_typesupport_introspection_c
[1.567s] [ 64%] [32m[1mLinking CXX shared library libsnumsg_pkg__rosidl_typesupport_introspection_cpp.so[0m
[1.569s] [ 67%] [32m[1mLinking CXX shared library libsnumsg_pkg__rosidl_typesupport_fastrtps_cpp.so[0m
[1.571s] [ 67%] Built target snumsg_pkg__rosidl_typesupport_cpp
[1.662s] [ 67%] Built target snumsg_pkg__rosidl_typesupport_introspection_cpp
[1.669s] [ 70%] [32m[1mLinking CXX shared library libsnumsg_pkg__rosidl_typesupport_fastrtps_c.so[0m
[1.669s] [ 70%] Built target snumsg_pkg__rosidl_typesupport_fastrtps_cpp
[1.796s] [ 70%] Built target snumsg_pkg__rosidl_typesupport_fastrtps_c
[1.816s] [ 70%] Built target snumsg_pkg
[1.837s] [ 74%] [34m[1mGenerating Python code for ROS interfaces[0m
[1.999s] [ 74%] Built target snumsg_pkg__py
[2.008s] [35m[1mConsolidate compiler generated dependencies of target snumsg_pkg__rosidl_generator_py[0m
[2.019s] [ 77%] [32mBuilding C object CMakeFiles/snumsg_pkg__rosidl_generator_py.dir/rosidl_generator_py/snumsg_pkg/msg/_mission_code_s.c.o[0m
[2.091s] [ 80%] [32m[1mLinking C shared library rosidl_generator_py/snumsg_pkg/libsnumsg_pkg__rosidl_generator_py.so[0m
[2.187s] [ 80%] Built target snumsg_pkg__rosidl_generator_py
[2.197s] [35m[1mConsolidate compiler generated dependencies of target snumsg_pkg__rosidl_typesupport_fastrtps_c__pyext[0m
[2.197s] [35m[1mConsolidate compiler generated dependencies of target snumsg_pkg__rosidl_typesupport_introspection_c__pyext[0m
[2.197s] [35m[1mConsolidate compiler generated dependencies of target snumsg_pkg__rosidl_typesupport_c__pyext[0m
[2.209s] [ 83%] [32mBuilding C object CMakeFiles/snumsg_pkg__rosidl_typesupport_introspection_c__pyext.dir/rosidl_generator_py/snumsg_pkg/_snumsg_pkg_s.ep.rosidl_typesupport_introspection_c.c.o[0m
[2.210s] [ 87%] [32mBuilding C object CMakeFiles/snumsg_pkg__rosidl_typesupport_fastrtps_c__pyext.dir/rosidl_generator_py/snumsg_pkg/_snumsg_pkg_s.ep.rosidl_typesupport_fastrtps_c.c.o[0m
[2.210s] [ 90%] [32mBuilding C object CMakeFiles/snumsg_pkg__rosidl_typesupport_c__pyext.dir/rosidl_generator_py/snumsg_pkg/_snumsg_pkg_s.ep.rosidl_typesupport_c.c.o[0m
[2.285s] [ 93%] [32m[1mLinking C shared library rosidl_generator_py/snumsg_pkg/snumsg_pkg_s__rosidl_typesupport_c.cpython-310-x86_64-linux-gnu.so[0m
[2.286s] [100%] [32m[1mLinking C shared library rosidl_generator_py/snumsg_pkg/snumsg_pkg_s__rosidl_typesupport_fastrtps_c.cpython-310-x86_64-linux-gnu.so[0m
[2.286s] [100%] [32m[1mLinking C shared library rosidl_generator_py/snumsg_pkg/snumsg_pkg_s__rosidl_typesupport_introspection_c.cpython-310-x86_64-linux-gnu.so[0m
[2.359s] [100%] Built target snumsg_pkg__rosidl_typesupport_c__pyext
[2.359s] [100%] Built target snumsg_pkg__rosidl_typesupport_fastrtps_c__pyext
[2.359s] [100%] Built target snumsg_pkg__rosidl_typesupport_introspection_c__pyext
[2.370s] Invoked command in '/home/jyseo/snuboat/ws/build/snumsg_pkg' returned '0': CMAKE_PREFIX_PATH=${CMAKE_PREFIX_PATH}:/home/jyseo/snuboat/ws/install/snunav_pkg:/opt/ros/humble /usr/bin/cmake --build /home/jyseo/snuboat/ws/build/snumsg_pkg -- -j48 -l48
[2.380s] Invoking command in '/home/jyseo/snuboat/ws/build/snumsg_pkg': CMAKE_PREFIX_PATH=${CMAKE_PREFIX_PATH}:/home/jyseo/snuboat/ws/install/snunav_pkg:/opt/ros/humble /usr/bin/cmake --install /home/jyseo/snuboat/ws/build/snumsg_pkg
[2.386s] -- Install configuration: ""
[2.387s] -- Execute custom install script
[2.387s] -- Up-to-date symlink: /home/jyseo/snuboat/ws/install/snumsg_pkg/share/ament_index/resource_index/rosidl_interfaces/snumsg_pkg
[2.387s] -- Up-to-date symlink: /home/jyseo/snuboat/ws/install/snumsg_pkg/include/snumsg_pkg/snumsg_pkg/msg/detail/mission_code__functions.h
[2.387s] -- Up-to-date symlink: /home/jyseo/snuboat/ws/install/snumsg_pkg/include/snumsg_pkg/snumsg_pkg/msg/detail/mission_code__struct.h
[2.388s] -- Up-to-date symlink: /home/jyseo/snuboat/ws/install/snumsg_pkg/include/snumsg_pkg/snumsg_pkg/msg/detail/mission_code__type_support.h
[2.388s] -- Up-to-date symlink: /home/jyseo/snuboat/ws/install/snumsg_pkg/include/snumsg_pkg/snumsg_pkg/msg/mission_code.h
[2.388s] -- Up-to-date symlink: /home/jyseo/snuboat/ws/install/snumsg_pkg/include/snumsg_pkg/snumsg_pkg/msg/rosidl_generator_c__visibility_control.h
[2.388s] -- Up-to-date symlink: /home/jyseo/snuboat/ws/install/snumsg_pkg/share/snumsg_pkg/environment/library_path.sh
[2.388s] -- Up-to-date symlink: /home/jyseo/snuboat/ws/install/snumsg_pkg/share/snumsg_pkg/environment/library_path.dsv
[2.388s] -- Up-to-date symlink: /home/jyseo/snuboat/ws/install/snumsg_pkg/include/snumsg_pkg/snumsg_pkg/msg/detail/mission_code__rosidl_typesupport_fastrtps_c.h
[2.388s] -- Up-to-date symlink: /home/jyseo/snuboat/ws/install/snumsg_pkg/include/snumsg_pkg/snumsg_pkg/msg/rosidl_typesupport_fastrtps_c__visibility_control.h
[2.389s] -- Up-to-date symlink: /home/jyseo/snuboat/ws/install/snumsg_pkg/include/snumsg_pkg/snumsg_pkg/msg/detail/mission_code__builder.hpp
[2.389s] -- Up-to-date symlink: /home/jyseo/snuboat/ws/install/snumsg_pkg/include/snumsg_pkg/snumsg_pkg/msg/detail/mission_code__struct.hpp
[2.389s] -- Up-to-date symlink: /home/jyseo/snuboat/ws/install/snumsg_pkg/include/snumsg_pkg/snumsg_pkg/msg/detail/mission_code__traits.hpp
[2.389s] -- Up-to-date symlink: /home/jyseo/snuboat/ws/install/snumsg_pkg/include/snumsg_pkg/snumsg_pkg/msg/detail/mission_code__type_support.hpp
[2.389s] -- Up-to-date symlink: /home/jyseo/snuboat/ws/install/snumsg_pkg/include/snumsg_pkg/snumsg_pkg/msg/mission_code.hpp
[2.389s] -- Up-to-date symlink: /home/jyseo/snuboat/ws/install/snumsg_pkg/include/snumsg_pkg/snumsg_pkg/msg/rosidl_generator_cpp__visibility_control.hpp
[2.389s] -- Up-to-date symlink: /home/jyseo/snuboat/ws/install/snumsg_pkg/include/snumsg_pkg/snumsg_pkg/msg/detail/mission_code__rosidl_typesupport_fastrtps_cpp.hpp
[2.390s] -- Up-to-date symlink: /home/jyseo/snuboat/ws/install/snumsg_pkg/include/snumsg_pkg/snumsg_pkg/msg/rosidl_typesupport_fastrtps_cpp__visibility_control.h
[2.390s] -- Up-to-date symlink: /home/jyseo/snuboat/ws/install/snumsg_pkg/include/snumsg_pkg/snumsg_pkg/msg/detail/mission_code__rosidl_typesupport_introspection_c.h
[2.390s] -- Up-to-date symlink: /home/jyseo/snuboat/ws/install/snumsg_pkg/include/snumsg_pkg/snumsg_pkg/msg/rosidl_typesupport_introspection_c__visibility_control.h
[2.390s] -- Up-to-date symlink: /home/jyseo/snuboat/ws/install/snumsg_pkg/include/snumsg_pkg/snumsg_pkg/msg/detail/mission_code__rosidl_typesupport_introspection_cpp.hpp
[2.390s] -- Up-to-date symlink: /home/jyseo/snuboat/ws/install/snumsg_pkg/share/snumsg_pkg/environment/pythonpath.sh
[2.390s] -- Up-to-date symlink: /home/jyseo/snuboat/ws/install/snumsg_pkg/share/snumsg_pkg/environment/pythonpath.dsv
[2.391s] -- Up-to-date symlink: /home/jyseo/snuboat/ws/install/snumsg_pkg/local/lib/python3.10/dist-packages/snumsg_pkg-0.0.0-py3.10.egg-info/PKG-INFO
[2.391s] -- Up-to-date symlink: /home/jyseo/snuboat/ws/install/snumsg_pkg/local/lib/python3.10/dist-packages/snumsg_pkg-0.0.0-py3.10.egg-info/SOURCES.txt
[2.391s] -- Up-to-date symlink: /home/jyseo/snuboat/ws/install/snumsg_pkg/local/lib/python3.10/dist-packages/snumsg_pkg-0.0.0-py3.10.egg-info/dependency_links.txt
[2.391s] -- Up-to-date symlink: /home/jyseo/snuboat/ws/install/snumsg_pkg/local/lib/python3.10/dist-packages/snumsg_pkg-0.0.0-py3.10.egg-info/top_level.txt
[2.391s] -- Up-to-date symlink: /home/jyseo/snuboat/ws/install/snumsg_pkg/local/lib/python3.10/dist-packages/snumsg_pkg/__init__.py
[2.392s] -- Up-to-date symlink: /home/jyseo/snuboat/ws/install/snumsg_pkg/local/lib/python3.10/dist-packages/snumsg_pkg/_snumsg_pkg_s.ep.rosidl_typesupport_c.c
[2.392s] -- Up-to-date symlink: /home/jyseo/snuboat/ws/install/snumsg_pkg/local/lib/python3.10/dist-packages/snumsg_pkg/_snumsg_pkg_s.ep.rosidl_typesupport_fastrtps_c.c
[2.392s] -- Up-to-date symlink: /home/jyseo/snuboat/ws/install/snumsg_pkg/local/lib/python3.10/dist-packages/snumsg_pkg/_snumsg_pkg_s.ep.rosidl_typesupport_introspection_c.c
[2.392s] -- Up-to-date symlink: /home/jyseo/snuboat/ws/install/snumsg_pkg/local/lib/python3.10/dist-packages/snumsg_pkg/libsnumsg_pkg__rosidl_generator_py.so
[2.392s] -- Up-to-date symlink: /home/jyseo/snuboat/ws/install/snumsg_pkg/local/lib/python3.10/dist-packages/snumsg_pkg/msg/__init__.py
[2.392s] -- Up-to-date symlink: /home/jyseo/snuboat/ws/install/snumsg_pkg/local/lib/python3.10/dist-packages/snumsg_pkg/msg/_mission_code.py
[2.392s] -- Up-to-date symlink: /home/jyseo/snuboat/ws/install/snumsg_pkg/local/lib/python3.10/dist-packages/snumsg_pkg/msg/_mission_code_s.c
[2.392s] -- Up-to-date symlink: /home/jyseo/snuboat/ws/install/snumsg_pkg/local/lib/python3.10/dist-packages/snumsg_pkg/snumsg_pkg_s__rosidl_typesupport_c.cpython-310-x86_64-linux-gnu.so
[2.392s] -- Up-to-date symlink: /home/jyseo/snuboat/ws/install/snumsg_pkg/local/lib/python3.10/dist-packages/snumsg_pkg/snumsg_pkg_s__rosidl_typesupport_fastrtps_c.cpython-310-x86_64-linux-gnu.so
[2.393s] -- Up-to-date symlink: /home/jyseo/snuboat/ws/install/snumsg_pkg/local/lib/python3.10/dist-packages/snumsg_pkg/snumsg_pkg_s__rosidl_typesupport_introspection_c.cpython-310-x86_64-linux-gnu.so
[2.393s] -- Up-to-date symlink: /home/jyseo/snuboat/ws/install/snumsg_pkg/local/lib/python3.10/dist-packages/snumsg_pkg/snumsg_pkg_s__rosidl_typesupport_fastrtps_c.cpython-310-x86_64-linux-gnu.so
[2.393s] -- Up-to-date symlink: /home/jyseo/snuboat/ws/install/snumsg_pkg/local/lib/python3.10/dist-packages/snumsg_pkg/snumsg_pkg_s__rosidl_typesupport_introspection_c.cpython-310-x86_64-linux-gnu.so
[2.393s] -- Up-to-date symlink: /home/jyseo/snuboat/ws/install/snumsg_pkg/local/lib/python3.10/dist-packages/snumsg_pkg/snumsg_pkg_s__rosidl_typesupport_c.cpython-310-x86_64-linux-gnu.so
[2.394s] -- Up-to-date symlink: /home/jyseo/snuboat/ws/install/snumsg_pkg/share/snumsg_pkg/msg/MissionCode.idl
[2.394s] -- Up-to-date symlink: /home/jyseo/snuboat/ws/install/snumsg_pkg/share/snumsg_pkg/msg/MissionCode.msg
[2.394s] -- Up-to-date symlink: /home/jyseo/snuboat/ws/install/snumsg_pkg/share/ament_index/resource_index/package_run_dependencies/snumsg_pkg
[2.394s] -- Up-to-date symlink: /home/jyseo/snuboat/ws/install/snumsg_pkg/share/ament_index/resource_index/parent_prefix_path/snumsg_pkg
[2.394s] -- Up-to-date symlink: /home/jyseo/snuboat/ws/install/snumsg_pkg/share/snumsg_pkg/environment/ament_prefix_path.sh
[2.394s] -- Up-to-date symlink: /home/jyseo/snuboat/ws/install/snumsg_pkg/share/snumsg_pkg/environment/ament_prefix_path.dsv
[2.395s] -- Up-to-date symlink: /home/jyseo/snuboat/ws/install/snumsg_pkg/share/snumsg_pkg/environment/path.sh
[2.395s] -- Up-to-date symlink: /home/jyseo/snuboat/ws/install/snumsg_pkg/share/snumsg_pkg/environment/path.dsv
[2.395s] -- Up-to-date symlink: /home/jyseo/snuboat/ws/install/snumsg_pkg/share/snumsg_pkg/local_setup.bash
[2.395s] -- Up-to-date symlink: /home/jyseo/snuboat/ws/install/snumsg_pkg/share/snumsg_pkg/local_setup.sh
[2.395s] -- Up-to-date symlink: /home/jyseo/snuboat/ws/install/snumsg_pkg/share/snumsg_pkg/local_setup.zsh
[2.395s] -- Up-to-date symlink: /home/jyseo/snuboat/ws/install/snumsg_pkg/share/snumsg_pkg/local_setup.dsv
[2.395s] -- Symlinking: /home/jyseo/snuboat/ws/install/snumsg_pkg/share/snumsg_pkg/package.dsv
[2.403s] -- Up-to-date symlink: /home/jyseo/snuboat/ws/install/snumsg_pkg/share/ament_index/resource_index/packages/snumsg_pkg
[2.404s] -- Up-to-date symlink: /home/jyseo/snuboat/ws/install/snumsg_pkg/share/snumsg_pkg/cmake/rosidl_cmake-extras.cmake
[2.404s] -- Up-to-date symlink: /home/jyseo/snuboat/ws/install/snumsg_pkg/share/snumsg_pkg/cmake/ament_cmake_export_dependencies-extras.cmake
[2.404s] -- Up-to-date symlink: /home/jyseo/snuboat/ws/install/snumsg_pkg/share/snumsg_pkg/cmake/ament_cmake_export_include_directories-extras.cmake
[2.404s] -- Up-to-date symlink: /home/jyseo/snuboat/ws/install/snumsg_pkg/share/snumsg_pkg/cmake/ament_cmake_export_libraries-extras.cmake
[2.404s] -- Up-to-date symlink: /home/jyseo/snuboat/ws/install/snumsg_pkg/share/snumsg_pkg/cmake/ament_cmake_export_targets-extras.cmake
[2.404s] -- Up-to-date symlink: /home/jyseo/snuboat/ws/install/snumsg_pkg/share/snumsg_pkg/cmake/rosidl_cmake_export_typesupport_targets-extras.cmake
[2.404s] -- Up-to-date symlink: /home/jyseo/snuboat/ws/install/snumsg_pkg/share/snumsg_pkg/cmake/rosidl_cmake_export_typesupport_libraries-extras.cmake
[2.404s] -- Up-to-date symlink: /home/jyseo/snuboat/ws/install/snumsg_pkg/share/snumsg_pkg/cmake/snumsg_pkgConfig.cmake
[2.405s] -- Up-to-date symlink: /home/jyseo/snuboat/ws/install/snumsg_pkg/share/snumsg_pkg/cmake/snumsg_pkgConfig-version.cmake
[2.405s] -- Up-to-date symlink: /home/jyseo/snuboat/ws/install/snumsg_pkg/share/snumsg_pkg/package.xml
[2.405s] -- Installing: /home/jyseo/snuboat/ws/install/snumsg_pkg/lib/libsnumsg_pkg__rosidl_generator_c.so
[2.405s] -- Set runtime path of "/home/jyseo/snuboat/ws/install/snumsg_pkg/lib/libsnumsg_pkg__rosidl_generator_c.so" to ""
[2.405s] -- Installing: /home/jyseo/snuboat/ws/install/snumsg_pkg/lib/libsnumsg_pkg__rosidl_typesupport_fastrtps_c.so
[2.406s] -- Set runtime path of "/home/jyseo/snuboat/ws/install/snumsg_pkg/lib/libsnumsg_pkg__rosidl_typesupport_fastrtps_c.so" to ""
[2.406s] -- Installing: /home/jyseo/snuboat/ws/install/snumsg_pkg/lib/libsnumsg_pkg__rosidl_typesupport_fastrtps_cpp.so
[2.406s] -- Set runtime path of "/home/jyseo/snuboat/ws/install/snumsg_pkg/lib/libsnumsg_pkg__rosidl_typesupport_fastrtps_cpp.so" to ""
[2.406s] -- Installing: /home/jyseo/snuboat/ws/install/snumsg_pkg/lib/libsnumsg_pkg__rosidl_typesupport_introspection_c.so
[2.407s] -- Set runtime path of "/home/jyseo/snuboat/ws/install/snumsg_pkg/lib/libsnumsg_pkg__rosidl_typesupport_introspection_c.so" to ""
[2.407s] -- Installing: /home/jyseo/snuboat/ws/install/snumsg_pkg/lib/libsnumsg_pkg__rosidl_typesupport_c.so
[2.407s] -- Set runtime path of "/home/jyseo/snuboat/ws/install/snumsg_pkg/lib/libsnumsg_pkg__rosidl_typesupport_c.so" to ""
[2.407s] -- Installing: /home/jyseo/snuboat/ws/install/snumsg_pkg/lib/libsnumsg_pkg__rosidl_typesupport_introspection_cpp.so
[2.408s] -- Set runtime path of "/home/jyseo/snuboat/ws/install/snumsg_pkg/lib/libsnumsg_pkg__rosidl_typesupport_introspection_cpp.so" to ""
[2.408s] -- Installing: /home/jyseo/snuboat/ws/install/snumsg_pkg/lib/libsnumsg_pkg__rosidl_typesupport_cpp.so
[2.408s] -- Set runtime path of "/home/jyseo/snuboat/ws/install/snumsg_pkg/lib/libsnumsg_pkg__rosidl_typesupport_cpp.so" to ""
[2.432s] Listing '/home/jyseo/snuboat/ws/install/snumsg_pkg/local/lib/python3.10/dist-packages/snumsg_pkg'...
[2.432s] Compiling '/home/jyseo/snuboat/ws/install/snumsg_pkg/local/lib/python3.10/dist-packages/snumsg_pkg/__init__.py'...
[2.433s] Listing '/home/jyseo/snuboat/ws/install/snumsg_pkg/local/lib/python3.10/dist-packages/snumsg_pkg/msg'...
[2.433s] Compiling '/home/jyseo/snuboat/ws/install/snumsg_pkg/local/lib/python3.10/dist-packages/snumsg_pkg/msg/__init__.py'...
[2.433s] Compiling '/home/jyseo/snuboat/ws/install/snumsg_pkg/local/lib/python3.10/dist-packages/snumsg_pkg/msg/_mission_code.py'...
[2.436s] -- Installing: /home/jyseo/snuboat/ws/install/snumsg_pkg/lib/libsnumsg_pkg__rosidl_generator_py.so
[2.437s] -- Set runtime path of "/home/jyseo/snuboat/ws/install/snumsg_pkg/lib/libsnumsg_pkg__rosidl_generator_py.so" to ""
[2.437s] -- Up-to-date: /home/jyseo/snuboat/ws/install/snumsg_pkg/share/snumsg_pkg/cmake/export_snumsg_pkg__rosidl_generator_cExport.cmake
[2.438s] -- Up-to-date: /home/jyseo/snuboat/ws/install/snumsg_pkg/share/snumsg_pkg/cmake/export_snumsg_pkg__rosidl_generator_cExport-noconfig.cmake
[2.438s] -- Up-to-date: /home/jyseo/snuboat/ws/install/snumsg_pkg/share/snumsg_pkg/cmake/export_snumsg_pkg__rosidl_typesupport_fastrtps_cExport.cmake
[2.438s] -- Up-to-date: /home/jyseo/snuboat/ws/install/snumsg_pkg/share/snumsg_pkg/cmake/export_snumsg_pkg__rosidl_typesupport_fastrtps_cExport-noconfig.cmake
[2.438s] -- Up-to-date: /home/jyseo/snuboat/ws/install/snumsg_pkg/share/snumsg_pkg/cmake/export_snumsg_pkg__rosidl_generator_cppExport.cmake
[2.438s] -- Up-to-date: /home/jyseo/snuboat/ws/install/snumsg_pkg/share/snumsg_pkg/cmake/export_snumsg_pkg__rosidl_typesupport_fastrtps_cppExport.cmake
[2.438s] -- Up-to-date: /home/jyseo/snuboat/ws/install/snumsg_pkg/share/snumsg_pkg/cmake/export_snumsg_pkg__rosidl_typesupport_fastrtps_cppExport-noconfig.cmake
[2.438s] -- Up-to-date: /home/jyseo/snuboat/ws/install/snumsg_pkg/share/snumsg_pkg/cmake/snumsg_pkg__rosidl_typesupport_introspection_cExport.cmake
[2.438s] -- Up-to-date: /home/jyseo/snuboat/ws/install/snumsg_pkg/share/snumsg_pkg/cmake/snumsg_pkg__rosidl_typesupport_introspection_cExport-noconfig.cmake
[2.439s] -- Up-to-date: /home/jyseo/snuboat/ws/install/snumsg_pkg/share/snumsg_pkg/cmake/snumsg_pkg__rosidl_typesupport_cExport.cmake
[2.439s] -- Up-to-date: /home/jyseo/snuboat/ws/install/snumsg_pkg/share/snumsg_pkg/cmake/snumsg_pkg__rosidl_typesupport_cExport-noconfig.cmake
[2.439s] -- Up-to-date: /home/jyseo/snuboat/ws/install/snumsg_pkg/share/snumsg_pkg/cmake/snumsg_pkg__rosidl_typesupport_introspection_cppExport.cmake
[2.439s] -- Up-to-date: /home/jyseo/snuboat/ws/install/snumsg_pkg/share/snumsg_pkg/cmake/snumsg_pkg__rosidl_typesupport_introspection_cppExport-noconfig.cmake
[2.439s] -- Up-to-date: /home/jyseo/snuboat/ws/install/snumsg_pkg/share/snumsg_pkg/cmake/snumsg_pkg__rosidl_typesupport_cppExport.cmake
[2.439s] -- Up-to-date: /home/jyseo/snuboat/ws/install/snumsg_pkg/share/snumsg_pkg/cmake/snumsg_pkg__rosidl_typesupport_cppExport-noconfig.cmake
[2.439s] -- Up-to-date: /home/jyseo/snuboat/ws/install/snumsg_pkg/share/snumsg_pkg/cmake/export_snumsg_pkg__rosidl_generator_pyExport.cmake
[2.439s] -- Up-to-date: /home/jyseo/snuboat/ws/install/snumsg_pkg/share/snumsg_pkg/cmake/export_snumsg_pkg__rosidl_generator_pyExport-noconfig.cmake
[2.441s] Invoked command in '/home/jyseo/snuboat/ws/build/snumsg_pkg' returned '0': CMAKE_PREFIX_PATH=${CMAKE_PREFIX_PATH}:/home/jyseo/snuboat/ws/install/snunav_pkg:/opt/ros/humble /usr/bin/cmake --install /home/jyseo/snuboat/ws/build/snumsg_pkg
