[0.129s] DEBUG:colcon:Command line arguments: ['/usr/bin/colcon', 'build', '--packages-select', 'snumsg_pkg', '--symlink-install']
[0.130s] DEBUG:colcon:Parsed command line arguments: Namespace(log_base=None, log_level=None, verb_name='build', build_base='build', install_base='install', merge_install=False, symlink_install=True, test_result_base=None, continue_on_error=False, executor='parallel', parallel_workers=48, event_handlers=None, ignore_user_meta=False, metas=['./colcon.meta'], base_paths=['.'], packages_ignore=None, packages_ignore_regex=None, paths=None, packages_up_to=None, packages_up_to_regex=None, packages_above=None, packages_above_and_dependencies=None, packages_above_depth=None, packages_select_by_dep=None, packages_skip_by_dep=None, packages_skip_up_to=None, packages_select_build_failed=False, packages_skip_build_finished=False, packages_select_test_failures=False, packages_skip_test_passed=False, packages_select=['snumsg_pkg'], packages_skip=None, packages_select_regex=None, packages_skip_regex=None, packages_start=None, packages_end=None, allow_overriding=[], cmake_args=None, cmake_target=None, cmake_target_skip_unavailable=False, cmake_clean_cache=False, cmake_clean_first=False, cmake_force_configure=False, ament_cmake_args=None, catkin_cmake_args=None, catkin_skip_building_tests=False, verb_parser=<colcon_defaults.argument_parser.defaults.DefaultArgumentsDecorator object at 0x7dd980823bb0>, verb_extension=<colcon_core.verb.build.BuildVerb object at 0x7dd9808235b0>, main=<bound method BuildVerb.main of <colcon_core.verb.build.BuildVerb object at 0x7dd9808235b0>>)
[0.224s] Level 1:colcon.colcon_core.package_discovery:discover_packages(colcon_meta) check parameters
[0.224s] Level 1:colcon.colcon_core.package_discovery:discover_packages(recursive) check parameters
[0.224s] Level 1:colcon.colcon_core.package_discovery:discover_packages(ignore) check parameters
[0.224s] Level 1:colcon.colcon_core.package_discovery:discover_packages(path) check parameters
[0.224s] Level 1:colcon.colcon_core.package_discovery:discover_packages(colcon_meta) discover
[0.224s] Level 1:colcon.colcon_core.package_discovery:discover_packages(recursive) discover
[0.224s] INFO:colcon.colcon_core.package_discovery:Crawling recursively for packages in '/home/jyseo/snuboat/ws'
[0.224s] Level 1:colcon.colcon_core.package_identification:_identify(.) by extensions ['ignore', 'ignore_ament_install']
[0.224s] Level 1:colcon.colcon_core.package_identification:_identify(.) by extension 'ignore'
[0.224s] Level 1:colcon.colcon_core.package_identification:_identify(.) by extension 'ignore_ament_install'
[0.224s] Level 1:colcon.colcon_core.package_identification:_identify(.) by extensions ['colcon_pkg']
[0.224s] Level 1:colcon.colcon_core.package_identification:_identify(.) by extension 'colcon_pkg'
[0.224s] Level 1:colcon.colcon_core.package_identification:_identify(.) by extensions ['colcon_meta']
[0.224s] Level 1:colcon.colcon_core.package_identification:_identify(.) by extension 'colcon_meta'
[0.224s] Level 1:colcon.colcon_core.package_identification:_identify(.) by extensions ['ros']
[0.224s] Level 1:colcon.colcon_core.package_identification:_identify(.) by extension 'ros'
[0.233s] Level 1:colcon.colcon_core.package_identification:_identify(.) by extensions ['cmake', 'python']
[0.233s] Level 1:colcon.colcon_core.package_identification:_identify(.) by extension 'cmake'
[0.233s] Level 1:colcon.colcon_core.package_identification:_identify(.) by extension 'python'
[0.233s] Level 1:colcon.colcon_core.package_identification:_identify(.) by extensions ['python_setup_py']
[0.233s] Level 1:colcon.colcon_core.package_identification:_identify(.) by extension 'python_setup_py'
[0.233s] Level 1:colcon.colcon_core.package_identification:_identify(build) by extensions ['ignore', 'ignore_ament_install']
[0.233s] Level 1:colcon.colcon_core.package_identification:_identify(build) by extension 'ignore'
[0.233s] Level 1:colcon.colcon_core.package_identification:_identify(build) ignored
[0.233s] Level 1:colcon.colcon_core.package_identification:_identify(install) by extensions ['ignore', 'ignore_ament_install']
[0.233s] Level 1:colcon.colcon_core.package_identification:_identify(install) by extension 'ignore'
[0.234s] Level 1:colcon.colcon_core.package_identification:_identify(install) ignored
[0.234s] Level 1:colcon.colcon_core.package_identification:_identify(log) by extensions ['ignore', 'ignore_ament_install']
[0.234s] Level 1:colcon.colcon_core.package_identification:_identify(log) by extension 'ignore'
[0.234s] Level 1:colcon.colcon_core.package_identification:_identify(log) ignored
[0.234s] Level 1:colcon.colcon_core.package_identification:_identify(src) by extensions ['ignore', 'ignore_ament_install']
[0.234s] Level 1:colcon.colcon_core.package_identification:_identify(src) by extension 'ignore'
[0.234s] Level 1:colcon.colcon_core.package_identification:_identify(src) by extension 'ignore_ament_install'
[0.234s] Level 1:colcon.colcon_core.package_identification:_identify(src) by extensions ['colcon_pkg']
[0.234s] Level 1:colcon.colcon_core.package_identification:_identify(src) by extension 'colcon_pkg'
[0.234s] Level 1:colcon.colcon_core.package_identification:_identify(src) by extensions ['colcon_meta']
[0.234s] Level 1:colcon.colcon_core.package_identification:_identify(src) by extension 'colcon_meta'
[0.234s] Level 1:colcon.colcon_core.package_identification:_identify(src) by extensions ['ros']
[0.234s] Level 1:colcon.colcon_core.package_identification:_identify(src) by extension 'ros'
[0.234s] Level 1:colcon.colcon_core.package_identification:_identify(src) by extensions ['cmake', 'python']
[0.234s] Level 1:colcon.colcon_core.package_identification:_identify(src) by extension 'cmake'
[0.234s] Level 1:colcon.colcon_core.package_identification:_identify(src) by extension 'python'
[0.234s] Level 1:colcon.colcon_core.package_identification:_identify(src) by extensions ['python_setup_py']
[0.234s] Level 1:colcon.colcon_core.package_identification:_identify(src) by extension 'python_setup_py'
[0.234s] Level 1:colcon.colcon_core.package_identification:_identify(src/sensor_pkg) by extensions ['ignore', 'ignore_ament_install']
[0.234s] Level 1:colcon.colcon_core.package_identification:_identify(src/sensor_pkg) by extension 'ignore'
[0.234s] Level 1:colcon.colcon_core.package_identification:_identify(src/sensor_pkg) by extension 'ignore_ament_install'
[0.234s] Level 1:colcon.colcon_core.package_identification:_identify(src/sensor_pkg) by extensions ['colcon_pkg']
[0.234s] Level 1:colcon.colcon_core.package_identification:_identify(src/sensor_pkg) by extension 'colcon_pkg'
[0.234s] Level 1:colcon.colcon_core.package_identification:_identify(src/sensor_pkg) by extensions ['colcon_meta']
[0.234s] Level 1:colcon.colcon_core.package_identification:_identify(src/sensor_pkg) by extension 'colcon_meta'
[0.234s] Level 1:colcon.colcon_core.package_identification:_identify(src/sensor_pkg) by extensions ['ros']
[0.234s] Level 1:colcon.colcon_core.package_identification:_identify(src/sensor_pkg) by extension 'ros'
[0.234s] Level 1:colcon.colcon_core.package_identification:_identify(src/sensor_pkg) by extensions ['cmake', 'python']
[0.234s] Level 1:colcon.colcon_core.package_identification:_identify(src/sensor_pkg) by extension 'cmake'
[0.234s] Level 1:colcon.colcon_core.package_identification:_identify(src/sensor_pkg) by extension 'python'
[0.234s] Level 1:colcon.colcon_core.package_identification:_identify(src/sensor_pkg) by extensions ['python_setup_py']
[0.234s] Level 1:colcon.colcon_core.package_identification:_identify(src/sensor_pkg) by extension 'python_setup_py'
[0.234s] Level 1:colcon.colcon_core.package_identification:_identify(src/sensor_pkg/LIO-SAM) by extensions ['ignore', 'ignore_ament_install']
[0.234s] Level 1:colcon.colcon_core.package_identification:_identify(src/sensor_pkg/LIO-SAM) by extension 'ignore'
[0.234s] Level 1:colcon.colcon_core.package_identification:_identify(src/sensor_pkg/LIO-SAM) by extension 'ignore_ament_install'
[0.234s] Level 1:colcon.colcon_core.package_identification:_identify(src/sensor_pkg/LIO-SAM) by extensions ['colcon_pkg']
[0.234s] Level 1:colcon.colcon_core.package_identification:_identify(src/sensor_pkg/LIO-SAM) by extension 'colcon_pkg'
[0.234s] Level 1:colcon.colcon_core.package_identification:_identify(src/sensor_pkg/LIO-SAM) by extensions ['colcon_meta']
[0.234s] Level 1:colcon.colcon_core.package_identification:_identify(src/sensor_pkg/LIO-SAM) by extension 'colcon_meta'
[0.234s] Level 1:colcon.colcon_core.package_identification:_identify(src/sensor_pkg/LIO-SAM) by extensions ['ros']
[0.234s] Level 1:colcon.colcon_core.package_identification:_identify(src/sensor_pkg/LIO-SAM) by extension 'ros'
[0.236s] DEBUG:colcon.colcon_core.package_identification:Package 'src/sensor_pkg/LIO-SAM' with type 'ros.ament_cmake' and name 'lio_sam'
[0.236s] Level 1:colcon.colcon_core.package_identification:_identify(src/sensor_pkg/kiss-icp) by extensions ['ignore', 'ignore_ament_install']
[0.237s] Level 1:colcon.colcon_core.package_identification:_identify(src/sensor_pkg/kiss-icp) by extension 'ignore'
[0.237s] Level 1:colcon.colcon_core.package_identification:_identify(src/sensor_pkg/kiss-icp) by extension 'ignore_ament_install'
[0.237s] Level 1:colcon.colcon_core.package_identification:_identify(src/sensor_pkg/kiss-icp) by extensions ['colcon_pkg']
[0.237s] Level 1:colcon.colcon_core.package_identification:_identify(src/sensor_pkg/kiss-icp) by extension 'colcon_pkg'
[0.237s] Level 1:colcon.colcon_core.package_identification:_identify(src/sensor_pkg/kiss-icp) by extensions ['colcon_meta']
[0.237s] Level 1:colcon.colcon_core.package_identification:_identify(src/sensor_pkg/kiss-icp) by extension 'colcon_meta'
[0.237s] Level 1:colcon.colcon_core.package_identification:_identify(src/sensor_pkg/kiss-icp) by extensions ['ros']
[0.237s] Level 1:colcon.colcon_core.package_identification:_identify(src/sensor_pkg/kiss-icp) by extension 'ros'
[0.237s] Level 1:colcon.colcon_core.package_identification:_identify(src/sensor_pkg/kiss-icp) by extensions ['cmake', 'python']
[0.237s] Level 1:colcon.colcon_core.package_identification:_identify(src/sensor_pkg/kiss-icp) by extension 'cmake'
[0.237s] Level 1:colcon.colcon_core.package_identification:_identify(src/sensor_pkg/kiss-icp) by extension 'python'
[0.237s] Level 1:colcon.colcon_core.package_identification:_identify(src/sensor_pkg/kiss-icp) by extensions ['python_setup_py']
[0.237s] Level 1:colcon.colcon_core.package_identification:_identify(src/sensor_pkg/kiss-icp) by extension 'python_setup_py'
[0.237s] Level 1:colcon.colcon_core.package_identification:_identify(src/sensor_pkg/kiss-icp/config) by extensions ['ignore', 'ignore_ament_install']
[0.237s] Level 1:colcon.colcon_core.package_identification:_identify(src/sensor_pkg/kiss-icp/config) by extension 'ignore'
[0.237s] Level 1:colcon.colcon_core.package_identification:_identify(src/sensor_pkg/kiss-icp/config) by extension 'ignore_ament_install'
[0.237s] Level 1:colcon.colcon_core.package_identification:_identify(src/sensor_pkg/kiss-icp/config) by extensions ['colcon_pkg']
[0.237s] Level 1:colcon.colcon_core.package_identification:_identify(src/sensor_pkg/kiss-icp/config) by extension 'colcon_pkg'
[0.237s] Level 1:colcon.colcon_core.package_identification:_identify(src/sensor_pkg/kiss-icp/config) by extensions ['colcon_meta']
[0.237s] Level 1:colcon.colcon_core.package_identification:_identify(src/sensor_pkg/kiss-icp/config) by extension 'colcon_meta'
[0.237s] Level 1:colcon.colcon_core.package_identification:_identify(src/sensor_pkg/kiss-icp/config) by extensions ['ros']
[0.237s] Level 1:colcon.colcon_core.package_identification:_identify(src/sensor_pkg/kiss-icp/config) by extension 'ros'
[0.237s] Level 1:colcon.colcon_core.package_identification:_identify(src/sensor_pkg/kiss-icp/config) by extensions ['cmake', 'python']
[0.237s] Level 1:colcon.colcon_core.package_identification:_identify(src/sensor_pkg/kiss-icp/config) by extension 'cmake'
[0.237s] Level 1:colcon.colcon_core.package_identification:_identify(src/sensor_pkg/kiss-icp/config) by extension 'python'
[0.237s] Level 1:colcon.colcon_core.package_identification:_identify(src/sensor_pkg/kiss-icp/config) by extensions ['python_setup_py']
[0.237s] Level 1:colcon.colcon_core.package_identification:_identify(src/sensor_pkg/kiss-icp/config) by extension 'python_setup_py'
[0.237s] Level 1:colcon.colcon_core.package_identification:_identify(src/sensor_pkg/kiss-icp/cpp) by extensions ['ignore', 'ignore_ament_install']
[0.237s] Level 1:colcon.colcon_core.package_identification:_identify(src/sensor_pkg/kiss-icp/cpp) by extension 'ignore'
[0.237s] Level 1:colcon.colcon_core.package_identification:_identify(src/sensor_pkg/kiss-icp/cpp) ignored
[0.237s] Level 1:colcon.colcon_core.package_identification:_identify(src/sensor_pkg/kiss-icp/eval) by extensions ['ignore', 'ignore_ament_install']
[0.237s] Level 1:colcon.colcon_core.package_identification:_identify(src/sensor_pkg/kiss-icp/eval) by extension 'ignore'
[0.237s] Level 1:colcon.colcon_core.package_identification:_identify(src/sensor_pkg/kiss-icp/eval) by extension 'ignore_ament_install'
[0.237s] Level 1:colcon.colcon_core.package_identification:_identify(src/sensor_pkg/kiss-icp/eval) by extensions ['colcon_pkg']
[0.237s] Level 1:colcon.colcon_core.package_identification:_identify(src/sensor_pkg/kiss-icp/eval) by extension 'colcon_pkg'
[0.238s] Level 1:colcon.colcon_core.package_identification:_identify(src/sensor_pkg/kiss-icp/eval) by extensions ['colcon_meta']
[0.238s] Level 1:colcon.colcon_core.package_identification:_identify(src/sensor_pkg/kiss-icp/eval) by extension 'colcon_meta'
[0.238s] Level 1:colcon.colcon_core.package_identification:_identify(src/sensor_pkg/kiss-icp/eval) by extensions ['ros']
[0.238s] Level 1:colcon.colcon_core.package_identification:_identify(src/sensor_pkg/kiss-icp/eval) by extension 'ros'
[0.238s] Level 1:colcon.colcon_core.package_identification:_identify(src/sensor_pkg/kiss-icp/eval) by extensions ['cmake', 'python']
[0.238s] Level 1:colcon.colcon_core.package_identification:_identify(src/sensor_pkg/kiss-icp/eval) by extension 'cmake'
[0.238s] Level 1:colcon.colcon_core.package_identification:_identify(src/sensor_pkg/kiss-icp/eval) by extension 'python'
[0.238s] Level 1:colcon.colcon_core.package_identification:_identify(src/sensor_pkg/kiss-icp/eval) by extensions ['python_setup_py']
[0.238s] Level 1:colcon.colcon_core.package_identification:_identify(src/sensor_pkg/kiss-icp/eval) by extension 'python_setup_py'
[0.238s] Level 1:colcon.colcon_core.package_identification:_identify(src/sensor_pkg/kiss-icp/python) by extensions ['ignore', 'ignore_ament_install']
[0.238s] Level 1:colcon.colcon_core.package_identification:_identify(src/sensor_pkg/kiss-icp/python) by extension 'ignore'
[0.238s] Level 1:colcon.colcon_core.package_identification:_identify(src/sensor_pkg/kiss-icp/python) ignored
[0.238s] Level 1:colcon.colcon_core.package_identification:_identify(src/sensor_pkg/kiss-icp/ros) by extensions ['ignore', 'ignore_ament_install']
[0.238s] Level 1:colcon.colcon_core.package_identification:_identify(src/sensor_pkg/kiss-icp/ros) by extension 'ignore'
[0.238s] Level 1:colcon.colcon_core.package_identification:_identify(src/sensor_pkg/kiss-icp/ros) by extension 'ignore_ament_install'
[0.238s] Level 1:colcon.colcon_core.package_identification:_identify(src/sensor_pkg/kiss-icp/ros) by extensions ['colcon_pkg']
[0.238s] Level 1:colcon.colcon_core.package_identification:_identify(src/sensor_pkg/kiss-icp/ros) by extension 'colcon_pkg'
[0.238s] Level 1:colcon.colcon_core.package_identification:_identify(src/sensor_pkg/kiss-icp/ros) by extensions ['colcon_meta']
[0.238s] Level 1:colcon.colcon_core.package_identification:_identify(src/sensor_pkg/kiss-icp/ros) by extension 'colcon_meta'
[0.238s] Level 1:colcon.colcon_core.package_identification:_identify(src/sensor_pkg/kiss-icp/ros) by extensions ['ros']
[0.238s] Level 1:colcon.colcon_core.package_identification:_identify(src/sensor_pkg/kiss-icp/ros) by extension 'ros'
[0.239s] DEBUG:colcon.colcon_core.package_identification:Package 'src/sensor_pkg/kiss-icp/ros' with type 'ros.ament_cmake' and name 'kiss_icp'
[0.239s] Level 1:colcon.colcon_core.package_identification:_identify(src/sensor_pkg/microstrain_inertial) by extensions ['ignore', 'ignore_ament_install']
[0.239s] Level 1:colcon.colcon_core.package_identification:_identify(src/sensor_pkg/microstrain_inertial) by extension 'ignore'
[0.239s] Level 1:colcon.colcon_core.package_identification:_identify(src/sensor_pkg/microstrain_inertial) by extension 'ignore_ament_install'
[0.239s] Level 1:colcon.colcon_core.package_identification:_identify(src/sensor_pkg/microstrain_inertial) by extensions ['colcon_pkg']
[0.239s] Level 1:colcon.colcon_core.package_identification:_identify(src/sensor_pkg/microstrain_inertial) by extension 'colcon_pkg'
[0.239s] Level 1:colcon.colcon_core.package_identification:_identify(src/sensor_pkg/microstrain_inertial) by extensions ['colcon_meta']
[0.239s] Level 1:colcon.colcon_core.package_identification:_identify(src/sensor_pkg/microstrain_inertial) by extension 'colcon_meta'
[0.239s] Level 1:colcon.colcon_core.package_identification:_identify(src/sensor_pkg/microstrain_inertial) by extensions ['ros']
[0.239s] Level 1:colcon.colcon_core.package_identification:_identify(src/sensor_pkg/microstrain_inertial) by extension 'ros'
[0.239s] Level 1:colcon.colcon_core.package_identification:_identify(src/sensor_pkg/microstrain_inertial) by extensions ['cmake', 'python']
[0.239s] Level 1:colcon.colcon_core.package_identification:_identify(src/sensor_pkg/microstrain_inertial) by extension 'cmake'
[0.239s] Level 1:colcon.colcon_core.package_identification:_identify(src/sensor_pkg/microstrain_inertial) by extension 'python'
[0.239s] Level 1:colcon.colcon_core.package_identification:_identify(src/sensor_pkg/microstrain_inertial) by extensions ['python_setup_py']
[0.239s] Level 1:colcon.colcon_core.package_identification:_identify(src/sensor_pkg/microstrain_inertial) by extension 'python_setup_py'
[0.239s] Level 1:colcon.colcon_core.package_identification:_identify(src/sensor_pkg/microstrain_inertial/microstrain_inertial_description) by extensions ['ignore', 'ignore_ament_install']
[0.239s] Level 1:colcon.colcon_core.package_identification:_identify(src/sensor_pkg/microstrain_inertial/microstrain_inertial_description) by extension 'ignore'
[0.239s] Level 1:colcon.colcon_core.package_identification:_identify(src/sensor_pkg/microstrain_inertial/microstrain_inertial_description) by extension 'ignore_ament_install'
[0.239s] Level 1:colcon.colcon_core.package_identification:_identify(src/sensor_pkg/microstrain_inertial/microstrain_inertial_description) by extensions ['colcon_pkg']
[0.239s] Level 1:colcon.colcon_core.package_identification:_identify(src/sensor_pkg/microstrain_inertial/microstrain_inertial_description) by extension 'colcon_pkg'
[0.239s] Level 1:colcon.colcon_core.package_identification:_identify(src/sensor_pkg/microstrain_inertial/microstrain_inertial_description) by extensions ['colcon_meta']
[0.239s] Level 1:colcon.colcon_core.package_identification:_identify(src/sensor_pkg/microstrain_inertial/microstrain_inertial_description) by extension 'colcon_meta'
[0.239s] Level 1:colcon.colcon_core.package_identification:_identify(src/sensor_pkg/microstrain_inertial/microstrain_inertial_description) by extensions ['ros']
[0.239s] Level 1:colcon.colcon_core.package_identification:_identify(src/sensor_pkg/microstrain_inertial/microstrain_inertial_description) by extension 'ros'
[0.240s] DEBUG:colcon.colcon_core.package_identification:Package 'src/sensor_pkg/microstrain_inertial/microstrain_inertial_description' with type 'ros.ament_cmake' and name 'microstrain_inertial_description'
[0.240s] Level 1:colcon.colcon_core.package_identification:_identify(src/sensor_pkg/microstrain_inertial/microstrain_inertial_driver) by extensions ['ignore', 'ignore_ament_install']
[0.240s] Level 1:colcon.colcon_core.package_identification:_identify(src/sensor_pkg/microstrain_inertial/microstrain_inertial_driver) by extension 'ignore'
[0.240s] Level 1:colcon.colcon_core.package_identification:_identify(src/sensor_pkg/microstrain_inertial/microstrain_inertial_driver) by extension 'ignore_ament_install'
[0.240s] Level 1:colcon.colcon_core.package_identification:_identify(src/sensor_pkg/microstrain_inertial/microstrain_inertial_driver) by extensions ['colcon_pkg']
[0.240s] Level 1:colcon.colcon_core.package_identification:_identify(src/sensor_pkg/microstrain_inertial/microstrain_inertial_driver) by extension 'colcon_pkg'
[0.240s] Level 1:colcon.colcon_core.package_identification:_identify(src/sensor_pkg/microstrain_inertial/microstrain_inertial_driver) by extensions ['colcon_meta']
[0.240s] Level 1:colcon.colcon_core.package_identification:_identify(src/sensor_pkg/microstrain_inertial/microstrain_inertial_driver) by extension 'colcon_meta'
[0.240s] Level 1:colcon.colcon_core.package_identification:_identify(src/sensor_pkg/microstrain_inertial/microstrain_inertial_driver) by extensions ['ros']
[0.240s] Level 1:colcon.colcon_core.package_identification:_identify(src/sensor_pkg/microstrain_inertial/microstrain_inertial_driver) by extension 'ros'
[0.241s] DEBUG:colcon.colcon_core.package_identification:Package 'src/sensor_pkg/microstrain_inertial/microstrain_inertial_driver' with type 'ros.ament_cmake' and name 'microstrain_inertial_driver'
[0.241s] Level 1:colcon.colcon_core.package_identification:_identify(src/sensor_pkg/microstrain_inertial/microstrain_inertial_examples) by extensions ['ignore', 'ignore_ament_install']
[0.241s] Level 1:colcon.colcon_core.package_identification:_identify(src/sensor_pkg/microstrain_inertial/microstrain_inertial_examples) by extension 'ignore'
[0.241s] Level 1:colcon.colcon_core.package_identification:_identify(src/sensor_pkg/microstrain_inertial/microstrain_inertial_examples) by extension 'ignore_ament_install'
[0.241s] Level 1:colcon.colcon_core.package_identification:_identify(src/sensor_pkg/microstrain_inertial/microstrain_inertial_examples) by extensions ['colcon_pkg']
[0.241s] Level 1:colcon.colcon_core.package_identification:_identify(src/sensor_pkg/microstrain_inertial/microstrain_inertial_examples) by extension 'colcon_pkg'
[0.241s] Level 1:colcon.colcon_core.package_identification:_identify(src/sensor_pkg/microstrain_inertial/microstrain_inertial_examples) by extensions ['colcon_meta']
[0.241s] Level 1:colcon.colcon_core.package_identification:_identify(src/sensor_pkg/microstrain_inertial/microstrain_inertial_examples) by extension 'colcon_meta'
[0.241s] Level 1:colcon.colcon_core.package_identification:_identify(src/sensor_pkg/microstrain_inertial/microstrain_inertial_examples) by extensions ['ros']
[0.241s] Level 1:colcon.colcon_core.package_identification:_identify(src/sensor_pkg/microstrain_inertial/microstrain_inertial_examples) by extension 'ros'
[0.242s] DEBUG:colcon.colcon_core.package_identification:Package 'src/sensor_pkg/microstrain_inertial/microstrain_inertial_examples' with type 'ros.ament_cmake' and name 'microstrain_inertial_examples'
[0.242s] Level 1:colcon.colcon_core.package_identification:_identify(src/sensor_pkg/microstrain_inertial/microstrain_inertial_msgs) by extensions ['ignore', 'ignore_ament_install']
[0.242s] Level 1:colcon.colcon_core.package_identification:_identify(src/sensor_pkg/microstrain_inertial/microstrain_inertial_msgs) by extension 'ignore'
[0.242s] Level 1:colcon.colcon_core.package_identification:_identify(src/sensor_pkg/microstrain_inertial/microstrain_inertial_msgs) by extension 'ignore_ament_install'
[0.242s] Level 1:colcon.colcon_core.package_identification:_identify(src/sensor_pkg/microstrain_inertial/microstrain_inertial_msgs) by extensions ['colcon_pkg']
[0.242s] Level 1:colcon.colcon_core.package_identification:_identify(src/sensor_pkg/microstrain_inertial/microstrain_inertial_msgs) by extension 'colcon_pkg'
[0.242s] Level 1:colcon.colcon_core.package_identification:_identify(src/sensor_pkg/microstrain_inertial/microstrain_inertial_msgs) by extensions ['colcon_meta']
[0.242s] Level 1:colcon.colcon_core.package_identification:_identify(src/sensor_pkg/microstrain_inertial/microstrain_inertial_msgs) by extension 'colcon_meta'
[0.242s] Level 1:colcon.colcon_core.package_identification:_identify(src/sensor_pkg/microstrain_inertial/microstrain_inertial_msgs) by extensions ['ros']
[0.242s] Level 1:colcon.colcon_core.package_identification:_identify(src/sensor_pkg/microstrain_inertial/microstrain_inertial_msgs) by extension 'ros'
[0.242s] DEBUG:colcon.colcon_core.package_identification:Package 'src/sensor_pkg/microstrain_inertial/microstrain_inertial_msgs' with type 'ros.ament_cmake' and name 'microstrain_inertial_msgs'
[0.242s] Level 1:colcon.colcon_core.package_identification:_identify(src/sensor_pkg/microstrain_inertial/microstrain_inertial_rqt) by extensions ['ignore', 'ignore_ament_install']
[0.242s] Level 1:colcon.colcon_core.package_identification:_identify(src/sensor_pkg/microstrain_inertial/microstrain_inertial_rqt) by extension 'ignore'
[0.242s] Level 1:colcon.colcon_core.package_identification:_identify(src/sensor_pkg/microstrain_inertial/microstrain_inertial_rqt) by extension 'ignore_ament_install'
[0.242s] Level 1:colcon.colcon_core.package_identification:_identify(src/sensor_pkg/microstrain_inertial/microstrain_inertial_rqt) by extensions ['colcon_pkg']
[0.242s] Level 1:colcon.colcon_core.package_identification:_identify(src/sensor_pkg/microstrain_inertial/microstrain_inertial_rqt) by extension 'colcon_pkg'
[0.242s] Level 1:colcon.colcon_core.package_identification:_identify(src/sensor_pkg/microstrain_inertial/microstrain_inertial_rqt) by extensions ['colcon_meta']
[0.242s] Level 1:colcon.colcon_core.package_identification:_identify(src/sensor_pkg/microstrain_inertial/microstrain_inertial_rqt) by extension 'colcon_meta'
[0.242s] Level 1:colcon.colcon_core.package_identification:_identify(src/sensor_pkg/microstrain_inertial/microstrain_inertial_rqt) by extensions ['ros']
[0.242s] Level 1:colcon.colcon_core.package_identification:_identify(src/sensor_pkg/microstrain_inertial/microstrain_inertial_rqt) by extension 'ros'
[0.243s] DEBUG:colcon.colcon_core.package_identification:Package 'src/sensor_pkg/microstrain_inertial/microstrain_inertial_rqt' with type 'ros.ament_python' and name 'microstrain_inertial_rqt'
[0.243s] Level 1:colcon.colcon_core.package_identification:_identify(src/sensor_pkg/ouster-ros) by extensions ['ignore', 'ignore_ament_install']
[0.243s] Level 1:colcon.colcon_core.package_identification:_identify(src/sensor_pkg/ouster-ros) by extension 'ignore'
[0.243s] Level 1:colcon.colcon_core.package_identification:_identify(src/sensor_pkg/ouster-ros) by extension 'ignore_ament_install'
[0.243s] Level 1:colcon.colcon_core.package_identification:_identify(src/sensor_pkg/ouster-ros) by extensions ['colcon_pkg']
[0.243s] Level 1:colcon.colcon_core.package_identification:_identify(src/sensor_pkg/ouster-ros) by extension 'colcon_pkg'
[0.243s] Level 1:colcon.colcon_core.package_identification:_identify(src/sensor_pkg/ouster-ros) by extensions ['colcon_meta']
[0.243s] Level 1:colcon.colcon_core.package_identification:_identify(src/sensor_pkg/ouster-ros) by extension 'colcon_meta'
[0.243s] Level 1:colcon.colcon_core.package_identification:_identify(src/sensor_pkg/ouster-ros) by extensions ['ros']
[0.243s] Level 1:colcon.colcon_core.package_identification:_identify(src/sensor_pkg/ouster-ros) by extension 'ros'
[0.243s] Level 1:colcon.colcon_core.package_identification:_identify(src/sensor_pkg/ouster-ros) by extensions ['cmake', 'python']
[0.243s] Level 1:colcon.colcon_core.package_identification:_identify(src/sensor_pkg/ouster-ros) by extension 'cmake'
[0.243s] Level 1:colcon.colcon_core.package_identification:_identify(src/sensor_pkg/ouster-ros) by extension 'python'
[0.243s] Level 1:colcon.colcon_core.package_identification:_identify(src/sensor_pkg/ouster-ros) by extensions ['python_setup_py']
[0.243s] Level 1:colcon.colcon_core.package_identification:_identify(src/sensor_pkg/ouster-ros) by extension 'python_setup_py'
[0.243s] Level 1:colcon.colcon_core.package_identification:_identify(src/sensor_pkg/ouster-ros/docs) by extensions ['ignore', 'ignore_ament_install']
[0.243s] Level 1:colcon.colcon_core.package_identification:_identify(src/sensor_pkg/ouster-ros/docs) by extension 'ignore'
[0.243s] Level 1:colcon.colcon_core.package_identification:_identify(src/sensor_pkg/ouster-ros/docs) by extension 'ignore_ament_install'
[0.243s] Level 1:colcon.colcon_core.package_identification:_identify(src/sensor_pkg/ouster-ros/docs) by extensions ['colcon_pkg']
[0.243s] Level 1:colcon.colcon_core.package_identification:_identify(src/sensor_pkg/ouster-ros/docs) by extension 'colcon_pkg'
[0.243s] Level 1:colcon.colcon_core.package_identification:_identify(src/sensor_pkg/ouster-ros/docs) by extensions ['colcon_meta']
[0.243s] Level 1:colcon.colcon_core.package_identification:_identify(src/sensor_pkg/ouster-ros/docs) by extension 'colcon_meta'
[0.244s] Level 1:colcon.colcon_core.package_identification:_identify(src/sensor_pkg/ouster-ros/docs) by extensions ['ros']
[0.244s] Level 1:colcon.colcon_core.package_identification:_identify(src/sensor_pkg/ouster-ros/docs) by extension 'ros'
[0.244s] Level 1:colcon.colcon_core.package_identification:_identify(src/sensor_pkg/ouster-ros/docs) by extensions ['cmake', 'python']
[0.244s] Level 1:colcon.colcon_core.package_identification:_identify(src/sensor_pkg/ouster-ros/docs) by extension 'cmake'
[0.244s] Level 1:colcon.colcon_core.package_identification:_identify(src/sensor_pkg/ouster-ros/docs) by extension 'python'
[0.244s] Level 1:colcon.colcon_core.package_identification:_identify(src/sensor_pkg/ouster-ros/docs) by extensions ['python_setup_py']
[0.244s] Level 1:colcon.colcon_core.package_identification:_identify(src/sensor_pkg/ouster-ros/docs) by extension 'python_setup_py'
[0.244s] Level 1:colcon.colcon_core.package_identification:_identify(src/sensor_pkg/ouster-ros/docs/images) by extensions ['ignore', 'ignore_ament_install']
[0.244s] Level 1:colcon.colcon_core.package_identification:_identify(src/sensor_pkg/ouster-ros/docs/images) by extension 'ignore'
[0.244s] Level 1:colcon.colcon_core.package_identification:_identify(src/sensor_pkg/ouster-ros/docs/images) by extension 'ignore_ament_install'
[0.244s] Level 1:colcon.colcon_core.package_identification:_identify(src/sensor_pkg/ouster-ros/docs/images) by extensions ['colcon_pkg']
[0.244s] Level 1:colcon.colcon_core.package_identification:_identify(src/sensor_pkg/ouster-ros/docs/images) by extension 'colcon_pkg'
[0.244s] Level 1:colcon.colcon_core.package_identification:_identify(src/sensor_pkg/ouster-ros/docs/images) by extensions ['colcon_meta']
[0.244s] Level 1:colcon.colcon_core.package_identification:_identify(src/sensor_pkg/ouster-ros/docs/images) by extension 'colcon_meta'
[0.244s] Level 1:colcon.colcon_core.package_identification:_identify(src/sensor_pkg/ouster-ros/docs/images) by extensions ['ros']
[0.244s] Level 1:colcon.colcon_core.package_identification:_identify(src/sensor_pkg/ouster-ros/docs/images) by extension 'ros'
[0.244s] Level 1:colcon.colcon_core.package_identification:_identify(src/sensor_pkg/ouster-ros/docs/images) by extensions ['cmake', 'python']
[0.244s] Level 1:colcon.colcon_core.package_identification:_identify(src/sensor_pkg/ouster-ros/docs/images) by extension 'cmake'
[0.244s] Level 1:colcon.colcon_core.package_identification:_identify(src/sensor_pkg/ouster-ros/docs/images) by extension 'python'
[0.244s] Level 1:colcon.colcon_core.package_identification:_identify(src/sensor_pkg/ouster-ros/docs/images) by extensions ['python_setup_py']
[0.244s] Level 1:colcon.colcon_core.package_identification:_identify(src/sensor_pkg/ouster-ros/docs/images) by extension 'python_setup_py'
[0.244s] Level 1:colcon.colcon_core.package_identification:_identify(src/sensor_pkg/ouster-ros/ouster-ros) by extensions ['ignore', 'ignore_ament_install']
[0.244s] Level 1:colcon.colcon_core.package_identification:_identify(src/sensor_pkg/ouster-ros/ouster-ros) by extension 'ignore'
[0.244s] Level 1:colcon.colcon_core.package_identification:_identify(src/sensor_pkg/ouster-ros/ouster-ros) by extension 'ignore_ament_install'
[0.244s] Level 1:colcon.colcon_core.package_identification:_identify(src/sensor_pkg/ouster-ros/ouster-ros) by extensions ['colcon_pkg']
[0.244s] Level 1:colcon.colcon_core.package_identification:_identify(src/sensor_pkg/ouster-ros/ouster-ros) by extension 'colcon_pkg'
[0.244s] Level 1:colcon.colcon_core.package_identification:_identify(src/sensor_pkg/ouster-ros/ouster-ros) by extensions ['colcon_meta']
[0.244s] Level 1:colcon.colcon_core.package_identification:_identify(src/sensor_pkg/ouster-ros/ouster-ros) by extension 'colcon_meta'
[0.244s] Level 1:colcon.colcon_core.package_identification:_identify(src/sensor_pkg/ouster-ros/ouster-ros) by extensions ['ros']
[0.244s] Level 1:colcon.colcon_core.package_identification:_identify(src/sensor_pkg/ouster-ros/ouster-ros) by extension 'ros'
[0.245s] DEBUG:colcon.colcon_core.package_identification:Package 'src/sensor_pkg/ouster-ros/ouster-ros' with type 'ros.ament_cmake' and name 'ouster_ros'
[0.245s] Level 1:colcon.colcon_core.package_identification:_identify(src/sensor_pkg/ouster-ros/ouster-sensor-msgs) by extensions ['ignore', 'ignore_ament_install']
[0.245s] Level 1:colcon.colcon_core.package_identification:_identify(src/sensor_pkg/ouster-ros/ouster-sensor-msgs) by extension 'ignore'
[0.245s] Level 1:colcon.colcon_core.package_identification:_identify(src/sensor_pkg/ouster-ros/ouster-sensor-msgs) by extension 'ignore_ament_install'
[0.245s] Level 1:colcon.colcon_core.package_identification:_identify(src/sensor_pkg/ouster-ros/ouster-sensor-msgs) by extensions ['colcon_pkg']
[0.245s] Level 1:colcon.colcon_core.package_identification:_identify(src/sensor_pkg/ouster-ros/ouster-sensor-msgs) by extension 'colcon_pkg'
[0.245s] Level 1:colcon.colcon_core.package_identification:_identify(src/sensor_pkg/ouster-ros/ouster-sensor-msgs) by extensions ['colcon_meta']
[0.245s] Level 1:colcon.colcon_core.package_identification:_identify(src/sensor_pkg/ouster-ros/ouster-sensor-msgs) by extension 'colcon_meta'
[0.245s] Level 1:colcon.colcon_core.package_identification:_identify(src/sensor_pkg/ouster-ros/ouster-sensor-msgs) by extensions ['ros']
[0.245s] Level 1:colcon.colcon_core.package_identification:_identify(src/sensor_pkg/ouster-ros/ouster-sensor-msgs) by extension 'ros'
[0.246s] DEBUG:colcon.colcon_core.package_identification:Package 'src/sensor_pkg/ouster-ros/ouster-sensor-msgs' with type 'ros.ament_cmake' and name 'ouster_sensor_msgs'
[0.246s] Level 1:colcon.colcon_core.package_identification:_identify(src/snumsg_pkg) by extensions ['ignore', 'ignore_ament_install']
[0.246s] Level 1:colcon.colcon_core.package_identification:_identify(src/snumsg_pkg) by extension 'ignore'
[0.246s] Level 1:colcon.colcon_core.package_identification:_identify(src/snumsg_pkg) by extension 'ignore_ament_install'
[0.246s] Level 1:colcon.colcon_core.package_identification:_identify(src/snumsg_pkg) by extensions ['colcon_pkg']
[0.246s] Level 1:colcon.colcon_core.package_identification:_identify(src/snumsg_pkg) by extension 'colcon_pkg'
[0.246s] Level 1:colcon.colcon_core.package_identification:_identify(src/snumsg_pkg) by extensions ['colcon_meta']
[0.246s] Level 1:colcon.colcon_core.package_identification:_identify(src/snumsg_pkg) by extension 'colcon_meta'
[0.246s] Level 1:colcon.colcon_core.package_identification:_identify(src/snumsg_pkg) by extensions ['ros']
[0.246s] Level 1:colcon.colcon_core.package_identification:_identify(src/snumsg_pkg) by extension 'ros'
[0.246s] DEBUG:colcon.colcon_core.package_identification:Package 'src/snumsg_pkg' with type 'ros.ament_cmake' and name 'snumsg_pkg'
[0.246s] Level 1:colcon.colcon_core.package_identification:_identify(src/snunav_pkg) by extensions ['ignore', 'ignore_ament_install']
[0.246s] Level 1:colcon.colcon_core.package_identification:_identify(src/snunav_pkg) by extension 'ignore'
[0.246s] Level 1:colcon.colcon_core.package_identification:_identify(src/snunav_pkg) by extension 'ignore_ament_install'
[0.246s] Level 1:colcon.colcon_core.package_identification:_identify(src/snunav_pkg) by extensions ['colcon_pkg']
[0.246s] Level 1:colcon.colcon_core.package_identification:_identify(src/snunav_pkg) by extension 'colcon_pkg'
[0.246s] Level 1:colcon.colcon_core.package_identification:_identify(src/snunav_pkg) by extensions ['colcon_meta']
[0.246s] Level 1:colcon.colcon_core.package_identification:_identify(src/snunav_pkg) by extension 'colcon_meta'
[0.246s] Level 1:colcon.colcon_core.package_identification:_identify(src/snunav_pkg) by extensions ['ros']
[0.246s] Level 1:colcon.colcon_core.package_identification:_identify(src/snunav_pkg) by extension 'ros'
[0.247s] DEBUG:colcon.colcon_core.package_identification:Package 'src/snunav_pkg' with type 'ros.ament_python' and name 'snunav_pkg'
[0.247s] Level 1:colcon.colcon_core.package_discovery:discover_packages(recursive) using defaults
[0.247s] Level 1:colcon.colcon_core.package_discovery:discover_packages(ignore) discover
[0.247s] Level 1:colcon.colcon_core.package_discovery:discover_packages(ignore) using defaults
[0.247s] Level 1:colcon.colcon_core.package_discovery:discover_packages(path) discover
[0.247s] Level 1:colcon.colcon_core.package_discovery:discover_packages(path) using defaults
[0.271s] INFO:colcon.colcon_core.package_selection:Skipping not selected package 'kiss_icp' in 'src/sensor_pkg/kiss-icp/ros'
[0.271s] INFO:colcon.colcon_core.package_selection:Skipping not selected package 'lio_sam' in 'src/sensor_pkg/LIO-SAM'
[0.271s] INFO:colcon.colcon_core.package_selection:Skipping not selected package 'microstrain_inertial_description' in 'src/sensor_pkg/microstrain_inertial/microstrain_inertial_description'
[0.271s] INFO:colcon.colcon_core.package_selection:Skipping not selected package 'microstrain_inertial_msgs' in 'src/sensor_pkg/microstrain_inertial/microstrain_inertial_msgs'
[0.271s] INFO:colcon.colcon_core.package_selection:Skipping not selected package 'ouster_sensor_msgs' in 'src/sensor_pkg/ouster-ros/ouster-sensor-msgs'
[0.271s] INFO:colcon.colcon_core.package_selection:Skipping not selected package 'snunav_pkg' in 'src/snunav_pkg'
[0.271s] INFO:colcon.colcon_core.package_selection:Skipping not selected package 'microstrain_inertial_driver' in 'src/sensor_pkg/microstrain_inertial/microstrain_inertial_driver'
[0.271s] INFO:colcon.colcon_core.package_selection:Skipping not selected package 'microstrain_inertial_rqt' in 'src/sensor_pkg/microstrain_inertial/microstrain_inertial_rqt'
[0.271s] INFO:colcon.colcon_core.package_selection:Skipping not selected package 'ouster_ros' in 'src/sensor_pkg/ouster-ros/ouster-ros'
[0.271s] INFO:colcon.colcon_core.package_selection:Skipping not selected package 'microstrain_inertial_examples' in 'src/sensor_pkg/microstrain_inertial/microstrain_inertial_examples'
[0.271s] Level 1:colcon.colcon_core.package_discovery:discover_packages(prefix_path) check parameters
[0.271s] Level 1:colcon.colcon_core.package_discovery:discover_packages(prefix_path) discover
[0.272s] WARNING:colcon.colcon_core.prefix_path.colcon:The path '/home/jyseo/jyseo_ws/install' in the environment variable COLCON_PREFIX_PATH doesn't exist
[0.272s] WARNING:colcon.colcon_ros.prefix_path.ament:The path '/home/jyseo/snuboat/ws/install/snunav_pkg' in the environment variable AMENT_PREFIX_PATH doesn't exist
[0.272s] WARNING:colcon.colcon_ros.prefix_path.ament:The path '/home/jyseo/snuboat/ws/install/microstrain_inertial_description' in the environment variable AMENT_PREFIX_PATH doesn't exist
[0.272s] WARNING:colcon.colcon_ros.prefix_path.ament:The path '/home/jyseo/snuboat/ws/install/msg_pkg' in the environment variable AMENT_PREFIX_PATH doesn't exist
[0.272s] WARNING:colcon.colcon_ros.prefix_path.catkin:The path '/home/jyseo/snuboat/ws/install/microstrain_inertial_description' in the environment variable CMAKE_PREFIX_PATH doesn't exist
[0.272s] WARNING:colcon.colcon_ros.prefix_path.catkin:The path '/home/jyseo/snuboat/ws/install/msg_pkg' in the environment variable CMAKE_PREFIX_PATH doesn't exist
[0.272s] WARNING:colcon.colcon_ros.prefix_path.catkin:The path '/home/jyseo/jyseo_ws/install/cpp_pubsub' in the environment variable CMAKE_PREFIX_PATH doesn't exist
[0.272s] DEBUG:colcon.colcon_installed_package_information.package_discovery:Found 0 installed packages in /home/jyseo/snuboat/ws/install
[0.273s] DEBUG:colcon.colcon_installed_package_information.package_discovery:Found 271 installed packages in /opt/ros/humble
[0.274s] Level 1:colcon.colcon_core.package_discovery:discover_packages(prefix_path) using defaults
[0.296s] Level 5:colcon.colcon_core.verb:set package 'snumsg_pkg' build argument 'cmake_args' from command line to 'None'
[0.296s] Level 5:colcon.colcon_core.verb:set package 'snumsg_pkg' build argument 'cmake_target' from command line to 'None'
[0.296s] Level 5:colcon.colcon_core.verb:set package 'snumsg_pkg' build argument 'cmake_target_skip_unavailable' from command line to 'False'
[0.296s] Level 5:colcon.colcon_core.verb:set package 'snumsg_pkg' build argument 'cmake_clean_cache' from command line to 'False'
[0.296s] Level 5:colcon.colcon_core.verb:set package 'snumsg_pkg' build argument 'cmake_clean_first' from command line to 'False'
[0.296s] Level 5:colcon.colcon_core.verb:set package 'snumsg_pkg' build argument 'cmake_force_configure' from command line to 'False'
[0.296s] Level 5:colcon.colcon_core.verb:set package 'snumsg_pkg' build argument 'ament_cmake_args' from command line to 'None'
[0.296s] Level 5:colcon.colcon_core.verb:set package 'snumsg_pkg' build argument 'catkin_cmake_args' from command line to 'None'
[0.296s] Level 5:colcon.colcon_core.verb:set package 'snumsg_pkg' build argument 'catkin_skip_building_tests' from command line to 'False'
[0.296s] DEBUG:colcon.colcon_core.verb:Building package 'snumsg_pkg' with the following arguments: {'ament_cmake_args': None, 'build_base': '/home/jyseo/snuboat/ws/build/snumsg_pkg', 'catkin_cmake_args': None, 'catkin_skip_building_tests': False, 'cmake_args': None, 'cmake_clean_cache': False, 'cmake_clean_first': False, 'cmake_force_configure': False, 'cmake_target': None, 'cmake_target_skip_unavailable': False, 'install_base': '/home/jyseo/snuboat/ws/install/snumsg_pkg', 'merge_install': False, 'path': '/home/jyseo/snuboat/ws/src/snumsg_pkg', 'symlink_install': True, 'test_result_base': None}
[0.296s] INFO:colcon.colcon_core.executor:Executing jobs using 'parallel' executor
[0.297s] DEBUG:colcon.colcon_parallel_executor.executor.parallel:run_until_complete
[0.297s] INFO:colcon.colcon_ros.task.ament_cmake.build:Building ROS package in '/home/jyseo/snuboat/ws/src/snumsg_pkg' with build type 'ament_cmake'
[0.297s] INFO:colcon.colcon_cmake.task.cmake.build:Building CMake package in '/home/jyseo/snuboat/ws/src/snumsg_pkg'
[0.299s] INFO:colcon.colcon_core.plugin_system:Skipping extension 'colcon_core.shell.bat': Not used on non-Windows systems
[0.299s] INFO:colcon.colcon_core.shell:Skip shell extension 'powershell' for command environment: Not usable outside of PowerShell
[0.299s] DEBUG:colcon.colcon_core.shell:Skip shell extension 'dsv' for command environment
[0.313s] DEBUG:colcon.colcon_core.event_handler.log_command:Invoking command in '/home/jyseo/snuboat/ws/build/snumsg_pkg': CMAKE_PREFIX_PATH=${CMAKE_PREFIX_PATH}:/home/jyseo/snuboat/ws/install/snunav_pkg:/opt/ros/humble /usr/bin/cmake /home/jyseo/snuboat/ws/src/snumsg_pkg -DAMENT_CMAKE_SYMLINK_INSTALL=1 -DCMAKE_INSTALL_PREFIX=/home/jyseo/snuboat/ws/install/snumsg_pkg
[2.998s] DEBUG:colcon.colcon_core.event_handler.log_command:Invoked command in '/home/jyseo/snuboat/ws/build/snumsg_pkg' returned '0': CMAKE_PREFIX_PATH=${CMAKE_PREFIX_PATH}:/home/jyseo/snuboat/ws/install/snunav_pkg:/opt/ros/humble /usr/bin/cmake /home/jyseo/snuboat/ws/src/snumsg_pkg -DAMENT_CMAKE_SYMLINK_INSTALL=1 -DCMAKE_INSTALL_PREFIX=/home/jyseo/snuboat/ws/install/snumsg_pkg
[3.000s] DEBUG:colcon.colcon_core.event_handler.log_command:Invoking command in '/home/jyseo/snuboat/ws/build/snumsg_pkg': CMAKE_PREFIX_PATH=${CMAKE_PREFIX_PATH}:/home/jyseo/snuboat/ws/install/snunav_pkg:/opt/ros/humble /usr/bin/cmake --build /home/jyseo/snuboat/ws/build/snumsg_pkg -- -j48 -l48
[4.498s] DEBUG:colcon.colcon_core.event_handler.log_command:Invoked command in '/home/jyseo/snuboat/ws/build/snumsg_pkg' returned '0': CMAKE_PREFIX_PATH=${CMAKE_PREFIX_PATH}:/home/jyseo/snuboat/ws/install/snunav_pkg:/opt/ros/humble /usr/bin/cmake --build /home/jyseo/snuboat/ws/build/snumsg_pkg -- -j48 -l48
[4.508s] DEBUG:colcon.colcon_core.event_handler.log_command:Invoking command in '/home/jyseo/snuboat/ws/build/snumsg_pkg': CMAKE_PREFIX_PATH=${CMAKE_PREFIX_PATH}:/home/jyseo/snuboat/ws/install/snunav_pkg:/opt/ros/humble /usr/bin/cmake --install /home/jyseo/snuboat/ws/build/snumsg_pkg
[5.086s] Level 1:colcon.colcon_core.environment:create_environment_scripts_only(snumsg_pkg)
[5.087s] DEBUG:colcon.colcon_core.event_handler.log_command:Invoked command in '/home/jyseo/snuboat/ws/build/snumsg_pkg' returned '0': CMAKE_PREFIX_PATH=${CMAKE_PREFIX_PATH}:/home/jyseo/snuboat/ws/install/snunav_pkg:/opt/ros/humble /usr/bin/cmake --install /home/jyseo/snuboat/ws/build/snumsg_pkg
[5.089s] Level 1:colcon.colcon_core.environment:checking '/home/jyseo/snuboat/ws/install/snumsg_pkg' for CMake module files
[5.090s] Level 1:colcon.colcon_core.environment:checking '/home/jyseo/snuboat/ws/install/snumsg_pkg' for CMake config files
[5.090s] Level 1:colcon.colcon_core.shell:create_environment_hook('snumsg_pkg', 'cmake_prefix_path')
[5.091s] INFO:colcon.colcon_core.shell:Creating environment hook '/home/jyseo/snuboat/ws/install/snumsg_pkg/share/snumsg_pkg/hook/cmake_prefix_path.ps1'
[5.091s] INFO:colcon.colcon_core.shell:Creating environment descriptor '/home/jyseo/snuboat/ws/install/snumsg_pkg/share/snumsg_pkg/hook/cmake_prefix_path.dsv'
[5.092s] INFO:colcon.colcon_core.shell:Creating environment hook '/home/jyseo/snuboat/ws/install/snumsg_pkg/share/snumsg_pkg/hook/cmake_prefix_path.sh'
[5.092s] Level 1:colcon.colcon_core.environment:checking '/home/jyseo/snuboat/ws/install/snumsg_pkg/lib'
[5.092s] Level 1:colcon.colcon_core.shell:create_environment_hook('snumsg_pkg', 'ld_library_path_lib')
[5.093s] INFO:colcon.colcon_core.shell:Creating environment hook '/home/jyseo/snuboat/ws/install/snumsg_pkg/share/snumsg_pkg/hook/ld_library_path_lib.ps1'
[5.093s] INFO:colcon.colcon_core.shell:Creating environment descriptor '/home/jyseo/snuboat/ws/install/snumsg_pkg/share/snumsg_pkg/hook/ld_library_path_lib.dsv'
[5.093s] INFO:colcon.colcon_core.shell:Creating environment hook '/home/jyseo/snuboat/ws/install/snumsg_pkg/share/snumsg_pkg/hook/ld_library_path_lib.sh'
[5.093s] Level 1:colcon.colcon_core.environment:checking '/home/jyseo/snuboat/ws/install/snumsg_pkg/bin'
[5.093s] Level 1:colcon.colcon_core.environment:checking '/home/jyseo/snuboat/ws/install/snumsg_pkg/lib/pkgconfig/snumsg_pkg.pc'
[5.093s] Level 1:colcon.colcon_core.environment:checking '/home/jyseo/snuboat/ws/install/snumsg_pkg/lib/python3.10/site-packages'
[5.093s] Level 1:colcon.colcon_core.environment:checking '/home/jyseo/snuboat/ws/install/snumsg_pkg/bin'
[5.094s] INFO:colcon.colcon_core.shell:Creating package script '/home/jyseo/snuboat/ws/install/snumsg_pkg/share/snumsg_pkg/package.ps1'
[5.094s] INFO:colcon.colcon_core.shell:Creating package descriptor '/home/jyseo/snuboat/ws/install/snumsg_pkg/share/snumsg_pkg/package.dsv'
[5.094s] INFO:colcon.colcon_core.shell:Creating package script '/home/jyseo/snuboat/ws/install/snumsg_pkg/share/snumsg_pkg/package.sh'
[5.095s] INFO:colcon.colcon_core.shell:Creating package script '/home/jyseo/snuboat/ws/install/snumsg_pkg/share/snumsg_pkg/package.bash'
[5.095s] INFO:colcon.colcon_core.shell:Creating package script '/home/jyseo/snuboat/ws/install/snumsg_pkg/share/snumsg_pkg/package.zsh'
[5.095s] Level 1:colcon.colcon_core.environment:create_file_with_runtime_dependencies(/home/jyseo/snuboat/ws/install/snumsg_pkg/share/colcon-core/packages/snumsg_pkg)
[5.096s] Level 1:colcon.colcon_core.environment:create_environment_scripts_only(snumsg_pkg)
[5.096s] Level 1:colcon.colcon_core.environment:checking '/home/jyseo/snuboat/ws/install/snumsg_pkg' for CMake module files
[5.097s] Level 1:colcon.colcon_core.environment:checking '/home/jyseo/snuboat/ws/install/snumsg_pkg' for CMake config files
[5.097s] Level 1:colcon.colcon_core.shell:create_environment_hook('snumsg_pkg', 'cmake_prefix_path')
[5.097s] INFO:colcon.colcon_core.shell:Creating environment hook '/home/jyseo/snuboat/ws/install/snumsg_pkg/share/snumsg_pkg/hook/cmake_prefix_path.ps1'
[5.098s] INFO:colcon.colcon_core.shell:Creating environment descriptor '/home/jyseo/snuboat/ws/install/snumsg_pkg/share/snumsg_pkg/hook/cmake_prefix_path.dsv'
[5.098s] INFO:colcon.colcon_core.shell:Creating environment hook '/home/jyseo/snuboat/ws/install/snumsg_pkg/share/snumsg_pkg/hook/cmake_prefix_path.sh'
[5.098s] Level 1:colcon.colcon_core.environment:checking '/home/jyseo/snuboat/ws/install/snumsg_pkg/lib'
[5.098s] Level 1:colcon.colcon_core.shell:create_environment_hook('snumsg_pkg', 'ld_library_path_lib')
[5.098s] INFO:colcon.colcon_core.shell:Creating environment hook '/home/jyseo/snuboat/ws/install/snumsg_pkg/share/snumsg_pkg/hook/ld_library_path_lib.ps1'
[5.099s] INFO:colcon.colcon_core.shell:Creating environment descriptor '/home/jyseo/snuboat/ws/install/snumsg_pkg/share/snumsg_pkg/hook/ld_library_path_lib.dsv'
[5.099s] INFO:colcon.colcon_core.shell:Creating environment hook '/home/jyseo/snuboat/ws/install/snumsg_pkg/share/snumsg_pkg/hook/ld_library_path_lib.sh'
[5.099s] Level 1:colcon.colcon_core.environment:checking '/home/jyseo/snuboat/ws/install/snumsg_pkg/bin'
[5.099s] Level 1:colcon.colcon_core.environment:checking '/home/jyseo/snuboat/ws/install/snumsg_pkg/lib/pkgconfig/snumsg_pkg.pc'
[5.099s] Level 1:colcon.colcon_core.environment:checking '/home/jyseo/snuboat/ws/install/snumsg_pkg/lib/python3.10/site-packages'
[5.099s] Level 1:colcon.colcon_core.environment:checking '/home/jyseo/snuboat/ws/install/snumsg_pkg/bin'
[5.100s] INFO:colcon.colcon_core.shell:Creating package script '/home/jyseo/snuboat/ws/install/snumsg_pkg/share/snumsg_pkg/package.ps1'
[5.100s] INFO:colcon.colcon_core.shell:Creating package descriptor '/home/jyseo/snuboat/ws/install/snumsg_pkg/share/snumsg_pkg/package.dsv'
[5.100s] INFO:colcon.colcon_core.shell:Creating package script '/home/jyseo/snuboat/ws/install/snumsg_pkg/share/snumsg_pkg/package.sh'
[5.100s] INFO:colcon.colcon_core.shell:Creating package script '/home/jyseo/snuboat/ws/install/snumsg_pkg/share/snumsg_pkg/package.bash'
[5.101s] INFO:colcon.colcon_core.shell:Creating package script '/home/jyseo/snuboat/ws/install/snumsg_pkg/share/snumsg_pkg/package.zsh'
[5.101s] Level 1:colcon.colcon_core.environment:create_file_with_runtime_dependencies(/home/jyseo/snuboat/ws/install/snumsg_pkg/share/colcon-core/packages/snumsg_pkg)
[5.101s] DEBUG:colcon.colcon_parallel_executor.executor.parallel:closing loop
[5.102s] DEBUG:colcon.colcon_parallel_executor.executor.parallel:loop closed
[5.102s] DEBUG:colcon.colcon_parallel_executor.executor.parallel:run_until_complete finished with '0'
[5.102s] DEBUG:colcon.colcon_core.event_reactor:joining thread
[5.142s] INFO:colcon.colcon_core.plugin_system:Skipping extension 'colcon_notification.desktop_notification.notify_send': Could not find 'notify-send'
[5.142s] INFO:colcon.colcon_core.plugin_system:Skipping extension 'colcon_notification.desktop_notification.terminal_notifier': Not used on non-Darwin systems
[5.142s] INFO:colcon.colcon_core.plugin_system:Skipping extension 'colcon_notification.desktop_notification.win32': Not used on non-Windows systems
[5.142s] INFO:colcon.colcon_notification.desktop_notification:Sending desktop notification using 'notify2'
[5.143s] DEBUG:colcon.colcon_notification.desktop_notification.notify2:Failed to initialize notify2: org.freedesktop.DBus.Error.FileNotFound: Failed to connect to socket /run/user/1000/bus: No such file or directory
[5.143s] DEBUG:colcon.colcon_core.event_reactor:joined thread
[5.143s] INFO:colcon.colcon_core.shell:Creating prefix script '/home/jyseo/snuboat/ws/install/local_setup.ps1'
[5.144s] INFO:colcon.colcon_core.shell:Creating prefix util module '/home/jyseo/snuboat/ws/install/_local_setup_util_ps1.py'
[5.144s] INFO:colcon.colcon_core.shell:Creating prefix chain script '/home/jyseo/snuboat/ws/install/setup.ps1'
[5.145s] INFO:colcon.colcon_core.shell:Creating prefix script '/home/jyseo/snuboat/ws/install/local_setup.sh'
[5.145s] INFO:colcon.colcon_core.shell:Creating prefix util module '/home/jyseo/snuboat/ws/install/_local_setup_util_sh.py'
[5.146s] INFO:colcon.colcon_core.shell:Creating prefix chain script '/home/jyseo/snuboat/ws/install/setup.sh'
[5.146s] INFO:colcon.colcon_core.shell:Creating prefix script '/home/jyseo/snuboat/ws/install/local_setup.bash'
[5.146s] INFO:colcon.colcon_core.shell:Creating prefix chain script '/home/jyseo/snuboat/ws/install/setup.bash'
[5.147s] INFO:colcon.colcon_core.shell:Creating prefix script '/home/jyseo/snuboat/ws/install/local_setup.zsh'
[5.147s] INFO:colcon.colcon_core.shell:Creating prefix chain script '/home/jyseo/snuboat/ws/install/setup.zsh'
