[0.490s] Invoking command in '/home/jyseo/snuboat/ws/src/snunav_pkg': PYTHONPATH=/home/jyseo/snuboat/ws/build/snunav_pkg/prefix_override:/usr/lib/python3/dist-packages/colcon_core/task/python/colcon_distutils_commands:/home/jyseo/snuboat/ws/install/snunav_pkg/lib/python3.10/site-packages:${PYTHONPATH} /usr/bin/python3 -W ignore:setup.py install is deprecated -W ignore:easy_install command is deprecated setup.py egg_info --egg-base ../../build/snunav_pkg build --build-base /home/jyseo/snuboat/ws/build/snunav_pkg/build install --record /home/jyseo/snuboat/ws/build/snunav_pkg/install.log --single-version-externally-managed install_data
[0.617s] running egg_info
[0.617s] writing ../../build/snunav_pkg/snunav_pkg.egg-info/PKG-INFO
[0.617s] writing dependency_links to ../../build/snunav_pkg/snunav_pkg.egg-info/dependency_links.txt
[0.618s] writing entry points to ../../build/snunav_pkg/snunav_pkg.egg-info/entry_points.txt
[0.618s] writing requirements to ../../build/snunav_pkg/snunav_pkg.egg-info/requires.txt
[0.618s] writing top-level names to ../../build/snunav_pkg/snunav_pkg.egg-info/top_level.txt
[0.619s] reading manifest file '../../build/snunav_pkg/snunav_pkg.egg-info/SOURCES.txt'
[0.619s] writing manifest file '../../build/snunav_pkg/snunav_pkg.egg-info/SOURCES.txt'
[0.620s] running build
[0.620s] running build_py
[0.620s] copying snunav_pkg/mission_director.py -> /home/jyseo/snuboat/ws/build/snunav_pkg/build/lib/snunav_pkg
[0.620s] running install
[0.620s] running install_lib
[0.621s] copying /home/jyseo/snuboat/ws/build/snunav_pkg/build/lib/snunav_pkg/mission_director.py -> /home/jyseo/snuboat/ws/install/snunav_pkg/lib/python3.10/site-packages/snunav_pkg
[0.621s] byte-compiling /home/jyseo/snuboat/ws/install/snunav_pkg/lib/python3.10/site-packages/snunav_pkg/mission_director.py to mission_director.cpython-310.pyc
[0.622s] running install_data
[0.622s] running install_egg_info
[0.623s] removing '/home/jyseo/snuboat/ws/install/snunav_pkg/lib/python3.10/site-packages/snunav_pkg-0.0.0-py3.10.egg-info' (and everything under it)
[0.623s] Copying ../../build/snunav_pkg/snunav_pkg.egg-info to /home/jyseo/snuboat/ws/install/snunav_pkg/lib/python3.10/site-packages/snunav_pkg-0.0.0-py3.10.egg-info
[0.624s] running install_scripts
[0.636s] Installing mission_director script to /home/jyseo/snuboat/ws/install/snunav_pkg/lib/snunav_pkg
[0.636s] writing list of installed files to '/home/jyseo/snuboat/ws/build/snunav_pkg/install.log'
[0.652s] Invoked command in '/home/jyseo/snuboat/ws/src/snunav_pkg' returned '0': PYTHONPATH=/home/jyseo/snuboat/ws/build/snunav_pkg/prefix_override:/usr/lib/python3/dist-packages/colcon_core/task/python/colcon_distutils_commands:/home/jyseo/snuboat/ws/install/snunav_pkg/lib/python3.10/site-packages:${PYTHONPATH} /usr/bin/python3 -W ignore:setup.py install is deprecated -W ignore:easy_install command is deprecated setup.py egg_info --egg-base ../../build/snunav_pkg build --build-base /home/jyseo/snuboat/ws/build/snunav_pkg/build install --record /home/jyseo/snuboat/ws/build/snunav_pkg/install.log --single-version-externally-managed install_data
