[0.004s] Invoking command in '/root/snu/snuboat/ws/build/snumsg_pkg': CMAKE_PREFIX_PATH=${CMAKE_PREFIX_PATH}:/root/snu/snuboat/ws/install/snunav_pkg:/opt/ros/humble /usr/bin/cmake /root/snu/snuboat/ws/src/snumsg_pkg -DAMENT_CMAKE_SYMLINK_INSTALL=1 -DCMAKE_INSTALL_PREFIX=/root/snu/snuboat/ws/install/snumsg_pkg
[0.024s] -- The C compiler identification is GNU 11.4.0
[0.044s] -- The CXX compiler identification is GNU 11.4.0
[0.046s] -- Detecting C compiler ABI info
[0.069s] -- Detecting C compiler ABI info - done
[0.072s] -- Check for working C compiler: /usr/bin/cc - skipped
[0.072s] -- Detecting C compile features
[0.073s] -- Detecting C compile features - done
[0.074s] -- Detecting CXX compiler ABI info
[0.100s] -- Detecting CXX compiler ABI info - done
[0.103s] -- Check for working CXX compiler: /usr/bin/c++ - skipped
[0.103s] -- Detecting CXX compile features
[0.103s] -- Detecting CXX compile features - done
[0.104s] -- Found geometry_msgs: 4.9.0 (/opt/ros/humble/share/geometry_msgs/cmake)
[0.155s] -- Found Python3: /usr/bin/python3 (found version "3.10.12") found components: Interpreter 
[0.177s] -- Override CMake install command with custom implementation using symlinks instead of copying resources
[0.196s] -- Found rosidl_generator_c: 3.1.7 (/opt/ros/humble/share/rosidl_generator_c/cmake)
[0.198s] -- Found rosidl_adapter: 3.1.7 (/opt/ros/humble/share/rosidl_adapter/cmake)
[0.200s] -- Found rosidl_generator_cpp: 3.1.7 (/opt/ros/humble/share/rosidl_generator_cpp/cmake)
[0.204s] -- Using all available rosidl_typesupport_c: rosidl_typesupport_fastrtps_c;rosidl_typesupport_introspection_c
[0.209s] -- Using all available rosidl_typesupport_cpp: rosidl_typesupport_fastrtps_cpp;rosidl_typesupport_introspection_cpp
[0.223s] -- Found rosidl_default_generators: 1.2.0 (/opt/ros/humble/share/rosidl_default_generators/cmake)
[0.324s] -- Found ament_cmake_ros: 0.10.0 (/opt/ros/humble/share/ament_cmake_ros/cmake)
[0.472s] -- Using all available rosidl_typesupport_c: rosidl_typesupport_fastrtps_c;rosidl_typesupport_introspection_c
[0.533s] -- Using all available rosidl_typesupport_cpp: rosidl_typesupport_fastrtps_cpp;rosidl_typesupport_introspection_cpp
[0.540s] -- Found PythonInterp: /usr/bin/python3 (found suitable version "3.10.12", minimum required is "3.6") 
[0.541s] -- Found python_cmake_module: 0.10.0 (/opt/ros/humble/share/python_cmake_module/cmake)
[0.550s] -- Found PythonLibs: /usr/lib/aarch64-linux-gnu/libpython3.10.so (found suitable version "3.10.12", minimum required is "3.5") 
[0.550s] -- Using PYTHON_EXECUTABLE: /usr/bin/python3
[0.550s] -- Using PYTHON_INCLUDE_DIRS: /usr/include/python3.10
[0.550s] -- Using PYTHON_LIBRARIES: /usr/lib/aarch64-linux-gnu/libpython3.10.so
[0.557s] -- Found PythonExtra: .so  
[0.579s] -- Found ament_lint_auto: 0.12.14 (/opt/ros/humble/share/ament_lint_auto/cmake)
[0.584s] -- Added test 'lint_cmake' to check CMake code style
[0.585s] -- Added test 'xmllint' to check XML markup files
[0.586s] -- Configuring done
[0.600s] -- Generating done
[0.604s] -- Build files have been written to: /root/snu/snuboat/ws/build/snumsg_pkg
[0.607s] Invoked command in '/root/snu/snuboat/ws/build/snumsg_pkg' returned '0': CMAKE_PREFIX_PATH=${CMAKE_PREFIX_PATH}:/root/snu/snuboat/ws/install/snunav_pkg:/opt/ros/humble /usr/bin/cmake /root/snu/snuboat/ws/src/snumsg_pkg -DAMENT_CMAKE_SYMLINK_INSTALL=1 -DCMAKE_INSTALL_PREFIX=/root/snu/snuboat/ws/install/snumsg_pkg
[0.608s] Invoking command in '/root/snu/snuboat/ws/build/snumsg_pkg': CMAKE_PREFIX_PATH=${CMAKE_PREFIX_PATH}:/root/snu/snuboat/ws/install/snunav_pkg:/opt/ros/humble /usr/bin/cmake --build /root/snu/snuboat/ws/build/snumsg_pkg -- -j10 -l10
[0.622s] [  2%] [34m[1mGenerating C code for ROS interfaces[0m
[0.626s] [  5%] [34m[1mGenerating C++ code for ROS interfaces[0m
[0.629s] [  5%] Built target ament_cmake_python_symlink_snumsg_pkg
[0.708s] running egg_info
[0.709s] creating snumsg_pkg.egg-info
[0.709s] writing snumsg_pkg.egg-info/PKG-INFO
[0.709s] writing dependency_links to snumsg_pkg.egg-info/dependency_links.txt
[0.709s] writing top-level names to snumsg_pkg.egg-info/top_level.txt
[0.709s] writing manifest file 'snumsg_pkg.egg-info/SOURCES.txt'
[0.710s] reading manifest file 'snumsg_pkg.egg-info/SOURCES.txt'
[0.710s] writing manifest file 'snumsg_pkg.egg-info/SOURCES.txt'
[0.722s] [  5%] Built target ament_cmake_python_build_snumsg_pkg_egg
[0.738s] [  5%] Built target snumsg_pkg__cpp
[0.739s] [  7%] [32mBuilding C object CMakeFiles/snumsg_pkg__rosidl_generator_c.dir/rosidl_generator_c/snumsg_pkg/msg/detail/mission_code__functions.c.o[0m
[0.739s] [ 10%] [32mBuilding C object CMakeFiles/snumsg_pkg__rosidl_generator_c.dir/rosidl_generator_c/snumsg_pkg/msg/detail/sensor__functions.c.o[0m
[0.743s] [ 15%] [34m[1mGenerating C++ type support for eProsima Fast-RTPS[0m
[0.743s] [ 15%] [34m[1mGenerating C++ type support dispatch for ROS interfaces[0m
[0.745s] [ 17%] [34m[1mGenerating C++ introspection for ROS interfaces[0m
[0.760s] [ 20%] [32m[1mLinking C shared library libsnumsg_pkg__rosidl_generator_c.so[0m
[0.774s] [ 20%] Built target snumsg_pkg__rosidl_generator_c
[0.779s] [ 23%] [34m[1mGenerating C type support dispatch for ROS interfaces[0m
[0.780s] [ 25%] [34m[1mGenerating C type support for eProsima Fast-RTPS[0m
[0.781s] [ 28%] [34m[1mGenerating C introspection for ROS interfaces[0m
[0.851s] [ 30%] [32mBuilding CXX object CMakeFiles/snumsg_pkg__rosidl_typesupport_cpp.dir/rosidl_typesupport_cpp/snumsg_pkg/msg/sensor__type_support.cpp.o[0m
[0.853s] [ 33%] [32mBuilding CXX object CMakeFiles/snumsg_pkg__rosidl_typesupport_cpp.dir/rosidl_typesupport_cpp/snumsg_pkg/msg/mission_code__type_support.cpp.o[0m
[0.869s] [ 38%] [32mBuilding CXX object CMakeFiles/snumsg_pkg__rosidl_typesupport_introspection_cpp.dir/rosidl_typesupport_introspection_cpp/snumsg_pkg/msg/detail/mission_code__type_support.cpp.o[0m
[0.869s] [ 38%] [32mBuilding CXX object CMakeFiles/snumsg_pkg__rosidl_typesupport_introspection_cpp.dir/rosidl_typesupport_introspection_cpp/snumsg_pkg/msg/detail/sensor__type_support.cpp.o[0m
[0.880s] [ 43%] [32mBuilding CXX object CMakeFiles/snumsg_pkg__rosidl_typesupport_fastrtps_cpp.dir/rosidl_typesupport_fastrtps_cpp/snumsg_pkg/msg/detail/dds_fastrtps/mission_code__type_support.cpp.o[0m
[0.880s] [ 43%] [32mBuilding CXX object CMakeFiles/snumsg_pkg__rosidl_typesupport_fastrtps_cpp.dir/rosidl_typesupport_fastrtps_cpp/snumsg_pkg/msg/detail/dds_fastrtps/sensor__type_support.cpp.o[0m
[0.896s] [ 46%] [32mBuilding CXX object CMakeFiles/snumsg_pkg__rosidl_typesupport_c.dir/rosidl_typesupport_c/snumsg_pkg/msg/mission_code__type_support.cpp.o[0m
[0.901s] [ 48%] [32mBuilding CXX object CMakeFiles/snumsg_pkg__rosidl_typesupport_c.dir/rosidl_typesupport_c/snumsg_pkg/msg/sensor__type_support.cpp.o[0m
[0.927s] [ 51%] [32m[1mLinking CXX shared library libsnumsg_pkg__rosidl_typesupport_c.so[0m
[0.931s] [ 53%] [32mBuilding CXX object CMakeFiles/snumsg_pkg__rosidl_typesupport_fastrtps_c.dir/rosidl_typesupport_fastrtps_c/snumsg_pkg/msg/detail/mission_code__type_support_c.cpp.o[0m
[0.933s] [ 56%] [32mBuilding CXX object CMakeFiles/snumsg_pkg__rosidl_typesupport_fastrtps_c.dir/rosidl_typesupport_fastrtps_c/snumsg_pkg/msg/detail/sensor__type_support_c.cpp.o[0m
[0.941s] [ 58%] [32mBuilding C object CMakeFiles/snumsg_pkg__rosidl_typesupport_introspection_c.dir/rosidl_typesupport_introspection_c/snumsg_pkg/msg/detail/mission_code__type_support.c.o[0m
[0.949s] [ 58%] Built target snumsg_pkg__rosidl_typesupport_c
[0.959s] [ 61%] [32mBuilding C object CMakeFiles/snumsg_pkg__rosidl_typesupport_introspection_c.dir/rosidl_typesupport_introspection_c/snumsg_pkg/msg/detail/sensor__type_support.c.o[0m
[0.996s] [ 64%] [32m[1mLinking C shared library libsnumsg_pkg__rosidl_typesupport_introspection_c.so[0m
[1.021s] [ 66%] [32m[1mLinking CXX shared library libsnumsg_pkg__rosidl_typesupport_cpp.so[0m
[1.026s] [ 66%] Built target snumsg_pkg__rosidl_typesupport_introspection_c
[1.041s] [ 66%] Built target snumsg_pkg__rosidl_typesupport_cpp
[1.116s] [ 69%] [32m[1mLinking CXX shared library libsnumsg_pkg__rosidl_typesupport_introspection_cpp.so[0m
[1.131s] [ 71%] [32m[1mLinking CXX shared library libsnumsg_pkg__rosidl_typesupport_fastrtps_c.so[0m
[1.137s] [ 74%] [32m[1mLinking CXX shared library libsnumsg_pkg__rosidl_typesupport_fastrtps_cpp.so[0m
[1.145s] [ 74%] Built target snumsg_pkg__rosidl_typesupport_introspection_cpp
[1.157s] [ 74%] Built target snumsg_pkg__rosidl_typesupport_fastrtps_c
[1.163s] [ 74%] Built target snumsg_pkg__rosidl_typesupport_fastrtps_cpp
[1.168s] [ 74%] Built target snumsg_pkg
[1.175s] [ 76%] [34m[1mGenerating Python code for ROS interfaces[0m
[1.309s] [ 76%] Built target snumsg_pkg__py
[1.315s] [ 79%] [32mBuilding C object CMakeFiles/snumsg_pkg__rosidl_generator_py.dir/rosidl_generator_py/snumsg_pkg/msg/_mission_code_s.c.o[0m
[1.315s] [ 82%] [32mBuilding C object CMakeFiles/snumsg_pkg__rosidl_generator_py.dir/rosidl_generator_py/snumsg_pkg/msg/_sensor_s.c.o[0m
[1.355s] [ 84%] [32m[1mLinking C shared library rosidl_generator_py/snumsg_pkg/libsnumsg_pkg__rosidl_generator_py.so[0m
[1.369s] [ 84%] Built target snumsg_pkg__rosidl_generator_py
[1.376s] [ 92%] [32mBuilding C object CMakeFiles/snumsg_pkg__rosidl_typesupport_c__pyext.dir/rosidl_generator_py/snumsg_pkg/_snumsg_pkg_s.ep.rosidl_typesupport_c.c.o[0m
[1.376s] [ 92%] [32mBuilding C object CMakeFiles/snumsg_pkg__rosidl_typesupport_fastrtps_c__pyext.dir/rosidl_generator_py/snumsg_pkg/_snumsg_pkg_s.ep.rosidl_typesupport_fastrtps_c.c.o[0m
[1.376s] [ 92%] [32mBuilding C object CMakeFiles/snumsg_pkg__rosidl_typesupport_introspection_c__pyext.dir/rosidl_generator_py/snumsg_pkg/_snumsg_pkg_s.ep.rosidl_typesupport_introspection_c.c.o[0m
[1.413s] [100%] [32m[1mLinking C shared library rosidl_generator_py/snumsg_pkg/snumsg_pkg_s__rosidl_typesupport_introspection_c.cpython-310-aarch64-linux-gnu.so[0m
[1.413s] [100%] [32m[1mLinking C shared library rosidl_generator_py/snumsg_pkg/snumsg_pkg_s__rosidl_typesupport_fastrtps_c.cpython-310-aarch64-linux-gnu.so[0m
[1.413s] [100%] [32m[1mLinking C shared library rosidl_generator_py/snumsg_pkg/snumsg_pkg_s__rosidl_typesupport_c.cpython-310-aarch64-linux-gnu.so[0m
[1.428s] [100%] Built target snumsg_pkg__rosidl_typesupport_fastrtps_c__pyext
[1.428s] [100%] Built target snumsg_pkg__rosidl_typesupport_c__pyext
[1.428s] [100%] Built target snumsg_pkg__rosidl_typesupport_introspection_c__pyext
[1.432s] Invoked command in '/root/snu/snuboat/ws/build/snumsg_pkg' returned '0': CMAKE_PREFIX_PATH=${CMAKE_PREFIX_PATH}:/root/snu/snuboat/ws/install/snunav_pkg:/opt/ros/humble /usr/bin/cmake --build /root/snu/snuboat/ws/build/snumsg_pkg -- -j10 -l10
[1.436s] Invoking command in '/root/snu/snuboat/ws/build/snumsg_pkg': CMAKE_PREFIX_PATH=${CMAKE_PREFIX_PATH}:/root/snu/snuboat/ws/install/snunav_pkg:/opt/ros/humble /usr/bin/cmake --install /root/snu/snuboat/ws/build/snumsg_pkg
[1.438s] -- Install configuration: ""
[1.438s] -- Execute custom install script
[1.438s] -- Symlinking: /root/snu/snuboat/ws/install/snumsg_pkg/share/ament_index/resource_index/rosidl_interfaces/snumsg_pkg
[1.441s] -- Symlinking: /root/snu/snuboat/ws/install/snumsg_pkg/include/snumsg_pkg/snumsg_pkg/msg/detail/mission_code__functions.h
[1.444s] -- Symlinking: /root/snu/snuboat/ws/install/snumsg_pkg/include/snumsg_pkg/snumsg_pkg/msg/detail/mission_code__struct.h
[1.446s] -- Symlinking: /root/snu/snuboat/ws/install/snumsg_pkg/include/snumsg_pkg/snumsg_pkg/msg/detail/mission_code__type_support.h
[1.449s] -- Symlinking: /root/snu/snuboat/ws/install/snumsg_pkg/include/snumsg_pkg/snumsg_pkg/msg/detail/sensor__functions.h
[1.451s] -- Symlinking: /root/snu/snuboat/ws/install/snumsg_pkg/include/snumsg_pkg/snumsg_pkg/msg/detail/sensor__struct.h
[1.453s] -- Symlinking: /root/snu/snuboat/ws/install/snumsg_pkg/include/snumsg_pkg/snumsg_pkg/msg/detail/sensor__type_support.h
[1.456s] -- Symlinking: /root/snu/snuboat/ws/install/snumsg_pkg/include/snumsg_pkg/snumsg_pkg/msg/mission_code.h
[1.458s] -- Symlinking: /root/snu/snuboat/ws/install/snumsg_pkg/include/snumsg_pkg/snumsg_pkg/msg/rosidl_generator_c__visibility_control.h
[1.461s] -- Symlinking: /root/snu/snuboat/ws/install/snumsg_pkg/include/snumsg_pkg/snumsg_pkg/msg/sensor.h
[1.463s] -- Symlinking: /root/snu/snuboat/ws/install/snumsg_pkg/share/snumsg_pkg/environment/library_path.sh
[1.466s] -- Symlinking: /root/snu/snuboat/ws/install/snumsg_pkg/share/snumsg_pkg/environment/library_path.dsv
[1.469s] -- Symlinking: /root/snu/snuboat/ws/install/snumsg_pkg/include/snumsg_pkg/snumsg_pkg/msg/detail/mission_code__rosidl_typesupport_fastrtps_c.h
[1.473s] -- Symlinking: /root/snu/snuboat/ws/install/snumsg_pkg/include/snumsg_pkg/snumsg_pkg/msg/detail/sensor__rosidl_typesupport_fastrtps_c.h
[1.476s] -- Symlinking: /root/snu/snuboat/ws/install/snumsg_pkg/include/snumsg_pkg/snumsg_pkg/msg/rosidl_typesupport_fastrtps_c__visibility_control.h
[1.479s] -- Symlinking: /root/snu/snuboat/ws/install/snumsg_pkg/include/snumsg_pkg/snumsg_pkg/msg/detail/mission_code__builder.hpp
[1.482s] -- Symlinking: /root/snu/snuboat/ws/install/snumsg_pkg/include/snumsg_pkg/snumsg_pkg/msg/detail/mission_code__struct.hpp
[1.485s] -- Symlinking: /root/snu/snuboat/ws/install/snumsg_pkg/include/snumsg_pkg/snumsg_pkg/msg/detail/mission_code__traits.hpp
[1.488s] -- Symlinking: /root/snu/snuboat/ws/install/snumsg_pkg/include/snumsg_pkg/snumsg_pkg/msg/detail/mission_code__type_support.hpp
[1.499s] -- Symlinking: /root/snu/snuboat/ws/install/snumsg_pkg/include/snumsg_pkg/snumsg_pkg/msg/detail/sensor__builder.hpp
[1.503s] -- Symlinking: /root/snu/snuboat/ws/install/snumsg_pkg/include/snumsg_pkg/snumsg_pkg/msg/detail/sensor__struct.hpp
[1.506s] -- Symlinking: /root/snu/snuboat/ws/install/snumsg_pkg/include/snumsg_pkg/snumsg_pkg/msg/detail/sensor__traits.hpp
[1.508s] -- Symlinking: /root/snu/snuboat/ws/install/snumsg_pkg/include/snumsg_pkg/snumsg_pkg/msg/detail/sensor__type_support.hpp
[1.511s] -- Symlinking: /root/snu/snuboat/ws/install/snumsg_pkg/include/snumsg_pkg/snumsg_pkg/msg/mission_code.hpp
[1.513s] -- Symlinking: /root/snu/snuboat/ws/install/snumsg_pkg/include/snumsg_pkg/snumsg_pkg/msg/rosidl_generator_cpp__visibility_control.hpp
[1.515s] -- Symlinking: /root/snu/snuboat/ws/install/snumsg_pkg/include/snumsg_pkg/snumsg_pkg/msg/sensor.hpp
[1.518s] -- Symlinking: /root/snu/snuboat/ws/install/snumsg_pkg/include/snumsg_pkg/snumsg_pkg/msg/detail/mission_code__rosidl_typesupport_fastrtps_cpp.hpp
[1.521s] -- Symlinking: /root/snu/snuboat/ws/install/snumsg_pkg/include/snumsg_pkg/snumsg_pkg/msg/detail/sensor__rosidl_typesupport_fastrtps_cpp.hpp
[1.523s] -- Symlinking: /root/snu/snuboat/ws/install/snumsg_pkg/include/snumsg_pkg/snumsg_pkg/msg/rosidl_typesupport_fastrtps_cpp__visibility_control.h
[1.526s] -- Symlinking: /root/snu/snuboat/ws/install/snumsg_pkg/include/snumsg_pkg/snumsg_pkg/msg/detail/mission_code__rosidl_typesupport_introspection_c.h
[1.528s] -- Symlinking: /root/snu/snuboat/ws/install/snumsg_pkg/include/snumsg_pkg/snumsg_pkg/msg/detail/sensor__rosidl_typesupport_introspection_c.h
[1.530s] -- Symlinking: /root/snu/snuboat/ws/install/snumsg_pkg/include/snumsg_pkg/snumsg_pkg/msg/rosidl_typesupport_introspection_c__visibility_control.h
[1.533s] -- Symlinking: /root/snu/snuboat/ws/install/snumsg_pkg/include/snumsg_pkg/snumsg_pkg/msg/detail/mission_code__rosidl_typesupport_introspection_cpp.hpp
[1.536s] -- Symlinking: /root/snu/snuboat/ws/install/snumsg_pkg/include/snumsg_pkg/snumsg_pkg/msg/detail/sensor__rosidl_typesupport_introspection_cpp.hpp
[1.538s] -- Symlinking: /root/snu/snuboat/ws/install/snumsg_pkg/share/snumsg_pkg/environment/pythonpath.sh
[1.540s] -- Symlinking: /root/snu/snuboat/ws/install/snumsg_pkg/share/snumsg_pkg/environment/pythonpath.dsv
[1.543s] -- Symlinking: /root/snu/snuboat/ws/install/snumsg_pkg/local/lib/python3.10/dist-packages/snumsg_pkg-0.0.0-py3.10.egg-info/PKG-INFO
[1.545s] -- Symlinking: /root/snu/snuboat/ws/install/snumsg_pkg/local/lib/python3.10/dist-packages/snumsg_pkg-0.0.0-py3.10.egg-info/SOURCES.txt
[1.548s] -- Symlinking: /root/snu/snuboat/ws/install/snumsg_pkg/local/lib/python3.10/dist-packages/snumsg_pkg-0.0.0-py3.10.egg-info/dependency_links.txt
[1.550s] -- Symlinking: /root/snu/snuboat/ws/install/snumsg_pkg/local/lib/python3.10/dist-packages/snumsg_pkg-0.0.0-py3.10.egg-info/top_level.txt
[1.553s] -- Symlinking: /root/snu/snuboat/ws/install/snumsg_pkg/local/lib/python3.10/dist-packages/snumsg_pkg/__init__.py
[1.555s] -- Symlinking: /root/snu/snuboat/ws/install/snumsg_pkg/local/lib/python3.10/dist-packages/snumsg_pkg/_snumsg_pkg_s.ep.rosidl_typesupport_c.c
[1.557s] -- Symlinking: /root/snu/snuboat/ws/install/snumsg_pkg/local/lib/python3.10/dist-packages/snumsg_pkg/_snumsg_pkg_s.ep.rosidl_typesupport_fastrtps_c.c
[1.560s] -- Symlinking: /root/snu/snuboat/ws/install/snumsg_pkg/local/lib/python3.10/dist-packages/snumsg_pkg/_snumsg_pkg_s.ep.rosidl_typesupport_introspection_c.c
[1.562s] -- Symlinking: /root/snu/snuboat/ws/install/snumsg_pkg/local/lib/python3.10/dist-packages/snumsg_pkg/libsnumsg_pkg__rosidl_generator_py.so
[1.564s] -- Symlinking: /root/snu/snuboat/ws/install/snumsg_pkg/local/lib/python3.10/dist-packages/snumsg_pkg/msg/__init__.py
[1.567s] -- Symlinking: /root/snu/snuboat/ws/install/snumsg_pkg/local/lib/python3.10/dist-packages/snumsg_pkg/msg/_mission_code.py
[1.569s] -- Symlinking: /root/snu/snuboat/ws/install/snumsg_pkg/local/lib/python3.10/dist-packages/snumsg_pkg/msg/_mission_code_s.c
[1.571s] -- Symlinking: /root/snu/snuboat/ws/install/snumsg_pkg/local/lib/python3.10/dist-packages/snumsg_pkg/msg/_sensor.py
[1.574s] -- Symlinking: /root/snu/snuboat/ws/install/snumsg_pkg/local/lib/python3.10/dist-packages/snumsg_pkg/msg/_sensor_s.c
[1.576s] -- Symlinking: /root/snu/snuboat/ws/install/snumsg_pkg/local/lib/python3.10/dist-packages/snumsg_pkg/snumsg_pkg_s__rosidl_typesupport_c.cpython-310-aarch64-linux-gnu.so
[1.578s] -- Symlinking: /root/snu/snuboat/ws/install/snumsg_pkg/local/lib/python3.10/dist-packages/snumsg_pkg/snumsg_pkg_s__rosidl_typesupport_fastrtps_c.cpython-310-aarch64-linux-gnu.so
[1.581s] -- Symlinking: /root/snu/snuboat/ws/install/snumsg_pkg/local/lib/python3.10/dist-packages/snumsg_pkg/snumsg_pkg_s__rosidl_typesupport_introspection_c.cpython-310-aarch64-linux-gnu.so
[1.583s] -- Up-to-date symlink: /root/snu/snuboat/ws/install/snumsg_pkg/local/lib/python3.10/dist-packages/snumsg_pkg/snumsg_pkg_s__rosidl_typesupport_fastrtps_c.cpython-310-aarch64-linux-gnu.so
[1.583s] -- Up-to-date symlink: /root/snu/snuboat/ws/install/snumsg_pkg/local/lib/python3.10/dist-packages/snumsg_pkg/snumsg_pkg_s__rosidl_typesupport_introspection_c.cpython-310-aarch64-linux-gnu.so
[1.583s] -- Up-to-date symlink: /root/snu/snuboat/ws/install/snumsg_pkg/local/lib/python3.10/dist-packages/snumsg_pkg/snumsg_pkg_s__rosidl_typesupport_c.cpython-310-aarch64-linux-gnu.so
[1.583s] -- Symlinking: /root/snu/snuboat/ws/install/snumsg_pkg/share/snumsg_pkg/msg/MissionCode.idl
[1.586s] -- Symlinking: /root/snu/snuboat/ws/install/snumsg_pkg/share/snumsg_pkg/msg/Sensor.idl
[1.588s] -- Symlinking: /root/snu/snuboat/ws/install/snumsg_pkg/share/snumsg_pkg/msg/MissionCode.msg
[1.590s] -- Symlinking: /root/snu/snuboat/ws/install/snumsg_pkg/share/snumsg_pkg/msg/Sensor.msg
[1.593s] -- Symlinking: /root/snu/snuboat/ws/install/snumsg_pkg/share/ament_index/resource_index/package_run_dependencies/snumsg_pkg
[1.595s] -- Symlinking: /root/snu/snuboat/ws/install/snumsg_pkg/share/ament_index/resource_index/parent_prefix_path/snumsg_pkg
[1.597s] -- Symlinking: /root/snu/snuboat/ws/install/snumsg_pkg/share/snumsg_pkg/environment/ament_prefix_path.sh
[1.600s] -- Symlinking: /root/snu/snuboat/ws/install/snumsg_pkg/share/snumsg_pkg/environment/ament_prefix_path.dsv
[1.602s] -- Symlinking: /root/snu/snuboat/ws/install/snumsg_pkg/share/snumsg_pkg/environment/path.sh
[1.604s] -- Symlinking: /root/snu/snuboat/ws/install/snumsg_pkg/share/snumsg_pkg/environment/path.dsv
[1.607s] -- Symlinking: /root/snu/snuboat/ws/install/snumsg_pkg/share/snumsg_pkg/local_setup.bash
[1.609s] -- Symlinking: /root/snu/snuboat/ws/install/snumsg_pkg/share/snumsg_pkg/local_setup.sh
[1.611s] -- Symlinking: /root/snu/snuboat/ws/install/snumsg_pkg/share/snumsg_pkg/local_setup.zsh
[1.614s] -- Symlinking: /root/snu/snuboat/ws/install/snumsg_pkg/share/snumsg_pkg/local_setup.dsv
[1.616s] -- Symlinking: /root/snu/snuboat/ws/install/snumsg_pkg/share/snumsg_pkg/package.dsv
[1.618s] -- Symlinking: /root/snu/snuboat/ws/install/snumsg_pkg/share/ament_index/resource_index/packages/snumsg_pkg
[1.621s] -- Symlinking: /root/snu/snuboat/ws/install/snumsg_pkg/share/snumsg_pkg/cmake/rosidl_cmake-extras.cmake
[1.623s] -- Symlinking: /root/snu/snuboat/ws/install/snumsg_pkg/share/snumsg_pkg/cmake/ament_cmake_export_dependencies-extras.cmake
[1.625s] -- Symlinking: /root/snu/snuboat/ws/install/snumsg_pkg/share/snumsg_pkg/cmake/ament_cmake_export_include_directories-extras.cmake
[1.628s] -- Symlinking: /root/snu/snuboat/ws/install/snumsg_pkg/share/snumsg_pkg/cmake/ament_cmake_export_libraries-extras.cmake
[1.630s] -- Symlinking: /root/snu/snuboat/ws/install/snumsg_pkg/share/snumsg_pkg/cmake/ament_cmake_export_targets-extras.cmake
[1.633s] -- Symlinking: /root/snu/snuboat/ws/install/snumsg_pkg/share/snumsg_pkg/cmake/rosidl_cmake_export_typesupport_targets-extras.cmake
[1.635s] -- Symlinking: /root/snu/snuboat/ws/install/snumsg_pkg/share/snumsg_pkg/cmake/rosidl_cmake_export_typesupport_libraries-extras.cmake
[1.638s] -- Symlinking: /root/snu/snuboat/ws/install/snumsg_pkg/share/snumsg_pkg/cmake/snumsg_pkgConfig.cmake
[1.640s] -- Symlinking: /root/snu/snuboat/ws/install/snumsg_pkg/share/snumsg_pkg/cmake/snumsg_pkgConfig-version.cmake
[1.642s] -- Symlinking: /root/snu/snuboat/ws/install/snumsg_pkg/share/snumsg_pkg/package.xml
[1.645s] -- Installing: /root/snu/snuboat/ws/install/snumsg_pkg/lib/libsnumsg_pkg__rosidl_generator_c.so
[1.645s] -- Set runtime path of "/root/snu/snuboat/ws/install/snumsg_pkg/lib/libsnumsg_pkg__rosidl_generator_c.so" to ""
[1.645s] -- Installing: /root/snu/snuboat/ws/install/snumsg_pkg/lib/libsnumsg_pkg__rosidl_typesupport_fastrtps_c.so
[1.645s] -- Set runtime path of "/root/snu/snuboat/ws/install/snumsg_pkg/lib/libsnumsg_pkg__rosidl_typesupport_fastrtps_c.so" to ""
[1.645s] -- Installing: /root/snu/snuboat/ws/install/snumsg_pkg/lib/libsnumsg_pkg__rosidl_typesupport_fastrtps_cpp.so
[1.645s] -- Set runtime path of "/root/snu/snuboat/ws/install/snumsg_pkg/lib/libsnumsg_pkg__rosidl_typesupport_fastrtps_cpp.so" to ""
[1.645s] -- Installing: /root/snu/snuboat/ws/install/snumsg_pkg/lib/libsnumsg_pkg__rosidl_typesupport_introspection_c.so
[1.645s] -- Set runtime path of "/root/snu/snuboat/ws/install/snumsg_pkg/lib/libsnumsg_pkg__rosidl_typesupport_introspection_c.so" to ""
[1.645s] -- Installing: /root/snu/snuboat/ws/install/snumsg_pkg/lib/libsnumsg_pkg__rosidl_typesupport_c.so
[1.645s] -- Set runtime path of "/root/snu/snuboat/ws/install/snumsg_pkg/lib/libsnumsg_pkg__rosidl_typesupport_c.so" to ""
[1.646s] -- Installing: /root/snu/snuboat/ws/install/snumsg_pkg/lib/libsnumsg_pkg__rosidl_typesupport_introspection_cpp.so
[1.646s] -- Set runtime path of "/root/snu/snuboat/ws/install/snumsg_pkg/lib/libsnumsg_pkg__rosidl_typesupport_introspection_cpp.so" to ""
[1.646s] -- Installing: /root/snu/snuboat/ws/install/snumsg_pkg/lib/libsnumsg_pkg__rosidl_typesupport_cpp.so
[1.646s] -- Set runtime path of "/root/snu/snuboat/ws/install/snumsg_pkg/lib/libsnumsg_pkg__rosidl_typesupport_cpp.so" to ""
[1.658s] Listing '/root/snu/snuboat/ws/install/snumsg_pkg/local/lib/python3.10/dist-packages/snumsg_pkg'...
[1.658s] Compiling '/root/snu/snuboat/ws/install/snumsg_pkg/local/lib/python3.10/dist-packages/snumsg_pkg/__init__.py'...
[1.658s] Listing '/root/snu/snuboat/ws/install/snumsg_pkg/local/lib/python3.10/dist-packages/snumsg_pkg/msg'...
[1.658s] Compiling '/root/snu/snuboat/ws/install/snumsg_pkg/local/lib/python3.10/dist-packages/snumsg_pkg/msg/__init__.py'...
[1.658s] Compiling '/root/snu/snuboat/ws/install/snumsg_pkg/local/lib/python3.10/dist-packages/snumsg_pkg/msg/_mission_code.py'...
[1.658s] Compiling '/root/snu/snuboat/ws/install/snumsg_pkg/local/lib/python3.10/dist-packages/snumsg_pkg/msg/_sensor.py'...
[1.660s] -- Installing: /root/snu/snuboat/ws/install/snumsg_pkg/lib/libsnumsg_pkg__rosidl_generator_py.so
[1.660s] -- Set runtime path of "/root/snu/snuboat/ws/install/snumsg_pkg/lib/libsnumsg_pkg__rosidl_generator_py.so" to ""
[1.661s] -- Installing: /root/snu/snuboat/ws/install/snumsg_pkg/share/snumsg_pkg/cmake/export_snumsg_pkg__rosidl_generator_cExport.cmake
[1.661s] -- Installing: /root/snu/snuboat/ws/install/snumsg_pkg/share/snumsg_pkg/cmake/export_snumsg_pkg__rosidl_generator_cExport-noconfig.cmake
[1.661s] -- Installing: /root/snu/snuboat/ws/install/snumsg_pkg/share/snumsg_pkg/cmake/export_snumsg_pkg__rosidl_typesupport_fastrtps_cExport.cmake
[1.661s] -- Installing: /root/snu/snuboat/ws/install/snumsg_pkg/share/snumsg_pkg/cmake/export_snumsg_pkg__rosidl_typesupport_fastrtps_cExport-noconfig.cmake
[1.661s] -- Installing: /root/snu/snuboat/ws/install/snumsg_pkg/share/snumsg_pkg/cmake/export_snumsg_pkg__rosidl_generator_cppExport.cmake
[1.661s] -- Installing: /root/snu/snuboat/ws/install/snumsg_pkg/share/snumsg_pkg/cmake/export_snumsg_pkg__rosidl_typesupport_fastrtps_cppExport.cmake
[1.661s] -- Installing: /root/snu/snuboat/ws/install/snumsg_pkg/share/snumsg_pkg/cmake/export_snumsg_pkg__rosidl_typesupport_fastrtps_cppExport-noconfig.cmake
[1.661s] -- Installing: /root/snu/snuboat/ws/install/snumsg_pkg/share/snumsg_pkg/cmake/snumsg_pkg__rosidl_typesupport_introspection_cExport.cmake
[1.661s] -- Installing: /root/snu/snuboat/ws/install/snumsg_pkg/share/snumsg_pkg/cmake/snumsg_pkg__rosidl_typesupport_introspection_cExport-noconfig.cmake
[1.661s] -- Installing: /root/snu/snuboat/ws/install/snumsg_pkg/share/snumsg_pkg/cmake/snumsg_pkg__rosidl_typesupport_cExport.cmake
[1.661s] -- Installing: /root/snu/snuboat/ws/install/snumsg_pkg/share/snumsg_pkg/cmake/snumsg_pkg__rosidl_typesupport_cExport-noconfig.cmake
[1.661s] -- Installing: /root/snu/snuboat/ws/install/snumsg_pkg/share/snumsg_pkg/cmake/snumsg_pkg__rosidl_typesupport_introspection_cppExport.cmake
[1.661s] -- Installing: /root/snu/snuboat/ws/install/snumsg_pkg/share/snumsg_pkg/cmake/snumsg_pkg__rosidl_typesupport_introspection_cppExport-noconfig.cmake
[1.661s] -- Installing: /root/snu/snuboat/ws/install/snumsg_pkg/share/snumsg_pkg/cmake/snumsg_pkg__rosidl_typesupport_cppExport.cmake
[1.661s] -- Installing: /root/snu/snuboat/ws/install/snumsg_pkg/share/snumsg_pkg/cmake/snumsg_pkg__rosidl_typesupport_cppExport-noconfig.cmake
[1.661s] -- Installing: /root/snu/snuboat/ws/install/snumsg_pkg/share/snumsg_pkg/cmake/export_snumsg_pkg__rosidl_generator_pyExport.cmake
[1.661s] -- Installing: /root/snu/snuboat/ws/install/snumsg_pkg/share/snumsg_pkg/cmake/export_snumsg_pkg__rosidl_generator_pyExport-noconfig.cmake
[1.662s] Invoked command in '/root/snu/snuboat/ws/build/snumsg_pkg' returned '0': CMAKE_PREFIX_PATH=${CMAKE_PREFIX_PATH}:/root/snu/snuboat/ws/install/snunav_pkg:/opt/ros/humble /usr/bin/cmake --install /root/snu/snuboat/ws/build/snumsg_pkg
