[0.037s] DEBUG:colcon:Command line arguments: ['/usr/bin/colcon', 'build', '--packages-select', 'snumsg_pkg', 'snunav_pkg', '--symlink-install']
[0.037s] DEBUG:colcon:Parsed command line arguments: Namespace(log_base=None, log_level=None, verb_name='build', build_base='build', install_base='install', merge_install=False, symlink_install=True, test_result_base=None, continue_on_error=False, executor='parallel', parallel_workers=10, event_handlers=None, ignore_user_meta=False, metas=['./colcon.meta'], base_paths=['.'], packages_ignore=None, packages_ignore_regex=None, paths=None, packages_up_to=None, packages_up_to_regex=None, packages_above=None, packages_above_and_dependencies=None, packages_above_depth=None, packages_select_by_dep=None, packages_skip_by_dep=None, packages_skip_up_to=None, packages_select_build_failed=False, packages_skip_build_finished=False, packages_select_test_failures=False, packages_skip_test_passed=False, packages_select=['snumsg_pkg', 'snunav_pkg'], packages_skip=None, packages_select_regex=None, packages_skip_regex=None, packages_start=None, packages_end=None, allow_overriding=[], cmake_args=None, cmake_target=None, cmake_target_skip_unavailable=False, cmake_clean_cache=False, cmake_clean_first=False, cmake_force_configure=False, ament_cmake_args=None, catkin_cmake_args=None, catkin_skip_building_tests=False, mixin_files=None, mixin=None, verb_parser=<colcon_mixin.mixin.mixin_argument.MixinArgumentDecorator object at 0xffff8d064f10>, verb_extension=<colcon_core.verb.build.BuildVerb object at 0xffff8d064940>, main=<bound method BuildVerb.main of <colcon_core.verb.build.BuildVerb object at 0xffff8d064940>>, mixin_verb=('build',))
[0.085s] Level 1:colcon.colcon_core.package_discovery:discover_packages(colcon_meta) check parameters
[0.085s] Level 1:colcon.colcon_core.package_discovery:discover_packages(recursive) check parameters
[0.085s] Level 1:colcon.colcon_core.package_discovery:discover_packages(ignore) check parameters
[0.085s] Level 1:colcon.colcon_core.package_discovery:discover_packages(path) check parameters
[0.085s] Level 1:colcon.colcon_core.package_discovery:discover_packages(colcon_meta) discover
[0.085s] Level 1:colcon.colcon_core.package_discovery:discover_packages(recursive) discover
[0.085s] INFO:colcon.colcon_core.package_discovery:Crawling recursively for packages in '/root/snu/snuboat/ws'
[0.085s] Level 1:colcon.colcon_core.package_identification:_identify(.) by extensions ['ignore', 'ignore_ament_install']
[0.085s] Level 1:colcon.colcon_core.package_identification:_identify(.) by extension 'ignore'
[0.085s] Level 1:colcon.colcon_core.package_identification:_identify(.) by extension 'ignore_ament_install'
[0.085s] Level 1:colcon.colcon_core.package_identification:_identify(.) by extensions ['colcon_pkg']
[0.085s] Level 1:colcon.colcon_core.package_identification:_identify(.) by extension 'colcon_pkg'
[0.085s] Level 1:colcon.colcon_core.package_identification:_identify(.) by extensions ['colcon_meta']
[0.085s] Level 1:colcon.colcon_core.package_identification:_identify(.) by extension 'colcon_meta'
[0.085s] Level 1:colcon.colcon_core.package_identification:_identify(.) by extensions ['ros']
[0.086s] Level 1:colcon.colcon_core.package_identification:_identify(.) by extension 'ros'
[0.090s] Level 1:colcon.colcon_core.package_identification:_identify(.) by extensions ['cmake', 'python']
[0.090s] Level 1:colcon.colcon_core.package_identification:_identify(.) by extension 'cmake'
[0.090s] Level 1:colcon.colcon_core.package_identification:_identify(.) by extension 'python'
[0.090s] Level 1:colcon.colcon_core.package_identification:_identify(.) by extensions ['python_setup_py']
[0.090s] Level 1:colcon.colcon_core.package_identification:_identify(.) by extension 'python_setup_py'
[0.090s] Level 1:colcon.colcon_core.package_identification:_identify(build) by extensions ['ignore', 'ignore_ament_install']
[0.090s] Level 1:colcon.colcon_core.package_identification:_identify(build) by extension 'ignore'
[0.090s] Level 1:colcon.colcon_core.package_identification:_identify(build) ignored
[0.090s] Level 1:colcon.colcon_core.package_identification:_identify(install) by extensions ['ignore', 'ignore_ament_install']
[0.090s] Level 1:colcon.colcon_core.package_identification:_identify(install) by extension 'ignore'
[0.090s] Level 1:colcon.colcon_core.package_identification:_identify(install) ignored
[0.090s] Level 1:colcon.colcon_core.package_identification:_identify(log) by extensions ['ignore', 'ignore_ament_install']
[0.090s] Level 1:colcon.colcon_core.package_identification:_identify(log) by extension 'ignore'
[0.090s] Level 1:colcon.colcon_core.package_identification:_identify(log) ignored
[0.090s] Level 1:colcon.colcon_core.package_identification:_identify(src) by extensions ['ignore', 'ignore_ament_install']
[0.090s] Level 1:colcon.colcon_core.package_identification:_identify(src) by extension 'ignore'
[0.090s] Level 1:colcon.colcon_core.package_identification:_identify(src) by extension 'ignore_ament_install'
[0.090s] Level 1:colcon.colcon_core.package_identification:_identify(src) by extensions ['colcon_pkg']
[0.090s] Level 1:colcon.colcon_core.package_identification:_identify(src) by extension 'colcon_pkg'
[0.090s] Level 1:colcon.colcon_core.package_identification:_identify(src) by extensions ['colcon_meta']
[0.090s] Level 1:colcon.colcon_core.package_identification:_identify(src) by extension 'colcon_meta'
[0.090s] Level 1:colcon.colcon_core.package_identification:_identify(src) by extensions ['ros']
[0.090s] Level 1:colcon.colcon_core.package_identification:_identify(src) by extension 'ros'
[0.090s] Level 1:colcon.colcon_core.package_identification:_identify(src) by extensions ['cmake', 'python']
[0.090s] Level 1:colcon.colcon_core.package_identification:_identify(src) by extension 'cmake'
[0.090s] Level 1:colcon.colcon_core.package_identification:_identify(src) by extension 'python'
[0.090s] Level 1:colcon.colcon_core.package_identification:_identify(src) by extensions ['python_setup_py']
[0.090s] Level 1:colcon.colcon_core.package_identification:_identify(src) by extension 'python_setup_py'
[0.090s] Level 1:colcon.colcon_core.package_identification:_identify(src/sensor_pkg) by extensions ['ignore', 'ignore_ament_install']
[0.090s] Level 1:colcon.colcon_core.package_identification:_identify(src/sensor_pkg) by extension 'ignore'
[0.090s] Level 1:colcon.colcon_core.package_identification:_identify(src/sensor_pkg) by extension 'ignore_ament_install'
[0.090s] Level 1:colcon.colcon_core.package_identification:_identify(src/sensor_pkg) by extensions ['colcon_pkg']
[0.090s] Level 1:colcon.colcon_core.package_identification:_identify(src/sensor_pkg) by extension 'colcon_pkg'
[0.090s] Level 1:colcon.colcon_core.package_identification:_identify(src/sensor_pkg) by extensions ['colcon_meta']
[0.090s] Level 1:colcon.colcon_core.package_identification:_identify(src/sensor_pkg) by extension 'colcon_meta'
[0.090s] Level 1:colcon.colcon_core.package_identification:_identify(src/sensor_pkg) by extensions ['ros']
[0.090s] Level 1:colcon.colcon_core.package_identification:_identify(src/sensor_pkg) by extension 'ros'
[0.090s] Level 1:colcon.colcon_core.package_identification:_identify(src/sensor_pkg) by extensions ['cmake', 'python']
[0.090s] Level 1:colcon.colcon_core.package_identification:_identify(src/sensor_pkg) by extension 'cmake'
[0.090s] Level 1:colcon.colcon_core.package_identification:_identify(src/sensor_pkg) by extension 'python'
[0.090s] Level 1:colcon.colcon_core.package_identification:_identify(src/sensor_pkg) by extensions ['python_setup_py']
[0.090s] Level 1:colcon.colcon_core.package_identification:_identify(src/sensor_pkg) by extension 'python_setup_py'
[0.090s] Level 1:colcon.colcon_core.package_identification:_identify(src/sensor_pkg/LIO-SAM) by extensions ['ignore', 'ignore_ament_install']
[0.090s] Level 1:colcon.colcon_core.package_identification:_identify(src/sensor_pkg/LIO-SAM) by extension 'ignore'
[0.090s] Level 1:colcon.colcon_core.package_identification:_identify(src/sensor_pkg/LIO-SAM) by extension 'ignore_ament_install'
[0.090s] Level 1:colcon.colcon_core.package_identification:_identify(src/sensor_pkg/LIO-SAM) by extensions ['colcon_pkg']
[0.090s] Level 1:colcon.colcon_core.package_identification:_identify(src/sensor_pkg/LIO-SAM) by extension 'colcon_pkg'
[0.090s] Level 1:colcon.colcon_core.package_identification:_identify(src/sensor_pkg/LIO-SAM) by extensions ['colcon_meta']
[0.090s] Level 1:colcon.colcon_core.package_identification:_identify(src/sensor_pkg/LIO-SAM) by extension 'colcon_meta'
[0.090s] Level 1:colcon.colcon_core.package_identification:_identify(src/sensor_pkg/LIO-SAM) by extensions ['ros']
[0.090s] Level 1:colcon.colcon_core.package_identification:_identify(src/sensor_pkg/LIO-SAM) by extension 'ros'
[0.091s] DEBUG:colcon.colcon_core.package_identification:Package 'src/sensor_pkg/LIO-SAM' with type 'ros.ament_cmake' and name 'lio_sam'
[0.091s] Level 1:colcon.colcon_core.package_identification:_identify(src/sensor_pkg/kiss-icp) by extensions ['ignore', 'ignore_ament_install']
[0.091s] Level 1:colcon.colcon_core.package_identification:_identify(src/sensor_pkg/kiss-icp) by extension 'ignore'
[0.091s] Level 1:colcon.colcon_core.package_identification:_identify(src/sensor_pkg/kiss-icp) by extension 'ignore_ament_install'
[0.091s] Level 1:colcon.colcon_core.package_identification:_identify(src/sensor_pkg/kiss-icp) by extensions ['colcon_pkg']
[0.091s] Level 1:colcon.colcon_core.package_identification:_identify(src/sensor_pkg/kiss-icp) by extension 'colcon_pkg'
[0.091s] Level 1:colcon.colcon_core.package_identification:_identify(src/sensor_pkg/kiss-icp) by extensions ['colcon_meta']
[0.091s] Level 1:colcon.colcon_core.package_identification:_identify(src/sensor_pkg/kiss-icp) by extension 'colcon_meta'
[0.092s] Level 1:colcon.colcon_core.package_identification:_identify(src/sensor_pkg/kiss-icp) by extensions ['ros']
[0.092s] Level 1:colcon.colcon_core.package_identification:_identify(src/sensor_pkg/kiss-icp) by extension 'ros'
[0.092s] Level 1:colcon.colcon_core.package_identification:_identify(src/sensor_pkg/kiss-icp) by extensions ['cmake', 'python']
[0.092s] Level 1:colcon.colcon_core.package_identification:_identify(src/sensor_pkg/kiss-icp) by extension 'cmake'
[0.092s] Level 1:colcon.colcon_core.package_identification:_identify(src/sensor_pkg/kiss-icp) by extension 'python'
[0.092s] Level 1:colcon.colcon_core.package_identification:_identify(src/sensor_pkg/kiss-icp) by extensions ['python_setup_py']
[0.092s] Level 1:colcon.colcon_core.package_identification:_identify(src/sensor_pkg/kiss-icp) by extension 'python_setup_py'
[0.092s] Level 1:colcon.colcon_core.package_identification:_identify(src/sensor_pkg/kiss-icp/config) by extensions ['ignore', 'ignore_ament_install']
[0.092s] Level 1:colcon.colcon_core.package_identification:_identify(src/sensor_pkg/kiss-icp/config) by extension 'ignore'
[0.092s] Level 1:colcon.colcon_core.package_identification:_identify(src/sensor_pkg/kiss-icp/config) by extension 'ignore_ament_install'
[0.092s] Level 1:colcon.colcon_core.package_identification:_identify(src/sensor_pkg/kiss-icp/config) by extensions ['colcon_pkg']
[0.092s] Level 1:colcon.colcon_core.package_identification:_identify(src/sensor_pkg/kiss-icp/config) by extension 'colcon_pkg'
[0.092s] Level 1:colcon.colcon_core.package_identification:_identify(src/sensor_pkg/kiss-icp/config) by extensions ['colcon_meta']
[0.092s] Level 1:colcon.colcon_core.package_identification:_identify(src/sensor_pkg/kiss-icp/config) by extension 'colcon_meta'
[0.092s] Level 1:colcon.colcon_core.package_identification:_identify(src/sensor_pkg/kiss-icp/config) by extensions ['ros']
[0.092s] Level 1:colcon.colcon_core.package_identification:_identify(src/sensor_pkg/kiss-icp/config) by extension 'ros'
[0.092s] Level 1:colcon.colcon_core.package_identification:_identify(src/sensor_pkg/kiss-icp/config) by extensions ['cmake', 'python']
[0.092s] Level 1:colcon.colcon_core.package_identification:_identify(src/sensor_pkg/kiss-icp/config) by extension 'cmake'
[0.092s] Level 1:colcon.colcon_core.package_identification:_identify(src/sensor_pkg/kiss-icp/config) by extension 'python'
[0.092s] Level 1:colcon.colcon_core.package_identification:_identify(src/sensor_pkg/kiss-icp/config) by extensions ['python_setup_py']
[0.092s] Level 1:colcon.colcon_core.package_identification:_identify(src/sensor_pkg/kiss-icp/config) by extension 'python_setup_py'
[0.092s] Level 1:colcon.colcon_core.package_identification:_identify(src/sensor_pkg/kiss-icp/cpp) by extensions ['ignore', 'ignore_ament_install']
[0.092s] Level 1:colcon.colcon_core.package_identification:_identify(src/sensor_pkg/kiss-icp/cpp) by extension 'ignore'
[0.092s] Level 1:colcon.colcon_core.package_identification:_identify(src/sensor_pkg/kiss-icp/cpp) ignored
[0.092s] Level 1:colcon.colcon_core.package_identification:_identify(src/sensor_pkg/kiss-icp/eval) by extensions ['ignore', 'ignore_ament_install']
[0.092s] Level 1:colcon.colcon_core.package_identification:_identify(src/sensor_pkg/kiss-icp/eval) by extension 'ignore'
[0.092s] Level 1:colcon.colcon_core.package_identification:_identify(src/sensor_pkg/kiss-icp/eval) by extension 'ignore_ament_install'
[0.092s] Level 1:colcon.colcon_core.package_identification:_identify(src/sensor_pkg/kiss-icp/eval) by extensions ['colcon_pkg']
[0.092s] Level 1:colcon.colcon_core.package_identification:_identify(src/sensor_pkg/kiss-icp/eval) by extension 'colcon_pkg'
[0.092s] Level 1:colcon.colcon_core.package_identification:_identify(src/sensor_pkg/kiss-icp/eval) by extensions ['colcon_meta']
[0.092s] Level 1:colcon.colcon_core.package_identification:_identify(src/sensor_pkg/kiss-icp/eval) by extension 'colcon_meta'
[0.092s] Level 1:colcon.colcon_core.package_identification:_identify(src/sensor_pkg/kiss-icp/eval) by extensions ['ros']
[0.092s] Level 1:colcon.colcon_core.package_identification:_identify(src/sensor_pkg/kiss-icp/eval) by extension 'ros'
[0.092s] Level 1:colcon.colcon_core.package_identification:_identify(src/sensor_pkg/kiss-icp/eval) by extensions ['cmake', 'python']
[0.092s] Level 1:colcon.colcon_core.package_identification:_identify(src/sensor_pkg/kiss-icp/eval) by extension 'cmake'
[0.092s] Level 1:colcon.colcon_core.package_identification:_identify(src/sensor_pkg/kiss-icp/eval) by extension 'python'
[0.092s] Level 1:colcon.colcon_core.package_identification:_identify(src/sensor_pkg/kiss-icp/eval) by extensions ['python_setup_py']
[0.092s] Level 1:colcon.colcon_core.package_identification:_identify(src/sensor_pkg/kiss-icp/eval) by extension 'python_setup_py'
[0.092s] Level 1:colcon.colcon_core.package_identification:_identify(src/sensor_pkg/kiss-icp/python) by extensions ['ignore', 'ignore_ament_install']
[0.092s] Level 1:colcon.colcon_core.package_identification:_identify(src/sensor_pkg/kiss-icp/python) by extension 'ignore'
[0.092s] Level 1:colcon.colcon_core.package_identification:_identify(src/sensor_pkg/kiss-icp/python) ignored
[0.092s] Level 1:colcon.colcon_core.package_identification:_identify(src/sensor_pkg/kiss-icp/ros) by extensions ['ignore', 'ignore_ament_install']
[0.092s] Level 1:colcon.colcon_core.package_identification:_identify(src/sensor_pkg/kiss-icp/ros) by extension 'ignore'
[0.092s] Level 1:colcon.colcon_core.package_identification:_identify(src/sensor_pkg/kiss-icp/ros) by extension 'ignore_ament_install'
[0.092s] Level 1:colcon.colcon_core.package_identification:_identify(src/sensor_pkg/kiss-icp/ros) by extensions ['colcon_pkg']
[0.092s] Level 1:colcon.colcon_core.package_identification:_identify(src/sensor_pkg/kiss-icp/ros) by extension 'colcon_pkg'
[0.092s] Level 1:colcon.colcon_core.package_identification:_identify(src/sensor_pkg/kiss-icp/ros) by extensions ['colcon_meta']
[0.092s] Level 1:colcon.colcon_core.package_identification:_identify(src/sensor_pkg/kiss-icp/ros) by extension 'colcon_meta'
[0.092s] Level 1:colcon.colcon_core.package_identification:_identify(src/sensor_pkg/kiss-icp/ros) by extensions ['ros']
[0.092s] Level 1:colcon.colcon_core.package_identification:_identify(src/sensor_pkg/kiss-icp/ros) by extension 'ros'
[0.093s] DEBUG:colcon.colcon_core.package_identification:Package 'src/sensor_pkg/kiss-icp/ros' with type 'ros.ament_cmake' and name 'kiss_icp'
[0.093s] Level 1:colcon.colcon_core.package_identification:_identify(src/sensor_pkg/microstrain_inertial) by extensions ['ignore', 'ignore_ament_install']
[0.093s] Level 1:colcon.colcon_core.package_identification:_identify(src/sensor_pkg/microstrain_inertial) by extension 'ignore'
[0.093s] Level 1:colcon.colcon_core.package_identification:_identify(src/sensor_pkg/microstrain_inertial) by extension 'ignore_ament_install'
[0.093s] Level 1:colcon.colcon_core.package_identification:_identify(src/sensor_pkg/microstrain_inertial) by extensions ['colcon_pkg']
[0.093s] Level 1:colcon.colcon_core.package_identification:_identify(src/sensor_pkg/microstrain_inertial) by extension 'colcon_pkg'
[0.093s] Level 1:colcon.colcon_core.package_identification:_identify(src/sensor_pkg/microstrain_inertial) by extensions ['colcon_meta']
[0.093s] Level 1:colcon.colcon_core.package_identification:_identify(src/sensor_pkg/microstrain_inertial) by extension 'colcon_meta'
[0.093s] Level 1:colcon.colcon_core.package_identification:_identify(src/sensor_pkg/microstrain_inertial) by extensions ['ros']
[0.093s] Level 1:colcon.colcon_core.package_identification:_identify(src/sensor_pkg/microstrain_inertial) by extension 'ros'
[0.093s] Level 1:colcon.colcon_core.package_identification:_identify(src/sensor_pkg/microstrain_inertial) by extensions ['cmake', 'python']
[0.093s] Level 1:colcon.colcon_core.package_identification:_identify(src/sensor_pkg/microstrain_inertial) by extension 'cmake'
[0.093s] Level 1:colcon.colcon_core.package_identification:_identify(src/sensor_pkg/microstrain_inertial) by extension 'python'
[0.093s] Level 1:colcon.colcon_core.package_identification:_identify(src/sensor_pkg/microstrain_inertial) by extensions ['python_setup_py']
[0.093s] Level 1:colcon.colcon_core.package_identification:_identify(src/sensor_pkg/microstrain_inertial) by extension 'python_setup_py'
[0.093s] Level 1:colcon.colcon_core.package_identification:_identify(src/sensor_pkg/microstrain_inertial/microstrain_inertial_description) by extensions ['ignore', 'ignore_ament_install']
[0.093s] Level 1:colcon.colcon_core.package_identification:_identify(src/sensor_pkg/microstrain_inertial/microstrain_inertial_description) by extension 'ignore'
[0.093s] Level 1:colcon.colcon_core.package_identification:_identify(src/sensor_pkg/microstrain_inertial/microstrain_inertial_description) by extension 'ignore_ament_install'
[0.093s] Level 1:colcon.colcon_core.package_identification:_identify(src/sensor_pkg/microstrain_inertial/microstrain_inertial_description) by extensions ['colcon_pkg']
[0.093s] Level 1:colcon.colcon_core.package_identification:_identify(src/sensor_pkg/microstrain_inertial/microstrain_inertial_description) by extension 'colcon_pkg'
[0.093s] Level 1:colcon.colcon_core.package_identification:_identify(src/sensor_pkg/microstrain_inertial/microstrain_inertial_description) by extensions ['colcon_meta']
[0.093s] Level 1:colcon.colcon_core.package_identification:_identify(src/sensor_pkg/microstrain_inertial/microstrain_inertial_description) by extension 'colcon_meta'
[0.093s] Level 1:colcon.colcon_core.package_identification:_identify(src/sensor_pkg/microstrain_inertial/microstrain_inertial_description) by extensions ['ros']
[0.093s] Level 1:colcon.colcon_core.package_identification:_identify(src/sensor_pkg/microstrain_inertial/microstrain_inertial_description) by extension 'ros'
[0.093s] DEBUG:colcon.colcon_core.package_identification:Package 'src/sensor_pkg/microstrain_inertial/microstrain_inertial_description' with type 'ros.ament_cmake' and name 'microstrain_inertial_description'
[0.093s] Level 1:colcon.colcon_core.package_identification:_identify(src/sensor_pkg/microstrain_inertial/microstrain_inertial_driver) by extensions ['ignore', 'ignore_ament_install']
[0.093s] Level 1:colcon.colcon_core.package_identification:_identify(src/sensor_pkg/microstrain_inertial/microstrain_inertial_driver) by extension 'ignore'
[0.093s] Level 1:colcon.colcon_core.package_identification:_identify(src/sensor_pkg/microstrain_inertial/microstrain_inertial_driver) by extension 'ignore_ament_install'
[0.093s] Level 1:colcon.colcon_core.package_identification:_identify(src/sensor_pkg/microstrain_inertial/microstrain_inertial_driver) by extensions ['colcon_pkg']
[0.093s] Level 1:colcon.colcon_core.package_identification:_identify(src/sensor_pkg/microstrain_inertial/microstrain_inertial_driver) by extension 'colcon_pkg'
[0.093s] Level 1:colcon.colcon_core.package_identification:_identify(src/sensor_pkg/microstrain_inertial/microstrain_inertial_driver) by extensions ['colcon_meta']
[0.093s] Level 1:colcon.colcon_core.package_identification:_identify(src/sensor_pkg/microstrain_inertial/microstrain_inertial_driver) by extension 'colcon_meta'
[0.093s] Level 1:colcon.colcon_core.package_identification:_identify(src/sensor_pkg/microstrain_inertial/microstrain_inertial_driver) by extensions ['ros']
[0.093s] Level 1:colcon.colcon_core.package_identification:_identify(src/sensor_pkg/microstrain_inertial/microstrain_inertial_driver) by extension 'ros'
[0.094s] DEBUG:colcon.colcon_core.package_identification:Package 'src/sensor_pkg/microstrain_inertial/microstrain_inertial_driver' with type 'ros.ament_cmake' and name 'microstrain_inertial_driver'
[0.094s] Level 1:colcon.colcon_core.package_identification:_identify(src/sensor_pkg/microstrain_inertial/microstrain_inertial_examples) by extensions ['ignore', 'ignore_ament_install']
[0.094s] Level 1:colcon.colcon_core.package_identification:_identify(src/sensor_pkg/microstrain_inertial/microstrain_inertial_examples) by extension 'ignore'
[0.094s] Level 1:colcon.colcon_core.package_identification:_identify(src/sensor_pkg/microstrain_inertial/microstrain_inertial_examples) by extension 'ignore_ament_install'
[0.094s] Level 1:colcon.colcon_core.package_identification:_identify(src/sensor_pkg/microstrain_inertial/microstrain_inertial_examples) by extensions ['colcon_pkg']
[0.094s] Level 1:colcon.colcon_core.package_identification:_identify(src/sensor_pkg/microstrain_inertial/microstrain_inertial_examples) by extension 'colcon_pkg'
[0.094s] Level 1:colcon.colcon_core.package_identification:_identify(src/sensor_pkg/microstrain_inertial/microstrain_inertial_examples) by extensions ['colcon_meta']
[0.094s] Level 1:colcon.colcon_core.package_identification:_identify(src/sensor_pkg/microstrain_inertial/microstrain_inertial_examples) by extension 'colcon_meta'
[0.094s] Level 1:colcon.colcon_core.package_identification:_identify(src/sensor_pkg/microstrain_inertial/microstrain_inertial_examples) by extensions ['ros']
[0.094s] Level 1:colcon.colcon_core.package_identification:_identify(src/sensor_pkg/microstrain_inertial/microstrain_inertial_examples) by extension 'ros'
[0.094s] DEBUG:colcon.colcon_core.package_identification:Package 'src/sensor_pkg/microstrain_inertial/microstrain_inertial_examples' with type 'ros.ament_cmake' and name 'microstrain_inertial_examples'
[0.094s] Level 1:colcon.colcon_core.package_identification:_identify(src/sensor_pkg/microstrain_inertial/microstrain_inertial_msgs) by extensions ['ignore', 'ignore_ament_install']
[0.094s] Level 1:colcon.colcon_core.package_identification:_identify(src/sensor_pkg/microstrain_inertial/microstrain_inertial_msgs) by extension 'ignore'
[0.094s] Level 1:colcon.colcon_core.package_identification:_identify(src/sensor_pkg/microstrain_inertial/microstrain_inertial_msgs) by extension 'ignore_ament_install'
[0.094s] Level 1:colcon.colcon_core.package_identification:_identify(src/sensor_pkg/microstrain_inertial/microstrain_inertial_msgs) by extensions ['colcon_pkg']
[0.094s] Level 1:colcon.colcon_core.package_identification:_identify(src/sensor_pkg/microstrain_inertial/microstrain_inertial_msgs) by extension 'colcon_pkg'
[0.094s] Level 1:colcon.colcon_core.package_identification:_identify(src/sensor_pkg/microstrain_inertial/microstrain_inertial_msgs) by extensions ['colcon_meta']
[0.094s] Level 1:colcon.colcon_core.package_identification:_identify(src/sensor_pkg/microstrain_inertial/microstrain_inertial_msgs) by extension 'colcon_meta'
[0.094s] Level 1:colcon.colcon_core.package_identification:_identify(src/sensor_pkg/microstrain_inertial/microstrain_inertial_msgs) by extensions ['ros']
[0.094s] Level 1:colcon.colcon_core.package_identification:_identify(src/sensor_pkg/microstrain_inertial/microstrain_inertial_msgs) by extension 'ros'
[0.095s] DEBUG:colcon.colcon_core.package_identification:Package 'src/sensor_pkg/microstrain_inertial/microstrain_inertial_msgs' with type 'ros.ament_cmake' and name 'microstrain_inertial_msgs'
[0.095s] Level 1:colcon.colcon_core.package_identification:_identify(src/sensor_pkg/microstrain_inertial/microstrain_inertial_rqt) by extensions ['ignore', 'ignore_ament_install']
[0.095s] Level 1:colcon.colcon_core.package_identification:_identify(src/sensor_pkg/microstrain_inertial/microstrain_inertial_rqt) by extension 'ignore'
[0.095s] Level 1:colcon.colcon_core.package_identification:_identify(src/sensor_pkg/microstrain_inertial/microstrain_inertial_rqt) by extension 'ignore_ament_install'
[0.095s] Level 1:colcon.colcon_core.package_identification:_identify(src/sensor_pkg/microstrain_inertial/microstrain_inertial_rqt) by extensions ['colcon_pkg']
[0.095s] Level 1:colcon.colcon_core.package_identification:_identify(src/sensor_pkg/microstrain_inertial/microstrain_inertial_rqt) by extension 'colcon_pkg'
[0.095s] Level 1:colcon.colcon_core.package_identification:_identify(src/sensor_pkg/microstrain_inertial/microstrain_inertial_rqt) by extensions ['colcon_meta']
[0.095s] Level 1:colcon.colcon_core.package_identification:_identify(src/sensor_pkg/microstrain_inertial/microstrain_inertial_rqt) by extension 'colcon_meta'
[0.095s] Level 1:colcon.colcon_core.package_identification:_identify(src/sensor_pkg/microstrain_inertial/microstrain_inertial_rqt) by extensions ['ros']
[0.095s] Level 1:colcon.colcon_core.package_identification:_identify(src/sensor_pkg/microstrain_inertial/microstrain_inertial_rqt) by extension 'ros'
[0.095s] DEBUG:colcon.colcon_core.package_identification:Package 'src/sensor_pkg/microstrain_inertial/microstrain_inertial_rqt' with type 'ros.ament_python' and name 'microstrain_inertial_rqt'
[0.095s] Level 1:colcon.colcon_core.package_identification:_identify(src/sensor_pkg/ouster-ros) by extensions ['ignore', 'ignore_ament_install']
[0.095s] Level 1:colcon.colcon_core.package_identification:_identify(src/sensor_pkg/ouster-ros) by extension 'ignore'
[0.095s] Level 1:colcon.colcon_core.package_identification:_identify(src/sensor_pkg/ouster-ros) by extension 'ignore_ament_install'
[0.095s] Level 1:colcon.colcon_core.package_identification:_identify(src/sensor_pkg/ouster-ros) by extensions ['colcon_pkg']
[0.095s] Level 1:colcon.colcon_core.package_identification:_identify(src/sensor_pkg/ouster-ros) by extension 'colcon_pkg'
[0.095s] Level 1:colcon.colcon_core.package_identification:_identify(src/sensor_pkg/ouster-ros) by extensions ['colcon_meta']
[0.095s] Level 1:colcon.colcon_core.package_identification:_identify(src/sensor_pkg/ouster-ros) by extension 'colcon_meta'
[0.095s] Level 1:colcon.colcon_core.package_identification:_identify(src/sensor_pkg/ouster-ros) by extensions ['ros']
[0.095s] Level 1:colcon.colcon_core.package_identification:_identify(src/sensor_pkg/ouster-ros) by extension 'ros'
[0.095s] Level 1:colcon.colcon_core.package_identification:_identify(src/sensor_pkg/ouster-ros) by extensions ['cmake', 'python']
[0.095s] Level 1:colcon.colcon_core.package_identification:_identify(src/sensor_pkg/ouster-ros) by extension 'cmake'
[0.095s] Level 1:colcon.colcon_core.package_identification:_identify(src/sensor_pkg/ouster-ros) by extension 'python'
[0.095s] Level 1:colcon.colcon_core.package_identification:_identify(src/sensor_pkg/ouster-ros) by extensions ['python_setup_py']
[0.095s] Level 1:colcon.colcon_core.package_identification:_identify(src/sensor_pkg/ouster-ros) by extension 'python_setup_py'
[0.095s] Level 1:colcon.colcon_core.package_identification:_identify(src/sensor_pkg/ouster-ros/docs) by extensions ['ignore', 'ignore_ament_install']
[0.095s] Level 1:colcon.colcon_core.package_identification:_identify(src/sensor_pkg/ouster-ros/docs) by extension 'ignore'
[0.095s] Level 1:colcon.colcon_core.package_identification:_identify(src/sensor_pkg/ouster-ros/docs) by extension 'ignore_ament_install'
[0.095s] Level 1:colcon.colcon_core.package_identification:_identify(src/sensor_pkg/ouster-ros/docs) by extensions ['colcon_pkg']
[0.095s] Level 1:colcon.colcon_core.package_identification:_identify(src/sensor_pkg/ouster-ros/docs) by extension 'colcon_pkg'
[0.095s] Level 1:colcon.colcon_core.package_identification:_identify(src/sensor_pkg/ouster-ros/docs) by extensions ['colcon_meta']
[0.095s] Level 1:colcon.colcon_core.package_identification:_identify(src/sensor_pkg/ouster-ros/docs) by extension 'colcon_meta'
[0.095s] Level 1:colcon.colcon_core.package_identification:_identify(src/sensor_pkg/ouster-ros/docs) by extensions ['ros']
[0.095s] Level 1:colcon.colcon_core.package_identification:_identify(src/sensor_pkg/ouster-ros/docs) by extension 'ros'
[0.095s] Level 1:colcon.colcon_core.package_identification:_identify(src/sensor_pkg/ouster-ros/docs) by extensions ['cmake', 'python']
[0.095s] Level 1:colcon.colcon_core.package_identification:_identify(src/sensor_pkg/ouster-ros/docs) by extension 'cmake'
[0.095s] Level 1:colcon.colcon_core.package_identification:_identify(src/sensor_pkg/ouster-ros/docs) by extension 'python'
[0.095s] Level 1:colcon.colcon_core.package_identification:_identify(src/sensor_pkg/ouster-ros/docs) by extensions ['python_setup_py']
[0.095s] Level 1:colcon.colcon_core.package_identification:_identify(src/sensor_pkg/ouster-ros/docs) by extension 'python_setup_py'
[0.095s] Level 1:colcon.colcon_core.package_identification:_identify(src/sensor_pkg/ouster-ros/docs/images) by extensions ['ignore', 'ignore_ament_install']
[0.095s] Level 1:colcon.colcon_core.package_identification:_identify(src/sensor_pkg/ouster-ros/docs/images) by extension 'ignore'
[0.095s] Level 1:colcon.colcon_core.package_identification:_identify(src/sensor_pkg/ouster-ros/docs/images) by extension 'ignore_ament_install'
[0.095s] Level 1:colcon.colcon_core.package_identification:_identify(src/sensor_pkg/ouster-ros/docs/images) by extensions ['colcon_pkg']
[0.095s] Level 1:colcon.colcon_core.package_identification:_identify(src/sensor_pkg/ouster-ros/docs/images) by extension 'colcon_pkg'
[0.095s] Level 1:colcon.colcon_core.package_identification:_identify(src/sensor_pkg/ouster-ros/docs/images) by extensions ['colcon_meta']
[0.095s] Level 1:colcon.colcon_core.package_identification:_identify(src/sensor_pkg/ouster-ros/docs/images) by extension 'colcon_meta'
[0.095s] Level 1:colcon.colcon_core.package_identification:_identify(src/sensor_pkg/ouster-ros/docs/images) by extensions ['ros']
[0.095s] Level 1:colcon.colcon_core.package_identification:_identify(src/sensor_pkg/ouster-ros/docs/images) by extension 'ros'
[0.096s] Level 1:colcon.colcon_core.package_identification:_identify(src/sensor_pkg/ouster-ros/docs/images) by extensions ['cmake', 'python']
[0.096s] Level 1:colcon.colcon_core.package_identification:_identify(src/sensor_pkg/ouster-ros/docs/images) by extension 'cmake'
[0.096s] Level 1:colcon.colcon_core.package_identification:_identify(src/sensor_pkg/ouster-ros/docs/images) by extension 'python'
[0.096s] Level 1:colcon.colcon_core.package_identification:_identify(src/sensor_pkg/ouster-ros/docs/images) by extensions ['python_setup_py']
[0.096s] Level 1:colcon.colcon_core.package_identification:_identify(src/sensor_pkg/ouster-ros/docs/images) by extension 'python_setup_py'
[0.096s] Level 1:colcon.colcon_core.package_identification:_identify(src/sensor_pkg/ouster-ros/ouster-ros) by extensions ['ignore', 'ignore_ament_install']
[0.096s] Level 1:colcon.colcon_core.package_identification:_identify(src/sensor_pkg/ouster-ros/ouster-ros) by extension 'ignore'
[0.096s] Level 1:colcon.colcon_core.package_identification:_identify(src/sensor_pkg/ouster-ros/ouster-ros) by extension 'ignore_ament_install'
[0.096s] Level 1:colcon.colcon_core.package_identification:_identify(src/sensor_pkg/ouster-ros/ouster-ros) by extensions ['colcon_pkg']
[0.096s] Level 1:colcon.colcon_core.package_identification:_identify(src/sensor_pkg/ouster-ros/ouster-ros) by extension 'colcon_pkg'
[0.096s] Level 1:colcon.colcon_core.package_identification:_identify(src/sensor_pkg/ouster-ros/ouster-ros) by extensions ['colcon_meta']
[0.096s] Level 1:colcon.colcon_core.package_identification:_identify(src/sensor_pkg/ouster-ros/ouster-ros) by extension 'colcon_meta'
[0.096s] Level 1:colcon.colcon_core.package_identification:_identify(src/sensor_pkg/ouster-ros/ouster-ros) by extensions ['ros']
[0.096s] Level 1:colcon.colcon_core.package_identification:_identify(src/sensor_pkg/ouster-ros/ouster-ros) by extension 'ros'
[0.096s] DEBUG:colcon.colcon_core.package_identification:Package 'src/sensor_pkg/ouster-ros/ouster-ros' with type 'ros.ament_cmake' and name 'ouster_ros'
[0.096s] Level 1:colcon.colcon_core.package_identification:_identify(src/sensor_pkg/ouster-ros/ouster-sensor-msgs) by extensions ['ignore', 'ignore_ament_install']
[0.096s] Level 1:colcon.colcon_core.package_identification:_identify(src/sensor_pkg/ouster-ros/ouster-sensor-msgs) by extension 'ignore'
[0.096s] Level 1:colcon.colcon_core.package_identification:_identify(src/sensor_pkg/ouster-ros/ouster-sensor-msgs) by extension 'ignore_ament_install'
[0.096s] Level 1:colcon.colcon_core.package_identification:_identify(src/sensor_pkg/ouster-ros/ouster-sensor-msgs) by extensions ['colcon_pkg']
[0.096s] Level 1:colcon.colcon_core.package_identification:_identify(src/sensor_pkg/ouster-ros/ouster-sensor-msgs) by extension 'colcon_pkg'
[0.096s] Level 1:colcon.colcon_core.package_identification:_identify(src/sensor_pkg/ouster-ros/ouster-sensor-msgs) by extensions ['colcon_meta']
[0.096s] Level 1:colcon.colcon_core.package_identification:_identify(src/sensor_pkg/ouster-ros/ouster-sensor-msgs) by extension 'colcon_meta'
[0.096s] Level 1:colcon.colcon_core.package_identification:_identify(src/sensor_pkg/ouster-ros/ouster-sensor-msgs) by extensions ['ros']
[0.096s] Level 1:colcon.colcon_core.package_identification:_identify(src/sensor_pkg/ouster-ros/ouster-sensor-msgs) by extension 'ros'
[0.097s] DEBUG:colcon.colcon_core.package_identification:Package 'src/sensor_pkg/ouster-ros/ouster-sensor-msgs' with type 'ros.ament_cmake' and name 'ouster_sensor_msgs'
[0.097s] Level 1:colcon.colcon_core.package_identification:_identify(src/snumsg_pkg) by extensions ['ignore', 'ignore_ament_install']
[0.097s] Level 1:colcon.colcon_core.package_identification:_identify(src/snumsg_pkg) by extension 'ignore'
[0.097s] Level 1:colcon.colcon_core.package_identification:_identify(src/snumsg_pkg) by extension 'ignore_ament_install'
[0.097s] Level 1:colcon.colcon_core.package_identification:_identify(src/snumsg_pkg) by extensions ['colcon_pkg']
[0.097s] Level 1:colcon.colcon_core.package_identification:_identify(src/snumsg_pkg) by extension 'colcon_pkg'
[0.097s] Level 1:colcon.colcon_core.package_identification:_identify(src/snumsg_pkg) by extensions ['colcon_meta']
[0.097s] Level 1:colcon.colcon_core.package_identification:_identify(src/snumsg_pkg) by extension 'colcon_meta'
[0.097s] Level 1:colcon.colcon_core.package_identification:_identify(src/snumsg_pkg) by extensions ['ros']
[0.097s] Level 1:colcon.colcon_core.package_identification:_identify(src/snumsg_pkg) by extension 'ros'
[0.097s] DEBUG:colcon.colcon_core.package_identification:Package 'src/snumsg_pkg' with type 'ros.ament_cmake' and name 'snumsg_pkg'
[0.097s] Level 1:colcon.colcon_core.package_identification:_identify(src/snunav_pkg) by extensions ['ignore', 'ignore_ament_install']
[0.097s] Level 1:colcon.colcon_core.package_identification:_identify(src/snunav_pkg) by extension 'ignore'
[0.097s] Level 1:colcon.colcon_core.package_identification:_identify(src/snunav_pkg) by extension 'ignore_ament_install'
[0.097s] Level 1:colcon.colcon_core.package_identification:_identify(src/snunav_pkg) by extensions ['colcon_pkg']
[0.097s] Level 1:colcon.colcon_core.package_identification:_identify(src/snunav_pkg) by extension 'colcon_pkg'
[0.097s] Level 1:colcon.colcon_core.package_identification:_identify(src/snunav_pkg) by extensions ['colcon_meta']
[0.097s] Level 1:colcon.colcon_core.package_identification:_identify(src/snunav_pkg) by extension 'colcon_meta'
[0.097s] Level 1:colcon.colcon_core.package_identification:_identify(src/snunav_pkg) by extensions ['ros']
[0.097s] Level 1:colcon.colcon_core.package_identification:_identify(src/snunav_pkg) by extension 'ros'
[0.097s] DEBUG:colcon.colcon_core.package_identification:Package 'src/snunav_pkg' with type 'ros.ament_python' and name 'snunav_pkg'
[0.097s] Level 1:colcon.colcon_core.package_discovery:discover_packages(recursive) using defaults
[0.097s] Level 1:colcon.colcon_core.package_discovery:discover_packages(ignore) discover
[0.097s] Level 1:colcon.colcon_core.package_discovery:discover_packages(ignore) using defaults
[0.097s] Level 1:colcon.colcon_core.package_discovery:discover_packages(path) discover
[0.097s] Level 1:colcon.colcon_core.package_discovery:discover_packages(path) using defaults
[0.109s] INFO:colcon.colcon_core.package_selection:Skipping not selected package 'kiss_icp' in 'src/sensor_pkg/kiss-icp/ros'
[0.109s] INFO:colcon.colcon_core.package_selection:Skipping not selected package 'lio_sam' in 'src/sensor_pkg/LIO-SAM'
[0.109s] INFO:colcon.colcon_core.package_selection:Skipping not selected package 'microstrain_inertial_description' in 'src/sensor_pkg/microstrain_inertial/microstrain_inertial_description'
[0.109s] INFO:colcon.colcon_core.package_selection:Skipping not selected package 'microstrain_inertial_msgs' in 'src/sensor_pkg/microstrain_inertial/microstrain_inertial_msgs'
[0.109s] INFO:colcon.colcon_core.package_selection:Skipping not selected package 'ouster_sensor_msgs' in 'src/sensor_pkg/ouster-ros/ouster-sensor-msgs'
[0.109s] INFO:colcon.colcon_core.package_selection:Skipping not selected package 'microstrain_inertial_driver' in 'src/sensor_pkg/microstrain_inertial/microstrain_inertial_driver'
[0.109s] INFO:colcon.colcon_core.package_selection:Skipping not selected package 'microstrain_inertial_rqt' in 'src/sensor_pkg/microstrain_inertial/microstrain_inertial_rqt'
[0.109s] INFO:colcon.colcon_core.package_selection:Skipping not selected package 'ouster_ros' in 'src/sensor_pkg/ouster-ros/ouster-ros'
[0.109s] INFO:colcon.colcon_core.package_selection:Skipping not selected package 'microstrain_inertial_examples' in 'src/sensor_pkg/microstrain_inertial/microstrain_inertial_examples'
[0.109s] Level 1:colcon.colcon_core.package_discovery:discover_packages(prefix_path) check parameters
[0.109s] Level 1:colcon.colcon_core.package_discovery:discover_packages(prefix_path) discover
[0.109s] WARNING:colcon.colcon_ros.prefix_path.ament:The path '/root/snu/snuboat/ws/install/snunav_pkg' in the environment variable AMENT_PREFIX_PATH doesn't exist
[0.109s] WARNING:colcon.colcon_ros.prefix_path.ament:The path '/root/snu/snuboat/ws/install/snumsg_pkg' in the environment variable AMENT_PREFIX_PATH doesn't exist
[0.109s] WARNING:colcon.colcon_ros.prefix_path.catkin:The path '/root/snu/snuboat/ws/install/snumsg_pkg' in the environment variable CMAKE_PREFIX_PATH doesn't exist
[0.109s] DEBUG:colcon.colcon_installed_package_information.package_discovery:Found 0 installed packages in /root/snu/snuboat/ws/install
[0.110s] DEBUG:colcon.colcon_installed_package_information.package_discovery:Found 278 installed packages in /opt/ros/humble
[0.110s] Level 1:colcon.colcon_core.package_discovery:discover_packages(prefix_path) using defaults
[0.124s] Level 5:colcon.colcon_core.verb:set package 'snumsg_pkg' build argument 'cmake_args' from command line to 'None'
[0.124s] Level 5:colcon.colcon_core.verb:set package 'snumsg_pkg' build argument 'cmake_target' from command line to 'None'
[0.124s] Level 5:colcon.colcon_core.verb:set package 'snumsg_pkg' build argument 'cmake_target_skip_unavailable' from command line to 'False'
[0.124s] Level 5:colcon.colcon_core.verb:set package 'snumsg_pkg' build argument 'cmake_clean_cache' from command line to 'False'
[0.124s] Level 5:colcon.colcon_core.verb:set package 'snumsg_pkg' build argument 'cmake_clean_first' from command line to 'False'
[0.124s] Level 5:colcon.colcon_core.verb:set package 'snumsg_pkg' build argument 'cmake_force_configure' from command line to 'False'
[0.124s] Level 5:colcon.colcon_core.verb:set package 'snumsg_pkg' build argument 'ament_cmake_args' from command line to 'None'
[0.124s] Level 5:colcon.colcon_core.verb:set package 'snumsg_pkg' build argument 'catkin_cmake_args' from command line to 'None'
[0.124s] Level 5:colcon.colcon_core.verb:set package 'snumsg_pkg' build argument 'catkin_skip_building_tests' from command line to 'False'
[0.124s] DEBUG:colcon.colcon_core.verb:Building package 'snumsg_pkg' with the following arguments: {'ament_cmake_args': None, 'build_base': '/root/snu/snuboat/ws/build/snumsg_pkg', 'catkin_cmake_args': None, 'catkin_skip_building_tests': False, 'cmake_args': None, 'cmake_clean_cache': False, 'cmake_clean_first': False, 'cmake_force_configure': False, 'cmake_target': None, 'cmake_target_skip_unavailable': False, 'install_base': '/root/snu/snuboat/ws/install/snumsg_pkg', 'merge_install': False, 'path': '/root/snu/snuboat/ws/src/snumsg_pkg', 'symlink_install': True, 'test_result_base': None}
[0.124s] Level 5:colcon.colcon_core.verb:set package 'snunav_pkg' build argument 'cmake_args' from command line to 'None'
[0.124s] Level 5:colcon.colcon_core.verb:set package 'snunav_pkg' build argument 'cmake_target' from command line to 'None'
[0.124s] Level 5:colcon.colcon_core.verb:set package 'snunav_pkg' build argument 'cmake_target_skip_unavailable' from command line to 'False'
[0.124s] Level 5:colcon.colcon_core.verb:set package 'snunav_pkg' build argument 'cmake_clean_cache' from command line to 'False'
[0.124s] Level 5:colcon.colcon_core.verb:set package 'snunav_pkg' build argument 'cmake_clean_first' from command line to 'False'
[0.124s] Level 5:colcon.colcon_core.verb:set package 'snunav_pkg' build argument 'cmake_force_configure' from command line to 'False'
[0.124s] Level 5:colcon.colcon_core.verb:set package 'snunav_pkg' build argument 'ament_cmake_args' from command line to 'None'
[0.124s] Level 5:colcon.colcon_core.verb:set package 'snunav_pkg' build argument 'catkin_cmake_args' from command line to 'None'
[0.124s] Level 5:colcon.colcon_core.verb:set package 'snunav_pkg' build argument 'catkin_skip_building_tests' from command line to 'False'
[0.124s] DEBUG:colcon.colcon_core.verb:Building package 'snunav_pkg' with the following arguments: {'ament_cmake_args': None, 'build_base': '/root/snu/snuboat/ws/build/snunav_pkg', 'catkin_cmake_args': None, 'catkin_skip_building_tests': False, 'cmake_args': None, 'cmake_clean_cache': False, 'cmake_clean_first': False, 'cmake_force_configure': False, 'cmake_target': None, 'cmake_target_skip_unavailable': False, 'install_base': '/root/snu/snuboat/ws/install/snunav_pkg', 'merge_install': False, 'path': '/root/snu/snuboat/ws/src/snunav_pkg', 'symlink_install': True, 'test_result_base': None}
[0.124s] INFO:colcon.colcon_core.executor:Executing jobs using 'parallel' executor
[0.125s] DEBUG:colcon.colcon_parallel_executor.executor.parallel:run_until_complete
[0.125s] INFO:colcon.colcon_ros.task.ament_cmake.build:Building ROS package in '/root/snu/snuboat/ws/src/snumsg_pkg' with build type 'ament_cmake'
[0.125s] INFO:colcon.colcon_cmake.task.cmake.build:Building CMake package in '/root/snu/snuboat/ws/src/snumsg_pkg'
[0.126s] INFO:colcon.colcon_core.plugin_system:Skipping extension 'colcon_core.shell.bat': Not used on non-Windows systems
[0.126s] INFO:colcon.colcon_core.shell:Skip shell extension 'powershell' for command environment: Not usable outside of PowerShell
[0.126s] DEBUG:colcon.colcon_core.shell:Skip shell extension 'dsv' for command environment
[0.129s] DEBUG:colcon.colcon_core.event_handler.log_command:Invoking command in '/root/snu/snuboat/ws/build/snumsg_pkg': CMAKE_PREFIX_PATH=${CMAKE_PREFIX_PATH}:/root/snu/snuboat/ws/install/snunav_pkg:/opt/ros/humble /usr/bin/cmake /root/snu/snuboat/ws/src/snumsg_pkg -DAMENT_CMAKE_SYMLINK_INSTALL=1 -DCMAKE_INSTALL_PREFIX=/root/snu/snuboat/ws/install/snumsg_pkg
[0.732s] DEBUG:colcon.colcon_core.event_handler.log_command:Invoked command in '/root/snu/snuboat/ws/build/snumsg_pkg' returned '0': CMAKE_PREFIX_PATH=${CMAKE_PREFIX_PATH}:/root/snu/snuboat/ws/install/snunav_pkg:/opt/ros/humble /usr/bin/cmake /root/snu/snuboat/ws/src/snumsg_pkg -DAMENT_CMAKE_SYMLINK_INSTALL=1 -DCMAKE_INSTALL_PREFIX=/root/snu/snuboat/ws/install/snumsg_pkg
[0.733s] DEBUG:colcon.colcon_core.event_handler.log_command:Invoking command in '/root/snu/snuboat/ws/build/snumsg_pkg': CMAKE_PREFIX_PATH=${CMAKE_PREFIX_PATH}:/root/snu/snuboat/ws/install/snunav_pkg:/opt/ros/humble /usr/bin/cmake --build /root/snu/snuboat/ws/build/snumsg_pkg -- -j10 -l10
[1.557s] DEBUG:colcon.colcon_core.event_handler.log_command:Invoked command in '/root/snu/snuboat/ws/build/snumsg_pkg' returned '0': CMAKE_PREFIX_PATH=${CMAKE_PREFIX_PATH}:/root/snu/snuboat/ws/install/snunav_pkg:/opt/ros/humble /usr/bin/cmake --build /root/snu/snuboat/ws/build/snumsg_pkg -- -j10 -l10
[1.561s] DEBUG:colcon.colcon_core.event_handler.log_command:Invoking command in '/root/snu/snuboat/ws/build/snumsg_pkg': CMAKE_PREFIX_PATH=${CMAKE_PREFIX_PATH}:/root/snu/snuboat/ws/install/snunav_pkg:/opt/ros/humble /usr/bin/cmake --install /root/snu/snuboat/ws/build/snumsg_pkg
[1.787s] Level 1:colcon.colcon_core.environment:create_environment_scripts_only(snumsg_pkg)
[1.788s] DEBUG:colcon.colcon_core.event_handler.log_command:Invoked command in '/root/snu/snuboat/ws/build/snumsg_pkg' returned '0': CMAKE_PREFIX_PATH=${CMAKE_PREFIX_PATH}:/root/snu/snuboat/ws/install/snunav_pkg:/opt/ros/humble /usr/bin/cmake --install /root/snu/snuboat/ws/build/snumsg_pkg
[1.788s] Level 1:colcon.colcon_core.environment:checking '/root/snu/snuboat/ws/install/snumsg_pkg' for CMake module files
[1.789s] Level 1:colcon.colcon_core.environment:checking '/root/snu/snuboat/ws/install/snumsg_pkg' for CMake config files
[1.789s] Level 1:colcon.colcon_core.shell:create_environment_hook('snumsg_pkg', 'cmake_prefix_path')
[1.789s] INFO:colcon.colcon_core.shell:Creating environment hook '/root/snu/snuboat/ws/install/snumsg_pkg/share/snumsg_pkg/hook/cmake_prefix_path.ps1'
[1.789s] INFO:colcon.colcon_core.shell:Creating environment descriptor '/root/snu/snuboat/ws/install/snumsg_pkg/share/snumsg_pkg/hook/cmake_prefix_path.dsv'
[1.789s] INFO:colcon.colcon_core.shell:Creating environment hook '/root/snu/snuboat/ws/install/snumsg_pkg/share/snumsg_pkg/hook/cmake_prefix_path.sh'
[1.790s] Level 1:colcon.colcon_core.environment:checking '/root/snu/snuboat/ws/install/snumsg_pkg/lib'
[1.790s] Level 1:colcon.colcon_core.shell:create_environment_hook('snumsg_pkg', 'ld_library_path_lib')
[1.790s] INFO:colcon.colcon_core.shell:Creating environment hook '/root/snu/snuboat/ws/install/snumsg_pkg/share/snumsg_pkg/hook/ld_library_path_lib.ps1'
[1.790s] INFO:colcon.colcon_core.shell:Creating environment descriptor '/root/snu/snuboat/ws/install/snumsg_pkg/share/snumsg_pkg/hook/ld_library_path_lib.dsv'
[1.790s] INFO:colcon.colcon_core.shell:Creating environment hook '/root/snu/snuboat/ws/install/snumsg_pkg/share/snumsg_pkg/hook/ld_library_path_lib.sh'
[1.790s] Level 1:colcon.colcon_core.environment:checking '/root/snu/snuboat/ws/install/snumsg_pkg/bin'
[1.790s] Level 1:colcon.colcon_core.environment:checking '/root/snu/snuboat/ws/install/snumsg_pkg/lib/pkgconfig/snumsg_pkg.pc'
[1.790s] Level 1:colcon.colcon_core.environment:checking '/root/snu/snuboat/ws/install/snumsg_pkg/lib/python3.10/site-packages'
[1.790s] Level 1:colcon.colcon_core.environment:checking '/root/snu/snuboat/ws/install/snumsg_pkg/bin'
[1.790s] INFO:colcon.colcon_core.shell:Creating package script '/root/snu/snuboat/ws/install/snumsg_pkg/share/snumsg_pkg/package.ps1'
[1.791s] INFO:colcon.colcon_core.shell:Creating package descriptor '/root/snu/snuboat/ws/install/snumsg_pkg/share/snumsg_pkg/package.dsv'
[1.791s] INFO:colcon.colcon_core.shell:Creating package script '/root/snu/snuboat/ws/install/snumsg_pkg/share/snumsg_pkg/package.sh'
[1.791s] INFO:colcon.colcon_core.shell:Creating package script '/root/snu/snuboat/ws/install/snumsg_pkg/share/snumsg_pkg/package.bash'
[1.791s] INFO:colcon.colcon_core.shell:Creating package script '/root/snu/snuboat/ws/install/snumsg_pkg/share/snumsg_pkg/package.zsh'
[1.791s] Level 1:colcon.colcon_core.environment:create_file_with_runtime_dependencies(/root/snu/snuboat/ws/install/snumsg_pkg/share/colcon-core/packages/snumsg_pkg)
[1.792s] Level 1:colcon.colcon_core.environment:create_environment_scripts_only(snumsg_pkg)
[1.792s] Level 1:colcon.colcon_core.environment:checking '/root/snu/snuboat/ws/install/snumsg_pkg' for CMake module files
[1.792s] Level 1:colcon.colcon_core.environment:checking '/root/snu/snuboat/ws/install/snumsg_pkg' for CMake config files
[1.792s] Level 1:colcon.colcon_core.shell:create_environment_hook('snumsg_pkg', 'cmake_prefix_path')
[1.792s] INFO:colcon.colcon_core.shell:Creating environment hook '/root/snu/snuboat/ws/install/snumsg_pkg/share/snumsg_pkg/hook/cmake_prefix_path.ps1'
[1.792s] INFO:colcon.colcon_core.shell:Creating environment descriptor '/root/snu/snuboat/ws/install/snumsg_pkg/share/snumsg_pkg/hook/cmake_prefix_path.dsv'
[1.792s] INFO:colcon.colcon_core.shell:Creating environment hook '/root/snu/snuboat/ws/install/snumsg_pkg/share/snumsg_pkg/hook/cmake_prefix_path.sh'
[1.792s] Level 1:colcon.colcon_core.environment:checking '/root/snu/snuboat/ws/install/snumsg_pkg/lib'
[1.793s] Level 1:colcon.colcon_core.shell:create_environment_hook('snumsg_pkg', 'ld_library_path_lib')
[1.793s] INFO:colcon.colcon_core.shell:Creating environment hook '/root/snu/snuboat/ws/install/snumsg_pkg/share/snumsg_pkg/hook/ld_library_path_lib.ps1'
[1.793s] INFO:colcon.colcon_core.shell:Creating environment descriptor '/root/snu/snuboat/ws/install/snumsg_pkg/share/snumsg_pkg/hook/ld_library_path_lib.dsv'
[1.793s] INFO:colcon.colcon_core.shell:Creating environment hook '/root/snu/snuboat/ws/install/snumsg_pkg/share/snumsg_pkg/hook/ld_library_path_lib.sh'
[1.793s] Level 1:colcon.colcon_core.environment:checking '/root/snu/snuboat/ws/install/snumsg_pkg/bin'
[1.793s] Level 1:colcon.colcon_core.environment:checking '/root/snu/snuboat/ws/install/snumsg_pkg/lib/pkgconfig/snumsg_pkg.pc'
[1.793s] Level 1:colcon.colcon_core.environment:checking '/root/snu/snuboat/ws/install/snumsg_pkg/lib/python3.10/site-packages'
[1.793s] Level 1:colcon.colcon_core.environment:checking '/root/snu/snuboat/ws/install/snumsg_pkg/bin'
[1.793s] INFO:colcon.colcon_core.shell:Creating package script '/root/snu/snuboat/ws/install/snumsg_pkg/share/snumsg_pkg/package.ps1'
[1.793s] INFO:colcon.colcon_core.shell:Creating package descriptor '/root/snu/snuboat/ws/install/snumsg_pkg/share/snumsg_pkg/package.dsv'
[1.793s] INFO:colcon.colcon_core.shell:Creating package script '/root/snu/snuboat/ws/install/snumsg_pkg/share/snumsg_pkg/package.sh'
[1.794s] INFO:colcon.colcon_core.shell:Creating package script '/root/snu/snuboat/ws/install/snumsg_pkg/share/snumsg_pkg/package.bash'
[1.794s] INFO:colcon.colcon_core.shell:Creating package script '/root/snu/snuboat/ws/install/snumsg_pkg/share/snumsg_pkg/package.zsh'
[1.794s] Level 1:colcon.colcon_core.environment:create_file_with_runtime_dependencies(/root/snu/snuboat/ws/install/snumsg_pkg/share/colcon-core/packages/snumsg_pkg)
[1.794s] INFO:colcon.colcon_ros.task.ament_python.build:Building ROS package in '/root/snu/snuboat/ws/src/snunav_pkg' with build type 'ament_python'
[1.794s] Level 1:colcon.colcon_core.shell:create_environment_hook('snunav_pkg', 'ament_prefix_path')
[1.794s] INFO:colcon.colcon_core.shell:Creating environment hook '/root/snu/snuboat/ws/install/snunav_pkg/share/snunav_pkg/hook/ament_prefix_path.ps1'
[1.794s] INFO:colcon.colcon_core.shell:Creating environment descriptor '/root/snu/snuboat/ws/install/snunav_pkg/share/snunav_pkg/hook/ament_prefix_path.dsv'
[1.794s] INFO:colcon.colcon_core.shell:Creating environment hook '/root/snu/snuboat/ws/install/snunav_pkg/share/snunav_pkg/hook/ament_prefix_path.sh'
[1.794s] INFO:colcon.colcon_core.shell:Skip shell extension 'powershell' for command environment: Not usable outside of PowerShell
[1.794s] DEBUG:colcon.colcon_core.shell:Skip shell extension 'dsv' for command environment
[1.881s] DEBUG:colcon.colcon_parallel_executor.executor.parallel:closing loop
[1.881s] DEBUG:colcon.colcon_parallel_executor.executor.parallel:loop closed
[1.881s] DEBUG:colcon.colcon_parallel_executor.executor.parallel:run_until_complete finished with 'Command '['/usr/bin/python3', '-c', 'import sys;from contextlib import suppress;exec("with suppress(ImportError):    from setuptools.extern.packaging.specifiers    import SpecifierSet");exec("with suppress(ImportError):    from packaging.specifiers import SpecifierSet");from distutils.core import run_setup;dist = run_setup(    \'setup.py\', script_args=(\'--dry-run\',), stop_after=\'config\');skip_keys = (\'cmdclass\', \'distclass\', \'ext_modules\', \'metadata\');data = {    key: value for key, value in dist.__dict__.items()     if (        not key.startswith(\'_\') and         not callable(value) and         key not in skip_keys and         key not in dist.display_option_names    )};data[\'metadata\'] = {    k: v for k, v in dist.metadata.__dict__.items()     if k not in (\'license_files\', \'provides_extras\')};sys.stdout.buffer.write(repr(data).encode(\'utf-8\'))']' returned non-zero exit status 1.'
[1.881s] DEBUG:colcon.colcon_core.event_reactor:joining thread
[1.883s] INFO:colcon.colcon_core.plugin_system:Skipping extension 'colcon_notification.desktop_notification.notify_send': Could not find 'notify-send'
[1.883s] INFO:colcon.colcon_core.plugin_system:Skipping extension 'colcon_notification.desktop_notification.terminal_notifier': Not used on non-Darwin systems
[1.883s] INFO:colcon.colcon_core.plugin_system:Skipping extension 'colcon_notification.desktop_notification.win32': Not used on non-Windows systems
[1.883s] INFO:colcon.colcon_notification.desktop_notification:Sending desktop notification using 'notify2'
[1.883s] DEBUG:colcon.colcon_notification.desktop_notification.notify2:Failed to initialize notify2: org.freedesktop.DBus.Error.NotSupported: Unable to autolaunch a dbus-daemon without a $DISPLAY for X11
[1.883s] DEBUG:colcon.colcon_core.event_reactor:joined thread
[1.883s] INFO:colcon.colcon_core.shell:Creating prefix script '/root/snu/snuboat/ws/install/local_setup.ps1'
[1.884s] INFO:colcon.colcon_core.shell:Creating prefix util module '/root/snu/snuboat/ws/install/_local_setup_util_ps1.py'
[1.884s] INFO:colcon.colcon_core.shell:Creating prefix chain script '/root/snu/snuboat/ws/install/setup.ps1'
[1.885s] INFO:colcon.colcon_core.shell:Creating prefix script '/root/snu/snuboat/ws/install/local_setup.sh'
[1.885s] INFO:colcon.colcon_core.shell:Creating prefix util module '/root/snu/snuboat/ws/install/_local_setup_util_sh.py'
[1.885s] INFO:colcon.colcon_core.shell:Creating prefix chain script '/root/snu/snuboat/ws/install/setup.sh'
[1.885s] INFO:colcon.colcon_core.shell:Creating prefix script '/root/snu/snuboat/ws/install/local_setup.bash'
[1.885s] INFO:colcon.colcon_core.shell:Creating prefix chain script '/root/snu/snuboat/ws/install/setup.bash'
[1.886s] INFO:colcon.colcon_core.shell:Creating prefix script '/root/snu/snuboat/ws/install/local_setup.zsh'
[1.886s] INFO:colcon.colcon_core.shell:Creating prefix chain script '/root/snu/snuboat/ws/install/setup.zsh'
