running egg_info
writing ../../build/snunav_pkg/snunav_pkg.egg-info/PKG-INFO
writing dependency_links to ../../build/snunav_pkg/snunav_pkg.egg-info/dependency_links.txt
writing entry points to ../../build/snunav_pkg/snunav_pkg.egg-info/entry_points.txt
writing requirements to ../../build/snunav_pkg/snunav_pkg.egg-info/requires.txt
writing top-level names to ../../build/snunav_pkg/snunav_pkg.egg-info/top_level.txt
reading manifest file '../../build/snunav_pkg/snunav_pkg.egg-info/SOURCES.txt'
writing manifest file '../../build/snunav_pkg/snunav_pkg.egg-info/SOURCES.txt'
running build
running build_py
running install
running install_lib
running install_data
copying launch/mission_directory.launch.py -> /home/jyseo/snuboat/ws/install/snunav_pkg/share/snunav_pkg/launch
running install_egg_info
removing '/home/jyseo/snuboat/ws/install/snunav_pkg/lib/python3.10/site-packages/snunav_pkg-0.0.0-py3.10.egg-info' (and everything under it)
Copying ../../build/snunav_pkg/snunav_pkg.egg-info to /home/jyseo/snuboat/ws/install/snunav_pkg/lib/python3.10/site-packages/snunav_pkg-0.0.0-py3.10.egg-info
running install_scripts
Installing mission_director script to /home/jyseo/snuboat/ws/install/snunav_pkg/lib/snunav_pkg
Installing motor_interface script to /home/jyseo/snuboat/ws/install/snunav_pkg/lib/snunav_pkg
Installing navigation script to /home/jyseo/snuboat/ws/install/snunav_pkg/lib/snunav_pkg
writing list of installed files to '/home/jyseo/snuboat/ws/build/snunav_pkg/install.log'
