[0.393s] Invoking command in '/home/jyseo/snuboat/ws/src/snunav_pkg': CMAKE_PREFIX_PATH=/home/jyseo/snuboat/ws/install/snumsg_pkg:/home/jyseo/snuboat/install/snumsg_pkg LD_LIBRARY_PATH=/home/jyseo/snuboat/ws/install/snumsg_pkg/lib:/home/jyseo/snuboat/install/snumsg_pkg/lib:/opt/ros/humble/opt/rviz_ogre_vendor/lib:/opt/ros/humble/lib/x86_64-linux-gnu:/opt/ros/humble/lib PYTHONPATH=/home/jyseo/snuboat/ws/build/snunav_pkg/prefix_override:/usr/lib/python3/dist-packages/colcon_core/task/python/colcon_distutils_commands:/home/jyseo/snuboat/ws/install/snunav_pkg/lib/python3.10/site-packages:${PYTHONPATH} /usr/bin/python3 -W ignore:setup.py install is deprecated -W ignore:easy_install command is deprecated setup.py egg_info --egg-base ../../build/snunav_pkg build --build-base /home/jyseo/snuboat/ws/build/snunav_pkg/build install --record /home/jyseo/snuboat/ws/build/snunav_pkg/install.log --single-version-externally-managed install_data
[0.502s] running egg_info
[0.502s] writing ../../build/snunav_pkg/snunav_pkg.egg-info/PKG-INFO
[0.502s] writing dependency_links to ../../build/snunav_pkg/snunav_pkg.egg-info/dependency_links.txt
[0.502s] writing entry points to ../../build/snunav_pkg/snunav_pkg.egg-info/entry_points.txt
[0.503s] writing requirements to ../../build/snunav_pkg/snunav_pkg.egg-info/requires.txt
[0.503s] writing top-level names to ../../build/snunav_pkg/snunav_pkg.egg-info/top_level.txt
[0.504s] reading manifest file '../../build/snunav_pkg/snunav_pkg.egg-info/SOURCES.txt'
[0.504s] writing manifest file '../../build/snunav_pkg/snunav_pkg.egg-info/SOURCES.txt'
[0.504s] running build
[0.504s] running build_py
[0.505s] running install
[0.505s] running install_lib
[0.506s] running install_data
[0.506s] copying launch/mission_directory.launch.py -> /home/jyseo/snuboat/ws/install/snunav_pkg/share/snunav_pkg/launch
[0.506s] running install_egg_info
[0.507s] removing '/home/jyseo/snuboat/ws/install/snunav_pkg/lib/python3.10/site-packages/snunav_pkg-0.0.0-py3.10.egg-info' (and everything under it)
[0.507s] Copying ../../build/snunav_pkg/snunav_pkg.egg-info to /home/jyseo/snuboat/ws/install/snunav_pkg/lib/python3.10/site-packages/snunav_pkg-0.0.0-py3.10.egg-info
[0.508s] running install_scripts
[0.519s] Installing mission_director script to /home/jyseo/snuboat/ws/install/snunav_pkg/lib/snunav_pkg
[0.519s] Installing motor_interface script to /home/jyseo/snuboat/ws/install/snunav_pkg/lib/snunav_pkg
[0.519s] Installing navigation script to /home/jyseo/snuboat/ws/install/snunav_pkg/lib/snunav_pkg
[0.520s] writing list of installed files to '/home/jyseo/snuboat/ws/build/snunav_pkg/install.log'
[0.532s] Invoked command in '/home/jyseo/snuboat/ws/src/snunav_pkg' returned '0': CMAKE_PREFIX_PATH=/home/jyseo/snuboat/ws/install/snumsg_pkg:/home/jyseo/snuboat/install/snumsg_pkg LD_LIBRARY_PATH=/home/jyseo/snuboat/ws/install/snumsg_pkg/lib:/home/jyseo/snuboat/install/snumsg_pkg/lib:/opt/ros/humble/opt/rviz_ogre_vendor/lib:/opt/ros/humble/lib/x86_64-linux-gnu:/opt/ros/humble/lib PYTHONPATH=/home/jyseo/snuboat/ws/build/snunav_pkg/prefix_override:/usr/lib/python3/dist-packages/colcon_core/task/python/colcon_distutils_commands:/home/jyseo/snuboat/ws/install/snunav_pkg/lib/python3.10/site-packages:${PYTHONPATH} /usr/bin/python3 -W ignore:setup.py install is deprecated -W ignore:easy_install command is deprecated setup.py egg_info --egg-base ../../build/snunav_pkg build --build-base /home/jyseo/snuboat/ws/build/snunav_pkg/build install --record /home/jyseo/snuboat/ws/build/snunav_pkg/install.log --single-version-externally-managed install_data
