running develop
running egg_info
writing snunav_pkg.egg-info/PKG-INFO
writing dependency_links to snunav_pkg.egg-info/dependency_links.txt
writing entry points to snunav_pkg.egg-info/entry_points.txt
writing requirements to snunav_pkg.egg-info/requires.txt
writing top-level names to snunav_pkg.egg-info/top_level.txt
reading manifest file 'snunav_pkg.egg-info/SOURCES.txt'
writing manifest file 'snunav_pkg.egg-info/SOURCES.txt'
running build_ext
Creating /root/snu/snuboat/ws/install/snunav_pkg/lib/python3.10/site-packages/snunav-pkg.egg-link (link to .)
Installing controller script to /root/snu/snuboat/ws/install/snunav_pkg/lib/snunav_pkg
Installing mission_director script to /root/snu/snuboat/ws/install/snunav_pkg/lib/snunav_pkg
Installing motor_interface script to /root/snu/snuboat/ws/install/snunav_pkg/lib/snunav_pkg
Installing navigation script to /root/snu/snuboat/ws/install/snunav_pkg/lib/snunav_pkg
Installing sils script to /root/snu/snuboat/ws/install/snunav_pkg/lib/snunav_pkg

Installed /root/snu/snuboat/ws/build/snunav_pkg
running symlink_data
symbolically linking /root/snu/snuboat/ws/build/snunav_pkg/package.xml -> /root/snu/snuboat/ws/install/snunav_pkg/share/snunav_pkg
creating /root/snu/snuboat/ws/install/snunav_pkg/share/ament_index
creating /root/snu/snuboat/ws/install/snunav_pkg/share/ament_index/resource_index
creating /root/snu/snuboat/ws/install/snunav_pkg/share/ament_index/resource_index/packages
symbolically linking /root/snu/snuboat/ws/build/snunav_pkg/resource/snunav_pkg -> /root/snu/snuboat/ws/install/snunav_pkg/share/ament_index/resource_index/packages
creating /root/snu/snuboat/ws/install/snunav_pkg/share/snunav_pkg/launch
symbolically linking /root/snu/snuboat/ws/build/snunav_pkg/launch/snunav.launch.py -> /root/snu/snuboat/ws/install/snunav_pkg/share/snunav_pkg/launch
symbolically linking /root/snu/snuboat/ws/build/snunav_pkg/launch/sils.launch.py -> /root/snu/snuboat/ws/install/snunav_pkg/share/snunav_pkg/launch
creating /root/snu/snuboat/ws/install/snunav_pkg/share/snunav_pkg/config
symbolically linking /root/snu/snuboat/ws/build/snunav_pkg/config/params.yaml -> /root/snu/snuboat/ws/install/snunav_pkg/share/snunav_pkg/config
