[0.238s] Invoking command in '/root/snu/snuboat/ws/build/snunav_pkg': PYTHONPATH=/root/snu/snuboat/ws/build/snunav_pkg/prefix_override:/usr/lib/python3/dist-packages/colcon_core/task/python/colcon_distutils_commands:/root/snu/snuboat/ws/install/snunav_pkg/lib/python3.10/site-packages:${PYTHONPATH} /usr/bin/python3 -W ignore:setup.py install is deprecated -W ignore:easy_install command is deprecated setup.py develop --editable --build-directory /root/snu/snuboat/ws/build/snunav_pkg/build --no-deps symlink_data
[0.320s] running develop
[0.362s] running egg_info
[0.362s] writing snunav_pkg.egg-info/PKG-INFO
[0.362s] writing dependency_links to snunav_pkg.egg-info/dependency_links.txt
[0.362s] writing entry points to snunav_pkg.egg-info/entry_points.txt
[0.362s] writing requirements to snunav_pkg.egg-info/requires.txt
[0.362s] writing top-level names to snunav_pkg.egg-info/top_level.txt
[0.363s] reading manifest file 'snunav_pkg.egg-info/SOURCES.txt'
[0.363s] writing manifest file 'snunav_pkg.egg-info/SOURCES.txt'
[0.364s] running build_ext
[0.364s] Creating /root/snu/snuboat/ws/install/snunav_pkg/lib/python3.10/site-packages/snunav-pkg.egg-link (link to .)
[0.364s] Installing controller script to /root/snu/snuboat/ws/install/snunav_pkg/lib/snunav_pkg
[0.364s] Installing mission_director script to /root/snu/snuboat/ws/install/snunav_pkg/lib/snunav_pkg
[0.364s] Installing motor_interface script to /root/snu/snuboat/ws/install/snunav_pkg/lib/snunav_pkg
[0.365s] Installing navigation script to /root/snu/snuboat/ws/install/snunav_pkg/lib/snunav_pkg
[0.365s] Installing sils script to /root/snu/snuboat/ws/install/snunav_pkg/lib/snunav_pkg
[0.365s] 
[0.365s] Installed /root/snu/snuboat/ws/build/snunav_pkg
[0.365s] running symlink_data
[0.365s] symbolically linking /root/snu/snuboat/ws/build/snunav_pkg/package.xml -> /root/snu/snuboat/ws/install/snunav_pkg/share/snunav_pkg
[0.365s] creating /root/snu/snuboat/ws/install/snunav_pkg/share/ament_index
[0.365s] creating /root/snu/snuboat/ws/install/snunav_pkg/share/ament_index/resource_index
[0.365s] creating /root/snu/snuboat/ws/install/snunav_pkg/share/ament_index/resource_index/packages
[0.365s] symbolically linking /root/snu/snuboat/ws/build/snunav_pkg/resource/snunav_pkg -> /root/snu/snuboat/ws/install/snunav_pkg/share/ament_index/resource_index/packages
[0.365s] creating /root/snu/snuboat/ws/install/snunav_pkg/share/snunav_pkg/launch
[0.365s] symbolically linking /root/snu/snuboat/ws/build/snunav_pkg/launch/snunav.launch.py -> /root/snu/snuboat/ws/install/snunav_pkg/share/snunav_pkg/launch
[0.365s] symbolically linking /root/snu/snuboat/ws/build/snunav_pkg/launch/sils.launch.py -> /root/snu/snuboat/ws/install/snunav_pkg/share/snunav_pkg/launch
[0.365s] creating /root/snu/snuboat/ws/install/snunav_pkg/share/snunav_pkg/config
[0.365s] symbolically linking /root/snu/snuboat/ws/build/snunav_pkg/config/params.yaml -> /root/snu/snuboat/ws/install/snunav_pkg/share/snunav_pkg/config
[0.376s] Invoked command in '/root/snu/snuboat/ws/build/snunav_pkg' returned '0': PYTHONPATH=/root/snu/snuboat/ws/build/snunav_pkg/prefix_override:/usr/lib/python3/dist-packages/colcon_core/task/python/colcon_distutils_commands:/root/snu/snuboat/ws/install/snunav_pkg/lib/python3.10/site-packages:${PYTHONPATH} /usr/bin/python3 -W ignore:setup.py install is deprecated -W ignore:easy_install command is deprecated setup.py develop --editable --build-directory /root/snu/snuboat/ws/build/snunav_pkg/build --no-deps symlink_data
