[0.193s] Invoking command in '/root/snu/snuboat/ws/build/snunav_pkg': PYTHONPATH=/root/snu/snuboat/ws/build/snunav_pkg/prefix_override:/usr/lib/python3/dist-packages/colcon_core/task/python/colcon_distutils_commands:/root/snu/snuboat/ws/install/snunav_pkg/lib/python3.10/site-packages:${PYTHONPATH} /usr/bin/python3 -W ignore:setup.py install is deprecated -W ignore:easy_install command is deprecated setup.py develop --editable --build-directory /root/snu/snuboat/ws/build/snunav_pkg/build --no-deps symlink_data
[0.282s] running develop
[0.330s] running egg_info
[0.330s] writing snunav_pkg.egg-info/PKG-INFO
[0.330s] writing dependency_links to snunav_pkg.egg-info/dependency_links.txt
[0.331s] writing entry points to snunav_pkg.egg-info/entry_points.txt
[0.331s] writing requirements to snunav_pkg.egg-info/requires.txt
[0.331s] writing top-level names to snunav_pkg.egg-info/top_level.txt
[0.331s] reading manifest file 'snunav_pkg.egg-info/SOURCES.txt'
[0.332s] writing manifest file 'snunav_pkg.egg-info/SOURCES.txt'
[0.332s] running build_ext
[0.332s] Creating /root/snu/snuboat/ws/install/snunav_pkg/lib/python3.10/site-packages/snunav-pkg.egg-link (link to .)
[0.333s] Installing controller script to /root/snu/snuboat/ws/install/snunav_pkg/lib/snunav_pkg
[0.333s] Installing mission_director script to /root/snu/snuboat/ws/install/snunav_pkg/lib/snunav_pkg
[0.333s] Installing motor_interface script to /root/snu/snuboat/ws/install/snunav_pkg/lib/snunav_pkg
[0.333s] Installing navigation script to /root/snu/snuboat/ws/install/snunav_pkg/lib/snunav_pkg
[0.333s] Installing sils script to /root/snu/snuboat/ws/install/snunav_pkg/lib/snunav_pkg
[0.333s] 
[0.333s] Installed /root/snu/snuboat/ws/build/snunav_pkg
[0.333s] running symlink_data
[0.345s] Invoked command in '/root/snu/snuboat/ws/build/snunav_pkg' returned '0': PYTHONPATH=/root/snu/snuboat/ws/build/snunav_pkg/prefix_override:/usr/lib/python3/dist-packages/colcon_core/task/python/colcon_distutils_commands:/root/snu/snuboat/ws/install/snunav_pkg/lib/python3.10/site-packages:${PYTHONPATH} /usr/bin/python3 -W ignore:setup.py install is deprecated -W ignore:easy_install command is deprecated setup.py develop --editable --build-directory /root/snu/snuboat/ws/build/snunav_pkg/build --no-deps symlink_data
