[0.410s] Invoking command in '/home/jyseo/snuboat/ws/src/snunav_pkg': CMAKE_PREFIX_PATH=/home/jyseo/snuboat/ws/install/snumsg_pkg:/home/jyseo/snuboat/install/snumsg_pkg LD_LIBRARY_PATH=/home/jyseo/snuboat/ws/install/snumsg_pkg/lib:/home/jyseo/snuboat/install/snumsg_pkg/lib:/opt/ros/humble/opt/rviz_ogre_vendor/lib:/opt/ros/humble/lib/x86_64-linux-gnu:/opt/ros/humble/lib PYTHONPATH=/home/jyseo/snuboat/ws/build/snunav_pkg/prefix_override:/usr/lib/python3/dist-packages/colcon_core/task/python/colcon_distutils_commands:/home/jyseo/snuboat/ws/install/snunav_pkg/lib/python3.10/site-packages:${PYTHONPATH} /usr/bin/python3 -W ignore:setup.py install is deprecated -W ignore:easy_install command is deprecated setup.py egg_info --egg-base ../../build/snunav_pkg build --build-base /home/jyseo/snuboat/ws/build/snunav_pkg/build install --record /home/jyseo/snuboat/ws/build/snunav_pkg/install.log --single-version-externally-managed install_data
[0.521s] running egg_info
[0.521s] creating ../../build/snunav_pkg/snunav_pkg.egg-info
[0.522s] writing ../../build/snunav_pkg/snunav_pkg.egg-info/PKG-INFO
[0.522s] writing dependency_links to ../../build/snunav_pkg/snunav_pkg.egg-info/dependency_links.txt
[0.522s] writing entry points to ../../build/snunav_pkg/snunav_pkg.egg-info/entry_points.txt
[0.522s] writing requirements to ../../build/snunav_pkg/snunav_pkg.egg-info/requires.txt
[0.522s] writing top-level names to ../../build/snunav_pkg/snunav_pkg.egg-info/top_level.txt
[0.522s] writing manifest file '../../build/snunav_pkg/snunav_pkg.egg-info/SOURCES.txt'
[0.523s] reading manifest file '../../build/snunav_pkg/snunav_pkg.egg-info/SOURCES.txt'
[0.523s] writing manifest file '../../build/snunav_pkg/snunav_pkg.egg-info/SOURCES.txt'
[0.524s] running build
[0.524s] running build_py
[0.524s] creating /home/jyseo/snuboat/ws/build/snunav_pkg/build
[0.524s] creating /home/jyseo/snuboat/ws/build/snunav_pkg/build/lib
[0.524s] creating /home/jyseo/snuboat/ws/build/snunav_pkg/build/lib/snunav_pkg
[0.525s] copying snunav_pkg/publisher_member_function.py -> /home/jyseo/snuboat/ws/build/snunav_pkg/build/lib/snunav_pkg
[0.525s] copying snunav_pkg/mission_director.py -> /home/jyseo/snuboat/ws/build/snunav_pkg/build/lib/snunav_pkg
[0.525s] copying snunav_pkg/motor_interface.py -> /home/jyseo/snuboat/ws/build/snunav_pkg/build/lib/snunav_pkg
[0.525s] copying snunav_pkg/mission_director 2.py -> /home/jyseo/snuboat/ws/build/snunav_pkg/build/lib/snunav_pkg
[0.525s] copying snunav_pkg/subscriber_member_function.py -> /home/jyseo/snuboat/ws/build/snunav_pkg/build/lib/snunav_pkg
[0.525s] copying snunav_pkg/sils.py -> /home/jyseo/snuboat/ws/build/snunav_pkg/build/lib/snunav_pkg
[0.525s] copying snunav_pkg/controller 2.py -> /home/jyseo/snuboat/ws/build/snunav_pkg/build/lib/snunav_pkg
[0.525s] copying snunav_pkg/__init__.py -> /home/jyseo/snuboat/ws/build/snunav_pkg/build/lib/snunav_pkg
[0.525s] copying snunav_pkg/navigation.py -> /home/jyseo/snuboat/ws/build/snunav_pkg/build/lib/snunav_pkg
[0.526s] copying snunav_pkg/obstacle.py -> /home/jyseo/snuboat/ws/build/snunav_pkg/build/lib/snunav_pkg
[0.526s] copying snunav_pkg/controller.py -> /home/jyseo/snuboat/ws/build/snunav_pkg/build/lib/snunav_pkg
[0.526s] running install
[0.526s] running install_lib
[0.526s] creating /home/jyseo/snuboat/ws/install/snunav_pkg/lib/python3.10/site-packages/snunav_pkg
[0.527s] copying /home/jyseo/snuboat/ws/build/snunav_pkg/build/lib/snunav_pkg/publisher_member_function.py -> /home/jyseo/snuboat/ws/install/snunav_pkg/lib/python3.10/site-packages/snunav_pkg
[0.527s] copying /home/jyseo/snuboat/ws/build/snunav_pkg/build/lib/snunav_pkg/mission_director.py -> /home/jyseo/snuboat/ws/install/snunav_pkg/lib/python3.10/site-packages/snunav_pkg
[0.527s] copying /home/jyseo/snuboat/ws/build/snunav_pkg/build/lib/snunav_pkg/motor_interface.py -> /home/jyseo/snuboat/ws/install/snunav_pkg/lib/python3.10/site-packages/snunav_pkg
[0.527s] copying /home/jyseo/snuboat/ws/build/snunav_pkg/build/lib/snunav_pkg/mission_director 2.py -> /home/jyseo/snuboat/ws/install/snunav_pkg/lib/python3.10/site-packages/snunav_pkg
[0.527s] copying /home/jyseo/snuboat/ws/build/snunav_pkg/build/lib/snunav_pkg/subscriber_member_function.py -> /home/jyseo/snuboat/ws/install/snunav_pkg/lib/python3.10/site-packages/snunav_pkg
[0.528s] copying /home/jyseo/snuboat/ws/build/snunav_pkg/build/lib/snunav_pkg/sils.py -> /home/jyseo/snuboat/ws/install/snunav_pkg/lib/python3.10/site-packages/snunav_pkg
[0.528s] copying /home/jyseo/snuboat/ws/build/snunav_pkg/build/lib/snunav_pkg/controller 2.py -> /home/jyseo/snuboat/ws/install/snunav_pkg/lib/python3.10/site-packages/snunav_pkg
[0.528s] copying /home/jyseo/snuboat/ws/build/snunav_pkg/build/lib/snunav_pkg/__init__.py -> /home/jyseo/snuboat/ws/install/snunav_pkg/lib/python3.10/site-packages/snunav_pkg
[0.528s] copying /home/jyseo/snuboat/ws/build/snunav_pkg/build/lib/snunav_pkg/navigation.py -> /home/jyseo/snuboat/ws/install/snunav_pkg/lib/python3.10/site-packages/snunav_pkg
[0.528s] copying /home/jyseo/snuboat/ws/build/snunav_pkg/build/lib/snunav_pkg/obstacle.py -> /home/jyseo/snuboat/ws/install/snunav_pkg/lib/python3.10/site-packages/snunav_pkg
[0.528s] copying /home/jyseo/snuboat/ws/build/snunav_pkg/build/lib/snunav_pkg/controller.py -> /home/jyseo/snuboat/ws/install/snunav_pkg/lib/python3.10/site-packages/snunav_pkg
[0.528s] byte-compiling /home/jyseo/snuboat/ws/install/snunav_pkg/lib/python3.10/site-packages/snunav_pkg/publisher_member_function.py to publisher_member_function.cpython-310.pyc
[0.529s] byte-compiling /home/jyseo/snuboat/ws/install/snunav_pkg/lib/python3.10/site-packages/snunav_pkg/mission_director.py to mission_director.cpython-310.pyc
[0.529s] byte-compiling /home/jyseo/snuboat/ws/install/snunav_pkg/lib/python3.10/site-packages/snunav_pkg/motor_interface.py to motor_interface.cpython-310.pyc
[0.529s] byte-compiling /home/jyseo/snuboat/ws/install/snunav_pkg/lib/python3.10/site-packages/snunav_pkg/mission_director 2.py to mission_director 2.cpython-310.pyc
[0.529s] byte-compiling /home/jyseo/snuboat/ws/install/snunav_pkg/lib/python3.10/site-packages/snunav_pkg/subscriber_member_function.py to subscriber_member_function.cpython-310.pyc
[0.530s] byte-compiling /home/jyseo/snuboat/ws/install/snunav_pkg/lib/python3.10/site-packages/snunav_pkg/sils.py to sils.cpython-310.pyc
[0.530s] byte-compiling /home/jyseo/snuboat/ws/install/snunav_pkg/lib/python3.10/site-packages/snunav_pkg/controller 2.py to controller 2.cpython-310.pyc
[0.530s] byte-compiling /home/jyseo/snuboat/ws/install/snunav_pkg/lib/python3.10/site-packages/snunav_pkg/__init__.py to __init__.cpython-310.pyc
[0.530s] byte-compiling /home/jyseo/snuboat/ws/install/snunav_pkg/lib/python3.10/site-packages/snunav_pkg/navigation.py to navigation.cpython-310.pyc
[0.531s] byte-compiling /home/jyseo/snuboat/ws/install/snunav_pkg/lib/python3.10/site-packages/snunav_pkg/obstacle.py to obstacle.cpython-310.pyc
[0.531s] byte-compiling /home/jyseo/snuboat/ws/install/snunav_pkg/lib/python3.10/site-packages/snunav_pkg/controller.py to controller.cpython-310.pyc
[0.532s] running install_data
[0.532s] copying package.xml -> /home/jyseo/snuboat/ws/install/snunav_pkg/share/snunav_pkg
[0.532s] creating /home/jyseo/snuboat/ws/install/snunav_pkg/share/ament_index
[0.532s] creating /home/jyseo/snuboat/ws/install/snunav_pkg/share/ament_index/resource_index
[0.532s] creating /home/jyseo/snuboat/ws/install/snunav_pkg/share/ament_index/resource_index/packages
[0.532s] copying resource/snunav_pkg -> /home/jyseo/snuboat/ws/install/snunav_pkg/share/ament_index/resource_index/packages
[0.533s] creating /home/jyseo/snuboat/ws/install/snunav_pkg/share/snunav_pkg/launch
[0.533s] copying launch/mission_directory.launch.py -> /home/jyseo/snuboat/ws/install/snunav_pkg/share/snunav_pkg/launch
[0.533s] creating /home/jyseo/snuboat/ws/install/snunav_pkg/share/snunav_pkg/config
[0.533s] copying config/params.yaml -> /home/jyseo/snuboat/ws/install/snunav_pkg/share/snunav_pkg/config
[0.533s] running install_egg_info
[0.535s] Copying ../../build/snunav_pkg/snunav_pkg.egg-info to /home/jyseo/snuboat/ws/install/snunav_pkg/lib/python3.10/site-packages/snunav_pkg-0.0.0-py3.10.egg-info
[0.535s] running install_scripts
[0.548s] Installing mission_director script to /home/jyseo/snuboat/ws/install/snunav_pkg/lib/snunav_pkg
[0.548s] Installing motor_interface script to /home/jyseo/snuboat/ws/install/snunav_pkg/lib/snunav_pkg
[0.548s] Installing navigation script to /home/jyseo/snuboat/ws/install/snunav_pkg/lib/snunav_pkg
[0.548s] writing list of installed files to '/home/jyseo/snuboat/ws/build/snunav_pkg/install.log'
[0.563s] Invoked command in '/home/jyseo/snuboat/ws/src/snunav_pkg' returned '0': CMAKE_PREFIX_PATH=/home/jyseo/snuboat/ws/install/snumsg_pkg:/home/jyseo/snuboat/install/snumsg_pkg LD_LIBRARY_PATH=/home/jyseo/snuboat/ws/install/snumsg_pkg/lib:/home/jyseo/snuboat/install/snumsg_pkg/lib:/opt/ros/humble/opt/rviz_ogre_vendor/lib:/opt/ros/humble/lib/x86_64-linux-gnu:/opt/ros/humble/lib PYTHONPATH=/home/jyseo/snuboat/ws/build/snunav_pkg/prefix_override:/usr/lib/python3/dist-packages/colcon_core/task/python/colcon_distutils_commands:/home/jyseo/snuboat/ws/install/snunav_pkg/lib/python3.10/site-packages:${PYTHONPATH} /usr/bin/python3 -W ignore:setup.py install is deprecated -W ignore:easy_install command is deprecated setup.py egg_info --egg-base ../../build/snunav_pkg build --build-base /home/jyseo/snuboat/ws/build/snunav_pkg/build install --record /home/jyseo/snuboat/ws/build/snunav_pkg/install.log --single-version-externally-managed install_data
